Args in experiment:
Namespace(samle_rate=0.1, sample_seed=7, train_seed=2024, gap_day=365, task_name='long_term_forecast', is_training=1, model_id='tfnsw_all_96_96_365_checkode1_withmem', model='CAMEL', data='custom', root_path='/home/cyrilyuan/projects/XXLTraffic-main/data/pems/', data_path='tfnsw.csv', features='M', target='', freq='h', checkpoints='./checkpoints/', seq_len=96, label_len=48, pred_len=96, seasonal_patterns='Monthly', inverse=False, mask_rate=0.25, anomaly_ratio=0.25, expand=2, d_conv=4, top_k=5, num_kernels=6, enc_in=27, dec_in=27, c_out=27, d_model=512, n_heads=8, e_layers=2, d_layers=1, d_ff=2048, moving_avg=25, factor=3, distil=True, dropout=0.3, embed='timeF', activation='gelu', output_attention=False, num_workers=10, itr=1, train_epochs=200, batch_size=32, patience=5, learning_rate=0.0005, des='CAMEL', loss='MSE', lradj='type3', use_amp=False, enable_camel=False, camel_gap_years=1.5, camel_memory_size=1024, camel_k_retrieve=8, camel_latent_dim=32, camel_d_model=32, camel_use_nll=False, lambda_mem=0.0, lambda_ode=0.01, lambda_smooth=0.0, camel_min_year_gap=1.0, camel_gap_tolerance=0.25, use_gpu=True, gpu=0, use_multi_gpu=False, devices='0,1,2,3', p_hidden_dims=[128, 128], p_hidden_layers=2, steps_per_day=24, ablate_memory=False, ablate_ode=False, ablate_atf_avg=False, use_which_ode=1)
Use GPU: cuda:0
>>>>>>>start training : long_term_forecast_tfnsw_all_96_96_365_checkode1_withmem_CAMEL_custom_ftM_sl96_ll48_pl96_dm512_nh8_el2_dl1_df2048_fc3_ebtimeF_dtTrue_srate0.1_sseed7_trainseed2024_gap365_CAMEL_0>>>>>>>>>>>>>>>>>>>>>>>>>>
train 51068
val 11152
test 11151
loss: 0.7801 | [███████-------------------------------------------]
	iters: 100, epoch: 1 | loss: 0.7801041
	speed: 0.0850s/iter; left time: 2695.2757s
Epoch: 1 cost time: 12.389375448226929
loss: 0.9225 | [█████████-----------------------------------------]
loss: 0.9103 | [█████████-----------------------------------------]
loss: 1.1353 | [███████████---------------------------------------]
loss: 0.9759 | [█████████-----------------------------------------]
loss: 1.0546 | [██████████----------------------------------------]
loss: 1.0126 | [██████████----------------------------------------]
loss: 0.9725 | [█████████-----------------------------------------]
loss: 0.9698 | [█████████-----------------------------------------]
loss: 0.9474 | [█████████-----------------------------------------]
loss: 0.9521 | [█████████-----------------------------------------]
loss: 0.9049 | [█████████-----------------------------------------]
loss: 0.9680 | [█████████-----------------------------------------]
Epoch: 1, Steps: 159 | Train Loss: 0.8770786 Vali Loss: 0.9336508 Test Loss: 0.9867868
Validation loss decreased (inf --> 0.933651).  Saving model ...
loss: 0.8214 | [████████------------------------------------------]
	iters: 100, epoch: 2 | loss: 0.8374077
	speed: 0.1954s/iter; left time: 6161.9212s
Epoch: 2 cost time: 10.284010171890259
loss: 0.9123 | [█████████-----------------------------------------]
loss: 1.0555 | [██████████----------------------------------------]
loss: 1.0674 | [██████████----------------------------------------]
loss: 0.9460 | [█████████-----------------------------------------]
loss: 1.1554 | [███████████---------------------------------------]
loss: 1.0063 | [██████████----------------------------------------]
loss: 1.0868 | [██████████----------------------------------------]
loss: 1.1614 | [███████████---------------------------------------]
loss: 1.1739 | [███████████---------------------------------------]
loss: 1.2293 | [████████████--------------------------------------]
loss: 1.1106 | [███████████---------------------------------------]
loss: 1.0867 | [██████████----------------------------------------]
Epoch: 2, Steps: 159 | Train Loss: 0.7751342 Vali Loss: 0.9569377 Test Loss: 1.0977415
EarlyStopping counter: 1 out of 5
loss: 0.6997 | [██████--------------------------------------------]
	iters: 100, epoch: 3 | loss: 0.6966671
	speed: 0.1849s/iter; left time: 5801.2904s
Epoch: 3 cost time: 11.670298337936401
loss: 1.0510 | [██████████----------------------------------------]
loss: 1.1313 | [███████████---------------------------------------]
loss: 1.0087 | [██████████----------------------------------------]
loss: 1.0009 | [██████████----------------------------------------]
loss: 1.2297 | [████████████--------------------------------------]
loss: 1.0716 | [██████████----------------------------------------]
loss: 1.2014 | [████████████--------------------------------------]
loss: 1.1212 | [███████████---------------------------------------]
loss: 1.1329 | [███████████---------------------------------------]
loss: 1.2849 | [████████████--------------------------------------]
loss: 1.2311 | [████████████--------------------------------------]
loss: 1.0335 | [██████████----------------------------------------]
Epoch: 3, Steps: 159 | Train Loss: 0.7112919 Vali Loss: 1.0003876 Test Loss: 1.1395238
EarlyStopping counter: 2 out of 5
loss: 0.6960 | [██████--------------------------------------------]
	iters: 100, epoch: 4 | loss: 0.6394718
	speed: 0.1959s/iter; left time: 6116.1157s
Epoch: 4 cost time: 11.394319295883179
loss: 0.9323 | [█████████-----------------------------------------]
loss: 1.1626 | [███████████---------------------------------------]
loss: 0.9789 | [█████████-----------------------------------------]
loss: 1.0203 | [██████████----------------------------------------]
loss: 1.1434 | [███████████---------------------------------------]
loss: 1.0625 | [██████████----------------------------------------]
loss: 1.2469 | [████████████--------------------------------------]
loss: 1.1932 | [███████████---------------------------------------]
loss: 1.2173 | [████████████--------------------------------------]
loss: 1.2859 | [████████████--------------------------------------]
loss: 1.1957 | [███████████---------------------------------------]
loss: 1.0458 | [██████████----------------------------------------]
Epoch: 4, Steps: 159 | Train Loss: 0.6806412 Vali Loss: 1.0046708 Test Loss: 1.1481033
EarlyStopping counter: 3 out of 5
loss: 0.6923 | [██████--------------------------------------------]
	iters: 100, epoch: 5 | loss: 0.7188399
	speed: 0.1815s/iter; left time: 5638.9638s
Epoch: 5 cost time: 11.361581087112427
loss: 1.0271 | [██████████----------------------------------------]
loss: 1.1881 | [███████████---------------------------------------]
loss: 0.9553 | [█████████-----------------------------------------]
loss: 1.1324 | [███████████---------------------------------------]
loss: 1.3718 | [█████████████-------------------------------------]
loss: 0.9657 | [█████████-----------------------------------------]
loss: 1.3355 | [█████████████-------------------------------------]
loss: 1.2290 | [████████████--------------------------------------]
loss: 1.4277 | [██████████████------------------------------------]
loss: 1.4748 | [██████████████------------------------------------]
loss: 1.3801 | [█████████████-------------------------------------]
loss: 1.3320 | [█████████████-------------------------------------]
Epoch: 5, Steps: 159 | Train Loss: 0.6643785 Vali Loss: 1.0735140 Test Loss: 1.2469992
EarlyStopping counter: 4 out of 5
loss: 0.6765 | [██████--------------------------------------------]
	iters: 100, epoch: 6 | loss: 0.6929178
	speed: 0.1956s/iter; left time: 6046.5250s
Epoch: 6 cost time: 11.888083696365356
loss: 1.1059 | [███████████---------------------------------------]
loss: 1.2021 | [████████████--------------------------------------]
loss: 1.0424 | [██████████----------------------------------------]
loss: 0.9548 | [█████████-----------------------------------------]
loss: 1.2543 | [████████████--------------------------------------]
loss: 0.9731 | [█████████-----------------------------------------]
loss: 1.3612 | [█████████████-------------------------------------]
loss: 1.1707 | [███████████---------------------------------------]
loss: 1.3110 | [█████████████-------------------------------------]
loss: 1.2897 | [████████████--------------------------------------]
loss: 1.1967 | [███████████---------------------------------------]
loss: 1.3314 | [█████████████-------------------------------------]
Epoch: 6, Steps: 159 | Train Loss: 0.6511157 Vali Loss: 1.0409856 Test Loss: 1.1755113
EarlyStopping counter: 5 out of 5
Early stopping
>>>>>>>testing : long_term_forecast_tfnsw_all_96_96_365_checkode1_withmem_CAMEL_custom_ftM_sl96_ll48_pl96_dm512_nh8_el2_dl1_df2048_fc3_ebtimeF_dtTrue_srate0.1_sseed7_trainseed2024_gap365_CAMEL_0<<<<<<<<<<<<<<<<<<<<<<<<<<<<<<<<<
test 11151
mse:0.9867820143699646, mae:0.8040785193443298
>>>>>>>Overall time: 124 seconds<<<<<<<<<<<<<<<<<<<<<<<<<<<<<<<<<
