Args in experiment:
Namespace(samle_rate=0.1, sample_seed=7, train_seed=2024, gap_day=548, task_name='long_term_forecast', is_training=1, model_id='tfnsw_all_96_96_548_checkode1_withmem', model='CAMEL', data='custom', root_path='/home/cyrilyuan/projects/XXLTraffic-main/data/pems/', data_path='tfnsw.csv', features='M', target='', freq='h', checkpoints='./checkpoints/', seq_len=96, label_len=48, pred_len=96, seasonal_patterns='Monthly', inverse=False, mask_rate=0.25, anomaly_ratio=0.25, expand=2, d_conv=4, top_k=5, num_kernels=6, enc_in=27, dec_in=27, c_out=27, d_model=512, n_heads=8, e_layers=2, d_layers=1, d_ff=2048, moving_avg=25, factor=3, distil=True, dropout=0.3, embed='timeF', activation='gelu', output_attention=False, num_workers=10, itr=1, train_epochs=200, batch_size=32, patience=5, learning_rate=0.0005, des='CAMEL', loss='MSE', lradj='type3', use_amp=False, enable_camel=False, camel_gap_years=1.5, camel_memory_size=1024, camel_k_retrieve=8, camel_latent_dim=32, camel_d_model=32, camel_use_nll=False, lambda_mem=0.0, lambda_ode=0.01, lambda_smooth=0.0, camel_min_year_gap=1.0, camel_gap_tolerance=0.25, use_gpu=True, gpu=0, use_multi_gpu=False, devices='0,1,2,3', p_hidden_dims=[128, 128], p_hidden_layers=2, steps_per_day=24, ablate_memory=False, ablate_ode=False, ablate_atf_avg=False, use_which_ode=1)
Use GPU: cuda:0
>>>>>>>start training : long_term_forecast_tfnsw_all_96_96_548_checkode1_withmem_CAMEL_custom_ftM_sl96_ll48_pl96_dm512_nh8_el2_dl1_df2048_fc3_ebtimeF_dtTrue_srate0.1_sseed7_trainseed2024_gap548_CAMEL_0>>>>>>>>>>>>>>>>>>>>>>>>>>
train 46676
val 6760
test 6759
loss: 0.8122 | [████████------------------------------------------]
	iters: 100, epoch: 1 | loss: 0.8122061
	speed: 0.0849s/iter; left time: 2454.8802s
Epoch: 1 cost time: 11.665711879730225
loss: 1.0212 | [██████████----------------------------------------]
loss: 0.8838 | [████████------------------------------------------]
loss: 1.2214 | [████████████--------------------------------------]
loss: 1.0262 | [██████████----------------------------------------]
loss: 0.9847 | [█████████-----------------------------------------]
loss: 1.0873 | [██████████----------------------------------------]
loss: 1.0168 | [██████████----------------------------------------]
Epoch: 1, Steps: 145 | Train Loss: 0.8924467 Vali Loss: 0.9414649 Test Loss: 1.0445734
Validation loss decreased (inf --> 0.941465).  Saving model ...
loss: 0.7907 | [███████-------------------------------------------]
	iters: 100, epoch: 2 | loss: 0.7719558
	speed: 0.1640s/iter; left time: 4716.7208s
Epoch: 2 cost time: 11.037443399429321
loss: 0.9868 | [█████████-----------------------------------------]
loss: 0.9542 | [█████████-----------------------------------------]
loss: 1.0291 | [██████████----------------------------------------]
loss: 0.9464 | [█████████-----------------------------------------]
loss: 1.0535 | [██████████----------------------------------------]
loss: 0.9916 | [█████████-----------------------------------------]
loss: 0.9763 | [█████████-----------------------------------------]
Epoch: 2, Steps: 145 | Train Loss: 0.7959663 Vali Loss: 0.9191090 Test Loss: 1.0065789
Validation loss decreased (0.941465 --> 0.919109).  Saving model ...
loss: 0.8303 | [████████------------------------------------------]
	iters: 100, epoch: 3 | loss: 0.7588680
	speed: 0.1334s/iter; left time: 3815.4519s
loss: 0.7912 | [███████-------------------------------------------]
Epoch: 3 cost time: 7.667500972747803
loss: 1.2055 | [████████████--------------------------------------]
loss: 1.0352 | [██████████----------------------------------------]
loss: 1.0108 | [██████████----------------------------------------]
loss: 1.1137 | [███████████---------------------------------------]
loss: 0.8632 | [████████------------------------------------------]
loss: 1.2768 | [████████████--------------------------------------]
loss: 1.1319 | [███████████---------------------------------------]
Epoch: 3, Steps: 145 | Train Loss: 0.7611347 Vali Loss: 1.0185092 Test Loss: 1.0595980
EarlyStopping counter: 1 out of 5
loss: 0.6847 | [██████--------------------------------------------]
	iters: 100, epoch: 4 | loss: 0.7333637
	speed: 0.1434s/iter; left time: 4081.6618s
Epoch: 4 cost time: 9.924173831939697
loss: 1.0976 | [██████████----------------------------------------]
loss: 1.1863 | [███████████---------------------------------------]
loss: 1.1943 | [███████████---------------------------------------]
loss: 0.9844 | [█████████-----------------------------------------]
loss: 0.9556 | [█████████-----------------------------------------]
loss: 1.0461 | [██████████----------------------------------------]
loss: 1.0948 | [██████████----------------------------------------]
Epoch: 4, Steps: 145 | Train Loss: 0.7219538 Vali Loss: 1.0678497 Test Loss: 1.1129080
EarlyStopping counter: 2 out of 5
loss: 0.7443 | [███████-------------------------------------------]
	iters: 100, epoch: 5 | loss: 0.7153077
	speed: 0.1472s/iter; left time: 4168.5429s
loss: 0.6991 | [██████--------------------------------------------]
Epoch: 5 cost time: 11.24248480796814
loss: 1.2171 | [████████████--------------------------------------]
loss: 0.9274 | [█████████-----------------------------------------]
loss: 1.0135 | [██████████----------------------------------------]
loss: 1.1036 | [███████████---------------------------------------]
loss: 0.9336 | [█████████-----------------------------------------]
loss: 1.2373 | [████████████--------------------------------------]
loss: 1.2205 | [████████████--------------------------------------]
Epoch: 5, Steps: 145 | Train Loss: 0.7038572 Vali Loss: 1.0368780 Test Loss: 1.0990017
EarlyStopping counter: 3 out of 5
loss: 0.6696 | [██████--------------------------------------------]
	iters: 100, epoch: 6 | loss: 0.6990521
	speed: 0.1713s/iter; left time: 4826.6529s
Epoch: 6 cost time: 10.467554092407227
loss: 1.2093 | [████████████--------------------------------------]
loss: 1.1281 | [███████████---------------------------------------]
loss: 1.1726 | [███████████---------------------------------------]
loss: 0.9860 | [█████████-----------------------------------------]
loss: 0.9746 | [█████████-----------------------------------------]
loss: 1.3169 | [█████████████-------------------------------------]
loss: 1.2069 | [████████████--------------------------------------]
Epoch: 6, Steps: 145 | Train Loss: 0.6906470 Vali Loss: 1.0456538 Test Loss: 1.0986831
EarlyStopping counter: 4 out of 5
loss: 0.6311 | [██████--------------------------------------------]
	iters: 100, epoch: 7 | loss: 0.7045897
	speed: 0.1385s/iter; left time: 3882.9862s
Epoch: 7 cost time: 9.554090738296509
loss: 1.0736 | [██████████----------------------------------------]
loss: 1.3196 | [█████████████-------------------------------------]
loss: 1.0094 | [██████████----------------------------------------]
loss: 0.9165 | [█████████-----------------------------------------]
loss: 1.0900 | [██████████----------------------------------------]
loss: 0.9921 | [█████████-----------------------------------------]
loss: 1.3660 | [█████████████-------------------------------------]
Epoch: 7, Steps: 145 | Train Loss: 0.6742863 Vali Loss: 1.0866976 Test Loss: 1.1577261
EarlyStopping counter: 5 out of 5
Early stopping
>>>>>>>testing : long_term_forecast_tfnsw_all_96_96_548_checkode1_withmem_CAMEL_custom_ftM_sl96_ll48_pl96_dm512_nh8_el2_dl1_df2048_fc3_ebtimeF_dtTrue_srate0.1_sseed7_trainseed2024_gap548_CAMEL_0<<<<<<<<<<<<<<<<<<<<<<<<<<<<<<<<<
test 6759
mse:1.006575584411621, mae:0.8012893795967102
>>>>>>>Overall time: 110 seconds<<<<<<<<<<<<<<<<<<<<<<<<<<<<<<<<<
