Args in experiment:
Namespace(samle_rate=0.1, sample_seed=7, train_seed=2024, gap_day=365, task_name='long_term_forecast', is_training=1, model_id='tfnsw_all_96_96_365_checkode0_withmem', model='CAMEL', data='custom', root_path='/home/cyrilyuan/projects/XXLTraffic-main/data/pems/', data_path='tfnsw.csv', features='M', target='', freq='h', checkpoints='./checkpoints/', seq_len=96, label_len=48, pred_len=96, seasonal_patterns='Monthly', inverse=False, mask_rate=0.25, anomaly_ratio=0.25, expand=2, d_conv=4, top_k=5, num_kernels=6, enc_in=27, dec_in=27, c_out=27, d_model=512, n_heads=8, e_layers=2, d_layers=1, d_ff=2048, moving_avg=25, factor=3, distil=True, dropout=0.3, embed='timeF', activation='gelu', output_attention=False, num_workers=10, itr=1, train_epochs=200, batch_size=32, patience=5, learning_rate=0.0005, des='CAMEL', loss='MSE', lradj='type3', use_amp=False, enable_camel=False, camel_gap_years=1.5, camel_memory_size=1024, camel_k_retrieve=8, camel_latent_dim=32, camel_d_model=32, camel_use_nll=False, lambda_mem=0.0, lambda_ode=0.01, lambda_smooth=0.0, camel_min_year_gap=1.0, camel_gap_tolerance=0.25, use_gpu=True, gpu=0, use_multi_gpu=False, devices='0,1,2,3', p_hidden_dims=[128, 128], p_hidden_layers=2, steps_per_day=24, ablate_memory=False, ablate_ode=False, ablate_atf_avg=False, use_which_ode=0)
Use GPU: cuda:0
>>>>>>>start training : long_term_forecast_tfnsw_all_96_96_365_checkode0_withmem_CAMEL_custom_ftM_sl96_ll48_pl96_dm512_nh8_el2_dl1_df2048_fc3_ebtimeF_dtTrue_srate0.1_sseed7_trainseed2024_gap365_CAMEL_0>>>>>>>>>>>>>>>>>>>>>>>>>>
train 51068
val 11152
test 11151
loss: 0.7799 | [███████-------------------------------------------]
	iters: 100, epoch: 1 | loss: 1.7870591
	speed: 0.1354s/iter; left time: 4291.1155s
Traceback (most recent call last):
  File "/home/cyrilyuan/projects/XXLTraffic-main/gap/run.py", line 192, in <module>
    exp.train(setting)
  File "/home/cyrilyuan/projects/XXLTraffic-main/gap/exp/exp_long_term_forecasting.py", line 143, in train
    loss, _, _ = self._compute_total_loss(batch_x, dec_inp, batch_y, batch_x_mark, batch_y_mark, criterion)
                 ^^^^^^^^^^^^^^^^^^^^^^^^^^^^^^^^^^^^^^^^^^^^^^^^^^^^^^^^^^^^^^^^^^^^^^^^^^^^^^^^^^^^^^^^^^
  File "/home/cyrilyuan/projects/XXLTraffic-main/gap/exp/exp_long_term_forecasting.py", line 55, in _compute_total_loss
    raw_out = self.model(batch_x, model_x_mark, dec_inp, model_y_mark)
              ^^^^^^^^^^^^^^^^^^^^^^^^^^^^^^^^^^^^^^^^^^^^^^^^^^^^^^^^
  File "/home/cyrilyuan/miniconda3/envs/xxltraffic/lib/python3.11/site-packages/torch/nn/modules/module.py", line 1776, in _wrapped_call_impl
    return self._call_impl(*args, **kwargs)
           ^^^^^^^^^^^^^^^^^^^^^^^^^^^^^^^^
  File "/home/cyrilyuan/miniconda3/envs/xxltraffic/lib/python3.11/site-packages/torch/nn/modules/module.py", line 1787, in _call_impl
    return forward_call(*args, **kwargs)
           ^^^^^^^^^^^^^^^^^^^^^^^^^^^^^
  File "/home/cyrilyuan/projects/XXLTraffic-main/gap/models/CAMEL.py", line 1454, in forward
    out, sigma, aux = self.forecast(
                      ^^^^^^^^^^^^^^
  File "/home/cyrilyuan/projects/XXLTraffic-main/gap/models/CAMEL.py", line 1444, in forecast
    z_out, sigma, aux = self.core(
                        ^^^^^^^^^^
  File "/home/cyrilyuan/miniconda3/envs/xxltraffic/lib/python3.11/site-packages/torch/nn/modules/module.py", line 1776, in _wrapped_call_impl
    return self._call_impl(*args, **kwargs)
           ^^^^^^^^^^^^^^^^^^^^^^^^^^^^^^^^
  File "/home/cyrilyuan/miniconda3/envs/xxltraffic/lib/python3.11/site-packages/torch/nn/modules/module.py", line 1787, in _call_impl
    return forward_call(*args, **kwargs)
           ^^^^^^^^^^^^^^^^^^^^^^^^^^^^^
  File "/home/cyrilyuan/projects/XXLTraffic-main/gap/models/CAMEL.py", line 1355, in forward
    self.cem.update_memory(q.detach(), season_q.detach(), year_q.detach())
  File "/home/cyrilyuan/miniconda3/envs/xxltraffic/lib/python3.11/site-packages/torch/utils/_contextlib.py", line 124, in decorate_context
    return func(*args, **kwargs)
           ^^^^^^^^^^^^^^^^^^^^^
  File "/home/cyrilyuan/projects/XXLTraffic-main/gap/models/CAMEL.py", line 864, in update_memory
    self.bin_ptrs[bin_id] = local_ptr + 1
    ^^^^^^^^^^^^^
  File "/home/cyrilyuan/miniconda3/envs/xxltraffic/lib/python3.11/site-packages/torch/nn/modules/module.py", line 1952, in __getattr__
    def __getattr__(self, name: str) -> Union[Tensor, "Module"]:

KeyboardInterrupt
Args in experiment:
Namespace(samle_rate=0.1, sample_seed=7, train_seed=2024, gap_day=365, task_name='long_term_forecast', is_training=1, model_id='tfnsw_all_96_96_365_checkode0_withmem', model='CAMEL', data='custom', root_path='/home/cyrilyuan/projects/XXLTraffic-main/data/pems/', data_path='tfnsw.csv', features='M', target='', freq='h', checkpoints='./checkpoints/', seq_len=96, label_len=48, pred_len=96, seasonal_patterns='Monthly', inverse=False, mask_rate=0.25, anomaly_ratio=0.25, expand=2, d_conv=4, top_k=5, num_kernels=6, enc_in=27, dec_in=27, c_out=27, d_model=512, n_heads=8, e_layers=2, d_layers=1, d_ff=2048, moving_avg=25, factor=3, distil=True, dropout=0.3, embed='timeF', activation='gelu', output_attention=False, num_workers=10, itr=1, train_epochs=200, batch_size=32, patience=5, learning_rate=0.0005, des='CAMEL', loss='MSE', lradj='type3', use_amp=False, enable_camel=False, camel_gap_years=1.5, camel_memory_size=1024, camel_k_retrieve=8, camel_latent_dim=32, camel_d_model=32, camel_use_nll=False, lambda_mem=0.0, lambda_ode=0.01, lambda_smooth=0.0, camel_min_year_gap=1.0, camel_gap_tolerance=0.25, use_gpu=True, gpu=0, use_multi_gpu=False, devices='0,1,2,3', p_hidden_dims=[128, 128], p_hidden_layers=2, steps_per_day=24, ablate_memory=False, ablate_ode=False, ablate_atf_avg=False, use_which_ode=0)
Use GPU: cuda:0
>>>>>>>start training : long_term_forecast_tfnsw_all_96_96_365_checkode0_withmem_CAMEL_custom_ftM_sl96_ll48_pl96_dm512_nh8_el2_dl1_df2048_fc3_ebtimeF_dtTrue_srate0.1_sseed7_trainseed2024_gap365_CAMEL_0>>>>>>>>>>>>>>>>>>>>>>>>>>
train 51068
val 11152
test 11151
loss: 0.7799 | [███████-------------------------------------------]
	iters: 100, epoch: 1 | loss: 1.7870591
	speed: 0.1378s/iter; left time: 4369.4642s
Epoch: 1 cost time: 21.43148159980774
loss: 0.8623 | [████████------------------------------------------]
loss: 0.9147 | [█████████-----------------------------------------]
loss: 1.1236 | [███████████---------------------------------------]
loss: 0.9805 | [█████████-----------------------------------------]
loss: 1.0666 | [██████████----------------------------------------]
loss: 1.0468 | [██████████----------------------------------------]
loss: 0.9656 | [█████████-----------------------------------------]
loss: 0.9880 | [█████████-----------------------------------------]
loss: 0.9649 | [█████████-----------------------------------------]
loss: 0.9608 | [█████████-----------------------------------------]
loss: 0.9122 | [█████████-----------------------------------------]
loss: 0.9726 | [█████████-----------------------------------------]
Epoch: 1, Steps: 159 | Train Loss: 2.6338368 Vali Loss: 1.1890302 Test Loss: 1.2597819
Validation loss decreased (inf --> 1.189030).  Saving model ...
loss: 0.8307 | [████████------------------------------------------]
	iters: 100, epoch: 2 | loss: 1.2864456
	speed: 0.5679s/iter; left time: 17913.9142s
Epoch: 2 cost time: 20.40373420715332
loss: 0.8666 | [████████------------------------------------------]
loss: 0.9366 | [█████████-----------------------------------------]
loss: 1.0928 | [██████████----------------------------------------]
loss: 0.9075 | [█████████-----------------------------------------]
loss: 1.0622 | [██████████----------------------------------------]
loss: 0.9660 | [█████████-----------------------------------------]
loss: 0.9225 | [█████████-----------------------------------------]
loss: 0.9446 | [█████████-----------------------------------------]
loss: 0.9310 | [█████████-----------------------------------------]
loss: 0.9300 | [█████████-----------------------------------------]
loss: 0.8906 | [████████------------------------------------------]
loss: 1.0657 | [██████████----------------------------------------]
Epoch: 2, Steps: 159 | Train Loss: 1.2705952 Vali Loss: 0.9863002 Test Loss: 1.0511648
Validation loss decreased (1.189030 --> 0.986300).  Saving model ...
loss: 0.7781 | [███████-------------------------------------------]
	iters: 100, epoch: 3 | loss: 1.0108744
	speed: 0.5659s/iter; left time: 17760.0374s
Epoch: 3 cost time: 21.572953701019287
loss: 0.9268 | [█████████-----------------------------------------]
loss: 0.9599 | [█████████-----------------------------------------]
loss: 1.0547 | [██████████----------------------------------------]
loss: 0.9872 | [█████████-----------------------------------------]
loss: 1.1030 | [███████████---------------------------------------]
loss: 0.9842 | [█████████-----------------------------------------]
loss: 0.9362 | [█████████-----------------------------------------]
loss: 0.9352 | [█████████-----------------------------------------]
loss: 0.9218 | [█████████-----------------------------------------]
loss: 0.9025 | [█████████-----------------------------------------]
loss: 0.8962 | [████████------------------------------------------]
loss: 1.0130 | [██████████----------------------------------------]
Epoch: 3, Steps: 159 | Train Loss: 1.0013383 Vali Loss: 0.9194139 Test Loss: 0.9958001
Validation loss decreased (0.986300 --> 0.919414).  Saving model ...
loss: 0.7813 | [███████-------------------------------------------]
	iters: 100, epoch: 4 | loss: 0.8476975
	speed: 0.5428s/iter; left time: 16946.8423s
Epoch: 4 cost time: 20.226669549942017
loss: 0.8265 | [████████------------------------------------------]
loss: 0.9780 | [█████████-----------------------------------------]
loss: 1.0740 | [██████████----------------------------------------]
loss: 0.9551 | [█████████-----------------------------------------]
loss: 1.1045 | [███████████---------------------------------------]
loss: 0.9782 | [█████████-----------------------------------------]
loss: 0.9635 | [█████████-----------------------------------------]
loss: 0.9391 | [█████████-----------------------------------------]
loss: 0.9347 | [█████████-----------------------------------------]
loss: 0.9158 | [█████████-----------------------------------------]
loss: 0.8521 | [████████------------------------------------------]
loss: 1.0455 | [██████████----------------------------------------]
Epoch: 4, Steps: 159 | Train Loss: 0.8917680 Vali Loss: 0.9341882 Test Loss: 1.0022784
EarlyStopping counter: 1 out of 5
loss: 0.7789 | [███████-------------------------------------------]
	iters: 100, epoch: 5 | loss: 0.9035303
	speed: 0.5815s/iter; left time: 18064.4519s
Epoch: 5 cost time: 19.75064754486084
loss: 0.8784 | [████████------------------------------------------]
loss: 0.9516 | [█████████-----------------------------------------]
loss: 1.0385 | [██████████----------------------------------------]
loss: 0.9625 | [█████████-----------------------------------------]
loss: 1.1115 | [███████████---------------------------------------]
loss: 0.9239 | [█████████-----------------------------------------]
loss: 0.9664 | [█████████-----------------------------------------]
loss: 0.9199 | [█████████-----------------------------------------]
loss: 0.9526 | [█████████-----------------------------------------]
loss: 0.9000 | [████████------------------------------------------]
loss: 0.8410 | [████████------------------------------------------]
loss: 1.0498 | [██████████----------------------------------------]
Epoch: 5, Steps: 159 | Train Loss: 0.8524436 Vali Loss: 0.9483588 Test Loss: 0.9955116
EarlyStopping counter: 2 out of 5
loss: 0.8032 | [████████------------------------------------------]
	iters: 100, epoch: 6 | loss: 0.8442125
	speed: 0.5522s/iter; left time: 17066.4614s
Epoch: 6 cost time: 19.021654844284058
loss: 0.9744 | [█████████-----------------------------------------]
loss: 0.9766 | [█████████-----------------------------------------]
loss: 1.0826 | [██████████----------------------------------------]
loss: 0.9851 | [█████████-----------------------------------------]
loss: 1.0922 | [██████████----------------------------------------]
loss: 0.9355 | [█████████-----------------------------------------]
loss: 1.0047 | [██████████----------------------------------------]
loss: 0.8819 | [████████------------------------------------------]
loss: 0.9065 | [█████████-----------------------------------------]
loss: 0.9243 | [█████████-----------------------------------------]
loss: 0.8607 | [████████------------------------------------------]
loss: 1.0533 | [██████████----------------------------------------]
Epoch: 6, Steps: 159 | Train Loss: 0.8323357 Vali Loss: 0.9251182 Test Loss: 0.9933001
EarlyStopping counter: 3 out of 5
loss: 0.7936 | [███████-------------------------------------------]
	iters: 100, epoch: 7 | loss: 0.7789487
	speed: 0.5473s/iter; left time: 16826.6834s
loss: 0.7659 | [███████-------------------------------------------]
Epoch: 7 cost time: 20.62365221977234
loss: 0.9651 | [█████████-----------------------------------------]
loss: 1.0780 | [██████████----------------------------------------]
loss: 0.9948 | [█████████-----------------------------------------]
loss: 1.0555 | [██████████----------------------------------------]
loss: 0.9559 | [█████████-----------------------------------------]
loss: 1.0030 | [██████████----------------------------------------]
loss: 0.9129 | [█████████-----------------------------------------]
loss: 0.9286 | [█████████-----------------------------------------]
loss: 0.9216 | [█████████-----------------------------------------]
loss: 0.8626 | [████████------------------------------------------]
loss: 0.9704 | [█████████-----------------------------------------]
Epoch: 7, Steps: 159 | Train Loss: 0.8201070 Vali Loss: 0.9220818 Test Loss: 0.9992636
EarlyStopping counter: 4 out of 5
loss: 0.7451 | [███████-------------------------------------------]
	iters: 100, epoch: 8 | loss: 0.8294442
	speed: 0.5268s/iter; left time: 16113.5662s
loss: 0.7572 | [███████-------------------------------------------]
Epoch: 8 cost time: 18.285127639770508
loss: 0.9025 | [█████████-----------------------------------------]
loss: 1.0807 | [██████████----------------------------------------]
loss: 1.0200 | [██████████----------------------------------------]
loss: 1.0612 | [██████████----------------------------------------]
loss: 0.9735 | [█████████-----------------------------------------]
loss: 0.9426 | [█████████-----------------------------------------]
loss: 0.8977 | [████████------------------------------------------]
loss: 0.9483 | [█████████-----------------------------------------]
loss: 0.9510 | [█████████-----------------------------------------]
loss: 0.8762 | [████████------------------------------------------]
loss: 0.9145 | [█████████-----------------------------------------]
Epoch: 8, Steps: 159 | Train Loss: 0.8115820 Vali Loss: 0.8852091 Test Loss: 0.9716935
Validation loss decreased (0.919414 --> 0.885209).  Saving model ...
loss: 0.8075 | [████████------------------------------------------]
	iters: 100, epoch: 9 | loss: 0.8121815
	speed: 0.5591s/iter; left time: 17014.1951s
loss: 0.7777 | [███████-------------------------------------------]
Epoch: 9 cost time: 21.440617322921753
loss: 0.9172 | [█████████-----------------------------------------]
loss: 0.9550 | [█████████-----------------------------------------]
loss: 1.0465 | [██████████----------------------------------------]
loss: 1.0396 | [██████████----------------------------------------]
loss: 0.9627 | [█████████-----------------------------------------]
loss: 0.9359 | [█████████-----------------------------------------]
loss: 0.8503 | [████████------------------------------------------]
loss: 0.9494 | [█████████-----------------------------------------]
loss: 0.9165 | [█████████-----------------------------------------]
loss: 0.9042 | [█████████-----------------------------------------]
loss: 0.9179 | [█████████-----------------------------------------]
Epoch: 9, Steps: 159 | Train Loss: 0.8048891 Vali Loss: 0.9040742 Test Loss: 0.9638933
EarlyStopping counter: 1 out of 5
loss: 0.7739 | [███████-------------------------------------------]
	iters: 100, epoch: 10 | loss: 0.8044654
	speed: 0.5515s/iter; left time: 16693.2105s
loss: 0.7790 | [███████-------------------------------------------]
Epoch: 10 cost time: 20.666226625442505
loss: 0.8764 | [████████------------------------------------------]
loss: 0.9505 | [█████████-----------------------------------------]
loss: 1.0507 | [██████████----------------------------------------]
loss: 1.0127 | [██████████----------------------------------------]
loss: 0.9435 | [█████████-----------------------------------------]
loss: 0.9415 | [█████████-----------------------------------------]
loss: 0.8733 | [████████------------------------------------------]
loss: 0.9869 | [█████████-----------------------------------------]
loss: 0.8818 | [████████------------------------------------------]
loss: 0.8416 | [████████------------------------------------------]
loss: 0.9136 | [█████████-----------------------------------------]
Epoch: 10, Steps: 159 | Train Loss: 0.7994006 Vali Loss: 0.8880355 Test Loss: 0.9664683
EarlyStopping counter: 2 out of 5
loss: 0.7725 | [███████-------------------------------------------]
	iters: 100, epoch: 11 | loss: 0.8211239
	speed: 0.5509s/iter; left time: 16587.1012s
loss: 0.8203 | [████████------------------------------------------]
Epoch: 11 cost time: 18.604034423828125
loss: 0.8146 | [████████------------------------------------------]
loss: 0.9290 | [█████████-----------------------------------------]
loss: 1.1004 | [███████████---------------------------------------]
loss: 0.9435 | [█████████-----------------------------------------]
loss: 0.9383 | [█████████-----------------------------------------]
loss: 0.9279 | [█████████-----------------------------------------]
loss: 0.8854 | [████████------------------------------------------]
loss: 0.9867 | [█████████-----------------------------------------]
loss: 0.8997 | [████████------------------------------------------]
loss: 0.8622 | [████████------------------------------------------]
loss: 0.8771 | [████████------------------------------------------]
Epoch: 11, Steps: 159 | Train Loss: 0.7952520 Vali Loss: 0.8945533 Test Loss: 0.9572315
EarlyStopping counter: 3 out of 5
loss: 0.7318 | [███████-------------------------------------------]
	iters: 100, epoch: 12 | loss: 0.8081335
	speed: 0.5518s/iter; left time: 16526.1677s
loss: 0.7468 | [███████-------------------------------------------]
Epoch: 12 cost time: 19.873382568359375
loss: 0.8275 | [████████------------------------------------------]
loss: 0.8714 | [████████------------------------------------------]
loss: 1.1364 | [███████████---------------------------------------]
loss: 1.0053 | [██████████----------------------------------------]
loss: 0.9649 | [█████████-----------------------------------------]
loss: 0.9461 | [█████████-----------------------------------------]
loss: 0.8955 | [████████------------------------------------------]
loss: 0.9389 | [█████████-----------------------------------------]
loss: 0.9003 | [█████████-----------------------------------------]
loss: 0.8895 | [████████------------------------------------------]
loss: 0.9167 | [█████████-----------------------------------------]
Epoch: 12, Steps: 159 | Train Loss: 0.7914841 Vali Loss: 0.8803023 Test Loss: 0.9586904
Validation loss decreased (0.885209 --> 0.880302).  Saving model ...
loss: 0.7650 | [███████-------------------------------------------]
	iters: 100, epoch: 13 | loss: 0.7802572
	speed: 0.5572s/iter; left time: 16599.9572s
loss: 0.7268 | [███████-------------------------------------------]
Epoch: 13 cost time: 20.50492286682129
loss: 0.8399 | [████████------------------------------------------]
loss: 0.8704 | [████████------------------------------------------]
loss: 1.0836 | [██████████----------------------------------------]
loss: 0.9052 | [█████████-----------------------------------------]
loss: 1.0111 | [██████████----------------------------------------]
loss: 0.9467 | [█████████-----------------------------------------]
loss: 0.9182 | [█████████-----------------------------------------]
loss: 0.9577 | [█████████-----------------------------------------]
loss: 0.8658 | [████████------------------------------------------]
loss: 0.8654 | [████████------------------------------------------]
loss: 0.8742 | [████████------------------------------------------]
loss: 0.9546 | [█████████-----------------------------------------]
Epoch: 13, Steps: 159 | Train Loss: 0.7879103 Vali Loss: 0.8938312 Test Loss: 0.9597557
EarlyStopping counter: 1 out of 5
loss: 0.7393 | [███████-------------------------------------------]
	iters: 100, epoch: 14 | loss: 0.7316242
	speed: 0.5376s/iter; left time: 15930.7635s
Epoch: 14 cost time: 18.462777614593506
loss: 0.8272 | [████████------------------------------------------]
loss: 0.9418 | [█████████-----------------------------------------]
loss: 1.1274 | [███████████---------------------------------------]
loss: 0.8976 | [████████------------------------------------------]
loss: 1.0560 | [██████████----------------------------------------]
loss: 0.9649 | [█████████-----------------------------------------]
loss: 0.8960 | [████████------------------------------------------]
loss: 0.9545 | [█████████-----------------------------------------]
loss: 0.8715 | [████████------------------------------------------]
loss: 0.9122 | [█████████-----------------------------------------]
loss: 0.8356 | [████████------------------------------------------]
loss: 0.9860 | [█████████-----------------------------------------]
Epoch: 14, Steps: 159 | Train Loss: 0.7849236 Vali Loss: 0.8859289 Test Loss: 0.9553865
EarlyStopping counter: 2 out of 5
loss: 0.7458 | [███████-------------------------------------------]
	iters: 100, epoch: 15 | loss: 0.8188721
	speed: 0.5412s/iter; left time: 15950.5453s
Epoch: 15 cost time: 19.887605667114258
loss: 0.9241 | [█████████-----------------------------------------]
loss: 0.8828 | [████████------------------------------------------]
loss: 1.0746 | [██████████----------------------------------------]
loss: 0.9295 | [█████████-----------------------------------------]
loss: 1.0916 | [██████████----------------------------------------]
loss: 0.9929 | [█████████-----------------------------------------]
loss: 0.8974 | [████████------------------------------------------]
loss: 0.9149 | [█████████-----------------------------------------]
loss: 0.8771 | [████████------------------------------------------]
loss: 0.9181 | [█████████-----------------------------------------]
loss: 0.9038 | [█████████-----------------------------------------]
loss: 1.0065 | [██████████----------------------------------------]
Epoch: 15, Steps: 159 | Train Loss: 0.7823527 Vali Loss: 0.8826236 Test Loss: 0.9579179
EarlyStopping counter: 3 out of 5
loss: 0.7644 | [███████-------------------------------------------]
	iters: 100, epoch: 16 | loss: 0.7714998
	speed: 0.5510s/iter; left time: 16152.2314s
Epoch: 16 cost time: 19.60284662246704
loss: 0.8699 | [████████------------------------------------------]
loss: 0.9569 | [█████████-----------------------------------------]
loss: 1.0023 | [██████████----------------------------------------]
loss: 0.9488 | [█████████-----------------------------------------]
loss: 1.0784 | [██████████----------------------------------------]
loss: 0.9758 | [█████████-----------------------------------------]
loss: 0.9168 | [█████████-----------------------------------------]
loss: 0.9464 | [█████████-----------------------------------------]
loss: 0.9037 | [█████████-----------------------------------------]
loss: 0.8984 | [████████------------------------------------------]
loss: 0.8407 | [████████------------------------------------------]
loss: 1.0170 | [██████████----------------------------------------]
Epoch: 16, Steps: 159 | Train Loss: 0.7805090 Vali Loss: 0.8941681 Test Loss: 0.9494577
EarlyStopping counter: 4 out of 5
loss: 0.7075 | [███████-------------------------------------------]
	iters: 100, epoch: 17 | loss: 0.7852188
	speed: 0.5244s/iter; left time: 15291.1373s
Epoch: 17 cost time: 18.882635831832886
loss: 0.9116 | [█████████-----------------------------------------]
loss: 0.9518 | [█████████-----------------------------------------]
loss: 1.0396 | [██████████----------------------------------------]
loss: 0.9627 | [█████████-----------------------------------------]
loss: 1.1101 | [███████████---------------------------------------]
loss: 0.9691 | [█████████-----------------------------------------]
loss: 0.9402 | [█████████-----------------------------------------]
loss: 0.9215 | [█████████-----------------------------------------]
loss: 0.9304 | [█████████-----------------------------------------]
loss: 0.9296 | [█████████-----------------------------------------]
loss: 0.8374 | [████████------------------------------------------]
loss: 1.0636 | [██████████----------------------------------------]
Epoch: 17, Steps: 159 | Train Loss: 0.7780056 Vali Loss: 0.8792341 Test Loss: 0.9546824
Validation loss decreased (0.880302 --> 0.879234).  Saving model ...
loss: 0.7680 | [███████-------------------------------------------]
	iters: 100, epoch: 18 | loss: 0.7496071
	speed: 0.5206s/iter; left time: 15096.3650s
Epoch: 18 cost time: 18.79111075401306
loss: 0.8908 | [████████------------------------------------------]
loss: 0.8973 | [████████------------------------------------------]
loss: 1.0278 | [██████████----------------------------------------]
loss: 1.0028 | [██████████----------------------------------------]
loss: 1.1001 | [███████████---------------------------------------]
loss: 0.9251 | [█████████-----------------------------------------]
loss: 0.9934 | [█████████-----------------------------------------]
loss: 0.9048 | [█████████-----------------------------------------]
loss: 0.8960 | [████████------------------------------------------]
loss: 0.9335 | [█████████-----------------------------------------]
loss: 0.8306 | [████████------------------------------------------]
loss: 1.0714 | [██████████----------------------------------------]
Epoch: 18, Steps: 159 | Train Loss: 0.7755252 Vali Loss: 0.8985626 Test Loss: 0.9477391
EarlyStopping counter: 1 out of 5
loss: 0.7617 | [███████-------------------------------------------]
	iters: 100, epoch: 19 | loss: 0.7251238
	speed: 0.5391s/iter; left time: 15546.0376s
loss: 0.7762 | [███████-------------------------------------------]
Epoch: 19 cost time: 19.027137517929077
loss: 0.9874 | [█████████-----------------------------------------]
loss: 1.0411 | [██████████----------------------------------------]
loss: 0.9687 | [█████████-----------------------------------------]
loss: 1.0490 | [██████████----------------------------------------]
loss: 0.9118 | [█████████-----------------------------------------]
loss: 0.9955 | [█████████-----------------------------------------]
loss: 0.9271 | [█████████-----------------------------------------]
loss: 0.9179 | [█████████-----------------------------------------]
loss: 0.9214 | [█████████-----------------------------------------]
loss: 0.8248 | [████████------------------------------------------]
loss: 1.0132 | [██████████----------------------------------------]
Epoch: 19, Steps: 159 | Train Loss: 0.7744588 Vali Loss: 0.8849927 Test Loss: 0.9515611
EarlyStopping counter: 2 out of 5
loss: 0.7734 | [███████-------------------------------------------]
	iters: 100, epoch: 20 | loss: 0.8067646
	speed: 0.5357s/iter; left time: 15363.3537s
loss: 0.7392 | [███████-------------------------------------------]
Epoch: 20 cost time: 19.024115324020386
loss: 0.9362 | [█████████-----------------------------------------]
loss: 1.0685 | [██████████----------------------------------------]
loss: 1.0037 | [██████████----------------------------------------]
loss: 0.9875 | [█████████-----------------------------------------]
loss: 0.9192 | [█████████-----------------------------------------]
loss: 0.9429 | [█████████-----------------------------------------]
loss: 0.8970 | [████████------------------------------------------]
loss: 0.9182 | [█████████-----------------------------------------]
loss: 0.9491 | [█████████-----------------------------------------]
loss: 0.8470 | [████████------------------------------------------]
loss: 0.9182 | [█████████-----------------------------------------]
Epoch: 20, Steps: 159 | Train Loss: 0.7722040 Vali Loss: 0.8868853 Test Loss: 0.9458833
EarlyStopping counter: 3 out of 5
loss: 0.8168 | [████████------------------------------------------]
	iters: 100, epoch: 21 | loss: 0.7871522
	speed: 0.5287s/iter; left time: 15078.5635s
loss: 0.7848 | [███████-------------------------------------------]
Epoch: 21 cost time: 18.315736293792725
loss: 0.8711 | [████████------------------------------------------]
loss: 0.9849 | [█████████-----------------------------------------]
loss: 1.0577 | [██████████----------------------------------------]
loss: 1.0617 | [██████████----------------------------------------]
loss: 0.9758 | [█████████-----------------------------------------]
loss: 0.8956 | [████████------------------------------------------]
loss: 0.8587 | [████████------------------------------------------]
loss: 0.9373 | [█████████-----------------------------------------]
loss: 0.9305 | [█████████-----------------------------------------]
loss: 0.8916 | [████████------------------------------------------]
loss: 0.9671 | [█████████-----------------------------------------]
Epoch: 21, Steps: 159 | Train Loss: 0.7708966 Vali Loss: 0.8801605 Test Loss: 0.9526932
EarlyStopping counter: 4 out of 5
loss: 0.7149 | [███████-------------------------------------------]
	iters: 100, epoch: 22 | loss: 0.7720815
	speed: 0.5143s/iter; left time: 14586.2094s
loss: 0.7545 | [███████-------------------------------------------]
Epoch: 22 cost time: 19.669132709503174
loss: 0.8792 | [████████------------------------------------------]
loss: 0.9372 | [█████████-----------------------------------------]
loss: 1.0443 | [██████████----------------------------------------]
loss: 0.9595 | [█████████-----------------------------------------]
loss: 0.9683 | [█████████-----------------------------------------]
loss: 0.9254 | [█████████-----------------------------------------]
loss: 0.8714 | [████████------------------------------------------]
loss: 0.9949 | [█████████-----------------------------------------]
loss: 0.8992 | [████████------------------------------------------]
loss: 0.8343 | [████████------------------------------------------]
loss: 0.9193 | [█████████-----------------------------------------]
Epoch: 22, Steps: 159 | Train Loss: 0.7696896 Vali Loss: 0.8837600 Test Loss: 0.9429652
EarlyStopping counter: 5 out of 5
Early stopping
>>>>>>>testing : long_term_forecast_tfnsw_all_96_96_365_checkode0_withmem_CAMEL_custom_ftM_sl96_ll48_pl96_dm512_nh8_el2_dl1_df2048_fc3_ebtimeF_dtTrue_srate0.1_sseed7_trainseed2024_gap365_CAMEL_0<<<<<<<<<<<<<<<<<<<<<<<<<<<<<<<<<
test 11151
mse:0.9495847225189209, mae:0.7858840227127075
>>>>>>>Overall time: 1231 seconds<<<<<<<<<<<<<<<<<<<<<<<<<<<<<<<<<
