Args in experiment:
Namespace(samle_rate=0.1, sample_seed=7, train_seed=2024, gap_day=548, task_name='long_term_forecast', is_training=1, model_id='tfnsw_all_96_96_548_checkode0_withmem', model='CAMEL', data='custom', root_path='/home/cyrilyuan/projects/XXLTraffic-main/data/pems/', data_path='tfnsw.csv', features='M', target='', freq='h', checkpoints='./checkpoints/', seq_len=96, label_len=48, pred_len=96, seasonal_patterns='Monthly', inverse=False, mask_rate=0.25, anomaly_ratio=0.25, expand=2, d_conv=4, top_k=5, num_kernels=6, enc_in=27, dec_in=27, c_out=27, d_model=512, n_heads=8, e_layers=2, d_layers=1, d_ff=2048, moving_avg=25, factor=3, distil=True, dropout=0.3, embed='timeF', activation='gelu', output_attention=False, num_workers=10, itr=1, train_epochs=200, batch_size=32, patience=5, learning_rate=0.0005, des='CAMEL', loss='MSE', lradj='type3', use_amp=False, enable_camel=False, camel_gap_years=1.5, camel_memory_size=1024, camel_k_retrieve=8, camel_latent_dim=32, camel_d_model=32, camel_use_nll=False, lambda_mem=0.0, lambda_ode=0.01, lambda_smooth=0.0, camel_min_year_gap=1.0, camel_gap_tolerance=0.25, use_gpu=True, gpu=0, use_multi_gpu=False, devices='0,1,2,3', p_hidden_dims=[128, 128], p_hidden_layers=2, steps_per_day=24, ablate_memory=False, ablate_ode=False, ablate_atf_avg=False, use_which_ode=0)
Use GPU: cuda:0
>>>>>>>start training : long_term_forecast_tfnsw_all_96_96_548_checkode0_withmem_CAMEL_custom_ftM_sl96_ll48_pl96_dm512_nh8_el2_dl1_df2048_fc3_ebtimeF_dtTrue_srate0.1_sseed7_trainseed2024_gap548_CAMEL_0>>>>>>>>>>>>>>>>>>>>>>>>>>
train 46676
val 6760
test 6759
loss: 0.8066 | [████████------------------------------------------]
	iters: 100, epoch: 1 | loss: 1.8319193
	speed: 0.1276s/iter; left time: 3688.9919s
Epoch: 1 cost time: 17.92037534713745
loss: 1.0305 | [██████████----------------------------------------]
loss: 0.8927 | [████████------------------------------------------]
loss: 1.2369 | [████████████--------------------------------------]
loss: 1.0522 | [██████████----------------------------------------]
loss: 0.9731 | [█████████-----------------------------------------]
loss: 1.0740 | [██████████----------------------------------------]
loss: 1.0281 | [██████████----------------------------------------]
Epoch: 1, Steps: 145 | Train Loss: 2.7702203 Vali Loss: 1.2638754 Test Loss: 1.3736752
Validation loss decreased (inf --> 1.263875).  Saving model ...
loss: 0.7924 | [███████-------------------------------------------]
	iters: 100, epoch: 2 | loss: 1.2484301
	speed: 0.3938s/iter; left time: 11325.1911s
Epoch: 2 cost time: 17.27195644378662
loss: 0.9816 | [█████████-----------------------------------------]
loss: 0.9499 | [█████████-----------------------------------------]
loss: 1.0299 | [██████████----------------------------------------]
loss: 0.9335 | [█████████-----------------------------------------]
loss: 1.0380 | [██████████----------------------------------------]
loss: 0.9881 | [█████████-----------------------------------------]
loss: 0.9604 | [█████████-----------------------------------------]
Epoch: 2, Steps: 145 | Train Loss: 1.3378589 Vali Loss: 1.0205257 Test Loss: 1.1014712
Validation loss decreased (1.263875 --> 1.020526).  Saving model ...
loss: 0.8312 | [████████------------------------------------------]
	iters: 100, epoch: 3 | loss: 1.0500162
	speed: 0.3883s/iter; left time: 11111.0106s
loss: 0.8263 | [████████------------------------------------------]
Epoch: 3 cost time: 17.486897230148315
loss: 0.9745 | [█████████-----------------------------------------]
loss: 0.8676 | [████████------------------------------------------]
loss: 1.0601 | [██████████----------------------------------------]
loss: 1.1167 | [███████████---------------------------------------]
loss: 0.9249 | [█████████-----------------------------------------]
loss: 1.0302 | [██████████----------------------------------------]
loss: 0.9574 | [█████████-----------------------------------------]
Epoch: 3, Steps: 145 | Train Loss: 1.0668255 Vali Loss: 0.9489209 Test Loss: 1.0175472
Validation loss decreased (1.020526 --> 0.948921).  Saving model ...
loss: 0.7498 | [███████-------------------------------------------]
	iters: 100, epoch: 4 | loss: 0.9072510
	speed: 0.3768s/iter; left time: 10725.1086s
Epoch: 4 cost time: 17.436645030975342
loss: 0.9188 | [█████████-----------------------------------------]
loss: 0.8868 | [████████------------------------------------------]
loss: 1.1760 | [███████████---------------------------------------]
loss: 0.9189 | [█████████-----------------------------------------]
loss: 0.9647 | [█████████-----------------------------------------]
loss: 1.0103 | [██████████----------------------------------------]
loss: 0.9562 | [█████████-----------------------------------------]
Epoch: 4, Steps: 145 | Train Loss: 0.9317960 Vali Loss: 0.9406254 Test Loss: 1.0196651
Validation loss decreased (0.948921 --> 0.940625).  Saving model ...
loss: 0.7909 | [███████-------------------------------------------]
	iters: 100, epoch: 5 | loss: 0.8746902
	speed: 0.3889s/iter; left time: 11014.5257s
loss: 0.7719 | [███████-------------------------------------------]
Epoch: 5 cost time: 17.83147406578064
loss: 1.0210 | [██████████----------------------------------------]
loss: 0.9332 | [█████████-----------------------------------------]
loss: 1.0424 | [██████████----------------------------------------]
loss: 1.1646 | [███████████---------------------------------------]
loss: 0.9765 | [█████████-----------------------------------------]
loss: 1.0462 | [██████████----------------------------------------]
loss: 1.0338 | [██████████----------------------------------------]
Epoch: 5, Steps: 145 | Train Loss: 0.8776716 Vali Loss: 0.9595516 Test Loss: 1.0445376
EarlyStopping counter: 1 out of 5
loss: 0.7502 | [███████-------------------------------------------]
	iters: 100, epoch: 6 | loss: 0.8713573
	speed: 0.3791s/iter; left time: 10682.0749s
Epoch: 6 cost time: 17.981110095977783
loss: 0.9405 | [█████████-----------------------------------------]
loss: 0.8411 | [████████------------------------------------------]
loss: 1.1846 | [███████████---------------------------------------]
loss: 0.9797 | [█████████-----------------------------------------]
loss: 0.8983 | [████████------------------------------------------]
loss: 1.0280 | [██████████----------------------------------------]
loss: 0.9565 | [█████████-----------------------------------------]
Epoch: 6, Steps: 145 | Train Loss: 0.8515155 Vali Loss: 0.9462042 Test Loss: 1.0252151
EarlyStopping counter: 2 out of 5
loss: 0.7242 | [███████-------------------------------------------]
	iters: 100, epoch: 7 | loss: 0.8418908
	speed: 0.3638s/iter; left time: 10197.8911s
Epoch: 7 cost time: 16.24546980857849
loss: 0.8918 | [████████------------------------------------------]
loss: 0.9490 | [█████████-----------------------------------------]
loss: 0.9627 | [█████████-----------------------------------------]
loss: 0.9354 | [█████████-----------------------------------------]
loss: 1.1103 | [███████████---------------------------------------]
loss: 0.9874 | [█████████-----------------------------------------]
loss: 0.9972 | [█████████-----------------------------------------]
Epoch: 7, Steps: 145 | Train Loss: 0.8357636 Vali Loss: 0.9431392 Test Loss: 1.0241098
EarlyStopping counter: 3 out of 5
loss: 0.7660 | [███████-------------------------------------------]
	iters: 100, epoch: 8 | loss: 0.8294823
	speed: 0.3814s/iter; left time: 10636.4645s
loss: 0.7540 | [███████-------------------------------------------]
Epoch: 8 cost time: 17.990023374557495
loss: 0.9779 | [█████████-----------------------------------------]
loss: 0.8696 | [████████------------------------------------------]
loss: 1.1195 | [███████████---------------------------------------]
loss: 1.1538 | [███████████---------------------------------------]
loss: 0.9067 | [█████████-----------------------------------------]
loss: 1.0577 | [██████████----------------------------------------]
loss: 0.9493 | [█████████-----------------------------------------]
Epoch: 8, Steps: 145 | Train Loss: 0.8263996 Vali Loss: 0.9391422 Test Loss: 1.0163573
Validation loss decreased (0.940625 --> 0.939142).  Saving model ...
loss: 0.7859 | [███████-------------------------------------------]
	iters: 100, epoch: 9 | loss: 0.8041486
	speed: 0.3689s/iter; left time: 10234.3989s
Epoch: 9 cost time: 17.34827733039856
loss: 0.8857 | [████████------------------------------------------]
loss: 0.8484 | [████████------------------------------------------]
loss: 1.1003 | [███████████---------------------------------------]
loss: 0.8616 | [████████------------------------------------------]
loss: 1.0183 | [██████████----------------------------------------]
loss: 1.0310 | [██████████----------------------------------------]
loss: 0.9736 | [█████████-----------------------------------------]
Epoch: 9, Steps: 145 | Train Loss: 0.8185730 Vali Loss: 0.9387147 Test Loss: 1.0192369
Validation loss decreased (0.939142 --> 0.938715).  Saving model ...
loss: 0.7808 | [███████-------------------------------------------]
	iters: 100, epoch: 10 | loss: 0.7800499
	speed: 0.3744s/iter; left time: 10330.7077s
loss: 0.7300 | [███████-------------------------------------------]
Epoch: 10 cost time: 16.85880756378174
loss: 0.9996 | [█████████-----------------------------------------]
loss: 0.8836 | [████████------------------------------------------]
loss: 1.0124 | [██████████----------------------------------------]
loss: 1.0995 | [██████████----------------------------------------]
loss: 0.9065 | [█████████-----------------------------------------]
loss: 1.0157 | [██████████----------------------------------------]
loss: 1.0071 | [██████████----------------------------------------]
Epoch: 10, Steps: 145 | Train Loss: 0.8129738 Vali Loss: 0.9358605 Test Loss: 1.0111805
Validation loss decreased (0.938715 --> 0.935861).  Saving model ...
loss: 0.7740 | [███████-------------------------------------------]
	iters: 100, epoch: 11 | loss: 0.8366091
	speed: 0.3668s/iter; left time: 10068.3781s
Epoch: 11 cost time: 16.58979606628418
loss: 0.9043 | [█████████-----------------------------------------]
loss: 0.8520 | [████████------------------------------------------]
loss: 1.1508 | [███████████---------------------------------------]
loss: 0.9992 | [█████████-----------------------------------------]
loss: 0.8856 | [████████------------------------------------------]
loss: 1.0384 | [██████████----------------------------------------]
loss: 0.9200 | [█████████-----------------------------------------]
Epoch: 11, Steps: 145 | Train Loss: 0.8083670 Vali Loss: 0.9293142 Test Loss: 1.0004180
Validation loss decreased (0.935861 --> 0.929314).  Saving model ...
loss: 0.7492 | [███████-------------------------------------------]
	iters: 100, epoch: 12 | loss: 0.8399897
	speed: 0.3721s/iter; left time: 10160.6704s
Epoch: 12 cost time: 16.734217166900635
loss: 0.9228 | [█████████-----------------------------------------]
loss: 0.9621 | [█████████-----------------------------------------]
loss: 0.9384 | [█████████-----------------------------------------]
loss: 0.9486 | [█████████-----------------------------------------]
loss: 1.1478 | [███████████---------------------------------------]
loss: 0.9852 | [█████████-----------------------------------------]
loss: 1.0247 | [██████████----------------------------------------]
Epoch: 12, Steps: 145 | Train Loss: 0.8049121 Vali Loss: 0.9227882 Test Loss: 0.9992222
Validation loss decreased (0.929314 --> 0.922788).  Saving model ...
loss: 0.6987 | [██████--------------------------------------------]
	iters: 100, epoch: 13 | loss: 0.8129121
	speed: 0.3861s/iter; left time: 10486.0052s
loss: 0.8209 | [████████------------------------------------------]
Epoch: 13 cost time: 17.713807344436646
loss: 1.0245 | [██████████----------------------------------------]
loss: 0.8598 | [████████------------------------------------------]
loss: 1.1090 | [███████████---------------------------------------]
loss: 1.0290 | [██████████----------------------------------------]
loss: 0.9050 | [█████████-----------------------------------------]
loss: 1.0805 | [██████████----------------------------------------]
loss: 0.9487 | [█████████-----------------------------------------]
Epoch: 13, Steps: 145 | Train Loss: 0.8007073 Vali Loss: 0.9422148 Test Loss: 1.0259355
EarlyStopping counter: 1 out of 5
loss: 0.7688 | [███████-------------------------------------------]
	iters: 100, epoch: 14 | loss: 0.8486081
	speed: 0.3810s/iter; left time: 10294.3373s
Epoch: 14 cost time: 17.934401750564575
loss: 0.9241 | [█████████-----------------------------------------]
loss: 0.9394 | [█████████-----------------------------------------]
loss: 1.0808 | [██████████----------------------------------------]
loss: 0.8713 | [████████------------------------------------------]
loss: 1.0477 | [██████████----------------------------------------]
loss: 1.0084 | [██████████----------------------------------------]
loss: 0.9864 | [█████████-----------------------------------------]
Epoch: 14, Steps: 145 | Train Loss: 0.7984385 Vali Loss: 0.9350054 Test Loss: 1.0154771
EarlyStopping counter: 2 out of 5
loss: 0.8432 | [████████------------------------------------------]
	iters: 100, epoch: 15 | loss: 0.8162090
	speed: 0.3756s/iter; left time: 10092.3396s
loss: 0.8170 | [████████------------------------------------------]
Epoch: 15 cost time: 17.564764976501465
loss: 0.9851 | [█████████-----------------------------------------]
loss: 0.8288 | [████████------------------------------------------]
loss: 1.0399 | [██████████----------------------------------------]
loss: 1.1117 | [███████████---------------------------------------]
loss: 0.9285 | [█████████-----------------------------------------]
loss: 1.0854 | [██████████----------------------------------------]
loss: 1.0243 | [██████████----------------------------------------]
Epoch: 15, Steps: 145 | Train Loss: 0.7955247 Vali Loss: 0.9211397 Test Loss: 0.9996544
Validation loss decreased (0.922788 --> 0.921140).  Saving model ...
loss: 0.7387 | [███████-------------------------------------------]
	iters: 100, epoch: 16 | loss: 0.7772449
	speed: 0.3744s/iter; left time: 10006.9555s
Epoch: 16 cost time: 16.667766094207764
loss: 0.9280 | [█████████-----------------------------------------]
loss: 0.8424 | [████████------------------------------------------]
loss: 1.0914 | [██████████----------------------------------------]
loss: 0.9564 | [█████████-----------------------------------------]
loss: 0.9412 | [█████████-----------------------------------------]
loss: 1.0962 | [██████████----------------------------------------]
loss: 0.9253 | [█████████-----------------------------------------]
Epoch: 16, Steps: 145 | Train Loss: 0.7934764 Vali Loss: 0.9192495 Test Loss: 1.0025736
Validation loss decreased (0.921140 --> 0.919250).  Saving model ...
loss: 0.7787 | [███████-------------------------------------------]
	iters: 100, epoch: 17 | loss: 0.7673163
	speed: 0.3639s/iter; left time: 9673.9050s
loss: 0.7858 | [███████-------------------------------------------]
Epoch: 17 cost time: 16.607545614242554
loss: 0.9825 | [█████████-----------------------------------------]
loss: 0.9704 | [█████████-----------------------------------------]
loss: 0.9544 | [█████████-----------------------------------------]
loss: 1.1563 | [███████████---------------------------------------]
loss: 0.9311 | [█████████-----------------------------------------]
loss: 0.9957 | [█████████-----------------------------------------]
Epoch: 17, Steps: 145 | Train Loss: 0.7912129 Vali Loss: 0.9073262 Test Loss: 0.9895309
Validation loss decreased (0.919250 --> 0.907326).  Saving model ...
loss: 0.7931 | [███████-------------------------------------------]
	iters: 100, epoch: 18 | loss: 0.7787943
	speed: 0.3721s/iter; left time: 9837.1908s
loss: 0.7643 | [███████-------------------------------------------]
Epoch: 18 cost time: 16.670352697372437
loss: 0.9693 | [█████████-----------------------------------------]
loss: 0.7871 | [███████-------------------------------------------]
loss: 1.1687 | [███████████---------------------------------------]
loss: 1.0011 | [██████████----------------------------------------]
loss: 0.9047 | [█████████-----------------------------------------]
loss: 1.0419 | [██████████----------------------------------------]
loss: 0.9387 | [█████████-----------------------------------------]
Epoch: 18, Steps: 145 | Train Loss: 0.7897154 Vali Loss: 0.8984264 Test Loss: 0.9720006
Validation loss decreased (0.907326 --> 0.898426).  Saving model ...
loss: 0.7436 | [███████-------------------------------------------]
	iters: 100, epoch: 19 | loss: 0.7732486
	speed: 0.3734s/iter; left time: 9816.2081s
Epoch: 19 cost time: 17.461745262145996
loss: 0.8416 | [████████------------------------------------------]
loss: 0.9246 | [█████████-----------------------------------------]
loss: 1.0146 | [██████████----------------------------------------]
loss: 0.8689 | [████████------------------------------------------]
loss: 1.0391 | [██████████----------------------------------------]
loss: 0.9843 | [█████████-----------------------------------------]
loss: 1.0037 | [██████████----------------------------------------]
Epoch: 19, Steps: 145 | Train Loss: 0.7884889 Vali Loss: 0.9309109 Test Loss: 1.0164729
EarlyStopping counter: 1 out of 5
loss: 0.7768 | [███████-------------------------------------------]
	iters: 100, epoch: 20 | loss: 0.7529551
	speed: 0.3759s/iter; left time: 9827.2141s
loss: 0.7699 | [███████-------------------------------------------]
Epoch: 20 cost time: 17.38158679008484
loss: 0.9893 | [█████████-----------------------------------------]
loss: 0.9041 | [█████████-----------------------------------------]
loss: 1.0667 | [██████████----------------------------------------]
loss: 1.1644 | [███████████---------------------------------------]
loss: 0.8866 | [████████------------------------------------------]
loss: 0.9991 | [█████████-----------------------------------------]
loss: 0.9823 | [█████████-----------------------------------------]
Epoch: 20, Steps: 145 | Train Loss: 0.7868306 Vali Loss: 0.9195549 Test Loss: 1.0018354
EarlyStopping counter: 2 out of 5
loss: 0.7818 | [███████-------------------------------------------]
	iters: 100, epoch: 21 | loss: 0.8087984
	speed: 0.3715s/iter; left time: 9659.9427s
Epoch: 21 cost time: 17.626065969467163
loss: 0.8900 | [████████------------------------------------------]
loss: 0.8292 | [████████------------------------------------------]
loss: 1.1800 | [███████████---------------------------------------]
loss: 1.0008 | [██████████----------------------------------------]
loss: 1.0179 | [██████████----------------------------------------]
loss: 1.0676 | [██████████----------------------------------------]
loss: 0.9581 | [█████████-----------------------------------------]
Epoch: 21, Steps: 145 | Train Loss: 0.7851169 Vali Loss: 0.9156691 Test Loss: 0.9974630
EarlyStopping counter: 3 out of 5
loss: 0.7999 | [███████-------------------------------------------]
	iters: 100, epoch: 22 | loss: 0.7257682
	speed: 0.3708s/iter; left time: 9587.1886s
loss: 0.7218 | [███████-------------------------------------------]
Epoch: 22 cost time: 17.682897090911865
loss: 0.9569 | [█████████-----------------------------------------]
loss: 0.8896 | [████████------------------------------------------]
loss: 0.9394 | [█████████-----------------------------------------]
loss: 1.1462 | [███████████---------------------------------------]
loss: 0.9193 | [█████████-----------------------------------------]
loss: 1.0787 | [██████████----------------------------------------]
loss: 1.0470 | [██████████----------------------------------------]
Epoch: 22, Steps: 145 | Train Loss: 0.7839122 Vali Loss: 0.9137612 Test Loss: 0.9911767
EarlyStopping counter: 4 out of 5
loss: 0.7656 | [███████-------------------------------------------]
	iters: 100, epoch: 23 | loss: 0.7740414
	speed: 0.3827s/iter; left time: 9839.1146s
Epoch: 23 cost time: 17.791428089141846
loss: 0.9645 | [█████████-----------------------------------------]
loss: 0.8343 | [████████------------------------------------------]
loss: 1.1602 | [███████████---------------------------------------]
loss: 0.9476 | [█████████-----------------------------------------]
loss: 0.8793 | [████████------------------------------------------]
loss: 1.0408 | [██████████----------------------------------------]
loss: 0.9094 | [█████████-----------------------------------------]
Epoch: 23, Steps: 145 | Train Loss: 0.7825572 Vali Loss: 0.9017174 Test Loss: 0.9750124
EarlyStopping counter: 5 out of 5
Early stopping
>>>>>>>testing : long_term_forecast_tfnsw_all_96_96_548_checkode0_withmem_CAMEL_custom_ftM_sl96_ll48_pl96_dm512_nh8_el2_dl1_df2048_fc3_ebtimeF_dtTrue_srate0.1_sseed7_trainseed2024_gap548_CAMEL_0<<<<<<<<<<<<<<<<<<<<<<<<<<<<<<<<<
test 6759
mse:0.9667481780052185, mae:0.7827907800674438
>>>>>>>Overall time: 886 seconds<<<<<<<<<<<<<<<<<<<<<<<<<<<<<<<<<
