Args in experiment:
Namespace(samle_rate=0.1, sample_seed=7, train_seed=2024, gap_day=365, task_name='long_term_forecast', is_training=1, model_id='tfnsw_all_96_96_365_base', model='CAMEL', data='custom', root_path='/home/cyrilyuan/projects/XXLTraffic-main/data/pems/', data_path='tfnsw.csv', features='M', target='', freq='h', checkpoints='./checkpoints/', seq_len=96, label_len=48, pred_len=96, seasonal_patterns='Monthly', inverse=False, mask_rate=0.25, anomaly_ratio=0.25, expand=2, d_conv=4, top_k=5, num_kernels=6, enc_in=27, dec_in=27, c_out=27, d_model=512, n_heads=8, e_layers=2, d_layers=1, d_ff=2048, moving_avg=25, factor=3, distil=True, dropout=0.3, embed='timeF', activation='gelu', output_attention=False, num_workers=10, itr=1, train_epochs=200, batch_size=32, patience=5, learning_rate=0.0005, des='CAMEL', loss='MSE', lradj='type3', use_amp=False, enable_camel=False, camel_gap_years=1.5, camel_memory_size=1024, camel_k_retrieve=8, camel_latent_dim=32, camel_d_model=32, camel_use_nll=False, lambda_mem=0.01, lambda_ode=0.01, lambda_smooth=0.0, camel_min_year_gap=1.0, camel_gap_tolerance=0.25, use_gpu=True, gpu=0, use_multi_gpu=False, devices='0,1,2,3', p_hidden_dims=[128, 128], p_hidden_layers=2, steps_per_day=24, ablate_memory=False, ablate_ode=False, ablate_atf_avg=False, use_which_ode=0, camel_tau=0.1, camel_sim_threshold=0.5, camel_sim_scale=10.0, camel_tau_contrast=0.07)
Use GPU: cuda:0
>>>>>>>start training : long_term_forecast_tfnsw_all_96_96_365_base_CAMEL_custom_ftM_sl96_ll48_pl96_dm512_nh8_el2_dl1_df2048_fc3_ebtimeF_dtTrue_srate0.1_sseed7_trainseed2024_gap365_CAMEL_0>>>>>>>>>>>>>>>>>>>>>>>>>>
train 51068
val 11152
test 11151
loss: 0.7730 | [███████-------------------------------------------]
	iters: 100, epoch: 1 | loss: 1.8516917
	speed: 0.0931s/iter; left time: 2950.8365s
Epoch: 1 cost time: 15.092720746994019
loss: 0.8425 | [████████------------------------------------------]
loss: 0.9487 | [█████████-----------------------------------------]
loss: 1.2398 | [████████████--------------------------------------]
loss: 0.9236 | [█████████-----------------------------------------]
loss: 0.9717 | [█████████-----------------------------------------]
loss: 0.9959 | [█████████-----------------------------------------]
loss: 0.9999 | [█████████-----------------------------------------]
loss: 0.9811 | [█████████-----------------------------------------]
loss: 0.9920 | [█████████-----------------------------------------]
loss: 0.9360 | [█████████-----------------------------------------]
loss: 0.8359 | [████████------------------------------------------]
loss: 0.9658 | [█████████-----------------------------------------]
Epoch: 1, Steps: 159 | Train Loss: 2.6661430 Vali Loss: 1.2003858 Test Loss: 1.2786767
Validation loss decreased (inf --> 1.200386).  Saving model ...
loss: 0.8120 | [████████------------------------------------------]
	iters: 100, epoch: 2 | loss: 1.2838755
	speed: 0.5073s/iter; left time: 16001.5078s
Epoch: 2 cost time: 14.296536922454834
loss: 0.8603 | [████████------------------------------------------]
loss: 0.9100 | [█████████-----------------------------------------]
loss: 1.0784 | [██████████----------------------------------------]
loss: 0.9362 | [█████████-----------------------------------------]
loss: 1.1279 | [███████████---------------------------------------]
loss: 0.8913 | [████████------------------------------------------]
loss: 0.8692 | [████████------------------------------------------]
loss: 0.9500 | [█████████-----------------------------------------]
loss: 0.9043 | [█████████-----------------------------------------]
loss: 0.9413 | [█████████-----------------------------------------]
loss: 0.8826 | [████████------------------------------------------]
loss: 1.0430 | [██████████----------------------------------------]
Epoch: 2, Steps: 159 | Train Loss: 1.2776543 Vali Loss: 1.0128676 Test Loss: 1.0723761
Validation loss decreased (1.200386 --> 1.012868).  Saving model ...
loss: 0.7418 | [███████-------------------------------------------]
	iters: 100, epoch: 3 | loss: 0.9960409
	speed: 0.4834s/iter; left time: 15170.4964s
Epoch: 3 cost time: 16.9124116897583
loss: 0.9107 | [█████████-----------------------------------------]
loss: 0.9369 | [█████████-----------------------------------------]
loss: 0.9778 | [█████████-----------------------------------------]
loss: 0.9478 | [█████████-----------------------------------------]
loss: 1.0626 | [██████████----------------------------------------]
loss: 0.9109 | [█████████-----------------------------------------]
loss: 0.9380 | [█████████-----------------------------------------]
loss: 0.8775 | [████████------------------------------------------]
loss: 0.8849 | [████████------------------------------------------]
loss: 0.9040 | [█████████-----------------------------------------]
loss: 0.8627 | [████████------------------------------------------]
loss: 1.0039 | [██████████----------------------------------------]
Epoch: 3, Steps: 159 | Train Loss: 1.0048255 Vali Loss: 0.9338181 Test Loss: 0.9906369
Validation loss decreased (1.012868 --> 0.933818).  Saving model ...
loss: 0.7505 | [███████-------------------------------------------]
	iters: 100, epoch: 4 | loss: 0.8488407
	speed: 0.4851s/iter; left time: 15146.5324s
Epoch: 4 cost time: 14.709943294525146
loss: 0.8150 | [████████------------------------------------------]
loss: 0.9956 | [█████████-----------------------------------------]
loss: 1.0806 | [██████████----------------------------------------]
loss: 0.9051 | [█████████-----------------------------------------]
loss: 0.9606 | [█████████-----------------------------------------]
loss: 0.9743 | [█████████-----------------------------------------]
loss: 0.9671 | [█████████-----------------------------------------]
loss: 0.9721 | [█████████-----------------------------------------]
loss: 0.9483 | [█████████-----------------------------------------]
loss: 0.8733 | [████████------------------------------------------]
loss: 0.8244 | [████████------------------------------------------]
loss: 1.0313 | [██████████----------------------------------------]
Epoch: 4, Steps: 159 | Train Loss: 0.8846542 Vali Loss: 0.9338029 Test Loss: 0.9988368
Validation loss decreased (0.933818 --> 0.933803).  Saving model ...
loss: 0.7513 | [███████-------------------------------------------]
	iters: 100, epoch: 5 | loss: 0.8746617
	speed: 0.5079s/iter; left time: 15777.7043s
Epoch: 5 cost time: 16.546850204467773
loss: 0.8492 | [████████------------------------------------------]
loss: 0.9585 | [█████████-----------------------------------------]
loss: 1.0521 | [██████████----------------------------------------]
loss: 1.0241 | [██████████----------------------------------------]
loss: 1.1466 | [███████████---------------------------------------]
loss: 0.9047 | [█████████-----------------------------------------]
loss: 0.9047 | [█████████-----------------------------------------]
loss: 0.9337 | [█████████-----------------------------------------]
loss: 1.0399 | [██████████----------------------------------------]
loss: 1.0872 | [██████████----------------------------------------]
loss: 0.9547 | [█████████-----------------------------------------]
loss: 1.0385 | [██████████----------------------------------------]
Epoch: 5, Steps: 159 | Train Loss: 0.8401276 Vali Loss: 0.9429392 Test Loss: 1.0435721
EarlyStopping counter: 1 out of 5
loss: 0.7497 | [███████-------------------------------------------]
	iters: 100, epoch: 6 | loss: 0.8281308
	speed: 0.4671s/iter; left time: 14435.3959s
Epoch: 6 cost time: 16.09204864501953
loss: 0.9638 | [█████████-----------------------------------------]
loss: 0.9968 | [█████████-----------------------------------------]
loss: 1.0348 | [██████████----------------------------------------]
loss: 0.9823 | [█████████-----------------------------------------]
loss: 1.1462 | [███████████---------------------------------------]
loss: 0.9321 | [█████████-----------------------------------------]
loss: 1.2579 | [████████████--------------------------------------]
loss: 0.9046 | [█████████-----------------------------------------]
loss: 0.8675 | [████████------------------------------------------]
loss: 0.9875 | [█████████-----------------------------------------]
loss: 1.0293 | [██████████----------------------------------------]
loss: 1.1751 | [███████████---------------------------------------]
Epoch: 6, Steps: 159 | Train Loss: 0.8119433 Vali Loss: 0.9520950 Test Loss: 1.0956692
EarlyStopping counter: 2 out of 5
loss: 0.7136 | [███████-------------------------------------------]
	iters: 100, epoch: 7 | loss: 0.7572320
	speed: 0.4922s/iter; left time: 15135.0723s
loss: 0.6811 | [██████--------------------------------------------]
Epoch: 7 cost time: 13.263009548187256
loss: 1.0958 | [██████████----------------------------------------]
loss: 1.1335 | [███████████---------------------------------------]
loss: 0.9940 | [█████████-----------------------------------------]
loss: 1.0837 | [██████████----------------------------------------]
loss: 0.9959 | [█████████-----------------------------------------]
loss: 1.3327 | [█████████████-------------------------------------]
loss: 1.1453 | [███████████---------------------------------------]
loss: 1.1621 | [███████████---------------------------------------]
loss: 1.1994 | [███████████---------------------------------------]
loss: 1.3711 | [█████████████-------------------------------------]
loss: 1.2695 | [████████████--------------------------------------]
Epoch: 7, Steps: 159 | Train Loss: 0.7855779 Vali Loss: 0.9684349 Test Loss: 1.2151032
EarlyStopping counter: 3 out of 5
loss: 0.6860 | [██████--------------------------------------------]
	iters: 100, epoch: 8 | loss: 0.7643421
	speed: 0.4569s/iter; left time: 13975.7358s
loss: 0.6566 | [██████--------------------------------------------]
Epoch: 8 cost time: 16.152920246124268
loss: 1.0336 | [██████████----------------------------------------]
loss: 1.1675 | [███████████---------------------------------------]
loss: 1.2240 | [████████████--------------------------------------]
loss: 1.2132 | [████████████--------------------------------------]
loss: 0.9566 | [█████████-----------------------------------------]
loss: 1.3610 | [█████████████-------------------------------------]
loss: 1.2129 | [████████████--------------------------------------]
loss: 1.2939 | [████████████--------------------------------------]
loss: 1.3688 | [█████████████-------------------------------------]
loss: 1.1654 | [███████████---------------------------------------]
loss: 1.3018 | [█████████████-------------------------------------]
Epoch: 8, Steps: 159 | Train Loss: 0.7471865 Vali Loss: 0.9569924 Test Loss: 1.2355186
EarlyStopping counter: 4 out of 5
loss: 0.6851 | [██████--------------------------------------------]
	iters: 100, epoch: 9 | loss: 0.7592114
	speed: 0.4846s/iter; left time: 14746.5696s
loss: 0.6836 | [██████--------------------------------------------]
Epoch: 9 cost time: 15.28687071800232
loss: 1.1680 | [███████████---------------------------------------]
loss: 1.3341 | [█████████████-------------------------------------]
loss: 1.0037 | [██████████----------------------------------------]
loss: 1.1370 | [███████████---------------------------------------]
loss: 0.9081 | [█████████-----------------------------------------]
loss: 1.4848 | [██████████████------------------------------------]
loss: 1.3251 | [█████████████-------------------------------------]
loss: 1.5823 | [███████████████-----------------------------------]
loss: 1.4126 | [██████████████------------------------------------]
loss: 1.2393 | [████████████--------------------------------------]
loss: 1.3465 | [█████████████-------------------------------------]
Epoch: 9, Steps: 159 | Train Loss: 0.7207484 Vali Loss: 1.0090535 Test Loss: 1.2998067
EarlyStopping counter: 5 out of 5
Early stopping
>>>>>>>testing : long_term_forecast_tfnsw_all_96_96_365_base_CAMEL_custom_ftM_sl96_ll48_pl96_dm512_nh8_el2_dl1_df2048_fc3_ebtimeF_dtTrue_srate0.1_sseed7_trainseed2024_gap365_CAMEL_0<<<<<<<<<<<<<<<<<<<<<<<<<<<<<<<<<
test 11151
mse:0.9408098459243774, mae:0.7747660875320435
>>>>>>>Overall time: 465 seconds<<<<<<<<<<<<<<<<<<<<<<<<<<<<<<<<<
