Args in experiment:
Namespace(samle_rate=0.1, sample_seed=7, train_seed=2024, gap_day=365, task_name='long_term_forecast', is_training=1, model_id='tfnsw_all_96_96_365_womem', model='CAMEL', data='custom', root_path='/home/cyrilyuan/projects/XXLTraffic-main/data/pems/', data_path='tfnsw.csv', features='M', target='', freq='h', checkpoints='./checkpoints/', seq_len=96, label_len=48, pred_len=96, seasonal_patterns='Monthly', inverse=False, mask_rate=0.25, anomaly_ratio=0.25, expand=2, d_conv=4, top_k=5, num_kernels=6, enc_in=27, dec_in=27, c_out=27, d_model=512, n_heads=8, e_layers=2, d_layers=1, d_ff=2048, moving_avg=25, factor=3, distil=True, dropout=0.3, embed='timeF', activation='gelu', output_attention=False, num_workers=10, itr=1, train_epochs=200, batch_size=32, patience=5, learning_rate=0.0005, des='CAMEL', loss='MSE', lradj='type3', use_amp=False, enable_camel=False, camel_gap_years=1.5, camel_memory_size=1024, camel_k_retrieve=8, camel_latent_dim=32, camel_d_model=32, camel_use_nll=False, lambda_mem=0.01, lambda_ode=0.01, lambda_smooth=0.0, camel_min_year_gap=1.0, camel_gap_tolerance=0.25, use_gpu=True, gpu=0, use_multi_gpu=False, devices='0,1,2,3', p_hidden_dims=[128, 128], p_hidden_layers=2, steps_per_day=24, ablate_memory=True, ablate_ode=False, ablate_atf_avg=False, use_which_ode=0, camel_tau=0.1, camel_sim_threshold=0.5, camel_sim_scale=10.0, camel_tau_contrast=0.07)
Use GPU: cuda:0
>>>>>>>start training : long_term_forecast_tfnsw_all_96_96_365_womem_CAMEL_custom_ftM_sl96_ll48_pl96_dm512_nh8_el2_dl1_df2048_fc3_ebtimeF_dtTrue_srate0.1_sseed7_trainseed2024_gap365_CAMEL_0>>>>>>>>>>>>>>>>>>>>>>>>>>
train 51068
val 11152
test 11151
loss: 0.7745 | [███████-------------------------------------------]
	iters: 100, epoch: 1 | loss: 1.8704538
	speed: 0.0646s/iter; left time: 2046.4307s
Epoch: 1 cost time: 9.537076234817505
loss: 0.8781 | [████████------------------------------------------]
loss: 0.9410 | [█████████-----------------------------------------]
loss: 1.2086 | [████████████--------------------------------------]
loss: 0.9984 | [█████████-----------------------------------------]
loss: 1.0455 | [██████████----------------------------------------]
loss: 1.0065 | [██████████----------------------------------------]
loss: 0.9876 | [█████████-----------------------------------------]
loss: 0.9867 | [█████████-----------------------------------------]
loss: 0.9858 | [█████████-----------------------------------------]
loss: 0.9530 | [█████████-----------------------------------------]
loss: 0.8932 | [████████------------------------------------------]
loss: 0.9750 | [█████████-----------------------------------------]
Epoch: 1, Steps: 159 | Train Loss: 2.6827479 Vali Loss: 1.1987268 Test Loss: 1.2704735
Validation loss decreased (inf --> 1.198727).  Saving model ...
loss: 0.8208 | [████████------------------------------------------]
	iters: 100, epoch: 2 | loss: 1.2941008
	speed: 0.3652s/iter; left time: 11520.2305s
Epoch: 2 cost time: 9.18051266670227
loss: 0.8700 | [████████------------------------------------------]
loss: 0.9249 | [█████████-----------------------------------------]
loss: 1.0997 | [██████████----------------------------------------]
loss: 0.9658 | [█████████-----------------------------------------]
loss: 1.1166 | [███████████---------------------------------------]
loss: 0.9520 | [█████████-----------------------------------------]
loss: 0.9234 | [█████████-----------------------------------------]
loss: 0.9468 | [█████████-----------------------------------------]
loss: 0.9038 | [█████████-----------------------------------------]
loss: 0.9256 | [█████████-----------------------------------------]
loss: 0.8687 | [████████------------------------------------------]
loss: 1.0288 | [██████████----------------------------------------]
Epoch: 2, Steps: 159 | Train Loss: 1.2869206 Vali Loss: 0.9948324 Test Loss: 1.0545682
Validation loss decreased (1.198727 --> 0.994832).  Saving model ...
loss: 0.7738 | [███████-------------------------------------------]
	iters: 100, epoch: 3 | loss: 1.0202614
	speed: 0.3941s/iter; left time: 12368.6346s
Epoch: 3 cost time: 9.69911241531372
loss: 0.9232 | [█████████-----------------------------------------]
loss: 0.9629 | [█████████-----------------------------------------]
loss: 1.0303 | [██████████----------------------------------------]
loss: 0.9368 | [█████████-----------------------------------------]
loss: 1.0968 | [██████████----------------------------------------]
loss: 0.9921 | [█████████-----------------------------------------]
loss: 0.9248 | [█████████-----------------------------------------]
loss: 0.9255 | [█████████-----------------------------------------]
loss: 0.9385 | [█████████-----------------------------------------]
loss: 0.8986 | [████████------------------------------------------]
loss: 0.8840 | [████████------------------------------------------]
loss: 1.0168 | [██████████----------------------------------------]
Epoch: 3, Steps: 159 | Train Loss: 1.0149231 Vali Loss: 0.9295036 Test Loss: 0.9989337
Validation loss decreased (0.994832 --> 0.929504).  Saving model ...
loss: 0.7821 | [███████-------------------------------------------]
	iters: 100, epoch: 4 | loss: 0.8464888
	speed: 0.3829s/iter; left time: 11954.1921s
Epoch: 4 cost time: 9.784976243972778
loss: 0.8252 | [████████------------------------------------------]
loss: 0.9690 | [█████████-----------------------------------------]
loss: 1.0698 | [██████████----------------------------------------]
loss: 0.9726 | [█████████-----------------------------------------]
loss: 1.0781 | [██████████----------------------------------------]
loss: 0.9731 | [█████████-----------------------------------------]
loss: 0.9552 | [█████████-----------------------------------------]
loss: 0.9589 | [█████████-----------------------------------------]
loss: 0.9331 | [█████████-----------------------------------------]
loss: 0.9068 | [█████████-----------------------------------------]
loss: 0.8599 | [████████------------------------------------------]
loss: 1.0425 | [██████████----------------------------------------]
Epoch: 4, Steps: 159 | Train Loss: 0.8963679 Vali Loss: 0.9254875 Test Loss: 0.9945514
Validation loss decreased (0.929504 --> 0.925488).  Saving model ...
loss: 0.7799 | [███████-------------------------------------------]
	iters: 100, epoch: 5 | loss: 0.9038320
	speed: 0.3698s/iter; left time: 11488.8058s
Epoch: 5 cost time: 8.02105975151062
loss: 0.8659 | [████████------------------------------------------]
loss: 0.9293 | [█████████-----------------------------------------]
loss: 1.0509 | [██████████----------------------------------------]
loss: 0.9599 | [█████████-----------------------------------------]
loss: 1.1397 | [███████████---------------------------------------]
loss: 0.9251 | [█████████-----------------------------------------]
loss: 0.9659 | [█████████-----------------------------------------]
loss: 0.9031 | [█████████-----------------------------------------]
loss: 0.9455 | [█████████-----------------------------------------]
loss: 0.9018 | [█████████-----------------------------------------]
loss: 0.8600 | [████████------------------------------------------]
loss: 1.0590 | [██████████----------------------------------------]
Epoch: 5, Steps: 159 | Train Loss: 0.8535856 Vali Loss: 0.9245806 Test Loss: 0.9854984
Validation loss decreased (0.925488 --> 0.924581).  Saving model ...
loss: 0.7990 | [███████-------------------------------------------]
	iters: 100, epoch: 6 | loss: 0.8498782
	speed: 0.3925s/iter; left time: 12131.0765s
Epoch: 6 cost time: 9.652457237243652
loss: 0.9705 | [█████████-----------------------------------------]
loss: 0.9735 | [█████████-----------------------------------------]
loss: 1.0708 | [██████████----------------------------------------]
loss: 0.9456 | [█████████-----------------------------------------]
loss: 1.0734 | [██████████----------------------------------------]
loss: 0.9411 | [█████████-----------------------------------------]
loss: 1.0384 | [██████████----------------------------------------]
loss: 0.8889 | [████████------------------------------------------]
loss: 0.9021 | [█████████-----------------------------------------]
loss: 0.9080 | [█████████-----------------------------------------]
loss: 0.8423 | [████████------------------------------------------]
loss: 1.0517 | [██████████----------------------------------------]
Epoch: 6, Steps: 159 | Train Loss: 0.8328036 Vali Loss: 0.9199876 Test Loss: 0.9868237
Validation loss decreased (0.924581 --> 0.919988).  Saving model ...
loss: 0.7915 | [███████-------------------------------------------]
	iters: 100, epoch: 7 | loss: 0.7824947
	speed: 0.3983s/iter; left time: 12245.3918s
loss: 0.7630 | [███████-------------------------------------------]
Epoch: 7 cost time: 10.153445482254028
loss: 0.9670 | [█████████-----------------------------------------]
loss: 1.1059 | [███████████---------------------------------------]
loss: 0.9856 | [█████████-----------------------------------------]
loss: 1.0283 | [██████████----------------------------------------]
loss: 0.9117 | [█████████-----------------------------------------]
loss: 0.9905 | [█████████-----------------------------------------]
loss: 0.9208 | [█████████-----------------------------------------]
loss: 0.9328 | [█████████-----------------------------------------]
loss: 0.9240 | [█████████-----------------------------------------]
loss: 0.8605 | [████████------------------------------------------]
loss: 0.9775 | [█████████-----------------------------------------]
Epoch: 7, Steps: 159 | Train Loss: 0.8203280 Vali Loss: 0.9116238 Test Loss: 0.9838529
Validation loss decreased (0.919988 --> 0.911624).  Saving model ...
loss: 0.7450 | [███████-------------------------------------------]
	iters: 100, epoch: 8 | loss: 0.8298134
	speed: 0.3985s/iter; left time: 12190.2961s
loss: 0.7545 | [███████-------------------------------------------]
Epoch: 8 cost time: 9.992003440856934
loss: 0.8934 | [████████------------------------------------------]
loss: 1.0738 | [██████████----------------------------------------]
loss: 1.0472 | [██████████----------------------------------------]
loss: 1.0351 | [██████████----------------------------------------]
loss: 0.9529 | [█████████-----------------------------------------]
loss: 0.9297 | [█████████-----------------------------------------]
loss: 0.8759 | [████████------------------------------------------]
loss: 0.9385 | [█████████-----------------------------------------]
loss: 0.9497 | [█████████-----------------------------------------]
loss: 0.8683 | [████████------------------------------------------]
loss: 0.9188 | [█████████-----------------------------------------]
Epoch: 8, Steps: 159 | Train Loss: 0.8116717 Vali Loss: 0.9066973 Test Loss: 0.9744911
Validation loss decreased (0.911624 --> 0.906697).  Saving model ...
loss: 0.8062 | [████████------------------------------------------]
	iters: 100, epoch: 9 | loss: 0.8116464
	speed: 0.3778s/iter; left time: 11495.8271s
loss: 0.7772 | [███████-------------------------------------------]
Epoch: 9 cost time: 8.120130062103271
loss: 0.9148 | [█████████-----------------------------------------]
loss: 0.9754 | [█████████-----------------------------------------]
loss: 1.0318 | [██████████----------------------------------------]
loss: 1.0466 | [██████████----------------------------------------]
loss: 0.9440 | [█████████-----------------------------------------]
loss: 0.9540 | [█████████-----------------------------------------]
loss: 0.8557 | [████████------------------------------------------]
loss: 0.9552 | [█████████-----------------------------------------]
loss: 0.9008 | [█████████-----------------------------------------]
loss: 0.8878 | [████████------------------------------------------]
loss: 0.9172 | [█████████-----------------------------------------]
Epoch: 9, Steps: 159 | Train Loss: 0.8047632 Vali Loss: 0.8939313 Test Loss: 0.9608266
Validation loss decreased (0.906697 --> 0.893931).  Saving model ...
loss: 0.7725 | [███████-------------------------------------------]
	iters: 100, epoch: 10 | loss: 0.8068744
	speed: 0.4005s/iter; left time: 12122.2684s
loss: 0.7751 | [███████-------------------------------------------]
Epoch: 10 cost time: 9.998361587524414
loss: 0.8711 | [████████------------------------------------------]
loss: 1.0194 | [██████████----------------------------------------]
loss: 1.1024 | [███████████---------------------------------------]
loss: 1.0186 | [██████████----------------------------------------]
loss: 0.9041 | [█████████-----------------------------------------]
loss: 0.9341 | [█████████-----------------------------------------]
loss: 0.8938 | [████████------------------------------------------]
loss: 1.0320 | [██████████----------------------------------------]
loss: 0.9035 | [█████████-----------------------------------------]
loss: 0.8266 | [████████------------------------------------------]
loss: 0.8894 | [████████------------------------------------------]
Epoch: 10, Steps: 159 | Train Loss: 0.7997284 Vali Loss: 0.8834705 Test Loss: 0.9732570
Validation loss decreased (0.893931 --> 0.883471).  Saving model ...
loss: 0.7689 | [███████-------------------------------------------]
	iters: 100, epoch: 11 | loss: 0.8237485
	speed: 0.3937s/iter; left time: 11853.6830s
loss: 0.8199 | [████████------------------------------------------]
Epoch: 11 cost time: 9.968116760253906
loss: 0.7934 | [███████-------------------------------------------]
loss: 0.9116 | [█████████-----------------------------------------]
loss: 1.1065 | [███████████---------------------------------------]
loss: 0.9828 | [█████████-----------------------------------------]
loss: 0.9359 | [█████████-----------------------------------------]
loss: 0.9254 | [█████████-----------------------------------------]
loss: 0.8606 | [████████------------------------------------------]
loss: 0.9790 | [█████████-----------------------------------------]
loss: 0.9070 | [█████████-----------------------------------------]
loss: 0.8756 | [████████------------------------------------------]
loss: 0.8868 | [████████------------------------------------------]
Epoch: 11, Steps: 159 | Train Loss: 0.7953071 Vali Loss: 0.8868866 Test Loss: 0.9590049
EarlyStopping counter: 1 out of 5
loss: 0.7287 | [███████-------------------------------------------]
	iters: 100, epoch: 12 | loss: 0.8098878
	speed: 0.3956s/iter; left time: 11848.6893s
loss: 0.7439 | [███████-------------------------------------------]
Epoch: 12 cost time: 7.741595029830933
loss: 0.8342 | [████████------------------------------------------]
loss: 0.8645 | [████████------------------------------------------]
loss: 1.1177 | [███████████---------------------------------------]
loss: 0.9740 | [█████████-----------------------------------------]
loss: 0.9677 | [█████████-----------------------------------------]
loss: 0.9651 | [█████████-----------------------------------------]
loss: 0.8981 | [████████------------------------------------------]
loss: 0.9365 | [█████████-----------------------------------------]
loss: 0.8978 | [████████------------------------------------------]
loss: 0.8806 | [████████------------------------------------------]
loss: 0.9190 | [█████████-----------------------------------------]
Epoch: 12, Steps: 159 | Train Loss: 0.7914235 Vali Loss: 0.8874957 Test Loss: 0.9633979
EarlyStopping counter: 2 out of 5
loss: 0.7680 | [███████-------------------------------------------]
	iters: 100, epoch: 13 | loss: 0.7771225
	speed: 0.3715s/iter; left time: 11067.2939s
loss: 0.7254 | [███████-------------------------------------------]
Epoch: 13 cost time: 9.680797815322876
loss: 0.8102 | [████████------------------------------------------]
loss: 0.8788 | [████████------------------------------------------]
loss: 1.0854 | [██████████----------------------------------------]
loss: 0.9252 | [█████████-----------------------------------------]
loss: 1.0137 | [██████████----------------------------------------]
loss: 0.9587 | [█████████-----------------------------------------]
loss: 0.9160 | [█████████-----------------------------------------]
loss: 0.9759 | [█████████-----------------------------------------]
loss: 0.8620 | [████████------------------------------------------]
loss: 0.8717 | [████████------------------------------------------]
loss: 0.8760 | [████████------------------------------------------]
loss: 0.9724 | [█████████-----------------------------------------]
Epoch: 13, Steps: 159 | Train Loss: 0.7877048 Vali Loss: 0.8830050 Test Loss: 0.9598674
Validation loss decreased (0.883471 --> 0.883005).  Saving model ...
loss: 0.7366 | [███████-------------------------------------------]
	iters: 100, epoch: 14 | loss: 0.7312018
	speed: 0.3861s/iter; left time: 11440.8154s
Epoch: 14 cost time: 9.978991985321045
loss: 0.8012 | [████████------------------------------------------]
loss: 0.9318 | [█████████-----------------------------------------]
loss: 1.1469 | [███████████---------------------------------------]
loss: 0.9491 | [█████████-----------------------------------------]
loss: 1.0452 | [██████████----------------------------------------]
loss: 0.9928 | [█████████-----------------------------------------]
loss: 0.8899 | [████████------------------------------------------]
loss: 0.9490 | [█████████-----------------------------------------]
loss: 0.8787 | [████████------------------------------------------]
loss: 0.9574 | [█████████-----------------------------------------]
loss: 0.8574 | [████████------------------------------------------]
loss: 0.9888 | [█████████-----------------------------------------]
Epoch: 14, Steps: 159 | Train Loss: 0.7845437 Vali Loss: 0.8796382 Test Loss: 0.9621671
Validation loss decreased (0.883005 --> 0.879638).  Saving model ...
loss: 0.7432 | [███████-------------------------------------------]
	iters: 100, epoch: 15 | loss: 0.8175385
	speed: 0.3883s/iter; left time: 11444.9483s
Epoch: 15 cost time: 9.418163776397705
loss: 0.9184 | [█████████-----------------------------------------]
loss: 0.8870 | [████████------------------------------------------]
loss: 1.0660 | [██████████----------------------------------------]
loss: 0.9097 | [█████████-----------------------------------------]
loss: 1.0816 | [██████████----------------------------------------]
loss: 1.0352 | [██████████----------------------------------------]
loss: 0.9066 | [█████████-----------------------------------------]
loss: 0.9273 | [█████████-----------------------------------------]
loss: 0.8624 | [████████------------------------------------------]
loss: 0.9211 | [█████████-----------------------------------------]
loss: 0.9068 | [█████████-----------------------------------------]
loss: 1.0329 | [██████████----------------------------------------]
Epoch: 15, Steps: 159 | Train Loss: 0.7819831 Vali Loss: 0.8790600 Test Loss: 0.9616215
Validation loss decreased (0.879638 --> 0.879060).  Saving model ...
loss: 0.7597 | [███████-------------------------------------------]
	iters: 100, epoch: 16 | loss: 0.7675223
	speed: 0.3727s/iter; left time: 10924.9612s
Epoch: 16 cost time: 7.153568506240845
loss: 0.8562 | [████████------------------------------------------]
loss: 0.9811 | [█████████-----------------------------------------]
loss: 1.0368 | [██████████----------------------------------------]
loss: 0.9551 | [█████████-----------------------------------------]
loss: 1.0895 | [██████████----------------------------------------]
loss: 0.9804 | [█████████-----------------------------------------]
loss: 0.9241 | [█████████-----------------------------------------]
loss: 0.9713 | [█████████-----------------------------------------]
loss: 0.9052 | [█████████-----------------------------------------]
loss: 0.9027 | [█████████-----------------------------------------]
loss: 0.8477 | [████████------------------------------------------]
loss: 1.0192 | [██████████----------------------------------------]
Epoch: 16, Steps: 159 | Train Loss: 0.7796928 Vali Loss: 0.8810092 Test Loss: 0.9553765
EarlyStopping counter: 1 out of 5
loss: 0.7023 | [███████-------------------------------------------]
	iters: 100, epoch: 17 | loss: 0.7858135
	speed: 0.3894s/iter; left time: 11352.5125s
Epoch: 17 cost time: 9.701951026916504
loss: 0.9109 | [█████████-----------------------------------------]
loss: 0.9351 | [█████████-----------------------------------------]
loss: 1.0451 | [██████████----------------------------------------]
loss: 0.9832 | [█████████-----------------------------------------]
loss: 1.1081 | [███████████---------------------------------------]
loss: 0.9770 | [█████████-----------------------------------------]
loss: 0.9351 | [█████████-----------------------------------------]
loss: 0.9136 | [█████████-----------------------------------------]
loss: 0.9354 | [█████████-----------------------------------------]
loss: 0.9432 | [█████████-----------------------------------------]
loss: 0.8348 | [████████------------------------------------------]
loss: 1.0624 | [██████████----------------------------------------]
Epoch: 17, Steps: 159 | Train Loss: 0.7771266 Vali Loss: 0.8773567 Test Loss: 0.9570400
Validation loss decreased (0.879060 --> 0.877357).  Saving model ...
loss: 0.7679 | [███████-------------------------------------------]
	iters: 100, epoch: 18 | loss: 0.7453793
	speed: 0.3906s/iter; left time: 11325.8457s
Epoch: 18 cost time: 9.667789459228516
loss: 0.8711 | [████████------------------------------------------]
loss: 0.8876 | [████████------------------------------------------]
loss: 1.0425 | [██████████----------------------------------------]
loss: 1.0152 | [██████████----------------------------------------]
loss: 1.0827 | [██████████----------------------------------------]
loss: 0.9202 | [█████████-----------------------------------------]
loss: 0.9975 | [█████████-----------------------------------------]
loss: 0.9168 | [█████████-----------------------------------------]
loss: 0.9023 | [█████████-----------------------------------------]
loss: 0.9237 | [█████████-----------------------------------------]
loss: 0.8290 | [████████------------------------------------------]
loss: 1.0661 | [██████████----------------------------------------]
Epoch: 18, Steps: 159 | Train Loss: 0.7748668 Vali Loss: 0.8825297 Test Loss: 0.9471040
EarlyStopping counter: 1 out of 5
loss: 0.7577 | [███████-------------------------------------------]
	iters: 100, epoch: 19 | loss: 0.7243128
	speed: 0.3931s/iter; left time: 11336.9110s
loss: 0.7750 | [███████-------------------------------------------]
Epoch: 19 cost time: 9.799132108688354
loss: 1.0028 | [██████████----------------------------------------]
loss: 1.0837 | [██████████----------------------------------------]
loss: 0.9754 | [█████████-----------------------------------------]
loss: 1.0676 | [██████████----------------------------------------]
loss: 0.9103 | [█████████-----------------------------------------]
loss: 0.9916 | [█████████-----------------------------------------]
loss: 0.9543 | [█████████-----------------------------------------]
loss: 0.9071 | [█████████-----------------------------------------]
loss: 0.9311 | [█████████-----------------------------------------]
loss: 0.8187 | [████████------------------------------------------]
loss: 1.0136 | [██████████----------------------------------------]
Epoch: 19, Steps: 159 | Train Loss: 0.7733018 Vali Loss: 0.8697747 Test Loss: 0.9557553
Validation loss decreased (0.877357 --> 0.869775).  Saving model ...
loss: 0.7728 | [███████-------------------------------------------]
	iters: 100, epoch: 20 | loss: 0.8057095
	speed: 0.3693s/iter; left time: 10592.4196s
loss: 0.7373 | [███████-------------------------------------------]
Epoch: 20 cost time: 7.289536476135254
loss: 0.9336 | [█████████-----------------------------------------]
loss: 1.0990 | [██████████----------------------------------------]
loss: 1.0276 | [██████████----------------------------------------]
loss: 1.0234 | [██████████----------------------------------------]
loss: 0.9297 | [█████████-----------------------------------------]
loss: 0.9463 | [█████████-----------------------------------------]
loss: 0.8973 | [████████------------------------------------------]
loss: 0.9217 | [█████████-----------------------------------------]
loss: 0.9845 | [█████████-----------------------------------------]
loss: 0.8523 | [████████------------------------------------------]
loss: 0.8940 | [████████------------------------------------------]
Epoch: 20, Steps: 159 | Train Loss: 0.7709456 Vali Loss: 0.8769030 Test Loss: 0.9505387
EarlyStopping counter: 1 out of 5
loss: 0.8154 | [████████------------------------------------------]
	iters: 100, epoch: 21 | loss: 0.7881763
	speed: 0.3869s/iter; left time: 11033.8532s
loss: 0.7821 | [███████-------------------------------------------]
Epoch: 21 cost time: 9.799809455871582
loss: 0.8674 | [████████------------------------------------------]
loss: 1.0038 | [██████████----------------------------------------]
loss: 1.0704 | [██████████----------------------------------------]
loss: 1.0696 | [██████████----------------------------------------]
loss: 0.9782 | [█████████-----------------------------------------]
loss: 0.8941 | [████████------------------------------------------]
loss: 0.8769 | [████████------------------------------------------]
loss: 0.9347 | [█████████-----------------------------------------]
loss: 0.9274 | [█████████-----------------------------------------]
loss: 0.8856 | [████████------------------------------------------]
loss: 0.9677 | [█████████-----------------------------------------]
Epoch: 21, Steps: 159 | Train Loss: 0.7696637 Vali Loss: 0.8730493 Test Loss: 0.9539963
EarlyStopping counter: 2 out of 5
loss: 0.7121 | [███████-------------------------------------------]
	iters: 100, epoch: 22 | loss: 0.7712640
	speed: 0.3898s/iter; left time: 11054.7634s
loss: 0.7517 | [███████-------------------------------------------]
Epoch: 22 cost time: 9.91037893295288
loss: 0.8805 | [████████------------------------------------------]
loss: 0.9478 | [█████████-----------------------------------------]
loss: 1.0507 | [██████████----------------------------------------]
loss: 0.9706 | [█████████-----------------------------------------]
loss: 0.9602 | [█████████-----------------------------------------]
loss: 0.9189 | [█████████-----------------------------------------]
loss: 0.9124 | [█████████-----------------------------------------]
loss: 0.9912 | [█████████-----------------------------------------]
loss: 0.9111 | [█████████-----------------------------------------]
loss: 0.8323 | [████████------------------------------------------]
loss: 0.9154 | [█████████-----------------------------------------]
Epoch: 22, Steps: 159 | Train Loss: 0.7684768 Vali Loss: 0.8744441 Test Loss: 0.9470778
EarlyStopping counter: 3 out of 5
loss: 0.8110 | [████████------------------------------------------]
	iters: 100, epoch: 23 | loss: 0.7862800
	speed: 0.3925s/iter; left time: 11070.1064s
loss: 0.7514 | [███████-------------------------------------------]
Epoch: 23 cost time: 7.694672584533691
loss: 0.8238 | [████████------------------------------------------]
loss: 0.9547 | [█████████-----------------------------------------]
loss: 1.1476 | [███████████---------------------------------------]
loss: 0.9566 | [█████████-----------------------------------------]
loss: 0.9066 | [█████████-----------------------------------------]
loss: 0.9368 | [█████████-----------------------------------------]
loss: 0.8829 | [████████------------------------------------------]
loss: 0.9656 | [█████████-----------------------------------------]
loss: 0.9548 | [█████████-----------------------------------------]
loss: 0.8598 | [████████------------------------------------------]
loss: 0.8763 | [████████------------------------------------------]
Epoch: 23, Steps: 159 | Train Loss: 0.7671310 Vali Loss: 0.8662882 Test Loss: 0.9529595
Validation loss decreased (0.869775 --> 0.866288).  Saving model ...
loss: 0.8094 | [████████------------------------------------------]
	iters: 100, epoch: 24 | loss: 0.7934435
	speed: 0.3631s/iter; left time: 10182.2401s
loss: 0.7724 | [███████-------------------------------------------]
Epoch: 24 cost time: 7.102845191955566
loss: 0.8484 | [████████------------------------------------------]
loss: 0.8469 | [████████------------------------------------------]
loss: 1.0894 | [██████████----------------------------------------]
loss: 0.9797 | [█████████-----------------------------------------]
loss: 0.9598 | [█████████-----------------------------------------]
loss: 0.9422 | [█████████-----------------------------------------]
loss: 0.8901 | [████████------------------------------------------]
loss: 0.9373 | [█████████-----------------------------------------]
loss: 0.8949 | [████████------------------------------------------]
loss: 0.8646 | [████████------------------------------------------]
loss: 0.9256 | [█████████-----------------------------------------]
Epoch: 24, Steps: 159 | Train Loss: 0.7664745 Vali Loss: 0.8761687 Test Loss: 0.9475975
EarlyStopping counter: 1 out of 5
loss: 0.7843 | [███████-------------------------------------------]
	iters: 100, epoch: 25 | loss: 0.6979893
	speed: 0.3862s/iter; left time: 10768.8790s
loss: 0.7555 | [███████-------------------------------------------]
Epoch: 25 cost time: 9.780808448791504
loss: 0.8180 | [████████------------------------------------------]
loss: 0.8251 | [████████------------------------------------------]
loss: 1.0928 | [██████████----------------------------------------]
loss: 0.9681 | [█████████-----------------------------------------]
loss: 1.0233 | [██████████----------------------------------------]
loss: 0.9612 | [█████████-----------------------------------------]
loss: 0.9415 | [█████████-----------------------------------------]
loss: 0.9342 | [█████████-----------------------------------------]
loss: 0.8805 | [████████------------------------------------------]
loss: 0.8577 | [████████------------------------------------------]
loss: 0.8951 | [████████------------------------------------------]
loss: 0.8930 | [████████------------------------------------------]
Epoch: 25, Steps: 159 | Train Loss: 0.7655221 Vali Loss: 0.8687320 Test Loss: 0.9561745
EarlyStopping counter: 2 out of 5
loss: 0.6991 | [██████--------------------------------------------]
	iters: 100, epoch: 26 | loss: 0.7050341
	speed: 0.3957s/iter; left time: 10971.0209s
Epoch: 26 cost time: 10.14824652671814
loss: 0.7836 | [███████-------------------------------------------]
loss: 0.8924 | [████████------------------------------------------]
loss: 1.1569 | [███████████---------------------------------------]
loss: 0.9293 | [█████████-----------------------------------------]
loss: 1.0690 | [██████████----------------------------------------]
loss: 0.9610 | [█████████-----------------------------------------]
loss: 0.9304 | [█████████-----------------------------------------]
loss: 0.9394 | [█████████-----------------------------------------]
loss: 0.9226 | [█████████-----------------------------------------]
loss: 0.9195 | [█████████-----------------------------------------]
loss: 0.9067 | [█████████-----------------------------------------]
loss: 0.9680 | [█████████-----------------------------------------]
Epoch: 26, Steps: 159 | Train Loss: 0.7648057 Vali Loss: 0.8668725 Test Loss: 0.9606241
EarlyStopping counter: 3 out of 5
loss: 0.7668 | [███████-------------------------------------------]
	iters: 100, epoch: 27 | loss: 0.7514763
	speed: 0.3675s/iter; left time: 10130.7581s
Epoch: 27 cost time: 7.324869871139526
loss: 0.9071 | [█████████-----------------------------------------]
loss: 0.8880 | [████████------------------------------------------]
loss: 1.1298 | [███████████---------------------------------------]
loss: 0.8957 | [████████------------------------------------------]
loss: 1.1138 | [███████████---------------------------------------]
loss: 0.9426 | [█████████-----------------------------------------]
loss: 0.9226 | [█████████-----------------------------------------]
loss: 0.9401 | [█████████-----------------------------------------]
loss: 0.8567 | [████████------------------------------------------]
loss: 0.8905 | [████████------------------------------------------]
loss: 0.8921 | [████████------------------------------------------]
loss: 0.9858 | [█████████-----------------------------------------]
Epoch: 27, Steps: 159 | Train Loss: 0.7641700 Vali Loss: 0.8726523 Test Loss: 0.9507995
EarlyStopping counter: 4 out of 5
loss: 0.8234 | [████████------------------------------------------]
	iters: 100, epoch: 28 | loss: 0.7298824
	speed: 0.3889s/iter; left time: 10658.6267s
Epoch: 28 cost time: 9.83563780784607
loss: 0.8260 | [████████------------------------------------------]
loss: 0.9476 | [█████████-----------------------------------------]
loss: 1.0610 | [██████████----------------------------------------]
loss: 0.9407 | [█████████-----------------------------------------]
loss: 1.1356 | [███████████---------------------------------------]
loss: 1.0169 | [██████████----------------------------------------]
loss: 0.9342 | [█████████-----------------------------------------]
loss: 0.9548 | [█████████-----------------------------------------]
loss: 0.8998 | [████████------------------------------------------]
loss: 0.8859 | [████████------------------------------------------]
loss: 0.8941 | [████████------------------------------------------]
loss: 1.0338 | [██████████----------------------------------------]
Epoch: 28, Steps: 159 | Train Loss: 0.7634499 Vali Loss: 0.8658165 Test Loss: 0.9576808
Validation loss decreased (0.866288 --> 0.865816).  Saving model ...
loss: 0.7717 | [███████-------------------------------------------]
	iters: 100, epoch: 29 | loss: 0.7440990
	speed: 0.3900s/iter; left time: 10626.5937s
Epoch: 29 cost time: 9.9169282913208
loss: 0.8349 | [████████------------------------------------------]
loss: 0.9427 | [█████████-----------------------------------------]
loss: 1.0932 | [██████████----------------------------------------]
loss: 0.9454 | [█████████-----------------------------------------]
loss: 1.0615 | [██████████----------------------------------------]
loss: 0.9560 | [█████████-----------------------------------------]
loss: 0.9502 | [█████████-----------------------------------------]
loss: 0.9480 | [█████████-----------------------------------------]
loss: 0.9505 | [█████████-----------------------------------------]
loss: 0.9245 | [█████████-----------------------------------------]
loss: 0.8224 | [████████------------------------------------------]
loss: 1.0174 | [██████████----------------------------------------]
Epoch: 29, Steps: 159 | Train Loss: 0.7633092 Vali Loss: 0.8746114 Test Loss: 0.9470161
EarlyStopping counter: 1 out of 5
loss: 0.7409 | [███████-------------------------------------------]
	iters: 100, epoch: 30 | loss: 0.8124873
	speed: 0.3899s/iter; left time: 10563.6366s
Epoch: 30 cost time: 9.737316131591797
loss: 0.9178 | [█████████-----------------------------------------]
loss: 0.9241 | [█████████-----------------------------------------]
loss: 1.0549 | [██████████----------------------------------------]
loss: 0.9452 | [█████████-----------------------------------------]
loss: 1.1736 | [███████████---------------------------------------]
loss: 0.9367 | [█████████-----------------------------------------]
loss: 0.9865 | [█████████-----------------------------------------]
loss: 0.9049 | [█████████-----------------------------------------]
loss: 0.9234 | [█████████-----------------------------------------]
loss: 0.9001 | [█████████-----------------------------------------]
loss: 0.8579 | [████████------------------------------------------]
loss: 1.0656 | [██████████----------------------------------------]
Epoch: 30, Steps: 159 | Train Loss: 0.7626677 Vali Loss: 0.8681384 Test Loss: 0.9510351
EarlyStopping counter: 2 out of 5
loss: 0.7631 | [███████-------------------------------------------]
	iters: 100, epoch: 31 | loss: 0.7746049
	speed: 0.3661s/iter; left time: 9858.5369s
Epoch: 31 cost time: 7.561458110809326
loss: 0.8315 | [████████------------------------------------------]
loss: 0.9788 | [█████████-----------------------------------------]
loss: 1.0749 | [██████████----------------------------------------]
loss: 0.9379 | [█████████-----------------------------------------]
loss: 1.0850 | [██████████----------------------------------------]
loss: 0.9456 | [█████████-----------------------------------------]
loss: 1.0576 | [██████████----------------------------------------]
loss: 0.8821 | [████████------------------------------------------]
loss: 0.9054 | [█████████-----------------------------------------]
loss: 0.9076 | [█████████-----------------------------------------]
loss: 0.8262 | [████████------------------------------------------]
loss: 1.0488 | [██████████----------------------------------------]
Epoch: 31, Steps: 159 | Train Loss: 0.7620699 Vali Loss: 0.8714968 Test Loss: 0.9495020
EarlyStopping counter: 3 out of 5
loss: 0.8199 | [████████------------------------------------------]
	iters: 100, epoch: 32 | loss: 0.7400457
	speed: 0.3940s/iter; left time: 10547.3319s
loss: 0.7687 | [███████-------------------------------------------]
Epoch: 32 cost time: 9.964152336120605
loss: 0.9446 | [█████████-----------------------------------------]
loss: 1.0703 | [██████████----------------------------------------]
loss: 0.9894 | [█████████-----------------------------------------]
loss: 1.0275 | [██████████----------------------------------------]
loss: 0.8957 | [████████------------------------------------------]
loss: 0.9812 | [█████████-----------------------------------------]
loss: 0.9183 | [█████████-----------------------------------------]
loss: 0.9097 | [█████████-----------------------------------------]
loss: 0.9373 | [█████████-----------------------------------------]
loss: 0.8481 | [████████------------------------------------------]
loss: 0.9652 | [█████████-----------------------------------------]
Epoch: 32, Steps: 159 | Train Loss: 0.7618034 Vali Loss: 0.8803515 Test Loss: 0.9389687
EarlyStopping counter: 4 out of 5
loss: 0.8337 | [████████------------------------------------------]
	iters: 100, epoch: 33 | loss: 0.7619939
	speed: 0.3915s/iter; left time: 10418.7915s
loss: 0.7663 | [███████-------------------------------------------]
Epoch: 33 cost time: 10.037279844284058
loss: 0.8860 | [████████------------------------------------------]
loss: 1.0968 | [██████████----------------------------------------]
loss: 1.0326 | [██████████----------------------------------------]
loss: 1.0842 | [██████████----------------------------------------]
loss: 0.9479 | [█████████-----------------------------------------]
loss: 0.8988 | [████████------------------------------------------]
loss: 0.9015 | [█████████-----------------------------------------]
loss: 0.9393 | [█████████-----------------------------------------]
loss: 0.9564 | [█████████-----------------------------------------]
loss: 0.9086 | [█████████-----------------------------------------]
loss: 0.9078 | [█████████-----------------------------------------]
Epoch: 33, Steps: 159 | Train Loss: 0.7620789 Vali Loss: 0.8671269 Test Loss: 0.9531001
EarlyStopping counter: 5 out of 5
Early stopping
>>>>>>>testing : long_term_forecast_tfnsw_all_96_96_365_womem_CAMEL_custom_ftM_sl96_ll48_pl96_dm512_nh8_el2_dl1_df2048_fc3_ebtimeF_dtTrue_srate0.1_sseed7_trainseed2024_gap365_CAMEL_0<<<<<<<<<<<<<<<<<<<<<<<<<<<<<<<<<
test 11151
mse:0.9566552639007568, mae:0.7848222851753235
>>>>>>>Overall time: 1301 seconds<<<<<<<<<<<<<<<<<<<<<<<<<<<<<<<<<
