Args in experiment:
Namespace(samle_rate=0.1, sample_seed=7, train_seed=2024, gap_day=365, task_name='long_term_forecast', is_training=1, model_id='tfnsw_all_96_192_365_womem', model='CAMEL', data='custom', root_path='/home/cyrilyuan/projects/XXLTraffic-main/data/pems/', data_path='tfnsw.csv', features='M', target='', freq='h', checkpoints='./checkpoints/', seq_len=96, label_len=48, pred_len=192, seasonal_patterns='Monthly', inverse=False, mask_rate=0.25, anomaly_ratio=0.25, expand=2, d_conv=4, top_k=5, num_kernels=6, enc_in=27, dec_in=27, c_out=27, d_model=512, n_heads=8, e_layers=2, d_layers=1, d_ff=2048, moving_avg=25, factor=3, distil=True, dropout=0.3, embed='timeF', activation='gelu', output_attention=False, num_workers=10, itr=1, train_epochs=200, batch_size=32, patience=5, learning_rate=0.0005, des='CAMEL', loss='MSE', lradj='type3', use_amp=False, enable_camel=False, camel_gap_years=1.5, camel_memory_size=1024, camel_k_retrieve=8, camel_latent_dim=32, camel_d_model=32, camel_use_nll=False, lambda_mem=0.01, lambda_ode=0.01, lambda_smooth=0.0, camel_min_year_gap=1.0, camel_gap_tolerance=0.25, use_gpu=True, gpu=0, use_multi_gpu=False, devices='0,1,2,3', p_hidden_dims=[128, 128], p_hidden_layers=2, steps_per_day=24, ablate_memory=True, ablate_ode=False, ablate_atf=False, use_which_ode=0, camel_tau=0.1, camel_sim_threshold=0.5, camel_sim_scale=10.0, camel_tau_contrast=0.07)
Use GPU: cuda:0
>>>>>>>start training : long_term_forecast_tfnsw_all_96_192_365_womem_CAMEL_custom_ftM_sl96_ll48_pl192_dm512_nh8_el2_dl1_df2048_fc3_ebtimeF_dtTrue_srate0.1_sseed7_trainseed2024_gap365_CAMEL_0>>>>>>>>>>>>>>>>>>>>>>>>>>
train 50972
val 11056
test 11055
loss: 0.8043 | [████████------------------------------------------]
	iters: 100, epoch: 1 | loss: 1.8940337
	speed: 0.0706s/iter; left time: 2237.4410s
Epoch: 1 cost time: 10.268422365188599
loss: 0.9406 | [█████████-----------------------------------------]
loss: 1.0263 | [██████████----------------------------------------]
loss: 1.0776 | [██████████----------------------------------------]
loss: 0.9910 | [█████████-----------------------------------------]
loss: 1.0369 | [██████████----------------------------------------]
loss: 0.9770 | [█████████-----------------------------------------]
loss: 1.0066 | [██████████----------------------------------------]
loss: 0.9347 | [█████████-----------------------------------------]
loss: 0.9901 | [█████████-----------------------------------------]
loss: 0.8956 | [████████------------------------------------------]
loss: 0.9778 | [█████████-----------------------------------------]
Epoch: 1, Steps: 159 | Train Loss: 2.6717704 Vali Loss: 1.1888767 Test Loss: 1.2603138
Validation loss decreased (inf --> 1.188877).  Saving model ...
loss: 0.7552 | [███████-------------------------------------------]
	iters: 100, epoch: 2 | loss: 1.2022084
	speed: 0.3812s/iter; left time: 12025.0941s
loss: 0.7688 | [███████-------------------------------------------]
Epoch: 2 cost time: 7.323878526687622
loss: 0.9373 | [█████████-----------------------------------------]
loss: 1.0078 | [██████████----------------------------------------]
loss: 1.0824 | [██████████----------------------------------------]
loss: 1.0266 | [██████████----------------------------------------]
loss: 0.9756 | [█████████-----------------------------------------]
loss: 0.9452 | [█████████-----------------------------------------]
loss: 0.9807 | [█████████-----------------------------------------]
loss: 0.8976 | [████████------------------------------------------]
loss: 0.9570 | [█████████-----------------------------------------]
loss: 0.8668 | [████████------------------------------------------]
loss: 0.9377 | [█████████-----------------------------------------]
Epoch: 2, Steps: 159 | Train Loss: 1.2769218 Vali Loss: 0.9853635 Test Loss: 1.0522354
Validation loss decreased (1.188877 --> 0.985364).  Saving model ...
loss: 0.8312 | [████████------------------------------------------]
	iters: 100, epoch: 3 | loss: 0.9460660
	speed: 0.3812s/iter; left time: 11961.7973s
loss: 0.7501 | [███████-------------------------------------------]
Epoch: 3 cost time: 9.775753259658813
loss: 0.9131 | [█████████-----------------------------------------]
loss: 1.0091 | [██████████----------------------------------------]
loss: 1.0623 | [██████████----------------------------------------]
loss: 1.0221 | [██████████----------------------------------------]
loss: 0.9577 | [█████████-----------------------------------------]
loss: 0.9299 | [█████████-----------------------------------------]
loss: 0.9848 | [█████████-----------------------------------------]
loss: 0.9098 | [█████████-----------------------------------------]
loss: 0.9275 | [█████████-----------------------------------------]
loss: 0.8643 | [████████------------------------------------------]
loss: 0.9166 | [█████████-----------------------------------------]
Epoch: 3, Steps: 159 | Train Loss: 1.0135804 Vali Loss: 0.9269417 Test Loss: 0.9974903
Validation loss decreased (0.985364 --> 0.926942).  Saving model ...
loss: 0.7828 | [███████-------------------------------------------]
	iters: 100, epoch: 4 | loss: 0.8986973
	speed: 0.3731s/iter; left time: 11649.9977s
loss: 0.7384 | [███████-------------------------------------------]
Epoch: 4 cost time: 7.436980247497559
loss: 0.8984 | [████████------------------------------------------]
loss: 0.9392 | [█████████-----------------------------------------]
loss: 1.0431 | [██████████----------------------------------------]
loss: 1.0436 | [██████████----------------------------------------]
loss: 0.9670 | [█████████-----------------------------------------]
loss: 0.9292 | [█████████-----------------------------------------]
loss: 0.9718 | [█████████-----------------------------------------]
loss: 0.8918 | [████████------------------------------------------]
loss: 0.9488 | [█████████-----------------------------------------]
loss: 0.8593 | [████████------------------------------------------]
loss: 0.9284 | [█████████-----------------------------------------]
Epoch: 4, Steps: 159 | Train Loss: 0.8993599 Vali Loss: 0.9261166 Test Loss: 0.9879608
Validation loss decreased (0.926942 --> 0.926117).  Saving model ...
loss: 0.8090 | [████████------------------------------------------]
	iters: 100, epoch: 5 | loss: 0.8783168
	speed: 0.3608s/iter; left time: 11209.4290s
loss: 0.7948 | [███████-------------------------------------------]
Epoch: 5 cost time: 9.80070161819458
loss: 0.9222 | [█████████-----------------------------------------]
loss: 0.9548 | [█████████-----------------------------------------]
loss: 1.0405 | [██████████----------------------------------------]
loss: 1.0318 | [██████████----------------------------------------]
loss: 0.9760 | [█████████-----------------------------------------]
loss: 0.9286 | [█████████-----------------------------------------]
loss: 0.9766 | [█████████-----------------------------------------]
loss: 0.8911 | [████████------------------------------------------]
loss: 0.9211 | [█████████-----------------------------------------]
loss: 0.8435 | [████████------------------------------------------]
loss: 0.9203 | [█████████-----------------------------------------]
Epoch: 5, Steps: 159 | Train Loss: 0.8553278 Vali Loss: 0.9156941 Test Loss: 0.9817004
Validation loss decreased (0.926117 --> 0.915694).  Saving model ...
loss: 0.7622 | [███████-------------------------------------------]
	iters: 100, epoch: 6 | loss: 0.8871118
	speed: 0.3808s/iter; left time: 11769.4436s
loss: 0.7783 | [███████-------------------------------------------]
Epoch: 6 cost time: 9.733237981796265
loss: 0.9157 | [█████████-----------------------------------------]
loss: 0.9853 | [█████████-----------------------------------------]
loss: 1.0218 | [██████████----------------------------------------]
loss: 1.0584 | [██████████----------------------------------------]
loss: 0.9769 | [█████████-----------------------------------------]
loss: 0.9221 | [█████████-----------------------------------------]
loss: 0.9633 | [█████████-----------------------------------------]
loss: 0.8862 | [████████------------------------------------------]
loss: 0.9171 | [█████████-----------------------------------------]
loss: 0.8411 | [████████------------------------------------------]
loss: 0.9300 | [█████████-----------------------------------------]
Epoch: 6, Steps: 159 | Train Loss: 0.8343187 Vali Loss: 0.9134986 Test Loss: 0.9878283
Validation loss decreased (0.915694 --> 0.913499).  Saving model ...
loss: 0.7595 | [███████-------------------------------------------]
	iters: 100, epoch: 7 | loss: 0.8327073
	speed: 0.3719s/iter; left time: 11435.5271s
loss: 0.7664 | [███████-------------------------------------------]
Epoch: 7 cost time: 9.727593660354614
loss: 0.9066 | [█████████-----------------------------------------]
loss: 1.0093 | [██████████----------------------------------------]
loss: 1.0251 | [██████████----------------------------------------]
loss: 1.0367 | [██████████----------------------------------------]
loss: 0.9691 | [█████████-----------------------------------------]
loss: 0.9301 | [█████████-----------------------------------------]
loss: 0.9696 | [█████████-----------------------------------------]
loss: 0.8934 | [████████------------------------------------------]
loss: 0.9070 | [█████████-----------------------------------------]
loss: 0.8480 | [████████------------------------------------------]
loss: 0.9395 | [█████████-----------------------------------------]
Epoch: 7, Steps: 159 | Train Loss: 0.8218213 Vali Loss: 0.9023466 Test Loss: 0.9810319
Validation loss decreased (0.913499 --> 0.902347).  Saving model ...
loss: 0.7739 | [███████-------------------------------------------]
	iters: 100, epoch: 8 | loss: 0.8173906
	speed: 0.3817s/iter; left time: 11675.3268s
loss: 0.7266 | [███████-------------------------------------------]
Epoch: 8 cost time: 9.76673674583435
loss: 0.8971 | [████████------------------------------------------]
loss: 0.9785 | [█████████-----------------------------------------]
loss: 0.9981 | [█████████-----------------------------------------]
loss: 1.0519 | [██████████----------------------------------------]
loss: 0.9608 | [█████████-----------------------------------------]
loss: 0.9184 | [█████████-----------------------------------------]
loss: 1.0133 | [██████████----------------------------------------]
loss: 0.9046 | [█████████-----------------------------------------]
loss: 0.9029 | [█████████-----------------------------------------]
loss: 0.8624 | [████████------------------------------------------]
loss: 0.9116 | [█████████-----------------------------------------]
Epoch: 8, Steps: 159 | Train Loss: 0.8129834 Vali Loss: 0.9031289 Test Loss: 0.9807040
EarlyStopping counter: 1 out of 5
loss: 0.7506 | [███████-------------------------------------------]
	iters: 100, epoch: 9 | loss: 0.7969370
	speed: 0.3819s/iter; left time: 11620.9037s
loss: 0.7062 | [███████-------------------------------------------]
Epoch: 9 cost time: 9.764689207077026
loss: 0.9061 | [█████████-----------------------------------------]
loss: 0.9540 | [█████████-----------------------------------------]
loss: 1.0218 | [██████████----------------------------------------]
loss: 1.0623 | [██████████----------------------------------------]
loss: 0.9501 | [█████████-----------------------------------------]
loss: 0.9411 | [█████████-----------------------------------------]
loss: 0.9623 | [█████████-----------------------------------------]
loss: 0.8981 | [████████------------------------------------------]
loss: 0.8905 | [████████------------------------------------------]
loss: 0.8529 | [████████------------------------------------------]
loss: 0.9019 | [█████████-----------------------------------------]
Epoch: 9, Steps: 159 | Train Loss: 0.8058742 Vali Loss: 0.9015020 Test Loss: 0.9702775
Validation loss decreased (0.902347 --> 0.901502).  Saving model ...
loss: 0.7574 | [███████-------------------------------------------]
	iters: 100, epoch: 10 | loss: 0.8118780
	speed: 0.3832s/iter; left time: 11598.4734s
loss: 0.7624 | [███████-------------------------------------------]
Epoch: 10 cost time: 7.3896708488464355
loss: 0.9187 | [█████████-----------------------------------------]
loss: 0.9760 | [█████████-----------------------------------------]
loss: 1.0859 | [██████████----------------------------------------]
loss: 1.0641 | [██████████----------------------------------------]
loss: 0.9176 | [█████████-----------------------------------------]
loss: 0.8726 | [████████------------------------------------------]
loss: 0.9384 | [█████████-----------------------------------------]
loss: 0.9068 | [█████████-----------------------------------------]
loss: 0.9474 | [█████████-----------------------------------------]
loss: 0.8835 | [████████------------------------------------------]
loss: 0.9430 | [█████████-----------------------------------------]
Epoch: 10, Steps: 159 | Train Loss: 0.8008551 Vali Loss: 0.8873241 Test Loss: 0.9801177
Validation loss decreased (0.901502 --> 0.887324).  Saving model ...
loss: 0.7943 | [███████-------------------------------------------]
	iters: 100, epoch: 11 | loss: 0.8555130
	speed: 0.3578s/iter; left time: 10774.4651s
loss: 0.8095 | [████████------------------------------------------]
Epoch: 11 cost time: 9.70059609413147
loss: 0.9024 | [█████████-----------------------------------------]
loss: 0.9722 | [█████████-----------------------------------------]
loss: 1.0471 | [██████████----------------------------------------]
loss: 1.1150 | [███████████---------------------------------------]
loss: 0.9484 | [█████████-----------------------------------------]
loss: 0.9023 | [█████████-----------------------------------------]
loss: 0.9221 | [█████████-----------------------------------------]
loss: 0.9027 | [█████████-----------------------------------------]
loss: 0.9146 | [█████████-----------------------------------------]
loss: 0.9027 | [█████████-----------------------------------------]
loss: 0.9770 | [█████████-----------------------------------------]
Epoch: 11, Steps: 159 | Train Loss: 0.7964161 Vali Loss: 0.8833934 Test Loss: 0.9757976
Validation loss decreased (0.887324 --> 0.883393).  Saving model ...
loss: 0.7353 | [███████-------------------------------------------]
	iters: 100, epoch: 12 | loss: 0.7745659
	speed: 0.3824s/iter; left time: 11453.9366s
loss: 0.7906 | [███████-------------------------------------------]
Epoch: 12 cost time: 9.842695236206055
loss: 0.9061 | [█████████-----------------------------------------]
loss: 0.9633 | [█████████-----------------------------------------]
loss: 1.0481 | [██████████----------------------------------------]
loss: 1.0876 | [██████████----------------------------------------]
loss: 0.9281 | [█████████-----------------------------------------]
loss: 0.9198 | [█████████-----------------------------------------]
loss: 0.9687 | [█████████-----------------------------------------]
loss: 0.8980 | [████████------------------------------------------]
loss: 0.9166 | [█████████-----------------------------------------]
loss: 0.8617 | [████████------------------------------------------]
loss: 0.8838 | [████████------------------------------------------]
Epoch: 12, Steps: 159 | Train Loss: 0.7922500 Vali Loss: 0.8824831 Test Loss: 0.9695668
Validation loss decreased (0.883393 --> 0.882483).  Saving model ...
loss: 0.7620 | [███████-------------------------------------------]
	iters: 100, epoch: 13 | loss: 0.8125478
	speed: 0.3810s/iter; left time: 11350.6763s
loss: 0.7567 | [███████-------------------------------------------]
Epoch: 13 cost time: 9.769248485565186
loss: 0.9178 | [█████████-----------------------------------------]
loss: 1.0032 | [██████████----------------------------------------]
loss: 1.0827 | [██████████----------------------------------------]
loss: 1.0866 | [██████████----------------------------------------]
loss: 0.9687 | [█████████-----------------------------------------]
loss: 0.8981 | [████████------------------------------------------]
loss: 0.9308 | [█████████-----------------------------------------]
loss: 0.9029 | [█████████-----------------------------------------]
loss: 0.9440 | [█████████-----------------------------------------]
loss: 0.8741 | [████████------------------------------------------]
loss: 0.8776 | [████████------------------------------------------]
Epoch: 13, Steps: 159 | Train Loss: 0.7891778 Vali Loss: 0.8804960 Test Loss: 0.9656949
Validation loss decreased (0.882483 --> 0.880496).  Saving model ...
loss: 0.7973 | [███████-------------------------------------------]
	iters: 100, epoch: 14 | loss: 0.7897393
	speed: 0.3602s/iter; left time: 10675.2059s
loss: 0.7971 | [███████-------------------------------------------]
Epoch: 14 cost time: 7.494337797164917
loss: 0.9227 | [█████████-----------------------------------------]
loss: 1.0111 | [██████████----------------------------------------]
loss: 1.0087 | [██████████----------------------------------------]
loss: 1.0975 | [██████████----------------------------------------]
loss: 0.9863 | [█████████-----------------------------------------]
loss: 0.8946 | [████████------------------------------------------]
loss: 0.9365 | [█████████-----------------------------------------]
loss: 0.9168 | [█████████-----------------------------------------]
loss: 0.9050 | [█████████-----------------------------------------]
loss: 0.8679 | [████████------------------------------------------]
loss: 0.8941 | [████████------------------------------------------]
Epoch: 14, Steps: 159 | Train Loss: 0.7860921 Vali Loss: 0.8844854 Test Loss: 0.9620765
EarlyStopping counter: 1 out of 5
loss: 0.7604 | [███████-------------------------------------------]
	iters: 100, epoch: 15 | loss: 0.7368597
	speed: 0.3824s/iter; left time: 11270.3023s
loss: 0.8133 | [████████------------------------------------------]
Epoch: 15 cost time: 9.73346734046936
loss: 0.9353 | [█████████-----------------------------------------]
loss: 1.0607 | [██████████----------------------------------------]
loss: 1.0591 | [██████████----------------------------------------]
loss: 1.1023 | [███████████---------------------------------------]
loss: 0.9710 | [█████████-----------------------------------------]
loss: 0.8956 | [████████------------------------------------------]
loss: 0.9554 | [█████████-----------------------------------------]
loss: 0.9403 | [█████████-----------------------------------------]
loss: 0.9305 | [█████████-----------------------------------------]
loss: 0.8592 | [████████------------------------------------------]
loss: 0.9041 | [█████████-----------------------------------------]
Epoch: 15, Steps: 159 | Train Loss: 0.7835354 Vali Loss: 0.8738847 Test Loss: 0.9686352
Validation loss decreased (0.880496 --> 0.873885).  Saving model ...
loss: 0.7524 | [███████-------------------------------------------]
	iters: 100, epoch: 16 | loss: 0.7879288
	speed: 0.3809s/iter; left time: 11167.4772s
loss: 0.7355 | [███████-------------------------------------------]
Epoch: 16 cost time: 9.698560237884521
loss: 0.9265 | [█████████-----------------------------------------]
loss: 0.9975 | [█████████-----------------------------------------]
loss: 1.0268 | [██████████----------------------------------------]
loss: 1.0629 | [██████████----------------------------------------]
loss: 0.9875 | [█████████-----------------------------------------]
loss: 0.9073 | [█████████-----------------------------------------]
loss: 0.9471 | [█████████-----------------------------------------]
loss: 0.9002 | [█████████-----------------------------------------]
loss: 0.9317 | [█████████-----------------------------------------]
loss: 0.8778 | [████████------------------------------------------]
loss: 0.9125 | [█████████-----------------------------------------]
Epoch: 16, Steps: 159 | Train Loss: 0.7809827 Vali Loss: 0.8744253 Test Loss: 0.9624394
EarlyStopping counter: 1 out of 5
loss: 0.7819 | [███████-------------------------------------------]
	iters: 100, epoch: 17 | loss: 0.8095644
	speed: 0.3820s/iter; left time: 11136.5554s
loss: 0.7405 | [███████-------------------------------------------]
Epoch: 17 cost time: 9.742257833480835
loss: 0.9502 | [█████████-----------------------------------------]
loss: 0.9994 | [█████████-----------------------------------------]
loss: 1.0334 | [██████████----------------------------------------]
loss: 1.0079 | [██████████----------------------------------------]
loss: 0.9996 | [█████████-----------------------------------------]
loss: 0.8740 | [████████------------------------------------------]
loss: 0.9575 | [█████████-----------------------------------------]
loss: 0.9215 | [█████████-----------------------------------------]
loss: 0.8987 | [████████------------------------------------------]
loss: 0.8745 | [████████------------------------------------------]
loss: 0.8978 | [████████------------------------------------------]
Epoch: 17, Steps: 159 | Train Loss: 0.7791007 Vali Loss: 0.8828187 Test Loss: 0.9573298
EarlyStopping counter: 2 out of 5
loss: 0.7594 | [███████-------------------------------------------]
	iters: 100, epoch: 18 | loss: 0.7756257
	speed: 0.3824s/iter; left time: 11088.1283s
loss: 0.7471 | [███████-------------------------------------------]
Epoch: 18 cost time: 7.428858280181885
loss: 0.9557 | [█████████-----------------------------------------]
loss: 1.0167 | [██████████----------------------------------------]
loss: 1.0071 | [██████████----------------------------------------]
loss: 1.0278 | [██████████----------------------------------------]
loss: 0.9772 | [█████████-----------------------------------------]
loss: 0.8963 | [████████------------------------------------------]
loss: 0.9268 | [█████████-----------------------------------------]
loss: 0.9252 | [█████████-----------------------------------------]
loss: 0.9146 | [█████████-----------------------------------------]
loss: 0.8830 | [████████------------------------------------------]
loss: 0.8848 | [████████------------------------------------------]
Epoch: 18, Steps: 159 | Train Loss: 0.7768109 Vali Loss: 0.8749666 Test Loss: 0.9586162
EarlyStopping counter: 3 out of 5
loss: 0.7629 | [███████-------------------------------------------]
	iters: 100, epoch: 19 | loss: 0.8131239
	speed: 0.3574s/iter; left time: 10307.5608s
loss: 0.7256 | [███████-------------------------------------------]
Epoch: 19 cost time: 9.651827812194824
loss: 0.9486 | [█████████-----------------------------------------]
loss: 1.0267 | [██████████----------------------------------------]
loss: 1.0173 | [██████████----------------------------------------]
loss: 1.0190 | [██████████----------------------------------------]
loss: 1.0051 | [██████████----------------------------------------]
loss: 0.8890 | [████████------------------------------------------]
loss: 0.9395 | [█████████-----------------------------------------]
loss: 0.9089 | [█████████-----------------------------------------]
loss: 0.9103 | [█████████-----------------------------------------]
loss: 0.8610 | [████████------------------------------------------]
loss: 0.8604 | [████████------------------------------------------]
Epoch: 19, Steps: 159 | Train Loss: 0.7750150 Vali Loss: 0.8766406 Test Loss: 0.9523729
EarlyStopping counter: 4 out of 5
loss: 0.7366 | [███████-------------------------------------------]
	iters: 100, epoch: 20 | loss: 0.8053433
	speed: 0.3851s/iter; left time: 11044.6351s
loss: 0.7374 | [███████-------------------------------------------]
Epoch: 20 cost time: 10.046735048294067
loss: 0.9282 | [█████████-----------------------------------------]
loss: 1.0368 | [██████████----------------------------------------]
loss: 0.9408 | [█████████-----------------------------------------]
loss: 1.0237 | [██████████----------------------------------------]
loss: 1.0217 | [██████████----------------------------------------]
loss: 0.8833 | [████████------------------------------------------]
loss: 0.9651 | [█████████-----------------------------------------]
loss: 0.8752 | [████████------------------------------------------]
loss: 0.8790 | [████████------------------------------------------]
loss: 0.8997 | [████████------------------------------------------]
loss: 0.8993 | [████████------------------------------------------]
Epoch: 20, Steps: 159 | Train Loss: 0.7731892 Vali Loss: 0.8700114 Test Loss: 0.9565423
Validation loss decreased (0.873885 --> 0.870011).  Saving model ...
loss: 0.7699 | [███████-------------------------------------------]
	iters: 100, epoch: 21 | loss: 0.7144692
	speed: 0.3699s/iter; left time: 10550.5604s
loss: 0.7480 | [███████-------------------------------------------]
Epoch: 21 cost time: 9.717806339263916
loss: 0.9216 | [█████████-----------------------------------------]
loss: 1.0697 | [██████████----------------------------------------]
loss: 0.9905 | [█████████-----------------------------------------]
loss: 1.0566 | [██████████----------------------------------------]
loss: 1.0195 | [██████████----------------------------------------]
loss: 0.9108 | [█████████-----------------------------------------]
loss: 0.9814 | [█████████-----------------------------------------]
loss: 0.8825 | [████████------------------------------------------]
loss: 0.8893 | [████████------------------------------------------]
loss: 0.8896 | [████████------------------------------------------]
loss: 0.8953 | [████████------------------------------------------]
Epoch: 21, Steps: 159 | Train Loss: 0.7717723 Vali Loss: 0.8670699 Test Loss: 0.9575550
Validation loss decreased (0.870011 --> 0.867070).  Saving model ...
loss: 0.7599 | [███████-------------------------------------------]
	iters: 100, epoch: 22 | loss: 0.7699462
	speed: 0.3816s/iter; left time: 10823.7313s
loss: 0.7340 | [███████-------------------------------------------]
Epoch: 22 cost time: 9.939923286437988
loss: 0.9254 | [█████████-----------------------------------------]
loss: 1.0627 | [██████████----------------------------------------]
loss: 1.0203 | [██████████----------------------------------------]
loss: 1.0546 | [██████████----------------------------------------]
loss: 1.0048 | [██████████----------------------------------------]
loss: 0.8594 | [████████------------------------------------------]
loss: 0.9651 | [█████████-----------------------------------------]
loss: 0.8737 | [████████------------------------------------------]
loss: 0.9207 | [█████████-----------------------------------------]
loss: 0.9056 | [█████████-----------------------------------------]
loss: 0.8966 | [████████------------------------------------------]
Epoch: 22, Steps: 159 | Train Loss: 0.7701424 Vali Loss: 0.8670531 Test Loss: 0.9566215
Validation loss decreased (0.867070 --> 0.867053).  Saving model ...
loss: 0.7577 | [███████-------------------------------------------]
	iters: 100, epoch: 23 | loss: 0.7831498
	speed: 0.3841s/iter; left time: 10833.3079s
loss: 0.7446 | [███████-------------------------------------------]
Epoch: 23 cost time: 9.754803895950317
loss: 0.9267 | [█████████-----------------------------------------]
loss: 1.0641 | [██████████----------------------------------------]
loss: 0.9944 | [█████████-----------------------------------------]
loss: 1.0576 | [██████████----------------------------------------]
loss: 1.0225 | [██████████----------------------------------------]
loss: 0.8695 | [████████------------------------------------------]
loss: 0.9433 | [█████████-----------------------------------------]
loss: 0.8952 | [████████------------------------------------------]
loss: 0.9234 | [█████████-----------------------------------------]
loss: 0.9233 | [█████████-----------------------------------------]
loss: 0.9174 | [█████████-----------------------------------------]
Epoch: 23, Steps: 159 | Train Loss: 0.7691143 Vali Loss: 0.8642677 Test Loss: 0.9573378
Validation loss decreased (0.867053 --> 0.864268).  Saving model ...
loss: 0.7534 | [███████-------------------------------------------]
	iters: 100, epoch: 24 | loss: 0.7300743
	speed: 0.3572s/iter; left time: 10016.3122s
loss: 0.7566 | [███████-------------------------------------------]
Epoch: 24 cost time: 7.301496267318726
loss: 0.9404 | [█████████-----------------------------------------]
loss: 1.0708 | [██████████----------------------------------------]
loss: 0.9756 | [█████████-----------------------------------------]
loss: 1.0321 | [██████████----------------------------------------]
loss: 1.0657 | [██████████----------------------------------------]
loss: 0.9031 | [█████████-----------------------------------------]
loss: 0.9400 | [█████████-----------------------------------------]
loss: 0.8961 | [████████------------------------------------------]
loss: 0.9251 | [█████████-----------------------------------------]
loss: 0.9039 | [█████████-----------------------------------------]
loss: 0.8868 | [████████------------------------------------------]
Epoch: 24, Steps: 159 | Train Loss: 0.7684607 Vali Loss: 0.8653421 Test Loss: 0.9566569
EarlyStopping counter: 1 out of 5
loss: 0.7816 | [███████-------------------------------------------]
	iters: 100, epoch: 25 | loss: 0.8422765
	speed: 0.3802s/iter; left time: 10602.0721s
loss: 0.7706 | [███████-------------------------------------------]
Epoch: 25 cost time: 9.719702959060669
loss: 0.9565 | [█████████-----------------------------------------]
loss: 1.0726 | [██████████----------------------------------------]
loss: 0.9774 | [█████████-----------------------------------------]
loss: 1.0500 | [██████████----------------------------------------]
loss: 0.9948 | [█████████-----------------------------------------]
loss: 0.8997 | [████████------------------------------------------]
loss: 0.9369 | [█████████-----------------------------------------]
loss: 0.8748 | [████████------------------------------------------]
loss: 0.9374 | [█████████-----------------------------------------]
loss: 0.9083 | [█████████-----------------------------------------]
loss: 0.8485 | [████████------------------------------------------]
Epoch: 25, Steps: 159 | Train Loss: 0.7676344 Vali Loss: 0.8670000 Test Loss: 0.9511744
EarlyStopping counter: 2 out of 5
loss: 0.7544 | [███████-------------------------------------------]
	iters: 100, epoch: 26 | loss: 0.7971657
	speed: 0.3831s/iter; left time: 10620.8609s
loss: 0.7725 | [███████-------------------------------------------]
Epoch: 26 cost time: 9.8227219581604
loss: 0.9608 | [█████████-----------------------------------------]
loss: 1.0665 | [██████████----------------------------------------]
loss: 0.9447 | [█████████-----------------------------------------]
loss: 0.9839 | [█████████-----------------------------------------]
loss: 0.9811 | [█████████-----------------------------------------]
loss: 0.8922 | [████████------------------------------------------]
loss: 0.9840 | [█████████-----------------------------------------]
loss: 0.8890 | [████████------------------------------------------]
loss: 0.9130 | [█████████-----------------------------------------]
loss: 0.9243 | [█████████-----------------------------------------]
loss: 0.8582 | [████████------------------------------------------]
Epoch: 26, Steps: 159 | Train Loss: 0.7669107 Vali Loss: 0.8665802 Test Loss: 0.9539222
EarlyStopping counter: 3 out of 5
loss: 0.7276 | [███████-------------------------------------------]
	iters: 100, epoch: 27 | loss: 0.7838498
	speed: 0.3811s/iter; left time: 10507.0587s
loss: 0.7894 | [███████-------------------------------------------]
Epoch: 27 cost time: 9.778352499008179
loss: 0.9643 | [█████████-----------------------------------------]
loss: 1.0721 | [██████████----------------------------------------]
loss: 0.9676 | [█████████-----------------------------------------]
loss: 1.0094 | [██████████----------------------------------------]
loss: 0.9192 | [█████████-----------------------------------------]
loss: 0.9102 | [█████████-----------------------------------------]
loss: 0.9570 | [█████████-----------------------------------------]
loss: 0.8741 | [████████------------------------------------------]
loss: 0.9215 | [█████████-----------------------------------------]
loss: 0.8886 | [████████------------------------------------------]
loss: 0.8749 | [████████------------------------------------------]
Epoch: 27, Steps: 159 | Train Loss: 0.7660098 Vali Loss: 0.8698669 Test Loss: 0.9483787
EarlyStopping counter: 4 out of 5
loss: 0.7363 | [███████-------------------------------------------]
	iters: 100, epoch: 28 | loss: 0.7279903
	speed: 0.3584s/iter; left time: 9822.4767s
loss: 0.7896 | [███████-------------------------------------------]
Epoch: 28 cost time: 7.313765048980713
loss: 0.9684 | [█████████-----------------------------------------]
loss: 1.0559 | [██████████----------------------------------------]
loss: 0.9645 | [█████████-----------------------------------------]
loss: 1.0413 | [██████████----------------------------------------]
loss: 0.9660 | [█████████-----------------------------------------]
loss: 0.8911 | [████████------------------------------------------]
loss: 0.9728 | [█████████-----------------------------------------]
loss: 0.8782 | [████████------------------------------------------]
loss: 0.8759 | [████████------------------------------------------]
loss: 0.8828 | [████████------------------------------------------]
loss: 0.8982 | [████████------------------------------------------]
Epoch: 28, Steps: 159 | Train Loss: 0.7656023 Vali Loss: 0.8641309 Test Loss: 0.9532909
Validation loss decreased (0.864268 --> 0.864131).  Saving model ...
loss: 0.7659 | [███████-------------------------------------------]
	iters: 100, epoch: 29 | loss: 0.7879643
	speed: 0.3822s/iter; left time: 10413.4914s
loss: 0.7295 | [███████-------------------------------------------]
Epoch: 29 cost time: 9.736849546432495
loss: 1.0202 | [██████████----------------------------------------]
loss: 1.0770 | [██████████----------------------------------------]
loss: 0.9343 | [█████████-----------------------------------------]
loss: 0.9989 | [█████████-----------------------------------------]
loss: 0.9452 | [█████████-----------------------------------------]
loss: 0.9070 | [█████████-----------------------------------------]
loss: 0.9947 | [█████████-----------------------------------------]
loss: 0.8803 | [████████------------------------------------------]
loss: 0.8911 | [████████------------------------------------------]
loss: 0.8808 | [████████------------------------------------------]
loss: 0.9116 | [█████████-----------------------------------------]
Epoch: 29, Steps: 159 | Train Loss: 0.7649724 Vali Loss: 0.8621822 Test Loss: 0.9537265
Validation loss decreased (0.864131 --> 0.862182).  Saving model ...
loss: 0.7502 | [███████-------------------------------------------]
	iters: 100, epoch: 30 | loss: 0.7700425
	speed: 0.3804s/iter; left time: 10305.1841s
loss: 0.8064 | [████████------------------------------------------]
Epoch: 30 cost time: 9.802236795425415
loss: 0.9725 | [█████████-----------------------------------------]
loss: 1.0570 | [██████████----------------------------------------]
loss: 0.9886 | [█████████-----------------------------------------]
loss: 1.0019 | [██████████----------------------------------------]
loss: 0.9530 | [█████████-----------------------------------------]
loss: 0.9245 | [█████████-----------------------------------------]
loss: 0.9544 | [█████████-----------------------------------------]
loss: 0.9009 | [█████████-----------------------------------------]
loss: 0.9084 | [█████████-----------------------------------------]
loss: 0.9221 | [█████████-----------------------------------------]
loss: 0.9025 | [█████████-----------------------------------------]
Epoch: 30, Steps: 159 | Train Loss: 0.7645439 Vali Loss: 0.8623767 Test Loss: 0.9532933
EarlyStopping counter: 1 out of 5
loss: 0.6966 | [██████--------------------------------------------]
	iters: 100, epoch: 31 | loss: 0.7328751
	speed: 0.3849s/iter; left time: 10364.5436s
Epoch: 31 cost time: 9.930219173431396
loss: 0.8974 | [████████------------------------------------------]
loss: 0.9678 | [█████████-----------------------------------------]
loss: 1.0634 | [██████████----------------------------------------]
loss: 0.9586 | [█████████-----------------------------------------]
loss: 0.9734 | [█████████-----------------------------------------]
loss: 0.9480 | [█████████-----------------------------------------]
loss: 0.9374 | [█████████-----------------------------------------]
loss: 0.9880 | [█████████-----------------------------------------]
loss: 0.9339 | [█████████-----------------------------------------]
loss: 0.8709 | [████████------------------------------------------]
loss: 0.9107 | [█████████-----------------------------------------]
loss: 0.8910 | [████████------------------------------------------]
Epoch: 31, Steps: 159 | Train Loss: 0.7643440 Vali Loss: 0.8690828 Test Loss: 0.9443815
EarlyStopping counter: 2 out of 5
loss: 0.7592 | [███████-------------------------------------------]
	iters: 100, epoch: 32 | loss: 0.7755035
	speed: 0.3593s/iter; left time: 9620.2839s
Epoch: 32 cost time: 7.381042718887329
loss: 0.8601 | [████████------------------------------------------]
loss: 0.9753 | [█████████-----------------------------------------]
loss: 1.0803 | [██████████----------------------------------------]
loss: 0.9885 | [█████████-----------------------------------------]
loss: 1.0107 | [██████████----------------------------------------]
loss: 0.9825 | [█████████-----------------------------------------]
loss: 0.9213 | [█████████-----------------------------------------]
loss: 0.9879 | [█████████-----------------------------------------]
loss: 0.9407 | [█████████-----------------------------------------]
loss: 0.8707 | [████████------------------------------------------]
loss: 0.9233 | [█████████-----------------------------------------]
loss: 0.9177 | [█████████-----------------------------------------]
Epoch: 32, Steps: 159 | Train Loss: 0.7642219 Vali Loss: 0.8600844 Test Loss: 0.9558320
Validation loss decreased (0.862182 --> 0.860084).  Saving model ...
loss: 0.7953 | [███████-------------------------------------------]
	iters: 100, epoch: 33 | loss: 0.7183439
	speed: 0.3813s/iter; left time: 10148.8034s
Epoch: 33 cost time: 9.736607789993286
loss: 0.8513 | [████████------------------------------------------]
loss: 1.0284 | [██████████----------------------------------------]
loss: 1.0677 | [██████████----------------------------------------]
loss: 0.9510 | [█████████-----------------------------------------]
loss: 0.9677 | [█████████-----------------------------------------]
loss: 0.9754 | [█████████-----------------------------------------]
loss: 0.9343 | [█████████-----------------------------------------]
loss: 0.9706 | [█████████-----------------------------------------]
loss: 0.9313 | [█████████-----------------------------------------]
loss: 0.8731 | [████████------------------------------------------]
loss: 0.9225 | [█████████-----------------------------------------]
loss: 0.9194 | [█████████-----------------------------------------]
Epoch: 33, Steps: 159 | Train Loss: 0.7635721 Vali Loss: 0.8644027 Test Loss: 0.9514175
EarlyStopping counter: 1 out of 5
loss: 0.7676 | [███████-------------------------------------------]
	iters: 100, epoch: 34 | loss: 0.8154078
	speed: 0.3832s/iter; left time: 10137.9871s
Epoch: 34 cost time: 9.78231406211853
loss: 0.9098 | [█████████-----------------------------------------]
loss: 0.9752 | [█████████-----------------------------------------]
loss: 1.1131 | [███████████---------------------------------------]
loss: 0.9821 | [█████████-----------------------------------------]
loss: 1.0101 | [██████████----------------------------------------]
loss: 0.9492 | [█████████-----------------------------------------]
loss: 0.9251 | [█████████-----------------------------------------]
loss: 0.9492 | [█████████-----------------------------------------]
loss: 0.9476 | [█████████-----------------------------------------]
loss: 0.8823 | [████████------------------------------------------]
loss: 0.9320 | [█████████-----------------------------------------]
loss: 0.9102 | [█████████-----------------------------------------]
Epoch: 34, Steps: 159 | Train Loss: 0.7633465 Vali Loss: 0.8639418 Test Loss: 0.9505132
EarlyStopping counter: 2 out of 5
loss: 0.7967 | [███████-------------------------------------------]
	iters: 100, epoch: 35 | loss: 0.8468607
	speed: 0.3816s/iter; left time: 10033.5974s
Epoch: 35 cost time: 9.80097246170044
loss: 0.8460 | [████████------------------------------------------]
loss: 0.9604 | [█████████-----------------------------------------]
loss: 1.0372 | [██████████----------------------------------------]
loss: 0.9645 | [█████████-----------------------------------------]
loss: 1.0397 | [██████████----------------------------------------]
loss: 0.9748 | [█████████-----------------------------------------]
loss: 0.9340 | [█████████-----------------------------------------]
loss: 0.9307 | [█████████-----------------------------------------]
loss: 0.9358 | [█████████-----------------------------------------]
loss: 0.8642 | [████████------------------------------------------]
loss: 0.9680 | [█████████-----------------------------------------]
loss: 0.9543 | [█████████-----------------------------------------]
Epoch: 35, Steps: 159 | Train Loss: 0.7632357 Vali Loss: 0.8663584 Test Loss: 0.9489165
EarlyStopping counter: 3 out of 5
loss: 0.7406 | [███████-------------------------------------------]
	iters: 100, epoch: 36 | loss: 0.7608457
	speed: 0.3570s/iter; left time: 9329.6303s
Epoch: 36 cost time: 7.4674232006073
loss: 0.8575 | [████████------------------------------------------]
loss: 0.9572 | [█████████-----------------------------------------]
loss: 1.0949 | [██████████----------------------------------------]
loss: 1.0008 | [██████████----------------------------------------]
loss: 1.0123 | [██████████----------------------------------------]
loss: 0.9735 | [█████████-----------------------------------------]
loss: 0.8931 | [████████------------------------------------------]
loss: 0.9243 | [█████████-----------------------------------------]
loss: 0.9703 | [█████████-----------------------------------------]
loss: 0.8789 | [████████------------------------------------------]
loss: 0.9455 | [█████████-----------------------------------------]
loss: 0.8826 | [████████------------------------------------------]
Epoch: 36, Steps: 159 | Train Loss: 0.7631468 Vali Loss: 0.8635959 Test Loss: 0.9577325
EarlyStopping counter: 4 out of 5
loss: 0.7814 | [███████-------------------------------------------]
	iters: 100, epoch: 37 | loss: 0.7674609
	speed: 0.4104s/iter; left time: 10661.8549s
Epoch: 37 cost time: 11.87536096572876
loss: 0.8721 | [████████------------------------------------------]
loss: 0.9884 | [█████████-----------------------------------------]
loss: 1.0601 | [██████████----------------------------------------]
loss: 0.9792 | [█████████-----------------------------------------]
loss: 0.9953 | [█████████-----------------------------------------]
loss: 0.9802 | [█████████-----------------------------------------]
loss: 0.8832 | [████████------------------------------------------]
loss: 0.8981 | [████████------------------------------------------]
loss: 0.9800 | [█████████-----------------------------------------]
loss: 0.8775 | [████████------------------------------------------]
loss: 0.9370 | [█████████-----------------------------------------]
loss: 0.9231 | [█████████-----------------------------------------]
Epoch: 37, Steps: 159 | Train Loss: 0.7631050 Vali Loss: 0.8662517 Test Loss: 0.9484653
EarlyStopping counter: 5 out of 5
Early stopping
>>>>>>>testing : long_term_forecast_tfnsw_all_96_192_365_womem_CAMEL_custom_ftM_sl96_ll48_pl192_dm512_nh8_el2_dl1_df2048_fc3_ebtimeF_dtTrue_srate0.1_sseed7_trainseed2024_gap365_CAMEL_0<<<<<<<<<<<<<<<<<<<<<<<<<<<<<<<<<
test 11055
mse:0.9555100202560425, mae:0.7837425470352173
>>>>>>>Overall time: 1427 seconds<<<<<<<<<<<<<<<<<<<<<<<<<<<<<<<<<
