Args in experiment:
Namespace(samle_rate=0.1, sample_seed=7, train_seed=2024, gap_day=365, task_name='long_term_forecast', is_training=1, model_id='tfnsw_all_96_192_365_base', model='CAMEL', data='custom', root_path='/home/cyrilyuan/projects/XXLTraffic-main/data/pems/', data_path='tfnsw.csv', features='M', target='', freq='h', checkpoints='./checkpoints/', seq_len=96, label_len=48, pred_len=192, seasonal_patterns='Monthly', inverse=False, mask_rate=0.25, anomaly_ratio=0.25, expand=2, d_conv=4, top_k=5, num_kernels=6, enc_in=27, dec_in=27, c_out=27, d_model=512, n_heads=8, e_layers=2, d_layers=1, d_ff=2048, moving_avg=25, factor=3, distil=True, dropout=0.3, embed='timeF', activation='gelu', output_attention=False, num_workers=10, itr=1, train_epochs=200, batch_size=32, patience=5, learning_rate=0.0005, des='CAMEL', loss='MSE', lradj='type3', use_amp=False, enable_camel=False, camel_gap_years=1.5, camel_memory_size=1024, camel_k_retrieve=8, camel_latent_dim=32, camel_d_model=32, camel_use_nll=False, lambda_mem=0.01, lambda_ode=0.01, lambda_smooth=0.0, camel_min_year_gap=1.0, camel_gap_tolerance=0.25, use_gpu=True, gpu=0, use_multi_gpu=False, devices='0,1,2,3', p_hidden_dims=[128, 128], p_hidden_layers=2, steps_per_day=24, ablate_memory=False, ablate_ode=False, ablate_atf=False, use_which_ode=0, camel_tau=0.1, camel_sim_threshold=0.5, camel_sim_scale=10.0, camel_tau_contrast=0.07)
Use GPU: cuda:0
>>>>>>>start training : long_term_forecast_tfnsw_all_96_192_365_base_CAMEL_custom_ftM_sl96_ll48_pl192_dm512_nh8_el2_dl1_df2048_fc3_ebtimeF_dtTrue_srate0.1_sseed7_trainseed2024_gap365_CAMEL_0>>>>>>>>>>>>>>>>>>>>>>>>>>
train 50972
val 11056
test 11055
loss: 0.8019 | [████████------------------------------------------]
	iters: 100, epoch: 1 | loss: 1.8923475
	speed: 0.1243s/iter; left time: 3940.4906s
Epoch: 1 cost time: 17.529903650283813
loss: 0.9434 | [█████████-----------------------------------------]
loss: 1.0230 | [██████████----------------------------------------]
loss: 1.0711 | [██████████----------------------------------------]
loss: 0.9873 | [█████████-----------------------------------------]
loss: 1.0388 | [██████████----------------------------------------]
loss: 0.9733 | [█████████-----------------------------------------]
loss: 1.0056 | [██████████----------------------------------------]
loss: 0.9324 | [█████████-----------------------------------------]
loss: 0.9866 | [█████████-----------------------------------------]
loss: 0.8919 | [████████------------------------------------------]
loss: 0.9748 | [█████████-----------------------------------------]
Epoch: 1, Steps: 159 | Train Loss: 2.6943679 Vali Loss: 1.2199425 Test Loss: 1.2892083
Validation loss decreased (inf --> 1.219942).  Saving model ...
loss: 0.7536 | [███████-------------------------------------------]
	iters: 100, epoch: 2 | loss: 1.2349269
	speed: 0.4633s/iter; left time: 14614.2529s
loss: 0.7674 | [███████-------------------------------------------]
Epoch: 2 cost time: 13.440547227859497
loss: 0.9415 | [█████████-----------------------------------------]
loss: 1.0030 | [██████████----------------------------------------]
loss: 1.0742 | [██████████----------------------------------------]
loss: 1.0341 | [██████████----------------------------------------]
loss: 0.9744 | [█████████-----------------------------------------]
loss: 0.9430 | [█████████-----------------------------------------]
loss: 0.9822 | [█████████-----------------------------------------]
loss: 0.8960 | [████████------------------------------------------]
loss: 0.9569 | [█████████-----------------------------------------]
loss: 0.8715 | [████████------------------------------------------]
loss: 0.9377 | [█████████-----------------------------------------]
Epoch: 2, Steps: 159 | Train Loss: 1.3045139 Vali Loss: 1.0016900 Test Loss: 1.0660378
Validation loss decreased (1.219942 --> 1.001690).  Saving model ...
loss: 0.8304 | [████████------------------------------------------]
	iters: 100, epoch: 3 | loss: 0.9658616
	speed: 0.4818s/iter; left time: 15118.8941s
loss: 0.7494 | [███████-------------------------------------------]
Epoch: 3 cost time: 16.151933193206787
loss: 0.9089 | [█████████-----------------------------------------]
loss: 1.0152 | [██████████----------------------------------------]
loss: 1.0698 | [██████████----------------------------------------]
loss: 1.0186 | [██████████----------------------------------------]
loss: 0.9554 | [█████████-----------------------------------------]
loss: 0.9301 | [█████████-----------------------------------------]
loss: 0.9812 | [█████████-----------------------------------------]
loss: 0.9133 | [█████████-----------------------------------------]
loss: 0.9262 | [█████████-----------------------------------------]
loss: 0.8643 | [████████------------------------------------------]
loss: 0.9182 | [█████████-----------------------------------------]
Epoch: 3, Steps: 159 | Train Loss: 1.0362620 Vali Loss: 0.9420617 Test Loss: 1.0159719
Validation loss decreased (1.001690 --> 0.942062).  Saving model ...
loss: 0.7846 | [███████-------------------------------------------]
	iters: 100, epoch: 4 | loss: 0.9184906
	speed: 0.4648s/iter; left time: 14512.4692s
loss: 0.7385 | [███████-------------------------------------------]
Epoch: 4 cost time: 14.039872169494629
loss: 0.8977 | [████████------------------------------------------]
loss: 0.9423 | [█████████-----------------------------------------]
loss: 1.0429 | [██████████----------------------------------------]
loss: 1.0423 | [██████████----------------------------------------]
loss: 0.9650 | [█████████-----------------------------------------]
loss: 0.9292 | [█████████-----------------------------------------]
loss: 0.9723 | [█████████-----------------------------------------]
loss: 0.8920 | [████████------------------------------------------]
loss: 0.9467 | [█████████-----------------------------------------]
loss: 0.8562 | [████████------------------------------------------]
loss: 0.9270 | [█████████-----------------------------------------]
Epoch: 4, Steps: 159 | Train Loss: 0.9164749 Vali Loss: 0.9331274 Test Loss: 0.9947552
Validation loss decreased (0.942062 --> 0.933127).  Saving model ...
loss: 0.8085 | [████████------------------------------------------]
	iters: 100, epoch: 5 | loss: 0.8948493
	speed: 0.4866s/iter; left time: 15117.1402s
loss: 0.7934 | [███████-------------------------------------------]
Epoch: 5 cost time: 13.974294424057007
loss: 0.9221 | [█████████-----------------------------------------]
loss: 0.9555 | [█████████-----------------------------------------]
loss: 1.0422 | [██████████----------------------------------------]
loss: 1.0300 | [██████████----------------------------------------]
loss: 0.9748 | [█████████-----------------------------------------]
loss: 0.9268 | [█████████-----------------------------------------]
loss: 0.9763 | [█████████-----------------------------------------]
loss: 0.8914 | [████████------------------------------------------]
loss: 0.9209 | [█████████-----------------------------------------]
loss: 0.8425 | [████████------------------------------------------]
loss: 0.9198 | [█████████-----------------------------------------]
Epoch: 5, Steps: 159 | Train Loss: 0.8709225 Vali Loss: 0.9353087 Test Loss: 1.0006766
EarlyStopping counter: 1 out of 5
loss: 0.7614 | [███████-------------------------------------------]
	iters: 100, epoch: 6 | loss: 0.9040700
	speed: 0.4616s/iter; left time: 14265.0320s
loss: 0.7790 | [███████-------------------------------------------]
Epoch: 6 cost time: 16.33532953262329
loss: 0.9130 | [█████████-----------------------------------------]
loss: 0.9833 | [█████████-----------------------------------------]
loss: 1.0219 | [██████████----------------------------------------]
loss: 1.0521 | [██████████----------------------------------------]
loss: 0.9745 | [█████████-----------------------------------------]
loss: 0.9218 | [█████████-----------------------------------------]
loss: 0.9613 | [█████████-----------------------------------------]
loss: 0.8847 | [████████------------------------------------------]
loss: 0.9176 | [█████████-----------------------------------------]
loss: 0.8402 | [████████------------------------------------------]
loss: 0.9286 | [█████████-----------------------------------------]
Epoch: 6, Steps: 159 | Train Loss: 0.8500733 Vali Loss: 0.9365918 Test Loss: 1.0101311
EarlyStopping counter: 2 out of 5
loss: 0.7595 | [███████-------------------------------------------]
	iters: 100, epoch: 7 | loss: 0.8442236
	speed: 0.4875s/iter; left time: 14988.3119s
loss: 0.7656 | [███████-------------------------------------------]
Epoch: 7 cost time: 13.776882410049438
loss: 0.9045 | [█████████-----------------------------------------]
loss: 1.0094 | [██████████----------------------------------------]
loss: 1.0233 | [██████████----------------------------------------]
loss: 1.0357 | [██████████----------------------------------------]
loss: 0.9694 | [█████████-----------------------------------------]
loss: 0.9351 | [█████████-----------------------------------------]
loss: 0.9686 | [█████████-----------------------------------------]
loss: 0.8922 | [████████------------------------------------------]
loss: 0.9064 | [█████████-----------------------------------------]
loss: 0.8476 | [████████------------------------------------------]
loss: 0.9410 | [█████████-----------------------------------------]
Epoch: 7, Steps: 159 | Train Loss: 0.8369497 Vali Loss: 0.9237658 Test Loss: 1.0041612
Validation loss decreased (0.933127 --> 0.923766).  Saving model ...
loss: 0.7749 | [███████-------------------------------------------]
	iters: 100, epoch: 8 | loss: 0.8279803
	speed: 0.4609s/iter; left time: 14098.3516s
loss: 0.7260 | [███████-------------------------------------------]
Epoch: 8 cost time: 16.344783782958984
loss: 0.8952 | [████████------------------------------------------]
loss: 0.9768 | [█████████-----------------------------------------]
loss: 0.9986 | [█████████-----------------------------------------]
loss: 1.0471 | [██████████----------------------------------------]
loss: 0.9610 | [█████████-----------------------------------------]
loss: 0.9214 | [█████████-----------------------------------------]
loss: 1.0125 | [██████████----------------------------------------]
loss: 0.9038 | [█████████-----------------------------------------]
loss: 0.9046 | [█████████-----------------------------------------]
loss: 0.8630 | [████████------------------------------------------]
loss: 0.9116 | [█████████-----------------------------------------]
Epoch: 8, Steps: 159 | Train Loss: 0.8280202 Vali Loss: 0.9339102 Test Loss: 1.0122554
EarlyStopping counter: 1 out of 5
loss: 0.7510 | [███████-------------------------------------------]
	iters: 100, epoch: 9 | loss: 0.8140028
	speed: 0.4640s/iter; left time: 14118.6503s
loss: 0.7060 | [███████-------------------------------------------]
Epoch: 9 cost time: 13.73328423500061
loss: 0.9066 | [█████████-----------------------------------------]
loss: 0.9568 | [█████████-----------------------------------------]
loss: 1.0195 | [██████████----------------------------------------]
loss: 1.0602 | [██████████----------------------------------------]
loss: 0.9536 | [█████████-----------------------------------------]
loss: 0.9452 | [█████████-----------------------------------------]
loss: 0.9659 | [█████████-----------------------------------------]
loss: 0.8999 | [████████------------------------------------------]
loss: 0.8914 | [████████------------------------------------------]
loss: 0.8522 | [████████------------------------------------------]
loss: 0.9036 | [█████████-----------------------------------------]
Epoch: 9, Steps: 159 | Train Loss: 0.8203521 Vali Loss: 0.9244834 Test Loss: 0.9948811
EarlyStopping counter: 2 out of 5
loss: 0.7564 | [███████-------------------------------------------]
	iters: 100, epoch: 10 | loss: 0.8237661
	speed: 0.4766s/iter; left time: 14427.4791s
loss: 0.7621 | [███████-------------------------------------------]
Epoch: 10 cost time: 16.00295329093933
loss: 0.9179 | [█████████-----------------------------------------]
loss: 0.9789 | [█████████-----------------------------------------]
loss: 1.0898 | [██████████----------------------------------------]
loss: 1.0617 | [██████████----------------------------------------]
loss: 0.9181 | [█████████-----------------------------------------]
loss: 0.8723 | [████████------------------------------------------]
loss: 0.9367 | [█████████-----------------------------------------]
loss: 0.9068 | [█████████-----------------------------------------]
loss: 0.9482 | [█████████-----------------------------------------]
loss: 0.8833 | [████████------------------------------------------]
loss: 0.9432 | [█████████-----------------------------------------]
Epoch: 10, Steps: 159 | Train Loss: 0.8149260 Vali Loss: 0.9168871 Test Loss: 1.0110588
Validation loss decreased (0.923766 --> 0.916887).  Saving model ...
loss: 0.7932 | [███████-------------------------------------------]
	iters: 100, epoch: 11 | loss: 0.8701462
	speed: 0.4536s/iter; left time: 13657.4964s
loss: 0.8096 | [████████------------------------------------------]
Epoch: 11 cost time: 13.847452640533447
loss: 0.9020 | [█████████-----------------------------------------]
loss: 0.9716 | [█████████-----------------------------------------]
loss: 1.0469 | [██████████----------------------------------------]
loss: 1.1163 | [███████████---------------------------------------]
loss: 0.9493 | [█████████-----------------------------------------]
loss: 0.9022 | [█████████-----------------------------------------]
loss: 0.9224 | [█████████-----------------------------------------]
loss: 0.9032 | [█████████-----------------------------------------]
loss: 0.9146 | [█████████-----------------------------------------]
loss: 0.9039 | [█████████-----------------------------------------]
loss: 0.9784 | [█████████-----------------------------------------]
Epoch: 11, Steps: 159 | Train Loss: 0.8110390 Vali Loss: 0.9016557 Test Loss: 0.9947056
Validation loss decreased (0.916887 --> 0.901656).  Saving model ...
loss: 0.7360 | [███████-------------------------------------------]
	iters: 100, epoch: 12 | loss: 0.7913175
	speed: 0.4796s/iter; left time: 14365.6783s
loss: 0.7903 | [███████-------------------------------------------]
Epoch: 12 cost time: 15.972185134887695
loss: 0.9059 | [█████████-----------------------------------------]
loss: 0.9631 | [█████████-----------------------------------------]
loss: 1.0495 | [██████████----------------------------------------]
loss: 1.0896 | [██████████----------------------------------------]
loss: 0.9267 | [█████████-----------------------------------------]
loss: 0.9207 | [█████████-----------------------------------------]
loss: 0.9704 | [█████████-----------------------------------------]
loss: 0.8980 | [████████------------------------------------------]
loss: 0.9178 | [█████████-----------------------------------------]
loss: 0.8624 | [████████------------------------------------------]
loss: 0.8833 | [████████------------------------------------------]
Epoch: 12, Steps: 159 | Train Loss: 0.8072283 Vali Loss: 0.8999211 Test Loss: 0.9886043
Validation loss decreased (0.901656 --> 0.899921).  Saving model ...
loss: 0.7622 | [███████-------------------------------------------]
	iters: 100, epoch: 13 | loss: 0.8294023
	speed: 0.4539s/iter; left time: 13522.0341s
loss: 0.7565 | [███████-------------------------------------------]
Epoch: 13 cost time: 13.251557350158691
loss: 0.9177 | [█████████-----------------------------------------]
loss: 1.0030 | [██████████----------------------------------------]
loss: 1.0831 | [██████████----------------------------------------]
loss: 1.0869 | [██████████----------------------------------------]
loss: 0.9673 | [█████████-----------------------------------------]
loss: 0.9016 | [█████████-----------------------------------------]
loss: 0.9346 | [█████████-----------------------------------------]
loss: 0.9022 | [█████████-----------------------------------------]
loss: 0.9458 | [█████████-----------------------------------------]
loss: 0.8739 | [████████------------------------------------------]
loss: 0.8776 | [████████------------------------------------------]
Epoch: 13, Steps: 159 | Train Loss: 0.8045419 Vali Loss: 0.8987126 Test Loss: 0.9856798
Validation loss decreased (0.899921 --> 0.898713).  Saving model ...
loss: 0.7968 | [███████-------------------------------------------]
	iters: 100, epoch: 14 | loss: 0.8055318
	speed: 0.4782s/iter; left time: 14170.8806s
loss: 0.7967 | [███████-------------------------------------------]
Epoch: 14 cost time: 16.031198978424072
loss: 0.9233 | [█████████-----------------------------------------]
loss: 1.0103 | [██████████----------------------------------------]
loss: 1.0085 | [██████████----------------------------------------]
loss: 1.0971 | [██████████----------------------------------------]
loss: 0.9883 | [█████████-----------------------------------------]
loss: 0.8969 | [████████------------------------------------------]
loss: 0.9373 | [█████████-----------------------------------------]
loss: 0.9165 | [█████████-----------------------------------------]
loss: 0.9063 | [█████████-----------------------------------------]
loss: 0.8682 | [████████------------------------------------------]
loss: 0.8953 | [████████------------------------------------------]
Epoch: 14, Steps: 159 | Train Loss: 0.8019406 Vali Loss: 0.8985919 Test Loss: 0.9776173
Validation loss decreased (0.898713 --> 0.898592).  Saving model ...
loss: 0.7593 | [███████-------------------------------------------]
	iters: 100, epoch: 15 | loss: 0.7549630
	speed: 0.4543s/iter; left time: 13389.9112s
loss: 0.8129 | [████████------------------------------------------]
Epoch: 15 cost time: 15.995321035385132
loss: 0.9342 | [█████████-----------------------------------------]
loss: 1.0598 | [██████████----------------------------------------]
loss: 1.0582 | [██████████----------------------------------------]
loss: 1.1028 | [███████████---------------------------------------]
loss: 0.9729 | [█████████-----------------------------------------]
loss: 0.8942 | [████████------------------------------------------]
loss: 0.9537 | [█████████-----------------------------------------]
loss: 0.9412 | [█████████-----------------------------------------]
loss: 0.9306 | [█████████-----------------------------------------]
loss: 0.8597 | [████████------------------------------------------]
loss: 0.9050 | [█████████-----------------------------------------]
Epoch: 15, Steps: 159 | Train Loss: 0.7998497 Vali Loss: 0.8891784 Test Loss: 0.9838983
Validation loss decreased (0.898592 --> 0.889178).  Saving model ...
loss: 0.7523 | [███████-------------------------------------------]
	iters: 100, epoch: 16 | loss: 0.8055320
	speed: 0.5034s/iter; left time: 14757.9526s
loss: 0.7346 | [███████-------------------------------------------]
Epoch: 16 cost time: 13.629274845123291
loss: 0.9253 | [█████████-----------------------------------------]
loss: 0.9928 | [█████████-----------------------------------------]
loss: 1.0279 | [██████████----------------------------------------]
loss: 1.0636 | [██████████----------------------------------------]
loss: 0.9906 | [█████████-----------------------------------------]
loss: 0.9068 | [█████████-----------------------------------------]
loss: 0.9449 | [█████████-----------------------------------------]
loss: 0.9020 | [█████████-----------------------------------------]
loss: 0.9328 | [█████████-----------------------------------------]
loss: 0.8785 | [████████------------------------------------------]
loss: 0.9139 | [█████████-----------------------------------------]
Epoch: 16, Steps: 159 | Train Loss: 0.7978838 Vali Loss: 0.8866095 Test Loss: 0.9740515
Validation loss decreased (0.889178 --> 0.886609).  Saving model ...
loss: 0.7821 | [███████-------------------------------------------]
	iters: 100, epoch: 17 | loss: 0.8268343
	speed: 0.4491s/iter; left time: 13094.1906s
loss: 0.7401 | [███████-------------------------------------------]
Epoch: 17 cost time: 15.676034450531006
loss: 0.9494 | [█████████-----------------------------------------]
loss: 0.9980 | [█████████-----------------------------------------]
loss: 1.0332 | [██████████----------------------------------------]
loss: 1.0089 | [██████████----------------------------------------]
loss: 0.9975 | [█████████-----------------------------------------]
loss: 0.8744 | [████████------------------------------------------]
loss: 0.9578 | [█████████-----------------------------------------]
loss: 0.9208 | [█████████-----------------------------------------]
loss: 0.8986 | [████████------------------------------------------]
loss: 0.8741 | [████████------------------------------------------]
loss: 0.8964 | [████████------------------------------------------]
Epoch: 17, Steps: 159 | Train Loss: 0.7963759 Vali Loss: 0.8951768 Test Loss: 0.9694560
EarlyStopping counter: 1 out of 5
loss: 0.7582 | [███████-------------------------------------------]
	iters: 100, epoch: 18 | loss: 0.7942312
	speed: 0.4521s/iter; left time: 13110.1862s
loss: 0.7468 | [███████-------------------------------------------]
Epoch: 18 cost time: 13.594190120697021
loss: 0.9581 | [█████████-----------------------------------------]
loss: 1.0182 | [██████████----------------------------------------]
loss: 1.0039 | [██████████----------------------------------------]
loss: 1.0255 | [██████████----------------------------------------]
loss: 0.9771 | [█████████-----------------------------------------]
loss: 0.8975 | [████████------------------------------------------]
loss: 0.9300 | [█████████-----------------------------------------]
loss: 0.9251 | [█████████-----------------------------------------]
loss: 0.9140 | [█████████-----------------------------------------]
loss: 0.8830 | [████████------------------------------------------]
loss: 0.8846 | [████████------------------------------------------]
Epoch: 18, Steps: 159 | Train Loss: 0.7943761 Vali Loss: 0.8836762 Test Loss: 0.9682712
Validation loss decreased (0.886609 --> 0.883676).  Saving model ...
loss: 0.7630 | [███████-------------------------------------------]
	iters: 100, epoch: 19 | loss: 0.8310857
	speed: 0.4778s/iter; left time: 13778.8966s
loss: 0.7251 | [███████-------------------------------------------]
Epoch: 19 cost time: 15.86944031715393
loss: 0.9465 | [█████████-----------------------------------------]
loss: 1.0263 | [██████████----------------------------------------]
loss: 1.0167 | [██████████----------------------------------------]
loss: 1.0169 | [██████████----------------------------------------]
loss: 1.0056 | [██████████----------------------------------------]
loss: 0.8871 | [████████------------------------------------------]
loss: 0.9387 | [█████████-----------------------------------------]
loss: 0.9077 | [█████████-----------------------------------------]
loss: 0.9091 | [█████████-----------------------------------------]
loss: 0.8616 | [████████------------------------------------------]
loss: 0.8607 | [████████------------------------------------------]
Epoch: 19, Steps: 159 | Train Loss: 0.7929210 Vali Loss: 0.8916543 Test Loss: 0.9658517
EarlyStopping counter: 1 out of 5
loss: 0.7365 | [███████-------------------------------------------]
	iters: 100, epoch: 20 | loss: 0.8241678
	speed: 0.4517s/iter; left time: 12953.7393s
loss: 0.7364 | [███████-------------------------------------------]
Epoch: 20 cost time: 13.526281356811523
loss: 0.9283 | [█████████-----------------------------------------]
loss: 1.0399 | [██████████----------------------------------------]
loss: 0.9406 | [█████████-----------------------------------------]
loss: 1.0231 | [██████████----------------------------------------]
loss: 1.0226 | [██████████----------------------------------------]
loss: 0.8841 | [████████------------------------------------------]
loss: 0.9653 | [█████████-----------------------------------------]
loss: 0.8762 | [████████------------------------------------------]
loss: 0.8781 | [████████------------------------------------------]
loss: 0.8992 | [████████------------------------------------------]
loss: 0.9005 | [█████████-----------------------------------------]
Epoch: 20, Steps: 159 | Train Loss: 0.7915382 Vali Loss: 0.8822011 Test Loss: 0.9687561
Validation loss decreased (0.883676 --> 0.882201).  Saving model ...
loss: 0.7702 | [███████-------------------------------------------]
	iters: 100, epoch: 21 | loss: 0.7336627
	speed: 0.4775s/iter; left time: 13618.8397s
loss: 0.7477 | [███████-------------------------------------------]
Epoch: 21 cost time: 15.85823369026184
loss: 0.9210 | [█████████-----------------------------------------]
loss: 1.0656 | [██████████----------------------------------------]
loss: 0.9889 | [█████████-----------------------------------------]
loss: 1.0561 | [██████████----------------------------------------]
loss: 1.0213 | [██████████----------------------------------------]
loss: 0.9122 | [█████████-----------------------------------------]
loss: 0.9793 | [█████████-----------------------------------------]
loss: 0.8819 | [████████------------------------------------------]
loss: 0.8892 | [████████------------------------------------------]
loss: 0.8896 | [████████------------------------------------------]
loss: 0.8950 | [████████------------------------------------------]
Epoch: 21, Steps: 159 | Train Loss: 0.7904107 Vali Loss: 0.8810819 Test Loss: 0.9708554
Validation loss decreased (0.882201 --> 0.881082).  Saving model ...
loss: 0.7603 | [███████-------------------------------------------]
	iters: 100, epoch: 22 | loss: 0.7873372
	speed: 0.4611s/iter; left time: 13077.3698s
loss: 0.7336 | [███████-------------------------------------------]
Epoch: 22 cost time: 15.978508710861206
loss: 0.9264 | [█████████-----------------------------------------]
loss: 1.0640 | [██████████----------------------------------------]
loss: 1.0193 | [██████████----------------------------------------]
loss: 1.0537 | [██████████----------------------------------------]
loss: 1.0049 | [██████████----------------------------------------]
loss: 0.8597 | [████████------------------------------------------]
loss: 0.9670 | [█████████-----------------------------------------]
loss: 0.8742 | [████████------------------------------------------]
loss: 0.9206 | [█████████-----------------------------------------]
loss: 0.9051 | [█████████-----------------------------------------]
loss: 0.8960 | [████████------------------------------------------]
Epoch: 22, Steps: 159 | Train Loss: 0.7887207 Vali Loss: 0.8814160 Test Loss: 0.9712367
EarlyStopping counter: 1 out of 5
loss: 0.7571 | [███████-------------------------------------------]
	iters: 100, epoch: 23 | loss: 0.8029812
	speed: 0.4536s/iter; left time: 12794.1686s
loss: 0.7442 | [███████-------------------------------------------]
Epoch: 23 cost time: 13.502943754196167
loss: 0.9264 | [█████████-----------------------------------------]
loss: 1.0621 | [██████████----------------------------------------]
loss: 0.9919 | [█████████-----------------------------------------]
loss: 1.0550 | [██████████----------------------------------------]
loss: 1.0220 | [██████████----------------------------------------]
loss: 0.8698 | [████████------------------------------------------]
loss: 0.9418 | [█████████-----------------------------------------]
loss: 0.8944 | [████████------------------------------------------]
loss: 0.9219 | [█████████-----------------------------------------]
loss: 0.9221 | [█████████-----------------------------------------]
loss: 0.9173 | [█████████-----------------------------------------]
Epoch: 23, Steps: 159 | Train Loss: 0.7876129 Vali Loss: 0.8789788 Test Loss: 0.9704480
Validation loss decreased (0.881082 --> 0.878979).  Saving model ...
loss: 0.7539 | [███████-------------------------------------------]
	iters: 100, epoch: 24 | loss: 0.7488940
	speed: 0.4745s/iter; left time: 13306.5975s
loss: 0.7562 | [███████-------------------------------------------]
Epoch: 24 cost time: 15.699947357177734
loss: 0.9399 | [█████████-----------------------------------------]
loss: 1.0682 | [██████████----------------------------------------]
loss: 0.9779 | [█████████-----------------------------------------]
loss: 1.0358 | [██████████----------------------------------------]
loss: 1.0652 | [██████████----------------------------------------]
loss: 0.9019 | [█████████-----------------------------------------]
loss: 0.9392 | [█████████-----------------------------------------]
loss: 0.8972 | [████████------------------------------------------]
loss: 0.9273 | [█████████-----------------------------------------]
loss: 0.9051 | [█████████-----------------------------------------]
loss: 0.8892 | [████████------------------------------------------]
Epoch: 24, Steps: 159 | Train Loss: 0.7866702 Vali Loss: 0.8805732 Test Loss: 0.9718923
EarlyStopping counter: 1 out of 5
loss: 0.7824 | [███████-------------------------------------------]
	iters: 100, epoch: 25 | loss: 0.8605484
	speed: 0.4506s/iter; left time: 12564.2791s
loss: 0.7709 | [███████-------------------------------------------]
Epoch: 25 cost time: 15.696951150894165
loss: 0.9560 | [█████████-----------------------------------------]
loss: 1.0746 | [██████████----------------------------------------]
loss: 0.9784 | [█████████-----------------------------------------]
loss: 1.0489 | [██████████----------------------------------------]
loss: 0.9934 | [█████████-----------------------------------------]
loss: 0.8989 | [████████------------------------------------------]
loss: 0.9369 | [█████████-----------------------------------------]
loss: 0.8758 | [████████------------------------------------------]
loss: 0.9377 | [█████████-----------------------------------------]
loss: 0.9075 | [█████████-----------------------------------------]
loss: 0.8484 | [████████------------------------------------------]
Epoch: 25, Steps: 159 | Train Loss: 0.7856099 Vali Loss: 0.8807689 Test Loss: 0.9642433
EarlyStopping counter: 2 out of 5
loss: 0.7533 | [███████-------------------------------------------]
	iters: 100, epoch: 26 | loss: 0.8150639
	speed: 0.4722s/iter; left time: 13091.0117s
loss: 0.7727 | [███████-------------------------------------------]
Epoch: 26 cost time: 13.514052629470825
loss: 0.9606 | [█████████-----------------------------------------]
loss: 1.0673 | [██████████----------------------------------------]
loss: 0.9446 | [█████████-----------------------------------------]
loss: 0.9846 | [█████████-----------------------------------------]
loss: 0.9806 | [█████████-----------------------------------------]
loss: 0.8919 | [████████------------------------------------------]
loss: 0.9813 | [█████████-----------------------------------------]
loss: 0.8887 | [████████------------------------------------------]
loss: 0.9134 | [█████████-----------------------------------------]
loss: 0.9248 | [█████████-----------------------------------------]
loss: 0.8601 | [████████------------------------------------------]
Epoch: 26, Steps: 159 | Train Loss: 0.7846630 Vali Loss: 0.8795359 Test Loss: 0.9666947
EarlyStopping counter: 3 out of 5
loss: 0.7275 | [███████-------------------------------------------]
	iters: 100, epoch: 27 | loss: 0.8014650
	speed: 0.4508s/iter; left time: 12426.3560s
loss: 0.7895 | [███████-------------------------------------------]
Epoch: 27 cost time: 15.74560832977295
loss: 0.9648 | [█████████-----------------------------------------]
loss: 1.0723 | [██████████----------------------------------------]
loss: 0.9681 | [█████████-----------------------------------------]
loss: 1.0068 | [██████████----------------------------------------]
loss: 0.9181 | [█████████-----------------------------------------]
loss: 0.9104 | [█████████-----------------------------------------]
loss: 0.9580 | [█████████-----------------------------------------]
loss: 0.8740 | [████████------------------------------------------]
loss: 0.9203 | [█████████-----------------------------------------]
loss: 0.8873 | [████████------------------------------------------]
loss: 0.8741 | [████████------------------------------------------]
Epoch: 27, Steps: 159 | Train Loss: 0.7835714 Vali Loss: 0.8845253 Test Loss: 0.9621783
EarlyStopping counter: 4 out of 5
loss: 0.7370 | [███████-------------------------------------------]
	iters: 100, epoch: 28 | loss: 0.7459188
	speed: 0.4729s/iter; left time: 12962.1965s
loss: 0.7902 | [███████-------------------------------------------]
Epoch: 28 cost time: 13.56646203994751
loss: 0.9690 | [█████████-----------------------------------------]
loss: 1.0533 | [██████████----------------------------------------]
loss: 0.9651 | [█████████-----------------------------------------]
loss: 1.0417 | [██████████----------------------------------------]
loss: 0.9657 | [█████████-----------------------------------------]
loss: 0.8913 | [████████------------------------------------------]
loss: 0.9716 | [█████████-----------------------------------------]
loss: 0.8791 | [████████------------------------------------------]
loss: 0.8755 | [████████------------------------------------------]
loss: 0.8832 | [████████------------------------------------------]
loss: 0.8968 | [████████------------------------------------------]
Epoch: 28, Steps: 159 | Train Loss: 0.7830135 Vali Loss: 0.8786092 Test Loss: 0.9667367
Validation loss decreased (0.878979 --> 0.878609).  Saving model ...
loss: 0.7654 | [███████-------------------------------------------]
	iters: 100, epoch: 29 | loss: 0.8038533
	speed: 0.4513s/iter; left time: 12297.5840s
loss: 0.7290 | [███████-------------------------------------------]
Epoch: 29 cost time: 15.783741235733032
loss: 1.0208 | [██████████----------------------------------------]
loss: 1.0774 | [██████████----------------------------------------]
loss: 0.9340 | [█████████-----------------------------------------]
loss: 1.0009 | [██████████----------------------------------------]
loss: 0.9471 | [█████████-----------------------------------------]
loss: 0.9066 | [█████████-----------------------------------------]
loss: 0.9967 | [█████████-----------------------------------------]
loss: 0.8797 | [████████------------------------------------------]
loss: 0.8913 | [████████------------------------------------------]
loss: 0.8820 | [████████------------------------------------------]
loss: 0.9121 | [█████████-----------------------------------------]
Epoch: 29, Steps: 159 | Train Loss: 0.7821422 Vali Loss: 0.8759092 Test Loss: 0.9682865
Validation loss decreased (0.878609 --> 0.875909).  Saving model ...
loss: 0.7499 | [███████-------------------------------------------]
	iters: 100, epoch: 30 | loss: 0.7866642
	speed: 0.4735s/iter; left time: 12827.8331s
loss: 0.8066 | [████████------------------------------------------]
Epoch: 30 cost time: 13.392889022827148
loss: 0.9716 | [█████████-----------------------------------------]
loss: 1.0564 | [██████████----------------------------------------]
loss: 0.9887 | [█████████-----------------------------------------]
loss: 1.0046 | [██████████----------------------------------------]
loss: 0.9530 | [█████████-----------------------------------------]
loss: 0.9232 | [█████████-----------------------------------------]
loss: 0.9552 | [█████████-----------------------------------------]
loss: 0.9011 | [█████████-----------------------------------------]
loss: 0.9096 | [█████████-----------------------------------------]
loss: 0.9237 | [█████████-----------------------------------------]
loss: 0.9031 | [█████████-----------------------------------------]
Epoch: 30, Steps: 159 | Train Loss: 0.7813531 Vali Loss: 0.8770160 Test Loss: 0.9676021
EarlyStopping counter: 1 out of 5
loss: 0.6962 | [██████--------------------------------------------]
	iters: 100, epoch: 31 | loss: 0.7492151
	speed: 0.4510s/iter; left time: 12145.9570s
Epoch: 31 cost time: 15.99774694442749
loss: 0.8975 | [████████------------------------------------------]
loss: 0.9677 | [█████████-----------------------------------------]
loss: 1.0627 | [██████████----------------------------------------]
loss: 0.9581 | [█████████-----------------------------------------]
loss: 0.9733 | [█████████-----------------------------------------]
loss: 0.9481 | [█████████-----------------------------------------]
loss: 0.9366 | [█████████-----------------------------------------]
loss: 0.9876 | [█████████-----------------------------------------]
loss: 0.9334 | [█████████-----------------------------------------]
loss: 0.8707 | [████████------------------------------------------]
loss: 0.9101 | [█████████-----------------------------------------]
loss: 0.8914 | [████████------------------------------------------]
Epoch: 31, Steps: 159 | Train Loss: 0.7806753 Vali Loss: 0.8837569 Test Loss: 0.9580884
EarlyStopping counter: 2 out of 5
loss: 0.7579 | [███████-------------------------------------------]
	iters: 100, epoch: 32 | loss: 0.7911866
	speed: 0.4514s/iter; left time: 12084.4365s
Epoch: 32 cost time: 13.277149438858032
loss: 0.8625 | [████████------------------------------------------]
loss: 0.9758 | [█████████-----------------------------------------]
loss: 1.0774 | [██████████----------------------------------------]
loss: 0.9852 | [█████████-----------------------------------------]
loss: 1.0045 | [██████████----------------------------------------]
loss: 0.9791 | [█████████-----------------------------------------]
loss: 0.9193 | [█████████-----------------------------------------]
loss: 0.9885 | [█████████-----------------------------------------]
loss: 0.9437 | [█████████-----------------------------------------]
loss: 0.8685 | [████████------------------------------------------]
loss: 0.9222 | [█████████-----------------------------------------]
loss: 0.9190 | [█████████-----------------------------------------]
Epoch: 32, Steps: 159 | Train Loss: 0.7803365 Vali Loss: 0.8759341 Test Loss: 0.9691640
EarlyStopping counter: 3 out of 5
loss: 0.7948 | [███████-------------------------------------------]
	iters: 100, epoch: 33 | loss: 0.7337564
	speed: 0.4756s/iter; left time: 12656.2242s
Epoch: 33 cost time: 15.828714847564697
loss: 0.8525 | [████████------------------------------------------]
loss: 1.0298 | [██████████----------------------------------------]
loss: 1.0628 | [██████████----------------------------------------]
loss: 0.9483 | [█████████-----------------------------------------]
loss: 0.9659 | [█████████-----------------------------------------]
loss: 0.9697 | [█████████-----------------------------------------]
loss: 0.9341 | [█████████-----------------------------------------]
loss: 0.9663 | [█████████-----------------------------------------]
loss: 0.9340 | [█████████-----------------------------------------]
loss: 0.8716 | [████████------------------------------------------]
loss: 0.9224 | [█████████-----------------------------------------]
loss: 0.9176 | [█████████-----------------------------------------]
Epoch: 33, Steps: 159 | Train Loss: 0.7796070 Vali Loss: 0.8805742 Test Loss: 0.9643644
EarlyStopping counter: 4 out of 5
loss: 0.7678 | [███████-------------------------------------------]
	iters: 100, epoch: 34 | loss: 0.8304530
	speed: 0.4509s/iter; left time: 11929.1054s
Epoch: 34 cost time: 13.297375679016113
loss: 0.9098 | [█████████-----------------------------------------]
loss: 0.9752 | [█████████-----------------------------------------]
loss: 1.1133 | [███████████---------------------------------------]
loss: 0.9829 | [█████████-----------------------------------------]
loss: 1.0093 | [██████████----------------------------------------]
loss: 0.9500 | [█████████-----------------------------------------]
loss: 0.9247 | [█████████-----------------------------------------]
loss: 0.9502 | [█████████-----------------------------------------]
loss: 0.9470 | [█████████-----------------------------------------]
loss: 0.8828 | [████████------------------------------------------]
loss: 0.9317 | [█████████-----------------------------------------]
loss: 0.9096 | [█████████-----------------------------------------]
Epoch: 34, Steps: 159 | Train Loss: 0.7793233 Vali Loss: 0.8784902 Test Loss: 0.9650099
EarlyStopping counter: 5 out of 5
Early stopping
>>>>>>>testing : long_term_forecast_tfnsw_all_96_192_365_base_CAMEL_custom_ftM_sl96_ll48_pl192_dm512_nh8_el2_dl1_df2048_fc3_ebtimeF_dtTrue_srate0.1_sseed7_trainseed2024_gap365_CAMEL_0<<<<<<<<<<<<<<<<<<<<<<<<<<<<<<<<<
test 11055
mse:0.9535890221595764, mae:0.7832650542259216
>>>>>>>Overall time: 1617 seconds<<<<<<<<<<<<<<<<<<<<<<<<<<<<<<<<<
