Args in experiment:
Namespace(samle_rate=0.1, sample_seed=7, train_seed=2024, gap_day=365, task_name='long_term_forecast', is_training=1, model_id='tfnsw_all_96_192_365_woatf', model='CAMEL', data='custom', root_path='/home/cyrilyuan/projects/XXLTraffic-main/data/pems/', data_path='tfnsw.csv', features='M', target='', freq='h', checkpoints='./checkpoints/', seq_len=96, label_len=48, pred_len=192, seasonal_patterns='Monthly', inverse=False, mask_rate=0.25, anomaly_ratio=0.25, expand=2, d_conv=4, top_k=5, num_kernels=6, enc_in=27, dec_in=27, c_out=27, d_model=512, n_heads=8, e_layers=2, d_layers=1, d_ff=2048, moving_avg=25, factor=3, distil=True, dropout=0.3, embed='timeF', activation='gelu', output_attention=False, num_workers=10, itr=1, train_epochs=200, batch_size=32, patience=5, learning_rate=0.0005, des='CAMEL', loss='MSE', lradj='type3', use_amp=False, enable_camel=False, camel_gap_years=1.5, camel_memory_size=1024, camel_k_retrieve=8, camel_latent_dim=32, camel_d_model=32, camel_use_nll=False, lambda_mem=0.01, lambda_ode=0.01, lambda_smooth=0.0, camel_min_year_gap=1.0, camel_gap_tolerance=0.25, use_gpu=True, gpu=0, use_multi_gpu=False, devices='0,1,2,3', p_hidden_dims=[128, 128], p_hidden_layers=2, steps_per_day=24, ablate_memory=False, ablate_ode=False, ablate_atf=True, use_which_ode=0, camel_tau=0.1, camel_sim_threshold=0.5, camel_sim_scale=10.0, camel_tau_contrast=0.07)
Use GPU: cuda:0
>>>>>>>start training : long_term_forecast_tfnsw_all_96_192_365_woatf_CAMEL_custom_ftM_sl96_ll48_pl192_dm512_nh8_el2_dl1_df2048_fc3_ebtimeF_dtTrue_srate0.1_sseed7_trainseed2024_gap365_CAMEL_0>>>>>>>>>>>>>>>>>>>>>>>>>>
train 50972
val 11056
test 11055
loss: 12.8902 | [██████████████████████████████████████████████████]
	iters: 100, epoch: 1 | loss: 23.0943146
	speed: 0.0906s/iter; left time: 2871.9808s
Epoch: 1 cost time: 14.993160724639893
loss: 3.1566 | [███████████████████████████████-------------------]
loss: 1.0747 | [██████████----------------------------------------]
loss: 3.8490 | [██████████████████████████████████████------------]
loss: 4.9182 | [█████████████████████████████████████████████████-]
loss: 3.4953 | [██████████████████████████████████----------------]
loss: 2.9815 | [█████████████████████████████---------------------]
loss: 3.6456 | [████████████████████████████████████--------------]
loss: 2.7174 | [███████████████████████████-----------------------]
loss: 4.9301 | [█████████████████████████████████████████████████-]
loss: 4.9599 | [█████████████████████████████████████████████████-]
loss: 2.9481 | [█████████████████████████████---------------------]
Epoch: 1, Steps: 159 | Train Loss: 336.6265352 Vali Loss: 19.4755899 Test Loss: 19.2092817
Validation loss decreased (inf --> 19.475590).  Saving model ...
loss: 6.5796 | [██████████████████████████████████████████████████]
	iters: 100, epoch: 2 | loss: 14.7310944
	speed: 0.5031s/iter; left time: 15869.9357s
loss: 4.5844 | [█████████████████████████████████████████████-----]
Epoch: 2 cost time: 17.583439111709595
loss: 1.7685 | [█████████████████---------------------------------]
loss: 1.0650 | [██████████----------------------------------------]
loss: 1.4010 | [██████████████------------------------------------]
loss: 1.2675 | [████████████--------------------------------------]
loss: 1.9981 | [███████████████████-------------------------------]
loss: 1.1246 | [███████████---------------------------------------]
loss: 1.9922 | [███████████████████-------------------------------]
loss: 1.2463 | [████████████--------------------------------------]
loss: 1.6940 | [████████████████----------------------------------]
loss: 1.7939 | [█████████████████---------------------------------]
loss: 1.1045 | [███████████---------------------------------------]
Epoch: 2, Steps: 159 | Train Loss: 15.3621155 Vali Loss: 16.8494635 Test Loss: 16.6547399
Validation loss decreased (19.475590 --> 16.849463).  Saving model ...
loss: 3.7662 | [█████████████████████████████████████-------------]
	iters: 100, epoch: 3 | loss: 12.2246962
	speed: 0.4843s/iter; left time: 15200.1604s
loss: 2.7715 | [███████████████████████████-----------------------]
Epoch: 3 cost time: 16.610470294952393
loss: 1.4407 | [██████████████------------------------------------]
loss: 1.8553 | [██████████████████--------------------------------]
loss: 1.6972 | [████████████████----------------------------------]
loss: 1.8348 | [██████████████████--------------------------------]
loss: 2.4040 | [████████████████████████--------------------------]
loss: 1.0695 | [██████████----------------------------------------]
loss: 1.5158 | [███████████████-----------------------------------]
loss: 1.7180 | [█████████████████---------------------------------]
loss: 1.8576 | [██████████████████--------------------------------]
loss: 1.1279 | [███████████---------------------------------------]
loss: 1.3456 | [█████████████-------------------------------------]
Epoch: 3, Steps: 159 | Train Loss: 12.6347543 Vali Loss: 15.4830613 Test Loss: 15.2818141
Validation loss decreased (16.849463 --> 15.483061).  Saving model ...
loss: 2.7047 | [███████████████████████████-----------------------]
	iters: 100, epoch: 4 | loss: 10.4511089
	speed: 0.5130s/iter; left time: 16016.6269s
loss: 2.0499 | [████████████████████------------------------------]
Epoch: 4 cost time: 17.095619678497314
loss: 1.9618 | [███████████████████-------------------------------]
loss: 1.6887 | [████████████████----------------------------------]
loss: 1.8040 | [██████████████████--------------------------------]
loss: 2.1726 | [█████████████████████-----------------------------]
loss: 3.4063 | [██████████████████████████████████----------------]
loss: 1.6010 | [████████████████----------------------------------]
loss: 2.2256 | [██████████████████████----------------------------]
loss: 1.8936 | [██████████████████--------------------------------]
loss: 3.3423 | [█████████████████████████████████-----------------]
loss: 2.2006 | [██████████████████████----------------------------]
loss: 1.6434 | [████████████████----------------------------------]
Epoch: 4, Steps: 159 | Train Loss: 10.6873681 Vali Loss: 13.3749114 Test Loss: 13.1454174
Validation loss decreased (15.483061 --> 13.374911).  Saving model ...
loss: 2.1633 | [█████████████████████-----------------------------]
	iters: 100, epoch: 5 | loss: 7.9092999
	speed: 0.4408s/iter; left time: 13692.6182s
loss: 1.7823 | [█████████████████---------------------------------]
Epoch: 5 cost time: 14.467793464660645
loss: 1.9426 | [███████████████████-------------------------------]
loss: 1.7038 | [█████████████████---------------------------------]
loss: 2.1997 | [█████████████████████-----------------------------]
loss: 1.4774 | [██████████████------------------------------------]
loss: 2.3227 | [███████████████████████---------------------------]
loss: 1.8388 | [██████████████████--------------------------------]
loss: 1.7942 | [█████████████████---------------------------------]
loss: 1.7535 | [█████████████████---------------------------------]
loss: 1.8129 | [██████████████████--------------------------------]
loss: 1.8598 | [██████████████████--------------------------------]
loss: 1.5614 | [███████████████-----------------------------------]
Epoch: 5, Steps: 159 | Train Loss: 8.5557811 Vali Loss: 9.6569745 Test Loss: 9.5151102
Validation loss decreased (13.374911 --> 9.656974).  Saving model ...
loss: 1.6224 | [████████████████----------------------------------]
	iters: 100, epoch: 6 | loss: 6.4324713
	speed: 0.5012s/iter; left time: 15490.8410s
loss: 1.4451 | [██████████████------------------------------------]
Epoch: 6 cost time: 15.34233570098877
loss: 1.2259 | [████████████--------------------------------------]
loss: 1.1626 | [███████████---------------------------------------]
loss: 1.2695 | [████████████--------------------------------------]
loss: 1.4544 | [██████████████------------------------------------]
loss: 1.5240 | [███████████████-----------------------------------]
loss: 1.4779 | [██████████████------------------------------------]
loss: 1.1485 | [███████████---------------------------------------]
loss: 1.1661 | [███████████---------------------------------------]
loss: 1.4379 | [██████████████------------------------------------]
loss: 1.4811 | [██████████████------------------------------------]
loss: 1.3841 | [█████████████-------------------------------------]
Epoch: 6, Steps: 159 | Train Loss: 6.6462788 Vali Loss: 7.1574398 Test Loss: 7.0301507
Validation loss decreased (9.656974 --> 7.157440).  Saving model ...
loss: 1.1980 | [███████████---------------------------------------]
	iters: 100, epoch: 7 | loss: 5.1498270
	speed: 0.4905s/iter; left time: 15082.6252s
loss: 1.0345 | [██████████----------------------------------------]
Epoch: 7 cost time: 16.89589238166809
loss: 1.1941 | [███████████---------------------------------------]
loss: 1.0129 | [██████████----------------------------------------]
loss: 1.0285 | [██████████----------------------------------------]
loss: 1.0990 | [██████████----------------------------------------]
loss: 1.0975 | [██████████----------------------------------------]
loss: 1.0441 | [██████████----------------------------------------]
loss: 1.1100 | [███████████---------------------------------------]
loss: 1.1574 | [███████████---------------------------------------]
loss: 1.1485 | [███████████---------------------------------------]
loss: 1.1099 | [███████████---------------------------------------]
loss: 1.0018 | [██████████----------------------------------------]
Epoch: 7, Steps: 159 | Train Loss: 5.3424701 Vali Loss: 5.5837645 Test Loss: 5.4693058
Validation loss decreased (7.157440 --> 5.583764).  Saving model ...
loss: 1.0278 | [██████████----------------------------------------]
	iters: 100, epoch: 8 | loss: 4.6444817
	speed: 0.4936s/iter; left time: 15098.1827s
loss: 0.9412 | [█████████-----------------------------------------]
Epoch: 8 cost time: 14.841112613677979
loss: 1.1954 | [███████████---------------------------------------]
loss: 1.0039 | [██████████----------------------------------------]
loss: 1.0174 | [██████████----------------------------------------]
loss: 1.0885 | [██████████----------------------------------------]
loss: 1.0770 | [██████████----------------------------------------]
loss: 1.0297 | [██████████----------------------------------------]
loss: 1.1078 | [███████████---------------------------------------]
loss: 1.1696 | [███████████---------------------------------------]
loss: 1.1488 | [███████████---------------------------------------]
loss: 1.1126 | [███████████---------------------------------------]
loss: 0.9871 | [█████████-----------------------------------------]
Epoch: 8, Steps: 159 | Train Loss: 4.6295233 Vali Loss: 4.8251859 Test Loss: 4.7101486
Validation loss decreased (5.583764 --> 4.825186).  Saving model ...
loss: 0.9540 | [█████████-----------------------------------------]
	iters: 100, epoch: 9 | loss: 4.2438288
	speed: 0.5113s/iter; left time: 15557.5932s
loss: 0.9245 | [█████████-----------------------------------------]
Epoch: 9 cost time: 13.824178218841553
loss: 1.2258 | [████████████--------------------------------------]
loss: 1.0042 | [██████████----------------------------------------]
loss: 1.0282 | [██████████----------------------------------------]
loss: 1.0647 | [██████████----------------------------------------]
loss: 1.0478 | [██████████----------------------------------------]
loss: 1.0267 | [██████████----------------------------------------]
loss: 1.1127 | [███████████---------------------------------------]
loss: 1.1609 | [███████████---------------------------------------]
loss: 1.1351 | [███████████---------------------------------------]
loss: 1.0884 | [██████████----------------------------------------]
loss: 0.9586 | [█████████-----------------------------------------]
Epoch: 9, Steps: 159 | Train Loss: 4.2673545 Vali Loss: 4.3646901 Test Loss: 4.2606947
Validation loss decreased (4.825186 --> 4.364690).  Saving model ...
loss: 0.9710 | [█████████-----------------------------------------]
	iters: 100, epoch: 10 | loss: 3.9948235
	speed: 0.4655s/iter; left time: 14089.8849s
loss: 0.9731 | [█████████-----------------------------------------]
Epoch: 10 cost time: 16.383824586868286
loss: 1.1915 | [███████████---------------------------------------]
loss: 0.9993 | [█████████-----------------------------------------]
loss: 1.0201 | [██████████----------------------------------------]
loss: 1.0300 | [██████████----------------------------------------]
loss: 1.0174 | [██████████----------------------------------------]
loss: 1.0331 | [██████████----------------------------------------]
loss: 1.1104 | [███████████---------------------------------------]
loss: 1.1522 | [███████████---------------------------------------]
loss: 1.1223 | [███████████---------------------------------------]
loss: 1.0562 | [██████████----------------------------------------]
loss: 0.9303 | [█████████-----------------------------------------]
Epoch: 10, Steps: 159 | Train Loss: 4.0232401 Vali Loss: 4.0531083 Test Loss: 3.9627771
Validation loss decreased (4.364690 --> 4.053108).  Saving model ...
loss: 1.0196 | [██████████----------------------------------------]
	iters: 100, epoch: 11 | loss: 3.8672428
	speed: 0.4707s/iter; left time: 14173.2056s
loss: 1.0145 | [██████████----------------------------------------]
Epoch: 11 cost time: 14.3598952293396
loss: 1.1801 | [███████████---------------------------------------]
loss: 0.9942 | [█████████-----------------------------------------]
loss: 1.0153 | [██████████----------------------------------------]
loss: 1.0286 | [██████████----------------------------------------]
loss: 1.0369 | [██████████----------------------------------------]
loss: 1.0598 | [██████████----------------------------------------]
loss: 1.1276 | [███████████---------------------------------------]
loss: 1.1633 | [███████████---------------------------------------]
loss: 1.1183 | [███████████---------------------------------------]
loss: 1.0576 | [██████████----------------------------------------]
loss: 0.9507 | [█████████-----------------------------------------]
Epoch: 11, Steps: 159 | Train Loss: 3.8253850 Vali Loss: 3.8205515 Test Loss: 3.7368503
Validation loss decreased (4.053108 --> 3.820552).  Saving model ...
loss: 0.9781 | [█████████-----------------------------------------]
	iters: 100, epoch: 12 | loss: 3.5661888
	speed: 0.4962s/iter; left time: 14862.1472s
loss: 0.9792 | [█████████-----------------------------------------]
Epoch: 12 cost time: 16.98638081550598
loss: 1.1658 | [███████████---------------------------------------]
loss: 0.9916 | [█████████-----------------------------------------]
loss: 0.9766 | [█████████-----------------------------------------]
loss: 1.0203 | [██████████----------------------------------------]
loss: 1.0689 | [██████████----------------------------------------]
loss: 1.0585 | [██████████----------------------------------------]
loss: 1.1165 | [███████████---------------------------------------]
loss: 1.1849 | [███████████---------------------------------------]
loss: 1.0887 | [██████████----------------------------------------]
loss: 1.0494 | [██████████----------------------------------------]
loss: 0.9710 | [█████████-----------------------------------------]
Epoch: 12, Steps: 159 | Train Loss: 3.6524081 Vali Loss: 3.6390259 Test Loss: 3.5356947
Validation loss decreased (3.820552 --> 3.639026).  Saving model ...
loss: 0.9691 | [█████████-----------------------------------------]
	iters: 100, epoch: 13 | loss: 3.5197890
	speed: 0.4673s/iter; left time: 13921.5337s
loss: 0.9755 | [█████████-----------------------------------------]
Epoch: 13 cost time: 14.0397207736969
loss: 1.1570 | [███████████---------------------------------------]
loss: 0.9650 | [█████████-----------------------------------------]
loss: 0.9586 | [█████████-----------------------------------------]
loss: 1.0325 | [██████████----------------------------------------]
loss: 1.0866 | [██████████----------------------------------------]
loss: 1.0525 | [██████████----------------------------------------]
loss: 1.1225 | [███████████---------------------------------------]
loss: 1.1669 | [███████████---------------------------------------]
loss: 1.0607 | [██████████----------------------------------------]
loss: 1.0625 | [██████████----------------------------------------]
loss: 0.9892 | [█████████-----------------------------------------]
Epoch: 13, Steps: 159 | Train Loss: 3.5184409 Vali Loss: 3.4612074 Test Loss: 3.3459964
Validation loss decreased (3.639026 --> 3.461207).  Saving model ...
loss: 0.9892 | [█████████-----------------------------------------]
	iters: 100, epoch: 14 | loss: 3.4322398
	speed: 0.4941s/iter; left time: 14641.8317s
loss: 0.9948 | [█████████-----------------------------------------]
Epoch: 14 cost time: 17.020035982131958
loss: 1.1619 | [███████████---------------------------------------]
loss: 0.9435 | [█████████-----------------------------------------]
loss: 0.9398 | [█████████-----------------------------------------]
loss: 1.0668 | [██████████----------------------------------------]
loss: 1.1005 | [███████████---------------------------------------]
loss: 1.0410 | [██████████----------------------------------------]
loss: 1.1255 | [███████████---------------------------------------]
loss: 1.1293 | [███████████---------------------------------------]
loss: 1.0367 | [██████████----------------------------------------]
loss: 1.0997 | [██████████----------------------------------------]
loss: 0.9956 | [█████████-----------------------------------------]
Epoch: 14, Steps: 159 | Train Loss: 3.3931795 Vali Loss: 3.2973433 Test Loss: 3.1698854
Validation loss decreased (3.461207 --> 3.297343).  Saving model ...
loss: 0.9536 | [█████████-----------------------------------------]
	iters: 100, epoch: 15 | loss: 3.2735972
	speed: 0.4915s/iter; left time: 14486.0232s
loss: 1.0382 | [██████████----------------------------------------]
Epoch: 15 cost time: 16.535674333572388
loss: 1.1665 | [███████████---------------------------------------]
loss: 0.9443 | [█████████-----------------------------------------]
loss: 0.9789 | [█████████-----------------------------------------]
loss: 1.0842 | [██████████----------------------------------------]
loss: 1.1203 | [███████████---------------------------------------]
loss: 1.0392 | [██████████----------------------------------------]
loss: 1.1349 | [███████████---------------------------------------]
loss: 1.1067 | [███████████---------------------------------------]
loss: 1.0738 | [██████████----------------------------------------]
loss: 1.1138 | [███████████---------------------------------------]
loss: 0.9872 | [█████████-----------------------------------------]
Epoch: 15, Steps: 159 | Train Loss: 3.2856028 Vali Loss: 3.1549965 Test Loss: 3.0213261
Validation loss decreased (3.297343 --> 3.154996).  Saving model ...
loss: 0.9487 | [█████████-----------------------------------------]
	iters: 100, epoch: 16 | loss: 3.0655565
	speed: 0.4578s/iter; left time: 13422.1563s
loss: 0.9371 | [█████████-----------------------------------------]
Epoch: 16 cost time: 14.598081588745117
loss: 1.1636 | [███████████---------------------------------------]
loss: 0.9385 | [█████████-----------------------------------------]
loss: 1.0098 | [██████████----------------------------------------]
loss: 1.0727 | [██████████----------------------------------------]
loss: 1.0831 | [██████████----------------------------------------]
loss: 1.0548 | [██████████----------------------------------------]
loss: 1.1276 | [███████████---------------------------------------]
loss: 1.1065 | [███████████---------------------------------------]
loss: 1.1159 | [███████████---------------------------------------]
loss: 1.1048 | [███████████---------------------------------------]
loss: 0.9752 | [█████████-----------------------------------------]
Epoch: 16, Steps: 159 | Train Loss: 3.1847664 Vali Loss: 3.0217465 Test Loss: 2.8783582
Validation loss decreased (3.154996 --> 3.021747).  Saving model ...
loss: 1.0077 | [██████████----------------------------------------]
	iters: 100, epoch: 17 | loss: 3.0504098
	speed: 0.4940s/iter; left time: 14405.0049s
loss: 0.9570 | [█████████-----------------------------------------]
Epoch: 17 cost time: 16.779625177383423
loss: 1.1420 | [███████████---------------------------------------]
loss: 0.9501 | [█████████-----------------------------------------]
loss: 1.0197 | [██████████----------------------------------------]
loss: 1.0604 | [██████████----------------------------------------]
loss: 1.0727 | [██████████----------------------------------------]
loss: 1.0560 | [██████████----------------------------------------]
loss: 1.0871 | [██████████----------------------------------------]
loss: 1.1347 | [███████████---------------------------------------]
loss: 1.1312 | [███████████---------------------------------------]
loss: 1.1085 | [███████████---------------------------------------]
loss: 0.9715 | [█████████-----------------------------------------]
Epoch: 17, Steps: 159 | Train Loss: 3.0842601 Vali Loss: 2.8966135 Test Loss: 2.7460830
Validation loss decreased (3.021747 --> 2.896614).  Saving model ...
loss: 0.9447 | [█████████-----------------------------------------]
	iters: 100, epoch: 18 | loss: 2.9474683
	speed: 0.5033s/iter; left time: 14595.6667s
loss: 0.9614 | [█████████-----------------------------------------]
Epoch: 18 cost time: 16.722867250442505
loss: 1.1353 | [███████████---------------------------------------]
loss: 0.9929 | [█████████-----------------------------------------]
loss: 1.0112 | [██████████----------------------------------------]
loss: 1.0511 | [██████████----------------------------------------]
loss: 1.0889 | [██████████----------------------------------------]
loss: 1.0377 | [██████████----------------------------------------]
loss: 1.0722 | [██████████----------------------------------------]
loss: 1.1798 | [███████████---------------------------------------]
loss: 1.1098 | [███████████---------------------------------------]
loss: 1.0839 | [██████████----------------------------------------]
loss: 0.9759 | [█████████-----------------------------------------]
Epoch: 18, Steps: 159 | Train Loss: 2.9961374 Vali Loss: 2.7735472 Test Loss: 2.6204815
Validation loss decreased (2.896614 --> 2.773547).  Saving model ...
loss: 0.9977 | [█████████-----------------------------------------]
	iters: 100, epoch: 19 | loss: 2.8861499
	speed: 0.4586s/iter; left time: 13226.1044s
loss: 0.9275 | [█████████-----------------------------------------]
Epoch: 19 cost time: 13.535451173782349
loss: 1.1624 | [███████████---------------------------------------]
loss: 0.9864 | [█████████-----------------------------------------]
loss: 1.0057 | [██████████----------------------------------------]
loss: 1.0646 | [██████████----------------------------------------]
loss: 1.0789 | [██████████----------------------------------------]
loss: 1.0413 | [██████████----------------------------------------]
loss: 1.1099 | [███████████---------------------------------------]
loss: 1.1694 | [███████████---------------------------------------]
loss: 1.0913 | [██████████----------------------------------------]
loss: 1.0782 | [██████████----------------------------------------]
loss: 0.9772 | [█████████-----------------------------------------]
Epoch: 19, Steps: 159 | Train Loss: 2.9076917 Vali Loss: 2.6777184 Test Loss: 2.5182259
Validation loss decreased (2.773547 --> 2.677718).  Saving model ...
loss: 0.9454 | [█████████-----------------------------------------]
	iters: 100, epoch: 20 | loss: 2.8567209
	speed: 0.4801s/iter; left time: 13767.8540s
loss: 0.9316 | [█████████-----------------------------------------]
Epoch: 20 cost time: 16.221657752990723
loss: 1.1752 | [███████████---------------------------------------]
loss: 0.9640 | [█████████-----------------------------------------]
loss: 0.9921 | [█████████-----------------------------------------]
loss: 1.0640 | [██████████----------------------------------------]
loss: 1.0631 | [██████████----------------------------------------]
loss: 1.0235 | [██████████----------------------------------------]
loss: 1.1545 | [███████████---------------------------------------]
loss: 1.1465 | [███████████---------------------------------------]
loss: 1.0587 | [██████████----------------------------------------]
loss: 1.0797 | [██████████----------------------------------------]
loss: 0.9731 | [█████████-----------------------------------------]
Epoch: 20, Steps: 159 | Train Loss: 2.8238558 Vali Loss: 2.5790740 Test Loss: 2.4144710
Validation loss decreased (2.677718 --> 2.579074).  Saving model ...
loss: 0.9514 | [█████████-----------------------------------------]
	iters: 100, epoch: 21 | loss: 2.6688209
	speed: 0.4648s/iter; left time: 13257.5225s
loss: 0.9569 | [█████████-----------------------------------------]
Epoch: 21 cost time: 16.672602653503418
loss: 1.1679 | [███████████---------------------------------------]
loss: 0.9526 | [█████████-----------------------------------------]
loss: 1.0084 | [██████████----------------------------------------]
loss: 1.0856 | [██████████----------------------------------------]
loss: 1.0550 | [██████████----------------------------------------]
loss: 1.0355 | [██████████----------------------------------------]
loss: 1.1295 | [███████████---------------------------------------]
loss: 1.1281 | [███████████---------------------------------------]
loss: 1.0633 | [██████████----------------------------------------]
loss: 1.1045 | [███████████---------------------------------------]
loss: 0.9687 | [█████████-----------------------------------------]
Epoch: 21, Steps: 159 | Train Loss: 2.7413388 Vali Loss: 2.4833774 Test Loss: 2.3212406
Validation loss decreased (2.579074 --> 2.483377).  Saving model ...
loss: 0.9746 | [█████████-----------------------------------------]
	iters: 100, epoch: 22 | loss: 2.6795130
	speed: 0.4619s/iter; left time: 13099.8363s
loss: 0.9632 | [█████████-----------------------------------------]
Epoch: 22 cost time: 14.440202236175537
loss: 1.1352 | [███████████---------------------------------------]
loss: 0.9390 | [█████████-----------------------------------------]
loss: 1.0332 | [██████████----------------------------------------]
loss: 1.0854 | [██████████----------------------------------------]
loss: 1.0609 | [██████████----------------------------------------]
loss: 1.0548 | [██████████----------------------------------------]
loss: 1.0902 | [██████████----------------------------------------]
loss: 1.1095 | [███████████---------------------------------------]
loss: 1.0671 | [██████████----------------------------------------]
loss: 1.1030 | [███████████---------------------------------------]
loss: 0.9582 | [█████████-----------------------------------------]
Epoch: 22, Steps: 159 | Train Loss: 2.6607322 Vali Loss: 2.4058295 Test Loss: 2.2421442
Validation loss decreased (2.483377 --> 2.405829).  Saving model ...
loss: 0.9623 | [█████████-----------------------------------------]
	iters: 100, epoch: 23 | loss: 2.6106577
	speed: 0.5033s/iter; left time: 14194.4797s
loss: 0.9655 | [█████████-----------------------------------------]
Epoch: 23 cost time: 14.180913209915161
loss: 1.1119 | [███████████---------------------------------------]
loss: 0.9248 | [█████████-----------------------------------------]
loss: 1.0450 | [██████████----------------------------------------]
loss: 1.0775 | [██████████----------------------------------------]
loss: 1.0712 | [██████████----------------------------------------]
loss: 1.0614 | [██████████----------------------------------------]
loss: 1.0791 | [██████████----------------------------------------]
loss: 1.1301 | [███████████---------------------------------------]
loss: 1.0927 | [██████████----------------------------------------]
loss: 1.0957 | [██████████----------------------------------------]
loss: 0.9624 | [█████████-----------------------------------------]
Epoch: 23, Steps: 159 | Train Loss: 2.5867355 Vali Loss: 2.3268470 Test Loss: 2.1610155
Validation loss decreased (2.405829 --> 2.326847).  Saving model ...
loss: 0.9751 | [█████████-----------------------------------------]
	iters: 100, epoch: 24 | loss: 2.5462129
	speed: 0.4724s/iter; left time: 13248.1121s
loss: 0.9753 | [█████████-----------------------------------------]
Epoch: 24 cost time: 16.487815618515015
loss: 1.0825 | [██████████----------------------------------------]
loss: 0.9439 | [█████████-----------------------------------------]
loss: 1.0276 | [██████████----------------------------------------]
loss: 1.0756 | [██████████----------------------------------------]
loss: 1.1109 | [███████████---------------------------------------]
loss: 1.0303 | [██████████----------------------------------------]
loss: 1.0692 | [██████████----------------------------------------]
loss: 1.1580 | [███████████---------------------------------------]
loss: 1.1027 | [███████████---------------------------------------]
loss: 1.0950 | [██████████----------------------------------------]
loss: 0.9800 | [█████████-----------------------------------------]
Epoch: 24, Steps: 159 | Train Loss: 2.5091890 Vali Loss: 2.2605045 Test Loss: 2.0933877
Validation loss decreased (2.326847 --> 2.260504).  Saving model ...
loss: 0.9920 | [█████████-----------------------------------------]
	iters: 100, epoch: 25 | loss: 2.4835238
	speed: 0.4727s/iter; left time: 13181.0150s
loss: 0.9806 | [█████████-----------------------------------------]
Epoch: 25 cost time: 14.991748332977295
loss: 1.0624 | [██████████----------------------------------------]
loss: 0.9466 | [█████████-----------------------------------------]
loss: 1.0185 | [██████████----------------------------------------]
loss: 1.0745 | [██████████----------------------------------------]
loss: 1.0902 | [██████████----------------------------------------]
loss: 1.0073 | [██████████----------------------------------------]
loss: 1.0705 | [██████████----------------------------------------]
loss: 1.1856 | [███████████---------------------------------------]
loss: 1.0961 | [██████████----------------------------------------]
loss: 1.1036 | [███████████---------------------------------------]
loss: 0.9842 | [█████████-----------------------------------------]
Epoch: 25, Steps: 159 | Train Loss: 2.4333363 Vali Loss: 2.1724864 Test Loss: 2.0045640
Validation loss decreased (2.260504 --> 2.172486).  Saving model ...
loss: 0.9757 | [█████████-----------------------------------------]
	iters: 100, epoch: 26 | loss: 2.3686583
	speed: 0.4864s/iter; left time: 13485.7195s
loss: 0.9599 | [█████████-----------------------------------------]
Epoch: 26 cost time: 16.267029523849487
loss: 1.0707 | [██████████----------------------------------------]
loss: 0.9485 | [█████████-----------------------------------------]
loss: 1.0210 | [██████████----------------------------------------]
loss: 1.0825 | [██████████----------------------------------------]
loss: 1.0575 | [██████████----------------------------------------]
loss: 1.0004 | [██████████----------------------------------------]
loss: 1.0835 | [██████████----------------------------------------]
loss: 1.1859 | [███████████---------------------------------------]
loss: 1.0911 | [██████████----------------------------------------]
loss: 1.1567 | [███████████---------------------------------------]
loss: 0.9767 | [█████████-----------------------------------------]
Epoch: 26, Steps: 159 | Train Loss: 2.3700605 Vali Loss: 2.0986062 Test Loss: 1.9326438
Validation loss decreased (2.172486 --> 2.098606).  Saving model ...
loss: 0.9412 | [█████████-----------------------------------------]
	iters: 100, epoch: 27 | loss: 2.2810259
	speed: 0.4879s/iter; left time: 13449.7082s
loss: 0.9762 | [█████████-----------------------------------------]
Epoch: 27 cost time: 15.826714038848877
loss: 1.0984 | [██████████----------------------------------------]
loss: 0.9352 | [█████████-----------------------------------------]
loss: 1.0148 | [██████████----------------------------------------]
loss: 1.0960 | [██████████----------------------------------------]
loss: 1.0140 | [██████████----------------------------------------]
loss: 0.9906 | [█████████-----------------------------------------]
loss: 1.1204 | [███████████---------------------------------------]
loss: 1.1556 | [███████████---------------------------------------]
loss: 1.0784 | [██████████----------------------------------------]
loss: 1.1277 | [███████████---------------------------------------]
loss: 0.9528 | [█████████-----------------------------------------]
Epoch: 27, Steps: 159 | Train Loss: 2.2971959 Vali Loss: 2.0163324 Test Loss: 1.8532325
Validation loss decreased (2.098606 --> 2.016332).  Saving model ...
loss: 0.9298 | [█████████-----------------------------------------]
	iters: 100, epoch: 28 | loss: 2.2143521
	speed: 0.4629s/iter; left time: 12687.7661s
loss: 0.9893 | [█████████-----------------------------------------]
Epoch: 28 cost time: 16.102635622024536
loss: 1.0924 | [██████████----------------------------------------]
loss: 0.9186 | [█████████-----------------------------------------]
loss: 1.0582 | [██████████----------------------------------------]
loss: 1.0622 | [██████████----------------------------------------]
loss: 0.9994 | [█████████-----------------------------------------]
loss: 1.0372 | [██████████----------------------------------------]
loss: 1.1162 | [███████████---------------------------------------]
loss: 1.1463 | [███████████---------------------------------------]
loss: 1.0939 | [██████████----------------------------------------]
loss: 1.0765 | [██████████----------------------------------------]
loss: 0.9576 | [█████████-----------------------------------------]
Epoch: 28, Steps: 159 | Train Loss: 2.2328568 Vali Loss: 1.9625734 Test Loss: 1.7998771
Validation loss decreased (2.016332 --> 1.962573).  Saving model ...
loss: 0.9760 | [█████████-----------------------------------------]
	iters: 100, epoch: 29 | loss: 2.1960733
	speed: 0.4689s/iter; left time: 12777.6932s
loss: 0.9109 | [█████████-----------------------------------------]
Epoch: 29 cost time: 15.08481240272522
loss: 1.0781 | [██████████----------------------------------------]
loss: 0.9346 | [█████████-----------------------------------------]
loss: 1.0372 | [██████████----------------------------------------]
loss: 1.0283 | [██████████----------------------------------------]
loss: 1.0153 | [██████████----------------------------------------]
loss: 1.0698 | [██████████----------------------------------------]
loss: 1.0925 | [██████████----------------------------------------]
loss: 1.1580 | [███████████---------------------------------------]
loss: 1.1245 | [███████████---------------------------------------]
loss: 1.0416 | [██████████----------------------------------------]
loss: 0.9704 | [█████████-----------------------------------------]
Epoch: 29, Steps: 159 | Train Loss: 2.1713663 Vali Loss: 1.8977783 Test Loss: 1.7341903
Validation loss decreased (1.962573 --> 1.897778).  Saving model ...
loss: 0.9427 | [█████████-----------------------------------------]
	iters: 100, epoch: 30 | loss: 2.0785196
	speed: 0.4729s/iter; left time: 12810.2709s
loss: 1.0070 | [██████████----------------------------------------]
Epoch: 30 cost time: 15.17390251159668
loss: 1.0632 | [██████████----------------------------------------]
loss: 0.9578 | [█████████-----------------------------------------]
loss: 1.0227 | [██████████----------------------------------------]
loss: 1.0026 | [██████████----------------------------------------]
loss: 1.0349 | [██████████----------------------------------------]
loss: 1.0573 | [██████████----------------------------------------]
loss: 1.0807 | [██████████----------------------------------------]
loss: 1.2202 | [████████████--------------------------------------]
loss: 1.0923 | [██████████----------------------------------------]
loss: 1.0185 | [██████████----------------------------------------]
loss: 0.9998 | [█████████-----------------------------------------]
Epoch: 30, Steps: 159 | Train Loss: 2.1161599 Vali Loss: 1.8360678 Test Loss: 1.6745205
Validation loss decreased (1.897778 --> 1.836068).  Saving model ...
loss: 0.9150 | [█████████-----------------------------------------]
	iters: 100, epoch: 31 | loss: 2.0374279
	speed: 0.4993s/iter; left time: 13446.5348s
Epoch: 31 cost time: 14.695970296859741
loss: 1.2434 | [████████████--------------------------------------]
loss: 1.0725 | [██████████----------------------------------------]
loss: 0.9544 | [█████████-----------------------------------------]
loss: 0.9831 | [█████████-----------------------------------------]
loss: 1.0196 | [██████████----------------------------------------]
loss: 1.0780 | [██████████----------------------------------------]
loss: 1.0172 | [██████████----------------------------------------]
loss: 1.0899 | [██████████----------------------------------------]
loss: 1.1840 | [███████████---------------------------------------]
loss: 1.0376 | [██████████----------------------------------------]
loss: 1.0177 | [██████████----------------------------------------]
loss: 1.0043 | [██████████----------------------------------------]
Epoch: 31, Steps: 159 | Train Loss: 2.0593040 Vali Loss: 1.7816413 Test Loss: 1.6196527
Validation loss decreased (1.836068 --> 1.781641).  Saving model ...
loss: 0.9506 | [█████████-----------------------------------------]
	iters: 100, epoch: 32 | loss: 1.9713748
	speed: 0.4832s/iter; left time: 12935.7810s
Epoch: 32 cost time: 17.502666234970093
loss: 1.2720 | [████████████--------------------------------------]
loss: 1.1284 | [███████████---------------------------------------]
loss: 0.9285 | [█████████-----------------------------------------]
loss: 0.9749 | [█████████-----------------------------------------]
loss: 1.0519 | [██████████----------------------------------------]
loss: 1.0594 | [██████████----------------------------------------]
loss: 1.0185 | [██████████----------------------------------------]
loss: 1.1587 | [███████████---------------------------------------]
loss: 1.1564 | [███████████---------------------------------------]
loss: 1.0132 | [██████████----------------------------------------]
loss: 1.0166 | [██████████----------------------------------------]
loss: 0.9940 | [█████████-----------------------------------------]
Epoch: 32, Steps: 159 | Train Loss: 2.0051643 Vali Loss: 1.7284495 Test Loss: 1.5660643
Validation loss decreased (1.781641 --> 1.728449).  Saving model ...
loss: 0.9849 | [█████████-----------------------------------------]
	iters: 100, epoch: 33 | loss: 1.9121836
	speed: 0.4672s/iter; left time: 12433.7447s
Epoch: 33 cost time: 15.896609783172607
loss: 1.1425 | [███████████---------------------------------------]
loss: 1.1026 | [███████████---------------------------------------]
loss: 0.9147 | [█████████-----------------------------------------]
loss: 0.9915 | [█████████-----------------------------------------]
loss: 1.0780 | [██████████----------------------------------------]
loss: 1.0288 | [██████████----------------------------------------]
loss: 1.0287 | [██████████----------------------------------------]
loss: 1.1473 | [███████████---------------------------------------]
loss: 1.1372 | [███████████---------------------------------------]
loss: 1.0185 | [██████████----------------------------------------]
loss: 1.0547 | [██████████----------------------------------------]
loss: 0.9706 | [█████████-----------------------------------------]
Epoch: 33, Steps: 159 | Train Loss: 1.9511327 Vali Loss: 1.6846759 Test Loss: 1.5216757
Validation loss decreased (1.728449 --> 1.684676).  Saving model ...
loss: 0.9273 | [█████████-----------------------------------------]
	iters: 100, epoch: 34 | loss: 1.9349029
	speed: 0.4739s/iter; left time: 12536.1779s
Epoch: 34 cost time: 13.148211479187012
loss: 1.2452 | [████████████--------------------------------------]
loss: 1.0433 | [██████████----------------------------------------]
loss: 0.9025 | [█████████-----------------------------------------]
loss: 1.0479 | [██████████----------------------------------------]
loss: 1.0685 | [██████████----------------------------------------]
loss: 1.0195 | [██████████----------------------------------------]
loss: 1.1008 | [███████████---------------------------------------]
loss: 1.0774 | [██████████----------------------------------------]
loss: 1.1109 | [███████████---------------------------------------]
loss: 1.0672 | [██████████----------------------------------------]
loss: 1.0457 | [██████████----------------------------------------]
loss: 0.9630 | [█████████-----------------------------------------]
Epoch: 34, Steps: 159 | Train Loss: 1.9047281 Vali Loss: 1.6412292 Test Loss: 1.4774157
Validation loss decreased (1.684676 --> 1.641229).  Saving model ...
loss: 1.0008 | [██████████----------------------------------------]
	iters: 100, epoch: 35 | loss: 1.8948559
	speed: 0.5007s/iter; left time: 13166.5821s
Epoch: 35 cost time: 16.581457376480103
loss: 1.2117 | [████████████--------------------------------------]
loss: 1.0090 | [██████████----------------------------------------]
loss: 0.9073 | [█████████-----------------------------------------]
loss: 1.0648 | [██████████----------------------------------------]
loss: 1.0397 | [██████████----------------------------------------]
loss: 1.0384 | [██████████----------------------------------------]
loss: 1.0852 | [██████████----------------------------------------]
loss: 1.0446 | [██████████----------------------------------------]
loss: 1.1014 | [███████████---------------------------------------]
loss: 1.1049 | [███████████---------------------------------------]
loss: 1.0251 | [██████████----------------------------------------]
loss: 0.9754 | [█████████-----------------------------------------]
Epoch: 35, Steps: 159 | Train Loss: 1.8591597 Vali Loss: 1.6080722 Test Loss: 1.4422030
Validation loss decreased (1.641229 --> 1.608072).  Saving model ...
loss: 0.9722 | [█████████-----------------------------------------]
	iters: 100, epoch: 36 | loss: 1.8347126
	speed: 0.4595s/iter; left time: 12009.9560s
Epoch: 36 cost time: 13.952023029327393
loss: 1.2107 | [████████████--------------------------------------]
loss: 0.9832 | [█████████-----------------------------------------]
loss: 0.9257 | [█████████-----------------------------------------]
loss: 1.0394 | [██████████----------------------------------------]
loss: 1.0161 | [██████████----------------------------------------]
loss: 1.0862 | [██████████----------------------------------------]
loss: 1.0458 | [██████████----------------------------------------]
loss: 1.0150 | [██████████----------------------------------------]
loss: 1.1387 | [███████████---------------------------------------]
loss: 1.0930 | [██████████----------------------------------------]
loss: 1.0072 | [██████████----------------------------------------]
loss: 0.9883 | [█████████-----------------------------------------]
Epoch: 36, Steps: 159 | Train Loss: 1.8144149 Vali Loss: 1.5731394 Test Loss: 1.4071788
Validation loss decreased (1.608072 --> 1.573139).  Saving model ...
loss: 0.9681 | [█████████-----------------------------------------]
	iters: 100, epoch: 37 | loss: 1.7809463
	speed: 0.4898s/iter; left time: 12723.4950s
Epoch: 37 cost time: 14.368975639343262
loss: 1.2052 | [████████████--------------------------------------]
loss: 0.9606 | [█████████-----------------------------------------]
loss: 0.9277 | [█████████-----------------------------------------]
loss: 1.0063 | [██████████----------------------------------------]
loss: 1.0158 | [██████████----------------------------------------]
loss: 1.0932 | [██████████----------------------------------------]
loss: 1.0108 | [██████████----------------------------------------]
loss: 1.0052 | [██████████----------------------------------------]
loss: 1.1871 | [███████████---------------------------------------]
loss: 1.0599 | [██████████----------------------------------------]
loss: 1.0055 | [██████████----------------------------------------]
loss: 1.0151 | [██████████----------------------------------------]
Epoch: 37, Steps: 159 | Train Loss: 1.7743017 Vali Loss: 1.5280474 Test Loss: 1.3645523
Validation loss decreased (1.573139 --> 1.528047).  Saving model ...
loss: 0.9345 | [█████████-----------------------------------------]
	iters: 100, epoch: 38 | loss: 1.7303725
	speed: 0.4677s/iter; left time: 12075.0960s
Epoch: 38 cost time: 16.136787176132202
loss: 1.2027 | [████████████--------------------------------------]
loss: 0.9931 | [█████████-----------------------------------------]
loss: 0.9080 | [█████████-----------------------------------------]
loss: 1.0048 | [██████████----------------------------------------]
loss: 1.0709 | [██████████----------------------------------------]
loss: 1.0273 | [██████████----------------------------------------]
loss: 0.9931 | [█████████-----------------------------------------]
loss: 1.0736 | [██████████----------------------------------------]
loss: 1.1395 | [███████████---------------------------------------]
loss: 1.0437 | [██████████----------------------------------------]
loss: 1.0856 | [██████████----------------------------------------]
loss: 1.0317 | [██████████----------------------------------------]
Epoch: 38, Steps: 159 | Train Loss: 1.7349442 Vali Loss: 1.5020907 Test Loss: 1.3363254
Validation loss decreased (1.528047 --> 1.502091).  Saving model ...
loss: 0.9587 | [█████████-----------------------------------------]
	iters: 100, epoch: 39 | loss: 1.6690242
	speed: 0.4714s/iter; left time: 12095.9373s
Epoch: 39 cost time: 14.255523681640625
loss: 1.2825 | [████████████--------------------------------------]
loss: 1.0052 | [██████████----------------------------------------]
loss: 0.8934 | [████████------------------------------------------]
loss: 1.0247 | [██████████----------------------------------------]
loss: 1.0955 | [██████████----------------------------------------]
loss: 1.0162 | [██████████----------------------------------------]
loss: 1.0016 | [██████████----------------------------------------]
loss: 1.1161 | [███████████---------------------------------------]
loss: 1.1142 | [███████████---------------------------------------]
loss: 1.0661 | [██████████----------------------------------------]
loss: 1.0823 | [██████████----------------------------------------]
loss: 1.0437 | [██████████----------------------------------------]
Epoch: 39, Steps: 159 | Train Loss: 1.6977283 Vali Loss: 1.4815472 Test Loss: 1.3160016
Validation loss decreased (1.502091 --> 1.481547).  Saving model ...
loss: 1.0720 | [██████████----------------------------------------]
	iters: 100, epoch: 40 | loss: 1.6972721
	speed: 0.4958s/iter; left time: 12641.7906s
Epoch: 40 cost time: 16.34299087524414
loss: 1.1215 | [███████████---------------------------------------]
loss: 0.9892 | [█████████-----------------------------------------]
loss: 0.8911 | [████████------------------------------------------]
loss: 1.0657 | [██████████----------------------------------------]
loss: 1.0650 | [██████████----------------------------------------]
loss: 0.9794 | [█████████-----------------------------------------]
loss: 1.0283 | [██████████----------------------------------------]
loss: 1.1029 | [███████████---------------------------------------]
loss: 1.0855 | [██████████----------------------------------------]
loss: 1.0708 | [██████████----------------------------------------]
loss: 1.0342 | [██████████----------------------------------------]
loss: 1.0515 | [██████████----------------------------------------]
Epoch: 40, Steps: 159 | Train Loss: 1.6638497 Vali Loss: 1.4456646 Test Loss: 1.2873007
Validation loss decreased (1.481547 --> 1.445665).  Saving model ...
loss: 0.9675 | [█████████-----------------------------------------]
	iters: 100, epoch: 41 | loss: 1.5886753
	speed: 0.4622s/iter; left time: 11712.6016s
Epoch: 41 cost time: 13.544158935546875
loss: 1.1270 | [███████████---------------------------------------]
loss: 0.9569 | [█████████-----------------------------------------]
loss: 0.8899 | [████████------------------------------------------]
loss: 1.0681 | [██████████----------------------------------------]
loss: 1.0014 | [██████████----------------------------------------]
loss: 0.9754 | [█████████-----------------------------------------]
loss: 1.0855 | [██████████----------------------------------------]
loss: 1.0561 | [██████████----------------------------------------]
loss: 1.1188 | [███████████---------------------------------------]
loss: 1.1215 | [███████████---------------------------------------]
loss: 0.9909 | [█████████-----------------------------------------]
loss: 1.0316 | [██████████----------------------------------------]
Epoch: 41, Steps: 159 | Train Loss: 1.6281396 Vali Loss: 1.4393227 Test Loss: 1.2775879
Validation loss decreased (1.445665 --> 1.439323).  Saving model ...
loss: 0.9783 | [█████████-----------------------------------------]
	iters: 100, epoch: 42 | loss: 1.5971186
	speed: 0.4928s/iter; left time: 12408.6580s
Epoch: 42 cost time: 16.963398933410645
loss: 1.1429 | [███████████---------------------------------------]
loss: 0.9665 | [█████████-----------------------------------------]
loss: 0.9422 | [█████████-----------------------------------------]
loss: 1.0546 | [██████████----------------------------------------]
loss: 0.9884 | [█████████-----------------------------------------]
loss: 1.0264 | [██████████----------------------------------------]
loss: 1.0509 | [██████████----------------------------------------]
loss: 1.0338 | [██████████----------------------------------------]
loss: 1.2152 | [████████████--------------------------------------]
loss: 1.0640 | [██████████----------------------------------------]
loss: 0.9480 | [█████████-----------------------------------------]
loss: 1.0401 | [██████████----------------------------------------]
Epoch: 42, Steps: 159 | Train Loss: 1.5943235 Vali Loss: 1.4093959 Test Loss: 1.2479017
Validation loss decreased (1.439323 --> 1.409396).  Saving model ...
loss: 0.9607 | [█████████-----------------------------------------]
	iters: 100, epoch: 43 | loss: 1.5472662
	speed: 0.4813s/iter; left time: 12043.1169s
Epoch: 43 cost time: 16.53409719467163
loss: 1.2518 | [████████████--------------------------------------]
loss: 0.9770 | [█████████-----------------------------------------]
loss: 0.9602 | [█████████-----------------------------------------]
loss: 1.0536 | [██████████----------------------------------------]
loss: 1.0060 | [██████████----------------------------------------]
loss: 1.0465 | [██████████----------------------------------------]
loss: 0.9997 | [█████████-----------------------------------------]
loss: 1.0387 | [██████████----------------------------------------]
loss: 1.2043 | [████████████--------------------------------------]
loss: 0.9901 | [█████████-----------------------------------------]
loss: 0.9228 | [█████████-----------------------------------------]
loss: 1.0549 | [██████████----------------------------------------]
Epoch: 43, Steps: 159 | Train Loss: 1.5636446 Vali Loss: 1.3877461 Test Loss: 1.2269673
Validation loss decreased (1.409396 --> 1.387746).  Saving model ...
loss: 0.9523 | [█████████-----------------------------------------]
	iters: 100, epoch: 44 | loss: 1.5683880
	speed: 0.4824s/iter; left time: 11993.5448s
Epoch: 44 cost time: 16.75172257423401
loss: 1.1322 | [███████████---------------------------------------]
loss: 1.0432 | [██████████----------------------------------------]
loss: 0.9357 | [█████████-----------------------------------------]
loss: 1.0300 | [██████████----------------------------------------]
loss: 1.0642 | [██████████----------------------------------------]
loss: 1.0261 | [██████████----------------------------------------]
loss: 0.9661 | [█████████-----------------------------------------]
loss: 1.0710 | [██████████----------------------------------------]
loss: 1.1370 | [███████████---------------------------------------]
loss: 0.9523 | [█████████-----------------------------------------]
loss: 0.9525 | [█████████-----------------------------------------]
loss: 1.0294 | [██████████----------------------------------------]
Epoch: 44, Steps: 159 | Train Loss: 1.5325054 Vali Loss: 1.3628233 Test Loss: 1.2102609
Validation loss decreased (1.387746 --> 1.362823).  Saving model ...
loss: 0.9430 | [█████████-----------------------------------------]
	iters: 100, epoch: 45 | loss: 1.4775078
	speed: 0.4587s/iter; left time: 11331.5122s
Epoch: 45 cost time: 14.57499074935913
loss: 1.1195 | [███████████---------------------------------------]
loss: 1.0774 | [██████████----------------------------------------]
loss: 0.8882 | [████████------------------------------------------]
loss: 0.9678 | [█████████-----------------------------------------]
loss: 1.0686 | [██████████----------------------------------------]
loss: 0.9199 | [█████████-----------------------------------------]
loss: 0.9835 | [█████████-----------------------------------------]
loss: 1.1371 | [███████████---------------------------------------]
loss: 1.0002 | [██████████----------------------------------------]
loss: 0.9548 | [█████████-----------------------------------------]
loss: 1.0096 | [██████████----------------------------------------]
loss: 0.9130 | [█████████-----------------------------------------]
Epoch: 45, Steps: 159 | Train Loss: 1.4981075 Vali Loss: 1.2986628 Test Loss: 1.1833368
Validation loss decreased (1.362823 --> 1.298663).  Saving model ...
loss: 0.9229 | [█████████-----------------------------------------]
	iters: 100, epoch: 46 | loss: 1.4309999
	speed: 0.4671s/iter; left time: 11464.9849s
Epoch: 46 cost time: 12.243220567703247
loss: 1.0416 | [██████████----------------------------------------]
loss: 1.0092 | [██████████----------------------------------------]
loss: 0.9127 | [█████████-----------------------------------------]
loss: 1.0130 | [██████████----------------------------------------]
loss: 1.0749 | [██████████----------------------------------------]
loss: 0.9153 | [█████████-----------------------------------------]
loss: 1.0240 | [██████████----------------------------------------]
loss: 1.1533 | [███████████---------------------------------------]
loss: 0.9706 | [█████████-----------------------------------------]
loss: 0.9997 | [█████████-----------------------------------------]
loss: 1.0733 | [██████████----------------------------------------]
loss: 0.9492 | [█████████-----------------------------------------]
Epoch: 46, Steps: 159 | Train Loss: 1.4202534 Vali Loss: 1.2556193 Test Loss: 1.1721391
Validation loss decreased (1.298663 --> 1.255619).  Saving model ...
loss: 0.9304 | [█████████-----------------------------------------]
	iters: 100, epoch: 47 | loss: 1.3493208
	speed: 0.4704s/iter; left time: 11470.7986s
Epoch: 47 cost time: 15.795994520187378
loss: 1.0419 | [██████████----------------------------------------]
loss: 1.0252 | [██████████----------------------------------------]
loss: 0.9914 | [█████████-----------------------------------------]
loss: 1.0680 | [██████████----------------------------------------]
loss: 0.9106 | [█████████-----------------------------------------]
loss: 0.9286 | [█████████-----------------------------------------]
loss: 1.1016 | [███████████---------------------------------------]
loss: 1.0082 | [██████████----------------------------------------]
loss: 0.9746 | [█████████-----------------------------------------]
loss: 1.1013 | [███████████---------------------------------------]
loss: 0.9080 | [█████████-----------------------------------------]
loss: 0.9409 | [█████████-----------------------------------------]
Epoch: 47, Steps: 159 | Train Loss: 1.3783087 Vali Loss: 1.2363280 Test Loss: 1.1553067
Validation loss decreased (1.255619 --> 1.236328).  Saving model ...
loss: 0.9030 | [█████████-----------------------------------------]
	iters: 100, epoch: 48 | loss: 1.2980180
	speed: 0.4464s/iter; left time: 10816.0109s
Epoch: 48 cost time: 13.563577651977539
loss: 1.2343 | [████████████--------------------------------------]
loss: 1.0056 | [██████████----------------------------------------]
loss: 0.9910 | [█████████-----------------------------------------]
loss: 1.0444 | [██████████----------------------------------------]
loss: 0.8970 | [████████------------------------------------------]
loss: 0.9985 | [█████████-----------------------------------------]
loss: 1.0887 | [██████████----------------------------------------]
loss: 0.9455 | [█████████-----------------------------------------]
loss: 1.0728 | [██████████----------------------------------------]
loss: 1.0910 | [██████████----------------------------------------]
loss: 0.8899 | [████████------------------------------------------]
loss: 1.0126 | [██████████----------------------------------------]
Epoch: 48, Steps: 159 | Train Loss: 1.3454886 Vali Loss: 1.2278207 Test Loss: 1.1490579
Validation loss decreased (1.236328 --> 1.227821).  Saving model ...
loss: 0.8716 | [████████------------------------------------------]
	iters: 100, epoch: 49 | loss: 1.3201153
	speed: 0.4718s/iter; left time: 11354.9711s
Epoch: 49 cost time: 16.179033517837524
loss: 1.0107 | [██████████----------------------------------------]
loss: 0.9649 | [█████████-----------------------------------------]
loss: 0.9656 | [█████████-----------------------------------------]
loss: 0.9506 | [█████████-----------------------------------------]
loss: 0.9645 | [█████████-----------------------------------------]
loss: 1.1439 | [███████████---------------------------------------]
loss: 0.9244 | [█████████-----------------------------------------]
loss: 0.9616 | [█████████-----------------------------------------]
loss: 1.1748 | [███████████---------------------------------------]
loss: 0.9433 | [█████████-----------------------------------------]
loss: 0.9042 | [█████████-----------------------------------------]
loss: 1.0605 | [██████████----------------------------------------]
Epoch: 49, Steps: 159 | Train Loss: 1.3170595 Vali Loss: 1.2048823 Test Loss: 1.1224676
Validation loss decreased (1.227821 --> 1.204882).  Saving model ...
loss: 0.8083 | [████████------------------------------------------]
	iters: 100, epoch: 50 | loss: 1.2843567
	speed: 0.4480s/iter; left time: 10711.1401s
Epoch: 50 cost time: 13.265352249145508
loss: 0.9245 | [█████████-----------------------------------------]
loss: 0.9818 | [█████████-----------------------------------------]
loss: 0.9433 | [█████████-----------------------------------------]
loss: 0.9312 | [█████████-----------------------------------------]
loss: 1.0597 | [██████████----------------------------------------]
loss: 1.0255 | [██████████----------------------------------------]
loss: 0.8822 | [████████------------------------------------------]
loss: 1.1190 | [███████████---------------------------------------]
loss: 1.0844 | [██████████----------------------------------------]
loss: 0.8877 | [████████------------------------------------------]
loss: 0.9928 | [█████████-----------------------------------------]
loss: 1.0175 | [██████████----------------------------------------]
Epoch: 50, Steps: 159 | Train Loss: 1.2869602 Vali Loss: 1.1870562 Test Loss: 1.0987234
Validation loss decreased (1.204882 --> 1.187056).  Saving model ...
loss: 0.8674 | [████████------------------------------------------]
	iters: 100, epoch: 51 | loss: 1.2521671
	speed: 0.4689s/iter; left time: 11137.0366s
Epoch: 51 cost time: 15.740301847457886
loss: 1.0000 | [██████████----------------------------------------]
loss: 0.9814 | [█████████-----------------------------------------]
loss: 0.9671 | [█████████-----------------------------------------]
loss: 1.0025 | [██████████----------------------------------------]
loss: 1.0904 | [██████████----------------------------------------]
loss: 0.9442 | [█████████-----------------------------------------]
loss: 0.9433 | [█████████-----------------------------------------]
loss: 1.1584 | [███████████---------------------------------------]
loss: 0.9814 | [█████████-----------------------------------------]
loss: 0.9657 | [█████████-----------------------------------------]
loss: 1.0300 | [██████████----------------------------------------]
Epoch: 51, Steps: 159 | Train Loss: 1.2606460 Vali Loss: 1.1902915 Test Loss: 1.1012600
EarlyStopping counter: 1 out of 5
loss: 0.9212 | [█████████-----------------------------------------]
	iters: 100, epoch: 52 | loss: 1.1548440
	speed: 0.4472s/iter; left time: 10550.0803s
loss: 0.8753 | [████████------------------------------------------]
Epoch: 52 cost time: 13.371133804321289
loss: 1.1371 | [███████████---------------------------------------]
loss: 1.0255 | [██████████----------------------------------------]
loss: 1.0343 | [██████████----------------------------------------]
loss: 1.0644 | [██████████----------------------------------------]
loss: 1.0032 | [██████████----------------------------------------]
loss: 0.8691 | [████████------------------------------------------]
loss: 1.0652 | [██████████----------------------------------------]
loss: 1.0785 | [██████████----------------------------------------]
loss: 0.9373 | [█████████-----------------------------------------]
loss: 1.0761 | [██████████----------------------------------------]
loss: 0.9816 | [█████████-----------------------------------------]
Epoch: 52, Steps: 159 | Train Loss: 1.2331585 Vali Loss: 1.1853451 Test Loss: 1.0937600
Validation loss decreased (1.187056 --> 1.185345).  Saving model ...
loss: 0.8974 | [████████------------------------------------------]
	iters: 100, epoch: 53 | loss: 1.2191848
	speed: 0.4592s/iter; left time: 10760.3502s
loss: 0.9138 | [█████████-----------------------------------------]
Epoch: 53 cost time: 12.53710675239563
loss: 1.1802 | [███████████---------------------------------------]
loss: 0.9907 | [█████████-----------------------------------------]
loss: 0.9856 | [█████████-----------------------------------------]
loss: 1.0608 | [██████████----------------------------------------]
loss: 0.9228 | [█████████-----------------------------------------]
loss: 0.9133 | [█████████-----------------------------------------]
loss: 1.1030 | [███████████---------------------------------------]
loss: 0.9672 | [█████████-----------------------------------------]
loss: 0.9990 | [█████████-----------------------------------------]
loss: 1.1132 | [███████████---------------------------------------]
loss: 0.9568 | [█████████-----------------------------------------]
Epoch: 53, Steps: 159 | Train Loss: 1.2102289 Vali Loss: 1.1656330 Test Loss: 1.0812186
Validation loss decreased (1.185345 --> 1.165633).  Saving model ...
loss: 0.8782 | [████████------------------------------------------]
	iters: 100, epoch: 54 | loss: 1.2024796
	speed: 0.4837s/iter; left time: 11258.2172s
loss: 0.8476 | [████████------------------------------------------]
Epoch: 54 cost time: 13.909647941589355
loss: 1.1437 | [███████████---------------------------------------]
loss: 0.9759 | [█████████-----------------------------------------]
loss: 0.9771 | [█████████-----------------------------------------]
loss: 1.0154 | [██████████----------------------------------------]
loss: 0.8937 | [████████------------------------------------------]
loss: 0.9678 | [█████████-----------------------------------------]
loss: 1.0960 | [██████████----------------------------------------]
loss: 0.9217 | [█████████-----------------------------------------]
loss: 1.0906 | [██████████----------------------------------------]
loss: 1.0761 | [██████████----------------------------------------]
loss: 0.8840 | [████████------------------------------------------]
Epoch: 54, Steps: 159 | Train Loss: 1.1854464 Vali Loss: 1.1701118 Test Loss: 1.0800738
EarlyStopping counter: 1 out of 5
loss: 0.8928 | [████████------------------------------------------]
	iters: 100, epoch: 55 | loss: 1.2123426
	speed: 0.4568s/iter; left time: 10558.7999s
loss: 0.8699 | [████████------------------------------------------]
Epoch: 55 cost time: 15.78022575378418
loss: 0.9666 | [█████████-----------------------------------------]
loss: 0.9511 | [█████████-----------------------------------------]
loss: 0.9689 | [█████████-----------------------------------------]
loss: 0.9381 | [█████████-----------------------------------------]
loss: 0.9400 | [█████████-----------------------------------------]
loss: 1.0246 | [██████████----------------------------------------]
loss: 0.9316 | [█████████-----------------------------------------]
loss: 1.0065 | [██████████----------------------------------------]
loss: 1.1642 | [███████████---------------------------------------]
loss: 0.9333 | [█████████-----------------------------------------]
loss: 0.8817 | [████████------------------------------------------]
Epoch: 55, Steps: 159 | Train Loss: 1.1652833 Vali Loss: 1.1568446 Test Loss: 1.0603929
Validation loss decreased (1.165633 --> 1.156845).  Saving model ...
loss: 0.8705 | [████████------------------------------------------]
	iters: 100, epoch: 56 | loss: 1.1719477
	speed: 0.4726s/iter; left time: 10849.6154s
loss: 0.8804 | [████████------------------------------------------]
Epoch: 56 cost time: 13.394745826721191
loss: 0.9437 | [█████████-----------------------------------------]
loss: 0.9650 | [█████████-----------------------------------------]
loss: 0.9288 | [█████████-----------------------------------------]
loss: 0.8920 | [████████------------------------------------------]
loss: 1.0334 | [██████████----------------------------------------]
loss: 0.9908 | [█████████-----------------------------------------]
loss: 0.9044 | [█████████-----------------------------------------]
loss: 1.1161 | [███████████---------------------------------------]
loss: 1.0970 | [██████████----------------------------------------]
loss: 0.8788 | [████████------------------------------------------]
loss: 0.9303 | [█████████-----------------------------------------]
Epoch: 56, Steps: 159 | Train Loss: 1.1416681 Vali Loss: 1.1550500 Test Loss: 1.0564557
Validation loss decreased (1.156845 --> 1.155050).  Saving model ...
loss: 0.9167 | [█████████-----------------------------------------]
	iters: 100, epoch: 57 | loss: 1.1367377
	speed: 0.4477s/iter; left time: 10205.6903s
loss: 0.8768 | [████████------------------------------------------]
Epoch: 57 cost time: 15.873875617980957
loss: 1.0234 | [██████████----------------------------------------]
loss: 0.9900 | [█████████-----------------------------------------]
loss: 0.8777 | [████████------------------------------------------]
loss: 0.9407 | [█████████-----------------------------------------]
loss: 1.0774 | [██████████----------------------------------------]
loss: 0.9401 | [█████████-----------------------------------------]
loss: 0.9588 | [█████████-----------------------------------------]
loss: 1.1640 | [███████████---------------------------------------]
loss: 0.9757 | [█████████-----------------------------------------]
loss: 0.9405 | [█████████-----------------------------------------]
loss: 0.9812 | [█████████-----------------------------------------]
Epoch: 57, Steps: 159 | Train Loss: 1.1240058 Vali Loss: 1.1563292 Test Loss: 1.0602806
EarlyStopping counter: 1 out of 5
loss: 0.8358 | [████████------------------------------------------]
	iters: 100, epoch: 58 | loss: 1.1050833
	speed: 0.4716s/iter; left time: 10676.2297s
loss: 0.8313 | [████████------------------------------------------]
Epoch: 58 cost time: 13.346532344818115
loss: 1.1848 | [███████████---------------------------------------]
loss: 0.9957 | [█████████-----------------------------------------]
loss: 0.9455 | [█████████-----------------------------------------]
loss: 1.0476 | [██████████----------------------------------------]
loss: 1.0240 | [██████████----------------------------------------]
loss: 0.8669 | [████████------------------------------------------]
loss: 1.0860 | [██████████----------------------------------------]
loss: 1.1004 | [███████████---------------------------------------]
loss: 0.8807 | [████████------------------------------------------]
loss: 1.0492 | [██████████----------------------------------------]
loss: 0.9914 | [█████████-----------------------------------------]
Epoch: 58, Steps: 159 | Train Loss: 1.1036370 Vali Loss: 1.1422706 Test Loss: 1.0546893
Validation loss decreased (1.155050 --> 1.142271).  Saving model ...
loss: 0.8529 | [████████------------------------------------------]
	iters: 100, epoch: 59 | loss: 1.0599279
	speed: 0.4467s/iter; left time: 10041.1175s
loss: 0.8635 | [████████------------------------------------------]
Epoch: 59 cost time: 15.819494247436523
loss: 1.2104 | [████████████--------------------------------------]
loss: 0.9979 | [█████████-----------------------------------------]
loss: 1.0513 | [██████████----------------------------------------]
loss: 1.0632 | [██████████----------------------------------------]
loss: 0.9080 | [█████████-----------------------------------------]
loss: 0.9279 | [█████████-----------------------------------------]
loss: 1.1169 | [███████████---------------------------------------]
loss: 0.9394 | [█████████-----------------------------------------]
loss: 0.9483 | [█████████-----------------------------------------]
loss: 1.0979 | [██████████----------------------------------------]
loss: 0.8760 | [████████------------------------------------------]
Epoch: 59, Steps: 159 | Train Loss: 1.0850747 Vali Loss: 1.1528692 Test Loss: 1.0577566
EarlyStopping counter: 1 out of 5
loss: 0.8138 | [████████------------------------------------------]
	iters: 100, epoch: 60 | loss: 1.0750674
	speed: 0.4477s/iter; left time: 9993.3095s
loss: 0.9219 | [█████████-----------------------------------------]
Epoch: 60 cost time: 13.350448369979858
loss: 1.1823 | [███████████---------------------------------------]
loss: 0.9809 | [█████████-----------------------------------------]
loss: 1.0278 | [██████████----------------------------------------]
loss: 1.0639 | [██████████----------------------------------------]
loss: 0.9021 | [█████████-----------------------------------------]
loss: 0.9901 | [█████████-----------------------------------------]
loss: 1.1157 | [███████████---------------------------------------]
loss: 0.9363 | [█████████-----------------------------------------]
loss: 1.0435 | [██████████----------------------------------------]
loss: 1.1118 | [███████████---------------------------------------]
loss: 0.9283 | [█████████-----------------------------------------]
Epoch: 60, Steps: 159 | Train Loss: 1.0684373 Vali Loss: 1.1694513 Test Loss: 1.0726954
EarlyStopping counter: 2 out of 5
loss: 0.8657 | [████████------------------------------------------]
	iters: 100, epoch: 61 | loss: 1.0108321
	speed: 0.4724s/iter; left time: 10469.9340s
loss: 0.8392 | [████████------------------------------------------]
Epoch: 61 cost time: 15.831194400787354
loss: 1.0131 | [██████████----------------------------------------]
loss: 0.9135 | [█████████-----------------------------------------]
loss: 1.0036 | [██████████----------------------------------------]
loss: 0.9429 | [█████████-----------------------------------------]
loss: 0.9747 | [█████████-----------------------------------------]
loss: 1.0681 | [██████████----------------------------------------]
loss: 0.9784 | [█████████-----------------------------------------]
loss: 0.9695 | [█████████-----------------------------------------]
loss: 1.1197 | [███████████---------------------------------------]
loss: 0.9929 | [█████████-----------------------------------------]
loss: 0.9130 | [█████████-----------------------------------------]
Epoch: 61, Steps: 159 | Train Loss: 1.0525027 Vali Loss: 1.1529448 Test Loss: 1.0605766
EarlyStopping counter: 3 out of 5
loss: 0.8911 | [████████------------------------------------------]
	iters: 100, epoch: 62 | loss: 1.0052687
	speed: 0.4439s/iter; left time: 9766.6856s
loss: 0.8457 | [████████------------------------------------------]
Epoch: 62 cost time: 13.311378479003906
loss: 0.9628 | [█████████-----------------------------------------]
loss: 0.9754 | [█████████-----------------------------------------]
loss: 0.9373 | [█████████-----------------------------------------]
loss: 0.9419 | [█████████-----------------------------------------]
loss: 1.0684 | [██████████----------------------------------------]
loss: 0.9773 | [█████████-----------------------------------------]
loss: 0.9500 | [█████████-----------------------------------------]
loss: 1.1853 | [███████████---------------------------------------]
loss: 1.0362 | [██████████----------------------------------------]
loss: 0.9708 | [█████████-----------------------------------------]
loss: 0.9726 | [█████████-----------------------------------------]
Epoch: 62, Steps: 159 | Train Loss: 1.0366685 Vali Loss: 1.1711978 Test Loss: 1.0713626
EarlyStopping counter: 4 out of 5
loss: 0.9044 | [█████████-----------------------------------------]
	iters: 100, epoch: 63 | loss: 1.0334808
	speed: 0.4720s/iter; left time: 10310.4820s
loss: 0.8585 | [████████------------------------------------------]
Epoch: 63 cost time: 15.689683198928833
loss: 1.0050 | [██████████----------------------------------------]
loss: 0.9655 | [█████████-----------------------------------------]
loss: 0.9211 | [█████████-----------------------------------------]
loss: 0.9735 | [█████████-----------------------------------------]
loss: 1.0883 | [██████████----------------------------------------]
loss: 0.9169 | [█████████-----------------------------------------]
loss: 0.9724 | [█████████-----------------------------------------]
loss: 1.1824 | [███████████---------------------------------------]
loss: 0.9757 | [█████████-----------------------------------------]
loss: 0.9938 | [█████████-----------------------------------------]
loss: 1.0098 | [██████████----------------------------------------]
Epoch: 63, Steps: 159 | Train Loss: 1.0223859 Vali Loss: 1.1623071 Test Loss: 1.0634586
EarlyStopping counter: 5 out of 5
Early stopping
>>>>>>>testing : long_term_forecast_tfnsw_all_96_192_365_woatf_CAMEL_custom_ftM_sl96_ll48_pl192_dm512_nh8_el2_dl1_df2048_fc3_ebtimeF_dtTrue_srate0.1_sseed7_trainseed2024_gap365_CAMEL_0<<<<<<<<<<<<<<<<<<<<<<<<<<<<<<<<<
test 11055
mse:0.9957031607627869, mae:0.8210462927818298
>>>>>>>Overall time: 3021 seconds<<<<<<<<<<<<<<<<<<<<<<<<<<<<<<<<<
