Args in experiment:
Namespace(samle_rate=0.1, sample_seed=7, train_seed=2024, gap_day=365, task_name='long_term_forecast', is_training=1, model_id='tfnsw_all_96_96_365_wolde', model='CAMEL', data='custom', root_path='/home/cyrilyuan/projects/XXLTraffic-main/data/pems/', data_path='tfnsw.csv', features='M', target='', freq='h', checkpoints='./checkpoints/', seq_len=96, label_len=48, pred_len=96, seasonal_patterns='Monthly', inverse=False, mask_rate=0.25, anomaly_ratio=0.25, expand=2, d_conv=4, top_k=5, num_kernels=6, enc_in=27, dec_in=27, c_out=27, d_model=512, n_heads=8, e_layers=2, d_layers=1, d_ff=2048, moving_avg=25, factor=3, distil=True, dropout=0.3, embed='timeF', activation='gelu', output_attention=False, num_workers=10, itr=1, train_epochs=200, batch_size=32, patience=5, learning_rate=0.0005, des='CAMEL', loss='MSE', lradj='type3', use_amp=False, enable_camel=False, camel_gap_years=1.5, camel_memory_size=1024, camel_k_retrieve=8, camel_latent_dim=32, camel_d_model=32, camel_use_nll=False, lambda_mem=0.01, lambda_ode=0.01, lambda_smooth=0.0, camel_min_year_gap=1.0, camel_gap_tolerance=0.25, use_gpu=True, gpu=0, use_multi_gpu=False, devices='0,1,2,3', p_hidden_dims=[128, 128], p_hidden_layers=2, steps_per_day=24, ablate_memory=False, ablate_ode=True, ablate_atf_avg=False, use_which_ode=0, camel_tau=0.1, camel_sim_threshold=0.5, camel_sim_scale=10.0, camel_tau_contrast=0.07)
Use GPU: cuda:0
>>>>>>>start training : long_term_forecast_tfnsw_all_96_96_365_wolde_CAMEL_custom_ftM_sl96_ll48_pl96_dm512_nh8_el2_dl1_df2048_fc3_ebtimeF_dtTrue_srate0.1_sseed7_trainseed2024_gap365_CAMEL_0>>>>>>>>>>>>>>>>>>>>>>>>>>
train 51068
val 11152
test 11151
loss: 0.7693 | [███████-------------------------------------------]
	iters: 100, epoch: 1 | loss: 0.7965832
	speed: 0.0586s/iter; left time: 1856.5563s
Epoch: 1 cost time: 8.064918279647827
loss: 0.8376 | [████████------------------------------------------]
loss: 0.9420 | [█████████-----------------------------------------]
loss: 1.1702 | [███████████---------------------------------------]
loss: 0.9160 | [█████████-----------------------------------------]
loss: 1.0090 | [██████████----------------------------------------]
loss: 1.0238 | [██████████----------------------------------------]
loss: 0.9499 | [█████████-----------------------------------------]
loss: 0.9813 | [█████████-----------------------------------------]
loss: 0.9612 | [█████████-----------------------------------------]
loss: 0.9226 | [█████████-----------------------------------------]
loss: 0.8825 | [████████------------------------------------------]
loss: 1.0003 | [██████████----------------------------------------]
Epoch: 1, Steps: 159 | Train Loss: 0.8901620 Vali Loss: 0.9251107 Test Loss: 0.9930659
Validation loss decreased (inf --> 0.925111).  Saving model ...
loss: 0.8019 | [████████------------------------------------------]
	iters: 100, epoch: 2 | loss: 0.8411436
	speed: 0.1268s/iter; left time: 3999.5709s
Epoch: 2 cost time: 6.916642665863037
loss: 0.8549 | [████████------------------------------------------]
loss: 0.9390 | [█████████-----------------------------------------]
loss: 1.0899 | [██████████----------------------------------------]
loss: 0.9768 | [█████████-----------------------------------------]
loss: 1.0859 | [██████████----------------------------------------]
loss: 0.8525 | [████████------------------------------------------]
loss: 0.9104 | [█████████-----------------------------------------]
loss: 0.9509 | [█████████-----------------------------------------]
loss: 0.9004 | [█████████-----------------------------------------]
loss: 0.9550 | [█████████-----------------------------------------]
loss: 0.8631 | [████████------------------------------------------]
loss: 1.0157 | [██████████----------------------------------------]
Epoch: 2, Steps: 159 | Train Loss: 0.7859672 Vali Loss: 0.9012064 Test Loss: 0.9644314
Validation loss decreased (0.925111 --> 0.901206).  Saving model ...
loss: 0.7638 | [███████-------------------------------------------]
	iters: 100, epoch: 3 | loss: 0.7971746
	speed: 0.0993s/iter; left time: 3116.0201s
Epoch: 3 cost time: 6.883249998092651
loss: 0.9050 | [█████████-----------------------------------------]
loss: 0.9154 | [█████████-----------------------------------------]
loss: 1.0246 | [██████████----------------------------------------]
loss: 0.9299 | [█████████-----------------------------------------]
loss: 0.9850 | [█████████-----------------------------------------]
loss: 0.9787 | [█████████-----------------------------------------]
loss: 0.8916 | [████████------------------------------------------]
loss: 0.8524 | [████████------------------------------------------]
loss: 0.9333 | [█████████-----------------------------------------]
loss: 0.9206 | [█████████-----------------------------------------]
loss: 0.8916 | [████████------------------------------------------]
loss: 1.0651 | [██████████----------------------------------------]
Epoch: 3, Steps: 159 | Train Loss: 0.7667598 Vali Loss: 0.8936615 Test Loss: 0.9593942
Validation loss decreased (0.901206 --> 0.893662).  Saving model ...
loss: 0.7597 | [███████-------------------------------------------]
	iters: 100, epoch: 4 | loss: 0.7327965
	speed: 0.1263s/iter; left time: 3942.3912s
Epoch: 4 cost time: 7.032657146453857
loss: 0.8247 | [████████------------------------------------------]
loss: 0.9993 | [█████████-----------------------------------------]
loss: 1.0234 | [██████████----------------------------------------]
loss: 0.8861 | [████████------------------------------------------]
loss: 1.0438 | [██████████----------------------------------------]
loss: 0.9602 | [█████████-----------------------------------------]
loss: 0.9579 | [█████████-----------------------------------------]
loss: 0.9947 | [█████████-----------------------------------------]
loss: 0.9086 | [█████████-----------------------------------------]
loss: 0.8759 | [████████------------------------------------------]
loss: 0.8586 | [████████------------------------------------------]
loss: 1.0827 | [██████████----------------------------------------]
Epoch: 4, Steps: 159 | Train Loss: 0.7586588 Vali Loss: 0.8940814 Test Loss: 0.9564981
EarlyStopping counter: 1 out of 5
loss: 0.7474 | [███████-------------------------------------------]
	iters: 100, epoch: 5 | loss: 0.7997303
	speed: 0.1263s/iter; left time: 3922.2013s
Epoch: 5 cost time: 4.477359771728516
loss: 0.8564 | [████████------------------------------------------]
loss: 0.9667 | [█████████-----------------------------------------]
loss: 1.0905 | [██████████----------------------------------------]
loss: 0.9940 | [█████████-----------------------------------------]
loss: 1.1087 | [███████████---------------------------------------]
loss: 0.8369 | [████████------------------------------------------]
loss: 0.9518 | [█████████-----------------------------------------]
loss: 0.9826 | [█████████-----------------------------------------]
loss: 1.0387 | [██████████----------------------------------------]
loss: 1.0095 | [██████████----------------------------------------]
loss: 0.8520 | [████████------------------------------------------]
loss: 1.0174 | [██████████----------------------------------------]
Epoch: 5, Steps: 159 | Train Loss: 0.7528982 Vali Loss: 0.8920552 Test Loss: 0.9801423
Validation loss decreased (0.893662 --> 0.892055).  Saving model ...
loss: 0.7525 | [███████-------------------------------------------]
	iters: 100, epoch: 6 | loss: 0.7567309
	speed: 0.1012s/iter; left time: 3128.1432s
Epoch: 6 cost time: 6.925523042678833
loss: 0.9661 | [█████████-----------------------------------------]
loss: 0.9462 | [█████████-----------------------------------------]
loss: 1.0760 | [██████████----------------------------------------]
loss: 1.0147 | [██████████----------------------------------------]
loss: 1.1352 | [███████████---------------------------------------]
loss: 0.9869 | [█████████-----------------------------------------]
loss: 1.0255 | [██████████----------------------------------------]
loss: 0.8309 | [████████------------------------------------------]
loss: 0.8839 | [████████------------------------------------------]
loss: 1.0598 | [██████████----------------------------------------]
loss: 1.0129 | [██████████----------------------------------------]
loss: 1.1218 | [███████████---------------------------------------]
Epoch: 6, Steps: 159 | Train Loss: 0.7464883 Vali Loss: 0.8938108 Test Loss: 1.0038673
EarlyStopping counter: 1 out of 5
loss: 0.7307 | [███████-------------------------------------------]
	iters: 100, epoch: 7 | loss: 0.6986002
	speed: 0.1277s/iter; left time: 3927.7484s
loss: 0.6909 | [██████--------------------------------------------]
Epoch: 7 cost time: 7.056401014328003
loss: 1.0951 | [██████████----------------------------------------]
loss: 1.1497 | [███████████---------------------------------------]
loss: 1.0114 | [██████████----------------------------------------]
loss: 1.1771 | [███████████---------------------------------------]
loss: 1.0240 | [██████████----------------------------------------]
loss: 1.3953 | [█████████████-------------------------------------]
loss: 1.1710 | [███████████---------------------------------------]
loss: 1.1860 | [███████████---------------------------------------]
loss: 1.1800 | [███████████---------------------------------------]
loss: 1.1703 | [███████████---------------------------------------]
loss: 1.1845 | [███████████---------------------------------------]
Epoch: 7, Steps: 159 | Train Loss: 0.7334530 Vali Loss: 0.9181111 Test Loss: 1.1740493
EarlyStopping counter: 2 out of 5
loss: 0.6822 | [██████--------------------------------------------]
	iters: 100, epoch: 8 | loss: 0.7142844
	speed: 0.1027s/iter; left time: 3141.0791s
loss: 0.6592 | [██████--------------------------------------------]
Epoch: 8 cost time: 6.991408824920654
loss: 1.0700 | [██████████----------------------------------------]
loss: 1.2089 | [████████████--------------------------------------]
loss: 1.1985 | [███████████---------------------------------------]
loss: 1.1295 | [███████████---------------------------------------]
loss: 1.0005 | [██████████----------------------------------------]
loss: 1.2554 | [████████████--------------------------------------]
loss: 1.2832 | [████████████--------------------------------------]
loss: 1.3925 | [█████████████-------------------------------------]
loss: 1.3721 | [█████████████-------------------------------------]
loss: 1.1470 | [███████████---------------------------------------]
loss: 1.3125 | [█████████████-------------------------------------]
Epoch: 8, Steps: 159 | Train Loss: 0.7012346 Vali Loss: 0.9374181 Test Loss: 1.2233589
EarlyStopping counter: 3 out of 5
loss: 0.6856 | [██████--------------------------------------------]
	iters: 100, epoch: 9 | loss: 0.7221161
	speed: 0.1275s/iter; left time: 3879.3934s
loss: 0.6879 | [██████--------------------------------------------]
Epoch: 9 cost time: 7.052873611450195
loss: 1.0949 | [██████████----------------------------------------]
loss: 1.2319 | [████████████--------------------------------------]
loss: 1.1326 | [███████████---------------------------------------]
loss: 1.2200 | [████████████--------------------------------------]
loss: 0.9928 | [█████████-----------------------------------------]
loss: 1.4483 | [██████████████------------------------------------]
loss: 1.1628 | [███████████---------------------------------------]
loss: 1.5029 | [███████████████-----------------------------------]
loss: 1.4393 | [██████████████------------------------------------]
loss: 1.3359 | [█████████████-------------------------------------]
loss: 1.3694 | [█████████████-------------------------------------]
Epoch: 9, Steps: 159 | Train Loss: 0.6798060 Vali Loss: 0.9767180 Test Loss: 1.2739099
EarlyStopping counter: 4 out of 5
loss: 0.6293 | [██████--------------------------------------------]
	iters: 100, epoch: 10 | loss: 0.6984927
	speed: 0.1266s/iter; left time: 3832.8448s
loss: 0.6613 | [██████--------------------------------------------]
Epoch: 10 cost time: 4.374912738800049
loss: 0.9963 | [█████████-----------------------------------------]
loss: 1.2909 | [████████████--------------------------------------]
loss: 1.1971 | [███████████---------------------------------------]
loss: 1.3011 | [█████████████-------------------------------------]
loss: 1.1877 | [███████████---------------------------------------]
loss: 1.3712 | [█████████████-------------------------------------]
loss: 1.2541 | [████████████--------------------------------------]
loss: 1.4657 | [██████████████------------------------------------]
loss: 1.3234 | [█████████████-------------------------------------]
loss: 1.3131 | [█████████████-------------------------------------]
loss: 1.3322 | [█████████████-------------------------------------]
Epoch: 10, Steps: 159 | Train Loss: 0.6673210 Vali Loss: 0.9520236 Test Loss: 1.2936381
EarlyStopping counter: 5 out of 5
Early stopping
>>>>>>>testing : long_term_forecast_tfnsw_all_96_96_365_wolde_CAMEL_custom_ftM_sl96_ll48_pl96_dm512_nh8_el2_dl1_df2048_fc3_ebtimeF_dtTrue_srate0.1_sseed7_trainseed2024_gap365_CAMEL_0<<<<<<<<<<<<<<<<<<<<<<<<<<<<<<<<<
test 11151
mse:0.9638052582740784, mae:0.7804195880889893
>>>>>>>Overall time: 123 seconds<<<<<<<<<<<<<<<<<<<<<<<<<<<<<<<<<
