Args in experiment:
Namespace(samle_rate=0.1, sample_seed=7, train_seed=2024, gap_day=365, task_name='long_term_forecast', is_training=1, model_id='tfnsw_all_96_192_365_wolde', model='CAMEL', data='custom', root_path='/home/cyrilyuan/projects/XXLTraffic-main/data/pems/', data_path='tfnsw.csv', features='M', target='', freq='h', checkpoints='./checkpoints/', seq_len=96, label_len=48, pred_len=192, seasonal_patterns='Monthly', inverse=False, mask_rate=0.25, anomaly_ratio=0.25, expand=2, d_conv=4, top_k=5, num_kernels=6, enc_in=27, dec_in=27, c_out=27, d_model=512, n_heads=8, e_layers=2, d_layers=1, d_ff=2048, moving_avg=25, factor=3, distil=True, dropout=0.3, embed='timeF', activation='gelu', output_attention=False, num_workers=10, itr=1, train_epochs=200, batch_size=32, patience=5, learning_rate=0.0005, des='CAMEL', loss='MSE', lradj='type3', use_amp=False, enable_camel=False, camel_gap_years=1.5, camel_memory_size=1024, camel_k_retrieve=8, camel_latent_dim=32, camel_d_model=32, camel_use_nll=False, lambda_mem=0.01, lambda_ode=0.01, lambda_smooth=0.0, camel_min_year_gap=1.0, camel_gap_tolerance=0.25, use_gpu=True, gpu=0, use_multi_gpu=False, devices='0,1,2,3', p_hidden_dims=[128, 128], p_hidden_layers=2, steps_per_day=24, ablate_memory=False, ablate_ode=True, ablate_atf=False, use_which_ode=0, camel_tau=0.1, camel_sim_threshold=0.5, camel_sim_scale=10.0, camel_tau_contrast=0.07)
Use GPU: cuda:0
>>>>>>>start training : long_term_forecast_tfnsw_all_96_192_365_wolde_CAMEL_custom_ftM_sl96_ll48_pl192_dm512_nh8_el2_dl1_df2048_fc3_ebtimeF_dtTrue_srate0.1_sseed7_trainseed2024_gap365_CAMEL_0>>>>>>>>>>>>>>>>>>>>>>>>>>
train 50972
val 11056
test 11055
loss: 0.8013 | [████████------------------------------------------]
	iters: 100, epoch: 1 | loss: 0.8272632
	speed: 0.0575s/iter; left time: 1821.6148s
Epoch: 1 cost time: 8.011302947998047
loss: 0.8982 | [████████------------------------------------------]
loss: 1.0255 | [██████████----------------------------------------]
loss: 1.0411 | [██████████----------------------------------------]
loss: 0.9834 | [█████████-----------------------------------------]
loss: 1.0346 | [██████████----------------------------------------]
loss: 1.0186 | [██████████----------------------------------------]
loss: 0.9898 | [█████████-----------------------------------------]
loss: 0.9315 | [█████████-----------------------------------------]
loss: 0.9617 | [█████████-----------------------------------------]
loss: 0.8876 | [████████------------------------------------------]
loss: 0.9892 | [█████████-----------------------------------------]
Epoch: 1, Steps: 159 | Train Loss: 0.8995515 Vali Loss: 0.9196049 Test Loss: 1.0111244
Validation loss decreased (inf --> 0.919605).  Saving model ...
loss: 0.7491 | [███████-------------------------------------------]
	iters: 100, epoch: 2 | loss: 0.7710592
	speed: 0.1122s/iter; left time: 3539.0671s
loss: 0.7328 | [███████-------------------------------------------]
Epoch: 2 cost time: 7.536684036254883
loss: 0.9045 | [█████████-----------------------------------------]
loss: 0.9577 | [█████████-----------------------------------------]
loss: 0.9269 | [█████████-----------------------------------------]
loss: 1.0273 | [██████████----------------------------------------]
loss: 0.9728 | [█████████-----------------------------------------]
loss: 0.9779 | [█████████-----------------------------------------]
loss: 0.9853 | [█████████-----------------------------------------]
loss: 0.8639 | [████████------------------------------------------]
loss: 0.8905 | [████████------------------------------------------]
loss: 0.8676 | [████████------------------------------------------]
loss: 0.9591 | [█████████-----------------------------------------]
Epoch: 2, Steps: 159 | Train Loss: 0.7909173 Vali Loss: 0.8932362 Test Loss: 0.9644019
Validation loss decreased (0.919605 --> 0.893236).  Saving model ...
loss: 0.7927 | [███████-------------------------------------------]
	iters: 100, epoch: 3 | loss: 0.7236293
	speed: 0.1370s/iter; left time: 4298.4415s
loss: 0.7305 | [███████-------------------------------------------]
Epoch: 3 cost time: 7.234077453613281
loss: 0.9223 | [█████████-----------------------------------------]
loss: 0.9097 | [█████████-----------------------------------------]
loss: 0.9762 | [█████████-----------------------------------------]
loss: 1.0320 | [██████████----------------------------------------]
loss: 0.9440 | [█████████-----------------------------------------]
loss: 0.9532 | [█████████-----------------------------------------]
loss: 0.9866 | [█████████-----------------------------------------]
loss: 0.8472 | [████████------------------------------------------]
loss: 0.8975 | [████████------------------------------------------]
loss: 0.8745 | [████████------------------------------------------]
loss: 0.9490 | [█████████-----------------------------------------]
Epoch: 3, Steps: 159 | Train Loss: 0.7679609 Vali Loss: 0.8924153 Test Loss: 0.9592912
Validation loss decreased (0.893236 --> 0.892415).  Saving model ...
loss: 0.7595 | [███████-------------------------------------------]
	iters: 100, epoch: 4 | loss: 0.7775202
	speed: 0.1046s/iter; left time: 3266.5742s
loss: 0.6949 | [██████--------------------------------------------]
Epoch: 4 cost time: 4.639567852020264
loss: 0.9055 | [█████████-----------------------------------------]
loss: 0.8900 | [████████------------------------------------------]
loss: 1.0386 | [██████████----------------------------------------]
loss: 1.0045 | [██████████----------------------------------------]
loss: 0.9200 | [█████████-----------------------------------------]
loss: 0.9253 | [█████████-----------------------------------------]
loss: 0.9430 | [█████████-----------------------------------------]
loss: 0.8447 | [████████------------------------------------------]
loss: 0.9297 | [█████████-----------------------------------------]
loss: 0.8696 | [████████------------------------------------------]
loss: 0.9080 | [█████████-----------------------------------------]
Epoch: 4, Steps: 159 | Train Loss: 0.7606908 Vali Loss: 0.8980766 Test Loss: 0.9426935
EarlyStopping counter: 1 out of 5
loss: 0.7748 | [███████-------------------------------------------]
	iters: 100, epoch: 5 | loss: 0.7877351
	speed: 0.1344s/iter; left time: 4174.8718s
loss: 0.7618 | [███████-------------------------------------------]
Epoch: 5 cost time: 7.639130115509033
loss: 0.8876 | [████████------------------------------------------]
loss: 0.9081 | [█████████-----------------------------------------]
loss: 1.0688 | [██████████----------------------------------------]
loss: 0.9446 | [█████████-----------------------------------------]
loss: 0.9388 | [█████████-----------------------------------------]
loss: 0.9288 | [█████████-----------------------------------------]
loss: 0.8904 | [████████------------------------------------------]
loss: 0.8898 | [████████------------------------------------------]
loss: 0.9386 | [█████████-----------------------------------------]
loss: 0.8690 | [████████------------------------------------------]
loss: 0.9404 | [█████████-----------------------------------------]
Epoch: 5, Steps: 159 | Train Loss: 0.7564142 Vali Loss: 0.8930979 Test Loss: 0.9497763
EarlyStopping counter: 2 out of 5
loss: 0.7336 | [███████-------------------------------------------]
	iters: 100, epoch: 6 | loss: 0.8163308
	speed: 0.1368s/iter; left time: 4228.9009s
loss: 0.7336 | [███████-------------------------------------------]
Epoch: 6 cost time: 7.4928319454193115
loss: 0.8807 | [████████------------------------------------------]
loss: 0.9829 | [█████████-----------------------------------------]
loss: 1.0015 | [██████████----------------------------------------]
loss: 0.9865 | [█████████-----------------------------------------]
loss: 0.9736 | [█████████-----------------------------------------]
loss: 0.8878 | [████████------------------------------------------]
loss: 0.8778 | [████████------------------------------------------]
loss: 0.8964 | [████████------------------------------------------]
loss: 0.9248 | [█████████-----------------------------------------]
loss: 0.8686 | [████████------------------------------------------]
loss: 0.9554 | [█████████-----------------------------------------]
Epoch: 6, Steps: 159 | Train Loss: 0.7531595 Vali Loss: 0.8916991 Test Loss: 0.9429362
Validation loss decreased (0.892415 --> 0.891699).  Saving model ...
loss: 0.7304 | [███████-------------------------------------------]
	iters: 100, epoch: 7 | loss: 0.7546604
	speed: 0.1159s/iter; left time: 3564.6188s
loss: 0.7328 | [███████-------------------------------------------]
Epoch: 7 cost time: 7.37628173828125
loss: 0.8790 | [████████------------------------------------------]
loss: 0.9971 | [█████████-----------------------------------------]
loss: 0.9840 | [█████████-----------------------------------------]
loss: 0.9689 | [█████████-----------------------------------------]
loss: 0.9724 | [█████████-----------------------------------------]
loss: 0.8536 | [████████------------------------------------------]
loss: 0.9238 | [█████████-----------------------------------------]
loss: 0.9025 | [█████████-----------------------------------------]
loss: 0.9432 | [█████████-----------------------------------------]
loss: 0.9196 | [█████████-----------------------------------------]
loss: 0.9486 | [█████████-----------------------------------------]
Epoch: 7, Steps: 159 | Train Loss: 0.7500824 Vali Loss: 0.8902140 Test Loss: 0.9546908
Validation loss decreased (0.891699 --> 0.890214).  Saving model ...
loss: 0.7446 | [███████-------------------------------------------]
	iters: 100, epoch: 8 | loss: 0.7681335
	speed: 0.1347s/iter; left time: 4119.0201s
loss: 0.6882 | [██████--------------------------------------------]
Epoch: 8 cost time: 7.454434871673584
loss: 0.8905 | [████████------------------------------------------]
loss: 1.0023 | [██████████----------------------------------------]
loss: 0.9611 | [█████████-----------------------------------------]
loss: 1.0614 | [██████████----------------------------------------]
loss: 0.9455 | [█████████-----------------------------------------]
loss: 0.8492 | [████████------------------------------------------]
loss: 0.9713 | [█████████-----------------------------------------]
loss: 0.9657 | [█████████-----------------------------------------]
loss: 1.0065 | [██████████----------------------------------------]
loss: 0.9986 | [█████████-----------------------------------------]
loss: 0.8897 | [████████------------------------------------------]
Epoch: 8, Steps: 159 | Train Loss: 0.7473939 Vali Loss: 0.8845694 Test Loss: 0.9768478
Validation loss decreased (0.890214 --> 0.884569).  Saving model ...
loss: 0.7284 | [███████-------------------------------------------]
	iters: 100, epoch: 9 | loss: 0.7339702
	speed: 0.1325s/iter; left time: 4031.4531s
loss: 0.6739 | [██████--------------------------------------------]
Epoch: 9 cost time: 7.108339309692383
loss: 0.9652 | [█████████-----------------------------------------]
loss: 1.0261 | [██████████----------------------------------------]
loss: 0.9870 | [█████████-----------------------------------------]
loss: 1.1020 | [███████████---------------------------------------]
loss: 0.9503 | [█████████-----------------------------------------]
loss: 0.9214 | [█████████-----------------------------------------]
loss: 1.0655 | [██████████----------------------------------------]
loss: 1.1372 | [███████████---------------------------------------]
loss: 1.1890 | [███████████---------------------------------------]
loss: 1.0409 | [██████████----------------------------------------]
loss: 0.8836 | [████████------------------------------------------]
Epoch: 9, Steps: 159 | Train Loss: 0.7412854 Vali Loss: 0.9058281 Test Loss: 1.0329836
EarlyStopping counter: 1 out of 5
loss: 0.6969 | [██████--------------------------------------------]
	iters: 100, epoch: 10 | loss: 0.7157547
	speed: 0.1021s/iter; left time: 3091.8023s
loss: 0.6666 | [██████--------------------------------------------]
Epoch: 10 cost time: 4.108800172805786
loss: 1.1742 | [███████████---------------------------------------]
loss: 1.2553 | [████████████--------------------------------------]
loss: 1.1684 | [███████████---------------------------------------]
loss: 1.0992 | [██████████----------------------------------------]
loss: 1.1160 | [███████████---------------------------------------]
loss: 1.2179 | [████████████--------------------------------------]
loss: 1.2608 | [████████████--------------------------------------]
loss: 1.4209 | [██████████████------------------------------------]
loss: 1.4907 | [██████████████------------------------------------]
loss: 1.3249 | [█████████████-------------------------------------]
loss: 1.3242 | [█████████████-------------------------------------]
Epoch: 10, Steps: 159 | Train Loss: 0.7151592 Vali Loss: 0.9848993 Test Loss: 1.2574744
EarlyStopping counter: 2 out of 5
loss: 0.6790 | [██████--------------------------------------------]
	iters: 100, epoch: 11 | loss: 0.6895127
	speed: 0.1345s/iter; left time: 4049.7821s
loss: 0.6768 | [██████--------------------------------------------]
Epoch: 11 cost time: 7.537987947463989
loss: 1.2641 | [████████████--------------------------------------]
loss: 1.3937 | [█████████████-------------------------------------]
loss: 1.2368 | [████████████--------------------------------------]
loss: 1.2697 | [████████████--------------------------------------]
loss: 1.2150 | [████████████--------------------------------------]
loss: 1.3629 | [█████████████-------------------------------------]
loss: 1.3086 | [█████████████-------------------------------------]
loss: 1.5105 | [███████████████-----------------------------------]
loss: 1.5384 | [███████████████-----------------------------------]
loss: 1.4037 | [██████████████------------------------------------]
loss: 1.4666 | [██████████████------------------------------------]
Epoch: 11, Steps: 159 | Train Loss: 0.6825427 Vali Loss: 1.0112922 Test Loss: 1.3521971
EarlyStopping counter: 3 out of 5
loss: 0.6337 | [██████--------------------------------------------]
	iters: 100, epoch: 12 | loss: 0.6864564
	speed: 0.1351s/iter; left time: 4046.1139s
loss: 0.6589 | [██████--------------------------------------------]
Epoch: 12 cost time: 7.511983633041382
loss: 1.1629 | [███████████---------------------------------------]
loss: 1.2087 | [████████████--------------------------------------]
loss: 1.1337 | [███████████---------------------------------------]
loss: 1.2136 | [████████████--------------------------------------]
loss: 1.2227 | [████████████--------------------------------------]
loss: 1.2835 | [████████████--------------------------------------]
loss: 1.2813 | [████████████--------------------------------------]
loss: 1.3559 | [█████████████-------------------------------------]
loss: 1.3878 | [█████████████-------------------------------------]
loss: 1.2786 | [████████████--------------------------------------]
loss: 1.2582 | [████████████--------------------------------------]
Epoch: 12, Steps: 159 | Train Loss: 0.6557738 Vali Loss: 0.9947337 Test Loss: 1.2623113
EarlyStopping counter: 4 out of 5
loss: 0.6259 | [██████--------------------------------------------]
	iters: 100, epoch: 13 | loss: 0.6555959
	speed: 0.1105s/iter; left time: 3292.2440s
loss: 0.6314 | [██████--------------------------------------------]
Epoch: 13 cost time: 7.148954153060913
loss: 1.2244 | [████████████--------------------------------------]
loss: 1.3025 | [█████████████-------------------------------------]
loss: 1.1984 | [███████████---------------------------------------]
loss: 1.4167 | [██████████████------------------------------------]
loss: 1.4137 | [██████████████------------------------------------]
loss: 1.4472 | [██████████████------------------------------------]
loss: 1.2960 | [████████████--------------------------------------]
loss: 1.4572 | [██████████████------------------------------------]
loss: 1.5143 | [███████████████-----------------------------------]
loss: 1.4286 | [██████████████------------------------------------]
loss: 1.3667 | [█████████████-------------------------------------]
Epoch: 13, Steps: 159 | Train Loss: 0.6406823 Vali Loss: 1.0323541 Test Loss: 1.3835709
EarlyStopping counter: 5 out of 5
Early stopping
>>>>>>>testing : long_term_forecast_tfnsw_all_96_192_365_wolde_CAMEL_custom_ftM_sl96_ll48_pl192_dm512_nh8_el2_dl1_df2048_fc3_ebtimeF_dtTrue_srate0.1_sseed7_trainseed2024_gap365_CAMEL_0<<<<<<<<<<<<<<<<<<<<<<<<<<<<<<<<<
test 11055
mse:0.9608784914016724, mae:0.7805948257446289
>>>>>>>Overall time: 169 seconds<<<<<<<<<<<<<<<<<<<<<<<<<<<<<<<<<
