Args in experiment:
Namespace(samle_rate=0.1, sample_seed=7, train_seed=2024, gap_day=548, task_name='long_term_forecast', is_training=1, model_id='tfnsw_all_96_96_548_final334', model='CAMEL', data='custom', root_path='/home/cyrilyuan/projects/XXLTraffic-main/data/pems/', data_path='tfnsw.csv', features='M', target='', freq='h', checkpoints='./checkpoints/', seq_len=96, label_len=48, pred_len=96, seasonal_patterns='Monthly', inverse=False, mask_rate=0.25, anomaly_ratio=0.25, expand=2, d_conv=4, top_k=5, num_kernels=6, enc_in=27, dec_in=27, c_out=27, d_model=512, n_heads=8, e_layers=2, d_layers=1, d_ff=2048, moving_avg=25, factor=3, distil=True, dropout=0.3, embed='timeF', activation='gelu', output_attention=False, num_workers=10, itr=1, train_epochs=200, batch_size=32, patience=5, learning_rate=0.0005, des='CAMEL', loss='MSE', lradj='type3', use_amp=False, enable_camel=False, camel_gap_years=1.5, camel_memory_size=256, camel_k_retrieve=4, camel_latent_dim=32, camel_d_model=32, camel_use_nll=False, lambda_mem=0.0, lambda_ode=0.01, lambda_smooth=0.0, camel_min_year_gap=1.0, camel_gap_tolerance=0.25, use_gpu=True, gpu=0, use_multi_gpu=False, devices='0,1,2,3', p_hidden_dims=[128, 128], p_hidden_layers=2, points_per_hour=1)
Use GPU: cuda:0
>>>>>>>start training : long_term_forecast_tfnsw_all_96_96_548_final334_CAMEL_custom_ftM_sl96_ll48_pl96_dm512_nh8_el2_dl1_df2048_fc3_ebtimeF_dtTrue_srate0.1_sseed7_trainseed2024_gap548_CAMEL_0>>>>>>>>>>>>>>>>>>>>>>>>>>
train 46676
val 6760
test 6759
loss: 0.8025 | [████████------------------------------------------]
	iters: 100, epoch: 1 | loss: 1.5525125
	speed: 0.1550s/iter; left time: 4478.3805s
Epoch: 1 cost time: 21.118711233139038
loss: 1.0515 | [██████████----------------------------------------]
loss: 0.9163 | [█████████-----------------------------------------]
loss: 1.1742 | [███████████---------------------------------------]
loss: 1.0909 | [██████████----------------------------------------]
loss: 0.9804 | [█████████-----------------------------------------]
loss: 1.1228 | [███████████---------------------------------------]
loss: 0.9740 | [█████████-----------------------------------------]
Epoch: 1, Steps: 145 | Train Loss: 2.6067292 Vali Loss: 1.1340233 Test Loss: 1.2142383
Validation loss decreased (inf --> 1.134023).  Saving model ...
loss: 0.7847 | [███████-------------------------------------------]
	iters: 100, epoch: 2 | loss: 1.0592852
	speed: 0.5161s/iter; left time: 14841.4173s
Epoch: 2 cost time: 20.924826622009277
loss: 1.0289 | [██████████----------------------------------------]
loss: 1.0020 | [██████████----------------------------------------]
loss: 1.0594 | [██████████----------------------------------------]
loss: 0.9631 | [█████████-----------------------------------------]
loss: 1.0656 | [██████████----------------------------------------]
loss: 1.0298 | [██████████----------------------------------------]
loss: 0.9944 | [█████████-----------------------------------------]
Epoch: 2, Steps: 145 | Train Loss: 1.1497986 Vali Loss: 1.0310564 Test Loss: 1.1044088
Validation loss decreased (1.134023 --> 1.031056).  Saving model ...
loss: 0.8192 | [████████------------------------------------------]
	iters: 100, epoch: 3 | loss: 0.9415361
	speed: 0.4966s/iter; left time: 14207.6019s
loss: 0.8104 | [████████------------------------------------------]
Epoch: 3 cost time: 18.336701154708862
loss: 1.0222 | [██████████----------------------------------------]
loss: 0.9109 | [█████████-----------------------------------------]
loss: 1.0900 | [██████████----------------------------------------]
loss: 1.1378 | [███████████---------------------------------------]
loss: 0.9539 | [█████████-----------------------------------------]
loss: 1.0822 | [██████████----------------------------------------]
loss: 0.9974 | [█████████-----------------------------------------]
Epoch: 3, Steps: 145 | Train Loss: 0.9485510 Vali Loss: 1.0579025 Test Loss: 1.1081190
EarlyStopping counter: 1 out of 5
loss: 0.7204 | [███████-------------------------------------------]
	iters: 100, epoch: 4 | loss: 0.8381796
	speed: 0.4980s/iter; left time: 14176.7477s
Epoch: 4 cost time: 18.532510995864868
loss: 1.0881 | [██████████----------------------------------------]
loss: 1.0864 | [██████████----------------------------------------]
loss: 1.3231 | [█████████████-------------------------------------]
loss: 1.0888 | [██████████----------------------------------------]
loss: 1.1328 | [███████████---------------------------------------]
loss: 1.1641 | [███████████---------------------------------------]
loss: 1.1215 | [███████████---------------------------------------]
Epoch: 4, Steps: 145 | Train Loss: 0.8529569 Vali Loss: 1.1835456 Test Loss: 1.2775772
EarlyStopping counter: 2 out of 5
loss: 0.7068 | [███████-------------------------------------------]
	iters: 100, epoch: 5 | loss: 0.7429731
	speed: 0.5127s/iter; left time: 14521.3379s
loss: 0.6330 | [██████--------------------------------------------]
Epoch: 5 cost time: 20.515032529830933
loss: 1.2121 | [████████████--------------------------------------]
loss: 1.0928 | [██████████----------------------------------------]
loss: 1.1783 | [███████████---------------------------------------]
loss: 1.3142 | [█████████████-------------------------------------]
loss: 1.1391 | [███████████---------------------------------------]
loss: 1.2487 | [████████████--------------------------------------]
loss: 1.2453 | [████████████--------------------------------------]
Epoch: 5, Steps: 145 | Train Loss: 0.7461983 Vali Loss: 1.1767980 Test Loss: 1.2993541
EarlyStopping counter: 3 out of 5
loss: 0.5806 | [█████---------------------------------------------]
	iters: 100, epoch: 6 | loss: 0.6847378
	speed: 0.4978s/iter; left time: 14025.5086s
Epoch: 6 cost time: 18.28425359725952
loss: 1.3091 | [█████████████-------------------------------------]
loss: 1.2334 | [████████████--------------------------------------]
loss: 1.4329 | [██████████████------------------------------------]
loss: 1.2221 | [████████████--------------------------------------]
loss: 1.2055 | [████████████--------------------------------------]
loss: 1.3972 | [█████████████-------------------------------------]
loss: 1.2791 | [████████████--------------------------------------]
Epoch: 6, Steps: 145 | Train Loss: 0.6788098 Vali Loss: 1.2045761 Test Loss: 1.4410748
EarlyStopping counter: 4 out of 5
loss: 0.5626 | [█████---------------------------------------------]
	iters: 100, epoch: 7 | loss: 0.6526167
	speed: 0.5155s/iter; left time: 14449.4532s
Epoch: 7 cost time: 19.106382608413696
loss: 1.1108 | [███████████---------------------------------------]
loss: 1.2177 | [████████████--------------------------------------]
loss: 1.2142 | [████████████--------------------------------------]
loss: 1.1603 | [███████████---------------------------------------]
loss: 1.3430 | [█████████████-------------------------------------]
loss: 1.2270 | [████████████--------------------------------------]
loss: 1.3450 | [█████████████-------------------------------------]
Epoch: 7, Steps: 145 | Train Loss: 0.6520222 Vali Loss: 1.2412051 Test Loss: 1.3716112
EarlyStopping counter: 5 out of 5
Early stopping
>>>>>>>testing : long_term_forecast_tfnsw_all_96_96_548_final334_CAMEL_custom_ftM_sl96_ll48_pl96_dm512_nh8_el2_dl1_df2048_fc3_ebtimeF_dtTrue_srate0.1_sseed7_trainseed2024_gap548_CAMEL_0<<<<<<<<<<<<<<<<<<<<<<<<<<<<<<<<<
test 6759
mse:1.0282379388809204, mae:0.8120326995849609
>>>>>>>Overall time: 385 seconds<<<<<<<<<<<<<<<<<<<<<<<<<<<<<<<<<
Args in experiment:
Namespace(samle_rate=0.1, sample_seed=7, train_seed=2024, gap_day=548, task_name='long_term_forecast', is_training=1, model_id='tfnsw_all_96_96_548_final334_1', model='CAMEL', data='custom', root_path='/home/cyrilyuan/projects/XXLTraffic-main/data/pems/', data_path='tfnsw.csv', features='M', target='', freq='h', checkpoints='./checkpoints/', seq_len=96, label_len=48, pred_len=96, seasonal_patterns='Monthly', inverse=False, mask_rate=0.25, anomaly_ratio=0.25, expand=2, d_conv=4, top_k=5, num_kernels=6, enc_in=27, dec_in=27, c_out=27, d_model=512, n_heads=8, e_layers=2, d_layers=1, d_ff=2048, moving_avg=25, factor=3, distil=True, dropout=0.3, embed='timeF', activation='gelu', output_attention=False, num_workers=10, itr=1, train_epochs=200, batch_size=32, patience=5, learning_rate=0.0005, des='CAMEL', loss='MSE', lradj='type3', use_amp=False, enable_camel=False, camel_gap_years=1.5, camel_memory_size=256, camel_k_retrieve=4, camel_latent_dim=16, camel_d_model=16, camel_use_nll=False, lambda_mem=0.0, lambda_ode=0.02, lambda_smooth=0.0, camel_min_year_gap=1.0, camel_gap_tolerance=0.25, use_gpu=True, gpu=0, use_multi_gpu=False, devices='0,1,2,3', p_hidden_dims=[128, 128], p_hidden_layers=2, points_per_hour=1)
Use GPU: cuda:0
>>>>>>>start training : long_term_forecast_tfnsw_all_96_96_548_final334_1_CAMEL_custom_ftM_sl96_ll48_pl96_dm512_nh8_el2_dl1_df2048_fc3_ebtimeF_dtTrue_srate0.1_sseed7_trainseed2024_gap548_CAMEL_0>>>>>>>>>>>>>>>>>>>>>>>>>>
train 46676
val 6760
test 6759
loss: 0.8059 | [████████------------------------------------------]
	iters: 100, epoch: 1 | loss: 3.8815312
	speed: 0.1392s/iter; left time: 4021.9769s
Epoch: 1 cost time: 19.792582750320435
loss: 1.0860 | [██████████----------------------------------------]
loss: 0.8783 | [████████------------------------------------------]
loss: 1.2043 | [████████████--------------------------------------]
loss: 1.0636 | [██████████----------------------------------------]
loss: 0.9897 | [█████████-----------------------------------------]
loss: 1.0732 | [██████████----------------------------------------]
loss: 1.0498 | [██████████----------------------------------------]
Epoch: 1, Steps: 145 | Train Loss: 7.4569025 Vali Loss: 2.6220878 Test Loss: 2.7915822
Validation loss decreased (inf --> 2.622088).  Saving model ...
loss: 0.7898 | [███████-------------------------------------------]
	iters: 100, epoch: 2 | loss: 1.6944673
	speed: 0.5141s/iter; left time: 14784.6734s
Epoch: 2 cost time: 21.03600001335144
loss: 1.0428 | [██████████----------------------------------------]
loss: 1.0381 | [██████████----------------------------------------]
loss: 1.0833 | [██████████----------------------------------------]
loss: 0.9993 | [█████████-----------------------------------------]
loss: 1.1006 | [███████████---------------------------------------]
loss: 1.0604 | [██████████----------------------------------------]
loss: 1.0861 | [██████████----------------------------------------]
Epoch: 2, Steps: 145 | Train Loss: 1.9429521 Vali Loss: 1.8722275 Test Loss: 2.0003066
Validation loss decreased (2.622088 --> 1.872227).  Saving model ...
loss: 0.7981 | [███████-------------------------------------------]
	iters: 100, epoch: 3 | loss: 1.1312659
	speed: 0.5164s/iter; left time: 14775.3324s
loss: 0.7062 | [███████-------------------------------------------]
Epoch: 3 cost time: 19.638977766036987
loss: 1.3503 | [█████████████-------------------------------------]
loss: 1.2387 | [████████████--------------------------------------]
loss: 1.3185 | [█████████████-------------------------------------]
loss: 1.4196 | [██████████████------------------------------------]
loss: 1.1721 | [███████████---------------------------------------]
loss: 1.4741 | [██████████████------------------------------------]
loss: 1.3634 | [█████████████-------------------------------------]
Epoch: 3, Steps: 145 | Train Loss: 1.1917234 Vali Loss: 1.6164221 Test Loss: 1.7680118
Validation loss decreased (1.872227 --> 1.616422).  Saving model ...
loss: 0.5962 | [█████---------------------------------------------]
	iters: 100, epoch: 4 | loss: 0.9470206
	speed: 0.5085s/iter; left time: 14473.6896s
Epoch: 4 cost time: 20.69723391532898
loss: 1.1825 | [███████████---------------------------------------]
loss: 1.1692 | [███████████---------------------------------------]
loss: 1.4279 | [██████████████------------------------------------]
loss: 1.2232 | [████████████--------------------------------------]
loss: 1.2203 | [████████████--------------------------------------]
loss: 1.2625 | [████████████--------------------------------------]
loss: 1.1930 | [███████████---------------------------------------]
Epoch: 4, Steps: 145 | Train Loss: 0.9349784 Vali Loss: 1.4840185 Test Loss: 1.6102675
Validation loss decreased (1.616422 --> 1.484018).  Saving model ...
loss: 0.6632 | [██████--------------------------------------------]
	iters: 100, epoch: 5 | loss: 0.8691368
	speed: 0.5104s/iter; left time: 14453.7583s
loss: 0.6272 | [██████--------------------------------------------]
Epoch: 5 cost time: 18.95120096206665
loss: 1.3259 | [█████████████-------------------------------------]
loss: 1.2564 | [████████████--------------------------------------]
loss: 1.2710 | [████████████--------------------------------------]
loss: 1.4345 | [██████████████------------------------------------]
loss: 1.2247 | [████████████--------------------------------------]
loss: 1.4360 | [██████████████------------------------------------]
loss: 1.4214 | [██████████████------------------------------------]
Epoch: 5, Steps: 145 | Train Loss: 0.8525637 Vali Loss: 1.4604515 Test Loss: 1.6501624
Validation loss decreased (1.484018 --> 1.460452).  Saving model ...
loss: 0.5727 | [█████---------------------------------------------]
	iters: 100, epoch: 6 | loss: 0.7911103
	speed: 0.5241s/iter; left time: 14765.8578s
Epoch: 6 cost time: 19.473703622817993
loss: 1.2269 | [████████████--------------------------------------]
loss: 1.1611 | [███████████---------------------------------------]
loss: 1.4440 | [██████████████------------------------------------]
loss: 1.2065 | [████████████--------------------------------------]
loss: 1.1183 | [███████████---------------------------------------]
loss: 1.3261 | [█████████████-------------------------------------]
loss: 1.2016 | [████████████--------------------------------------]
Epoch: 6, Steps: 145 | Train Loss: 0.7894293 Vali Loss: 1.4577621 Test Loss: 1.5931660
Validation loss decreased (1.460452 --> 1.457762).  Saving model ...
loss: 0.5674 | [█████---------------------------------------------]
	iters: 100, epoch: 7 | loss: 0.7724069
	speed: 0.5200s/iter; left time: 14576.6693s
Epoch: 7 cost time: 21.188413381576538
loss: 1.1307 | [███████████---------------------------------------]
loss: 1.3066 | [█████████████-------------------------------------]
loss: 1.2831 | [████████████--------------------------------------]
loss: 1.2757 | [████████████--------------------------------------]
loss: 1.3922 | [█████████████-------------------------------------]
loss: 1.3296 | [█████████████-------------------------------------]
loss: 1.3142 | [█████████████-------------------------------------]
Epoch: 7, Steps: 145 | Train Loss: 0.7617390 Vali Loss: 1.4357936 Test Loss: 1.6078856
Validation loss decreased (1.457762 --> 1.435794).  Saving model ...
loss: 0.5761 | [█████---------------------------------------------]
	iters: 100, epoch: 8 | loss: 0.7517071
	speed: 0.5260s/iter; left time: 14668.1330s
loss: 0.5749 | [█████---------------------------------------------]
Epoch: 8 cost time: 20.218568325042725
loss: 1.2127 | [████████████--------------------------------------]
loss: 1.1400 | [███████████---------------------------------------]
loss: 1.3292 | [█████████████-------------------------------------]
Traceback (most recent call last):
  File "/home/cyrilyuan/projects/XXLTraffic-main/gap/run.py", line 188, in <module>
    exp.train(setting)
  File "/home/cyrilyuan/projects/XXLTraffic-main/gap/exp/exp_long_term_forecasting.py", line 159, in train
    test_loss = self.vali(test_data, test_loader, criterion)
                ^^^^^^^^^^^^^^^^^^^^^^^^^^^^^^^^^^^^^^^^^^^^
  File "/home/cyrilyuan/projects/XXLTraffic-main/gap/exp/exp_long_term_forecasting.py", line 95, in vali
    loss, _, _ = self._compute_total_loss(batch_x, dec_inp, batch_y, batch_x_mark, batch_y_mark, criterion)
                 ^^^^^^^^^^^^^^^^^^^^^^^^^^^^^^^^^^^^^^^^^^^^^^^^^^^^^^^^^^^^^^^^^^^^^^^^^^^^^^^^^^^^^^^^^^
  File "/home/cyrilyuan/projects/XXLTraffic-main/gap/exp/exp_long_term_forecasting.py", line 70, in _compute_total_loss
    total_loss = total_loss + self.args.lambda_mem * aux_losses.get('mem', total_loss.new_tensor(0.0))
                                                                           ^^^^^^^^^^^^^^^^^^^^^^^^^^
KeyboardInterrupt
Args in experiment:
Namespace(samle_rate=0.1, sample_seed=7, train_seed=2024, gap_day=548, task_name='long_term_forecast', is_training=1, model_id='tfnsw_all_96_96_548_final334_2', model='CAMEL', data='custom', root_path='/home/cyrilyuan/projects/XXLTraffic-main/data/pems/', data_path='tfnsw.csv', features='M', target='', freq='h', checkpoints='./checkpoints/', seq_len=96, label_len=48, pred_len=96, seasonal_patterns='Monthly', inverse=False, mask_rate=0.25, anomaly_ratio=0.25, expand=2, d_conv=4, top_k=5, num_kernels=6, enc_in=27, dec_in=27, c_out=27, d_model=512, n_heads=8, e_layers=2, d_layers=1, d_ff=2048, moving_avg=25, factor=3, distil=True, dropout=0.3, embed='timeF', activation='gelu', output_attention=False, num_workers=10, itr=1, train_epochs=200, batch_size=32, patience=5, learning_rate=0.0005, des='CAMEL', loss='MSE', lradj='type3', use_amp=False, enable_camel=False, camel_gap_years=1.5, camel_memory_size=512, camel_k_retrieve=4, camel_latent_dim=32, camel_d_model=32, camel_use_nll=False, lambda_mem=0.0, lambda_ode=0.01, lambda_smooth=0.0, camel_min_year_gap=1.0, camel_gap_tolerance=0.25, use_gpu=True, gpu=0, use_multi_gpu=False, devices='0,1,2,3', p_hidden_dims=[128, 128], p_hidden_layers=2, points_per_hour=1)
Use GPU: cuda:0
>>>>>>>start training : long_term_forecast_tfnsw_all_96_96_548_final334_2_CAMEL_custom_ftM_sl96_ll48_pl96_dm512_nh8_el2_dl1_df2048_fc3_ebtimeF_dtTrue_srate0.1_sseed7_trainseed2024_gap548_CAMEL_0>>>>>>>>>>>>>>>>>>>>>>>>>>
train 46676
val 6760
test 6759
loss: 0.7988 | [███████-------------------------------------------]
	iters: 100, epoch: 1 | loss: 1.6739848
	speed: 0.1473s/iter; left time: 4258.4763s
Epoch: 1 cost time: 20.73853611946106
loss: 1.0799 | [██████████----------------------------------------]
loss: 0.8795 | [████████------------------------------------------]
loss: 1.2031 | [████████████--------------------------------------]
loss: 1.0984 | [██████████----------------------------------------]
loss: 0.9577 | [█████████-----------------------------------------]
loss: 1.1092 | [███████████---------------------------------------]
loss: 1.0049 | [██████████----------------------------------------]
Epoch: 1, Steps: 145 | Train Loss: 2.9840530 Vali Loss: 1.0761026 Test Loss: 1.1808570
Validation loss decreased (inf --> 1.076103).  Saving model ...
loss: 0.7920 | [███████-------------------------------------------]
	iters: 100, epoch: 2 | loss: 1.1648974
	speed: 0.5334s/iter; left time: 15337.9173s
Epoch: 2 cost time: 20.710269451141357
loss: 0.9831 | [█████████-----------------------------------------]
loss: 0.9724 | [█████████-----------------------------------------]
loss: 1.0280 | [██████████----------------------------------------]
loss: 0.9117 | [█████████-----------------------------------------]
loss: 1.0223 | [██████████----------------------------------------]
loss: 0.9856 | [█████████-----------------------------------------]
loss: 0.9786 | [█████████-----------------------------------------]
Epoch: 2, Steps: 145 | Train Loss: 1.2601421 Vali Loss: 0.9489975 Test Loss: 1.0333724
Validation loss decreased (1.076103 --> 0.948997).  Saving model ...
loss: 0.8280 | [████████------------------------------------------]
	iters: 100, epoch: 3 | loss: 1.0285878
	speed: 0.5111s/iter; left time: 14622.3286s
loss: 0.8215 | [████████------------------------------------------]
Epoch: 3 cost time: 20.651636838912964
loss: 0.9869 | [█████████-----------------------------------------]
loss: 0.8600 | [████████------------------------------------------]
loss: 1.0859 | [██████████----------------------------------------]
loss: 1.1359 | [███████████---------------------------------------]
loss: 0.9227 | [█████████-----------------------------------------]
loss: 1.0566 | [██████████----------------------------------------]
loss: 0.9772 | [█████████-----------------------------------------]
Epoch: 3, Steps: 145 | Train Loss: 1.0371291 Vali Loss: 0.9799287 Test Loss: 1.0571832
EarlyStopping counter: 1 out of 5
loss: 0.7459 | [███████-------------------------------------------]
	iters: 100, epoch: 4 | loss: 0.8983723
	speed: 0.5029s/iter; left time: 14316.7116s
Epoch: 4 cost time: 18.82193160057068
loss: 0.9074 | [█████████-----------------------------------------]
loss: 0.9006 | [█████████-----------------------------------------]
loss: 1.1856 | [███████████---------------------------------------]
loss: 0.9296 | [█████████-----------------------------------------]
loss: 0.9447 | [█████████-----------------------------------------]
loss: 0.9623 | [█████████-----------------------------------------]
loss: 0.9280 | [█████████-----------------------------------------]
Epoch: 4, Steps: 145 | Train Loss: 0.9208067 Vali Loss: 1.0075652 Test Loss: 1.0801020
EarlyStopping counter: 2 out of 5
loss: 0.7874 | [███████-------------------------------------------]
	iters: 100, epoch: 5 | loss: 0.8710110
	speed: 0.5167s/iter; left time: 14633.0047s
loss: 0.7707 | [███████-------------------------------------------]
Epoch: 5 cost time: 20.570327281951904
loss: 1.0166 | [██████████----------------------------------------]
loss: 0.9029 | [█████████-----------------------------------------]
loss: 0.9927 | [█████████-----------------------------------------]
loss: 1.1492 | [███████████---------------------------------------]
loss: 0.9551 | [█████████-----------------------------------------]
loss: 1.0331 | [██████████----------------------------------------]
loss: 1.0200 | [██████████----------------------------------------]
Epoch: 5, Steps: 145 | Train Loss: 0.8694055 Vali Loss: 1.0102855 Test Loss: 1.0888845
EarlyStopping counter: 3 out of 5
loss: 0.7503 | [███████-------------------------------------------]
	iters: 100, epoch: 6 | loss: 0.8684229
	speed: 0.5159s/iter; left time: 14535.1486s
Epoch: 6 cost time: 19.394318342208862
loss: 0.9205 | [█████████-----------------------------------------]
loss: 0.8408 | [████████------------------------------------------]
loss: 1.1796 | [███████████---------------------------------------]
loss: 0.9809 | [█████████-----------------------------------------]
loss: 0.9031 | [█████████-----------------------------------------]
loss: 1.0097 | [██████████----------------------------------------]
loss: 0.9318 | [█████████-----------------------------------------]
Epoch: 6, Steps: 145 | Train Loss: 0.8500908 Vali Loss: 0.9896019 Test Loss: 1.0635910
EarlyStopping counter: 4 out of 5
loss: 0.7246 | [███████-------------------------------------------]
	iters: 100, epoch: 7 | loss: 0.8472266
	speed: 0.5385s/iter; left time: 15095.8101s
Epoch: 7 cost time: 19.868647575378418
loss: 0.8888 | [████████------------------------------------------]
loss: 0.9502 | [█████████-----------------------------------------]
loss: 0.9725 | [█████████-----------------------------------------]
loss: 0.9383 | [█████████-----------------------------------------]
loss: 1.0965 | [██████████----------------------------------------]
loss: 0.9820 | [█████████-----------------------------------------]
loss: 1.0152 | [██████████----------------------------------------]
Epoch: 7, Steps: 145 | Train Loss: 0.8368363 Vali Loss: 0.9831548 Test Loss: 1.0605615
EarlyStopping counter: 5 out of 5
Early stopping
>>>>>>>testing : long_term_forecast_tfnsw_all_96_96_548_final334_2_CAMEL_custom_ftM_sl96_ll48_pl96_dm512_nh8_el2_dl1_df2048_fc3_ebtimeF_dtTrue_srate0.1_sseed7_trainseed2024_gap548_CAMEL_0<<<<<<<<<<<<<<<<<<<<<<<<<<<<<<<<<
test 6759
mse:0.9965874552726746, mae:0.7964359521865845
>>>>>>>Overall time: 392 seconds<<<<<<<<<<<<<<<<<<<<<<<<<<<<<<<<<
