Args in experiment:
Namespace(samle_rate=0.1, sample_seed=7, train_seed=2024, gap_day=365, task_name='long_term_forecast', is_training=1, model_id='tfnsw_all_96_96_365_final336', model='CAMEL', data='custom', root_path='/home/cyrilyuan/projects/XXLTraffic-main/data/pems/', data_path='tfnsw.csv', features='M', target='', freq='h', checkpoints='./checkpoints/', seq_len=96, label_len=48, pred_len=96, seasonal_patterns='Monthly', inverse=False, mask_rate=0.25, anomaly_ratio=0.25, expand=2, d_conv=4, top_k=5, num_kernels=6, enc_in=27, dec_in=27, c_out=27, d_model=512, n_heads=8, e_layers=2, d_layers=1, d_ff=2048, moving_avg=25, factor=3, distil=True, dropout=0.3, embed='timeF', activation='gelu', output_attention=False, num_workers=10, itr=1, train_epochs=200, batch_size=32, patience=5, learning_rate=0.0005, des='CAMEL', loss='MSE', lradj='type3', use_amp=False, enable_camel=False, camel_gap_years=1.5, camel_memory_size=512, camel_k_retrieve=4, camel_latent_dim=32, camel_d_model=32, camel_use_nll=False, lambda_mem=0.0, lambda_ode=0.005, lambda_smooth=0.0, camel_min_year_gap=1.0, camel_gap_tolerance=0.25, use_gpu=True, gpu=0, use_multi_gpu=False, devices='0,1,2,3', p_hidden_dims=[128, 128], p_hidden_layers=2, points_per_hour=1)
Use GPU: cuda:0
>>>>>>>start training : long_term_forecast_tfnsw_all_96_96_365_final336_CAMEL_custom_ftM_sl96_ll48_pl96_dm512_nh8_el2_dl1_df2048_fc3_ebtimeF_dtTrue_srate0.1_sseed7_trainseed2024_gap365_CAMEL_0>>>>>>>>>>>>>>>>>>>>>>>>>>
train 51068
val 11152
test 11151
loss: 0.7786 | [███████-------------------------------------------]
	iters: 100, epoch: 1 | loss: 1.2074022
	speed: 0.1453s/iter; left time: 4605.1761s
Epoch: 1 cost time: 22.073633432388306
loss: 0.8929 | [████████------------------------------------------]
loss: 0.9148 | [█████████-----------------------------------------]
loss: 1.1641 | [███████████---------------------------------------]
loss: 1.0210 | [██████████----------------------------------------]
loss: 1.0592 | [██████████----------------------------------------]
loss: 0.9490 | [█████████-----------------------------------------]
loss: 0.9678 | [█████████-----------------------------------------]
loss: 0.9741 | [█████████-----------------------------------------]
loss: 0.9247 | [█████████-----------------------------------------]
loss: 0.9494 | [█████████-----------------------------------------]
loss: 0.8889 | [████████------------------------------------------]
loss: 0.9908 | [█████████-----------------------------------------]
Epoch: 1, Steps: 159 | Train Loss: 1.8466086 Vali Loss: 0.9858937 Test Loss: 1.0457324
Validation loss decreased (inf --> 0.985894).  Saving model ...
loss: 0.8251 | [████████------------------------------------------]
	iters: 100, epoch: 2 | loss: 1.0343677
	speed: 0.7434s/iter; left time: 23447.7618s
Epoch: 2 cost time: 21.443000316619873
loss: 0.8731 | [████████------------------------------------------]
loss: 0.8771 | [████████------------------------------------------]
loss: 1.0564 | [██████████----------------------------------------]
loss: 0.9476 | [█████████-----------------------------------------]
loss: 1.1081 | [███████████---------------------------------------]
loss: 0.9599 | [█████████-----------------------------------------]
loss: 0.9050 | [█████████-----------------------------------------]
loss: 0.9294 | [█████████-----------------------------------------]
loss: 0.9052 | [█████████-----------------------------------------]
loss: 0.9485 | [█████████-----------------------------------------]
loss: 0.9074 | [█████████-----------------------------------------]
loss: 1.0426 | [██████████----------------------------------------]
Epoch: 2, Steps: 159 | Train Loss: 0.9928489 Vali Loss: 0.9277718 Test Loss: 0.9817255
Validation loss decreased (0.985894 --> 0.927772).  Saving model ...
loss: 0.7750 | [███████-------------------------------------------]
	iters: 100, epoch: 3 | loss: 0.8990899
	speed: 0.7150s/iter; left time: 22437.4321s
Epoch: 3 cost time: 20.37627363204956
loss: 0.9397 | [█████████-----------------------------------------]
loss: 0.9524 | [█████████-----------------------------------------]
loss: 1.0290 | [██████████----------------------------------------]
loss: 0.9661 | [█████████-----------------------------------------]
loss: 1.0895 | [██████████----------------------------------------]
loss: 0.9431 | [█████████-----------------------------------------]
loss: 0.9435 | [█████████-----------------------------------------]
loss: 0.9004 | [█████████-----------------------------------------]
loss: 0.9013 | [█████████-----------------------------------------]
loss: 0.8933 | [████████------------------------------------------]
loss: 0.8969 | [████████------------------------------------------]
loss: 1.0049 | [██████████----------------------------------------]
Epoch: 3, Steps: 159 | Train Loss: 0.8801402 Vali Loss: 0.9554819 Test Loss: 0.9984231
EarlyStopping counter: 1 out of 5
loss: 0.7811 | [███████-------------------------------------------]
	iters: 100, epoch: 4 | loss: 0.7857968
	speed: 0.7242s/iter; left time: 22613.5001s
Epoch: 4 cost time: 20.111146688461304
loss: 0.8300 | [████████------------------------------------------]
loss: 0.9581 | [█████████-----------------------------------------]
loss: 1.0742 | [██████████----------------------------------------]
loss: 0.9614 | [█████████-----------------------------------------]
loss: 1.0809 | [██████████----------------------------------------]
loss: 0.9568 | [█████████-----------------------------------------]
loss: 0.9594 | [█████████-----------------------------------------]
loss: 0.9397 | [█████████-----------------------------------------]
loss: 0.9211 | [█████████-----------------------------------------]
loss: 0.9042 | [█████████-----------------------------------------]
loss: 0.8485 | [████████------------------------------------------]
loss: 1.0283 | [██████████----------------------------------------]
Epoch: 4, Steps: 159 | Train Loss: 0.8266932 Vali Loss: 0.9442704 Test Loss: 1.0016547
EarlyStopping counter: 2 out of 5
loss: 0.7800 | [███████-------------------------------------------]
	iters: 100, epoch: 5 | loss: 0.8598942
	speed: 0.7311s/iter; left time: 22710.3773s
Epoch: 5 cost time: 20.812530279159546
loss: 0.8791 | [████████------------------------------------------]
loss: 0.9302 | [█████████-----------------------------------------]
loss: 1.0268 | [██████████----------------------------------------]
loss: 0.9703 | [█████████-----------------------------------------]
loss: 1.1137 | [███████████---------------------------------------]
loss: 0.9320 | [█████████-----------------------------------------]
loss: 0.9641 | [█████████-----------------------------------------]
loss: 0.8896 | [████████------------------------------------------]
loss: 0.9465 | [█████████-----------------------------------------]
loss: 0.9050 | [█████████-----------------------------------------]
loss: 0.8240 | [████████------------------------------------------]
loss: 1.0275 | [██████████----------------------------------------]
Epoch: 5, Steps: 159 | Train Loss: 0.8078584 Vali Loss: 0.9445104 Test Loss: 0.9922215
EarlyStopping counter: 3 out of 5
loss: 0.7972 | [███████-------------------------------------------]
	iters: 100, epoch: 6 | loss: 0.8156158
	speed: 0.7291s/iter; left time: 22533.1537s
Epoch: 6 cost time: 20.840516805648804
loss: 0.9734 | [█████████-----------------------------------------]
loss: 0.9838 | [█████████-----------------------------------------]
loss: 1.0655 | [██████████----------------------------------------]
loss: 0.9477 | [█████████-----------------------------------------]
loss: 1.0784 | [██████████----------------------------------------]
loss: 0.9431 | [█████████-----------------------------------------]
loss: 1.0209 | [██████████----------------------------------------]
loss: 0.8907 | [████████------------------------------------------]
loss: 0.9101 | [█████████-----------------------------------------]
loss: 0.9020 | [█████████-----------------------------------------]
loss: 0.8370 | [████████------------------------------------------]
loss: 1.0535 | [██████████----------------------------------------]
Epoch: 6, Steps: 159 | Train Loss: 0.7984306 Vali Loss: 0.9172983 Test Loss: 0.9799650
Validation loss decreased (0.927772 --> 0.917298).  Saving model ...
loss: 0.7902 | [███████-------------------------------------------]
	iters: 100, epoch: 7 | loss: 0.7518702
	speed: 0.7421s/iter; left time: 22817.5665s
loss: 0.7629 | [███████-------------------------------------------]
Epoch: 7 cost time: 20.399637699127197
loss: 0.9801 | [█████████-----------------------------------------]
loss: 1.1054 | [███████████---------------------------------------]
loss: 0.9901 | [█████████-----------------------------------------]
loss: 1.0365 | [██████████----------------------------------------]
loss: 0.9123 | [█████████-----------------------------------------]
loss: 0.9878 | [█████████-----------------------------------------]
loss: 0.9131 | [█████████-----------------------------------------]
loss: 0.9438 | [█████████-----------------------------------------]
loss: 0.9137 | [█████████-----------------------------------------]
loss: 0.8548 | [████████------------------------------------------]
loss: 0.9711 | [█████████-----------------------------------------]
Epoch: 7, Steps: 159 | Train Loss: 0.7922927 Vali Loss: 0.9072482 Test Loss: 0.9764775
Validation loss decreased (0.917298 --> 0.907248).  Saving model ...
loss: 0.7444 | [███████-------------------------------------------]
	iters: 100, epoch: 8 | loss: 0.8048991
	speed: 0.5825s/iter; left time: 17818.1983s
loss: 0.7559 | [███████-------------------------------------------]
Epoch: 8 cost time: 15.723241567611694
loss: 0.9029 | [█████████-----------------------------------------]
loss: 1.0697 | [██████████----------------------------------------]
loss: 1.0338 | [██████████----------------------------------------]
loss: 1.0352 | [██████████----------------------------------------]
loss: 0.9487 | [█████████-----------------------------------------]
loss: 0.9321 | [█████████-----------------------------------------]
loss: 0.8680 | [████████------------------------------------------]
loss: 0.9460 | [█████████-----------------------------------------]
loss: 0.9436 | [█████████-----------------------------------------]
loss: 0.8585 | [████████------------------------------------------]
loss: 0.9112 | [█████████-----------------------------------------]
Epoch: 8, Steps: 159 | Train Loss: 0.7878096 Vali Loss: 0.9034989 Test Loss: 0.9681790
Validation loss decreased (0.907248 --> 0.903499).  Saving model ...
loss: 0.8064 | [████████------------------------------------------]
	iters: 100, epoch: 9 | loss: 0.7911865
	speed: 0.6494s/iter; left time: 19761.4946s
loss: 0.7757 | [███████-------------------------------------------]
Epoch: 9 cost time: 21.04265809059143
loss: 0.9202 | [█████████-----------------------------------------]
loss: 0.9706 | [█████████-----------------------------------------]
loss: 1.0297 | [██████████----------------------------------------]
loss: 1.0506 | [██████████----------------------------------------]
loss: 0.9525 | [█████████-----------------------------------------]
loss: 0.9374 | [█████████-----------------------------------------]
loss: 0.8610 | [████████------------------------------------------]
loss: 0.9535 | [█████████-----------------------------------------]
loss: 0.8988 | [████████------------------------------------------]
loss: 0.8884 | [████████------------------------------------------]
loss: 0.9257 | [█████████-----------------------------------------]
Epoch: 9, Steps: 159 | Train Loss: 0.7836808 Vali Loss: 0.9008202 Test Loss: 0.9649619
Validation loss decreased (0.903499 --> 0.900820).  Saving model ...
loss: 0.7715 | [███████-------------------------------------------]
	iters: 100, epoch: 10 | loss: 0.7856787
	speed: 0.7163s/iter; left time: 21683.7963s
loss: 0.7755 | [███████-------------------------------------------]
Epoch: 10 cost time: 21.520379304885864
loss: 0.8791 | [████████------------------------------------------]
loss: 1.0067 | [██████████----------------------------------------]
loss: 1.1066 | [███████████---------------------------------------]
loss: 1.0139 | [██████████----------------------------------------]
loss: 0.8992 | [████████------------------------------------------]
loss: 0.9274 | [█████████-----------------------------------------]
loss: 0.8946 | [████████------------------------------------------]
loss: 1.0245 | [██████████----------------------------------------]
loss: 0.9024 | [█████████-----------------------------------------]
loss: 0.8340 | [████████------------------------------------------]
loss: 0.8825 | [████████------------------------------------------]
Epoch: 10, Steps: 159 | Train Loss: 0.7809477 Vali Loss: 0.8781154 Test Loss: 0.9649020
Validation loss decreased (0.900820 --> 0.878115).  Saving model ...
loss: 0.7684 | [███████-------------------------------------------]
	iters: 100, epoch: 11 | loss: 0.8062354
	speed: 0.7182s/iter; left time: 21626.1319s
loss: 0.8201 | [████████------------------------------------------]
Epoch: 11 cost time: 21.709335565567017
loss: 0.7989 | [███████-------------------------------------------]
loss: 0.9075 | [█████████-----------------------------------------]
loss: 1.1054 | [███████████---------------------------------------]
loss: 0.9723 | [█████████-----------------------------------------]
loss: 0.9431 | [█████████-----------------------------------------]
loss: 0.9320 | [█████████-----------------------------------------]
loss: 0.8563 | [████████------------------------------------------]
loss: 0.9807 | [█████████-----------------------------------------]
loss: 0.9085 | [█████████-----------------------------------------]
loss: 0.8808 | [████████------------------------------------------]
loss: 0.8817 | [████████------------------------------------------]
Epoch: 11, Steps: 159 | Train Loss: 0.7783453 Vali Loss: 0.8851561 Test Loss: 0.9537692
EarlyStopping counter: 1 out of 5
loss: 0.7289 | [███████-------------------------------------------]
	iters: 100, epoch: 12 | loss: 0.7971221
	speed: 0.7194s/iter; left time: 21548.4807s
loss: 0.7431 | [███████-------------------------------------------]
Epoch: 12 cost time: 20.74363613128662
loss: 0.8405 | [████████------------------------------------------]
loss: 0.8674 | [████████------------------------------------------]
loss: 1.1178 | [███████████---------------------------------------]
loss: 0.9865 | [█████████-----------------------------------------]
loss: 0.9656 | [█████████-----------------------------------------]
loss: 0.9573 | [█████████-----------------------------------------]
loss: 0.9004 | [█████████-----------------------------------------]
loss: 0.9380 | [█████████-----------------------------------------]
loss: 0.8903 | [████████------------------------------------------]
loss: 0.8844 | [████████------------------------------------------]
loss: 0.9101 | [█████████-----------------------------------------]
Epoch: 12, Steps: 159 | Train Loss: 0.7762637 Vali Loss: 0.8800445 Test Loss: 0.9560030
EarlyStopping counter: 2 out of 5
loss: 0.7678 | [███████-------------------------------------------]
	iters: 100, epoch: 13 | loss: 0.7653773
	speed: 0.7297s/iter; left time: 21740.8828s
loss: 0.7244 | [███████-------------------------------------------]
Epoch: 13 cost time: 21.11327886581421
loss: 0.8119 | [████████------------------------------------------]
loss: 0.8760 | [████████------------------------------------------]
loss: 1.0755 | [██████████----------------------------------------]
loss: 0.9229 | [█████████-----------------------------------------]
loss: 1.0115 | [██████████----------------------------------------]
loss: 0.9628 | [█████████-----------------------------------------]
loss: 0.9214 | [█████████-----------------------------------------]
loss: 0.9622 | [█████████-----------------------------------------]
loss: 0.8608 | [████████------------------------------------------]
loss: 0.8720 | [████████------------------------------------------]
loss: 0.8704 | [████████------------------------------------------]
loss: 0.9764 | [█████████-----------------------------------------]
Epoch: 13, Steps: 159 | Train Loss: 0.7741399 Vali Loss: 0.8766604 Test Loss: 0.9527015
Validation loss decreased (0.878115 --> 0.876660).  Saving model ...
loss: 0.7376 | [███████-------------------------------------------]
	iters: 100, epoch: 14 | loss: 0.7194993
	speed: 0.7200s/iter; left time: 21335.3565s
Epoch: 14 cost time: 22.17626404762268
loss: 0.7952 | [███████-------------------------------------------]
loss: 0.9338 | [█████████-----------------------------------------]
loss: 1.1522 | [███████████---------------------------------------]
loss: 0.9333 | [█████████-----------------------------------------]
loss: 1.0430 | [██████████----------------------------------------]
loss: 0.9866 | [█████████-----------------------------------------]
loss: 0.8864 | [████████------------------------------------------]
loss: 0.9510 | [█████████-----------------------------------------]
loss: 0.8815 | [████████------------------------------------------]
loss: 0.9600 | [█████████-----------------------------------------]
loss: 0.8586 | [████████------------------------------------------]
loss: 0.9905 | [█████████-----------------------------------------]
Epoch: 14, Steps: 159 | Train Loss: 0.7726687 Vali Loss: 0.8741860 Test Loss: 0.9571085
Validation loss decreased (0.876660 --> 0.874186).  Saving model ...
loss: 0.7432 | [███████-------------------------------------------]
	iters: 100, epoch: 15 | loss: 0.8055719
	speed: 0.7166s/iter; left time: 21120.5256s
Epoch: 15 cost time: 21.00020718574524
loss: 0.9201 | [█████████-----------------------------------------]
loss: 0.8914 | [████████------------------------------------------]
loss: 1.0618 | [██████████----------------------------------------]
loss: 0.9069 | [█████████-----------------------------------------]
loss: 1.0828 | [██████████----------------------------------------]
loss: 1.0302 | [██████████----------------------------------------]
loss: 0.9106 | [█████████-----------------------------------------]
loss: 0.9287 | [█████████-----------------------------------------]
loss: 0.8620 | [████████------------------------------------------]
loss: 0.9192 | [█████████-----------------------------------------]
loss: 0.9014 | [█████████-----------------------------------------]
loss: 1.0384 | [██████████----------------------------------------]
Epoch: 15, Steps: 159 | Train Loss: 0.7715681 Vali Loss: 0.8721930 Test Loss: 0.9544960
Validation loss decreased (0.874186 --> 0.872193).  Saving model ...
loss: 0.7595 | [███████-------------------------------------------]
	iters: 100, epoch: 16 | loss: 0.7600957
	speed: 0.7089s/iter; left time: 20782.1913s
Epoch: 16 cost time: 20.995490074157715
loss: 0.8554 | [████████------------------------------------------]
loss: 0.9881 | [█████████-----------------------------------------]
loss: 1.0422 | [██████████----------------------------------------]
loss: 0.9540 | [█████████-----------------------------------------]
loss: 1.0844 | [██████████----------------------------------------]
loss: 0.9830 | [█████████-----------------------------------------]
loss: 0.9251 | [█████████-----------------------------------------]
loss: 0.9679 | [█████████-----------------------------------------]
loss: 0.9086 | [█████████-----------------------------------------]
loss: 0.9006 | [█████████-----------------------------------------]
loss: 0.8418 | [████████------------------------------------------]
loss: 1.0151 | [██████████----------------------------------------]
Epoch: 16, Steps: 159 | Train Loss: 0.7706555 Vali Loss: 0.8757824 Test Loss: 0.9509956
EarlyStopping counter: 1 out of 5
loss: 0.7024 | [███████-------------------------------------------]
	iters: 100, epoch: 17 | loss: 0.7781271
	speed: 0.7186s/iter; left time: 20950.8062s
Epoch: 17 cost time: 20.9004385471344
loss: 0.9088 | [█████████-----------------------------------------]
loss: 0.9391 | [█████████-----------------------------------------]
loss: 1.0501 | [██████████----------------------------------------]
loss: 0.9786 | [█████████-----------------------------------------]
loss: 1.1144 | [███████████---------------------------------------]
loss: 0.9799 | [█████████-----------------------------------------]
loss: 0.9340 | [█████████-----------------------------------------]
loss: 0.9180 | [█████████-----------------------------------------]
loss: 0.9387 | [█████████-----------------------------------------]
loss: 0.9384 | [█████████-----------------------------------------]
loss: 0.8411 | [████████------------------------------------------]
loss: 1.0721 | [██████████----------------------------------------]
Epoch: 17, Steps: 159 | Train Loss: 0.7692908 Vali Loss: 0.8716262 Test Loss: 0.9544543
Validation loss decreased (0.872193 --> 0.871626).  Saving model ...
loss: 0.7676 | [███████-------------------------------------------]
	iters: 100, epoch: 18 | loss: 0.7387828
	speed: 0.7119s/iter; left time: 20645.1127s
Epoch: 18 cost time: 20.43153429031372
loss: 0.8719 | [████████------------------------------------------]
loss: 0.8841 | [████████------------------------------------------]
loss: 1.0369 | [██████████----------------------------------------]
loss: 1.0145 | [██████████----------------------------------------]
loss: 1.0975 | [██████████----------------------------------------]
loss: 0.9248 | [█████████-----------------------------------------]
loss: 0.9995 | [█████████-----------------------------------------]
loss: 0.9152 | [█████████-----------------------------------------]
loss: 0.8989 | [████████------------------------------------------]
loss: 0.9275 | [█████████-----------------------------------------]
loss: 0.8357 | [████████------------------------------------------]
loss: 1.0733 | [██████████----------------------------------------]
Epoch: 18, Steps: 159 | Train Loss: 0.7681628 Vali Loss: 0.8785638 Test Loss: 0.9460159
EarlyStopping counter: 1 out of 5
loss: 0.7574 | [███████-------------------------------------------]
	iters: 100, epoch: 19 | loss: 0.7182740
	speed: 0.7177s/iter; left time: 20698.9410s
loss: 0.7747 | [███████-------------------------------------------]
Epoch: 19 cost time: 20.784919500350952
loss: 1.0051 | [██████████----------------------------------------]
loss: 1.0911 | [██████████----------------------------------------]
loss: 0.9778 | [█████████-----------------------------------------]
loss: 1.0657 | [██████████----------------------------------------]
loss: 0.9162 | [█████████-----------------------------------------]
loss: 0.9920 | [█████████-----------------------------------------]
loss: 0.9581 | [█████████-----------------------------------------]
loss: 0.9085 | [█████████-----------------------------------------]
loss: 0.9329 | [█████████-----------------------------------------]
loss: 0.8169 | [████████------------------------------------------]
loss: 1.0145 | [██████████----------------------------------------]
Epoch: 19, Steps: 159 | Train Loss: 0.7678223 Vali Loss: 0.8682209 Test Loss: 0.9564749
Validation loss decreased (0.871626 --> 0.868221).  Saving model ...
loss: 0.7729 | [███████-------------------------------------------]
	iters: 100, epoch: 20 | loss: 0.8007289
	speed: 0.7183s/iter; left time: 20602.0987s
loss: 0.7371 | [███████-------------------------------------------]
Epoch: 20 cost time: 21.722718715667725
loss: 0.9366 | [█████████-----------------------------------------]
loss: 1.1046 | [███████████---------------------------------------]
loss: 1.0318 | [██████████----------------------------------------]
loss: 1.0290 | [██████████----------------------------------------]
loss: 0.9235 | [█████████-----------------------------------------]
loss: 0.9438 | [█████████-----------------------------------------]
loss: 0.9003 | [█████████-----------------------------------------]
loss: 0.9231 | [█████████-----------------------------------------]
loss: 0.9796 | [█████████-----------------------------------------]
loss: 0.8526 | [████████------------------------------------------]
loss: 0.8936 | [████████------------------------------------------]
Epoch: 20, Steps: 159 | Train Loss: 0.7665821 Vali Loss: 0.8765541 Test Loss: 0.9498909
EarlyStopping counter: 1 out of 5
loss: 0.8163 | [████████------------------------------------------]
	iters: 100, epoch: 21 | loss: 0.7851411
	speed: 0.7148s/iter; left time: 20387.1679s
loss: 0.7831 | [███████-------------------------------------------]
Epoch: 21 cost time: 20.796117067337036
loss: 0.8700 | [████████------------------------------------------]
loss: 1.0017 | [██████████----------------------------------------]
loss: 1.0723 | [██████████----------------------------------------]
loss: 1.0731 | [██████████----------------------------------------]
loss: 0.9786 | [█████████-----------------------------------------]
loss: 0.8964 | [████████------------------------------------------]
loss: 0.8795 | [████████------------------------------------------]
loss: 0.9333 | [█████████-----------------------------------------]
loss: 0.9281 | [█████████-----------------------------------------]
loss: 0.8913 | [████████------------------------------------------]
loss: 0.9666 | [█████████-----------------------------------------]
Epoch: 21, Steps: 159 | Train Loss: 0.7660043 Vali Loss: 0.8728140 Test Loss: 0.9543411
EarlyStopping counter: 2 out of 5
loss: 0.7121 | [███████-------------------------------------------]
	iters: 100, epoch: 22 | loss: 0.7690760
	speed: 0.7061s/iter; left time: 20025.6977s
loss: 0.7516 | [███████-------------------------------------------]
Epoch: 22 cost time: 21.068066358566284
loss: 0.8753 | [████████------------------------------------------]
loss: 0.9518 | [█████████-----------------------------------------]
loss: 1.0518 | [██████████----------------------------------------]
loss: 0.9600 | [█████████-----------------------------------------]
loss: 0.9632 | [█████████-----------------------------------------]
loss: 0.9258 | [█████████-----------------------------------------]
loss: 0.9058 | [█████████-----------------------------------------]
loss: 0.9933 | [█████████-----------------------------------------]
loss: 0.9076 | [█████████-----------------------------------------]
loss: 0.8325 | [████████------------------------------------------]
loss: 0.9175 | [█████████-----------------------------------------]
Epoch: 22, Steps: 159 | Train Loss: 0.7654585 Vali Loss: 0.8736675 Test Loss: 0.9469204
EarlyStopping counter: 3 out of 5
loss: 0.8117 | [████████------------------------------------------]
	iters: 100, epoch: 23 | loss: 0.7833665
	speed: 0.7214s/iter; left time: 20344.6506s
loss: 0.7518 | [███████-------------------------------------------]
Epoch: 23 cost time: 21.825239658355713
loss: 0.8229 | [████████------------------------------------------]
loss: 0.9498 | [█████████-----------------------------------------]
loss: 1.1475 | [███████████---------------------------------------]
loss: 0.9599 | [█████████-----------------------------------------]
loss: 0.9098 | [█████████-----------------------------------------]
loss: 0.9324 | [█████████-----------------------------------------]
loss: 0.8874 | [████████------------------------------------------]
loss: 0.9658 | [█████████-----------------------------------------]
loss: 0.9512 | [█████████-----------------------------------------]
loss: 0.8669 | [████████------------------------------------------]
loss: 0.8785 | [████████------------------------------------------]
Epoch: 23, Steps: 159 | Train Loss: 0.7644976 Vali Loss: 0.8674266 Test Loss: 0.9522875
Validation loss decreased (0.868221 --> 0.867427).  Saving model ...
loss: 0.8088 | [████████------------------------------------------]
	iters: 100, epoch: 24 | loss: 0.7913679
	speed: 0.7367s/iter; left time: 20659.2542s
loss: 0.7712 | [███████-------------------------------------------]
Epoch: 24 cost time: 19.692150831222534
loss: 0.8480 | [████████------------------------------------------]
loss: 0.8429 | [████████------------------------------------------]
loss: 1.0894 | [██████████----------------------------------------]
loss: 0.9769 | [█████████-----------------------------------------]
loss: 0.9673 | [█████████-----------------------------------------]
loss: 0.9443 | [█████████-----------------------------------------]
loss: 0.8888 | [████████------------------------------------------]
loss: 0.9367 | [█████████-----------------------------------------]
loss: 0.8965 | [████████------------------------------------------]
loss: 0.8664 | [████████------------------------------------------]
loss: 0.9229 | [█████████-----------------------------------------]
Epoch: 24, Steps: 159 | Train Loss: 0.7641521 Vali Loss: 0.8757708 Test Loss: 0.9482848
EarlyStopping counter: 1 out of 5
loss: 0.7842 | [███████-------------------------------------------]
	iters: 100, epoch: 25 | loss: 0.6971057
	speed: 0.7095s/iter; left time: 19784.8456s
loss: 0.7563 | [███████-------------------------------------------]
Epoch: 25 cost time: 19.490487098693848
loss: 0.8174 | [████████------------------------------------------]
loss: 0.8286 | [████████------------------------------------------]
loss: 1.0941 | [██████████----------------------------------------]
loss: 0.9592 | [█████████-----------------------------------------]
loss: 1.0184 | [██████████----------------------------------------]
loss: 0.9608 | [█████████-----------------------------------------]
loss: 0.9360 | [█████████-----------------------------------------]
loss: 0.9305 | [█████████-----------------------------------------]
loss: 0.8855 | [████████------------------------------------------]
loss: 0.8571 | [████████------------------------------------------]
loss: 0.8954 | [████████------------------------------------------]
loss: 0.8917 | [████████------------------------------------------]
Epoch: 25, Steps: 159 | Train Loss: 0.7635770 Vali Loss: 0.8674291 Test Loss: 0.9558614
EarlyStopping counter: 2 out of 5
loss: 0.7001 | [███████-------------------------------------------]
	iters: 100, epoch: 26 | loss: 0.7047246
	speed: 0.7216s/iter; left time: 20006.4011s
Epoch: 26 cost time: 19.926918029785156
loss: 0.7808 | [███████-------------------------------------------]
loss: 0.8914 | [████████------------------------------------------]
loss: 1.1509 | [███████████---------------------------------------]
loss: 0.9335 | [█████████-----------------------------------------]
loss: 1.0743 | [██████████----------------------------------------]
loss: 0.9632 | [█████████-----------------------------------------]
loss: 0.9330 | [█████████-----------------------------------------]
loss: 0.9409 | [█████████-----------------------------------------]
loss: 0.9164 | [█████████-----------------------------------------]
loss: 0.9239 | [█████████-----------------------------------------]
loss: 0.9079 | [█████████-----------------------------------------]
loss: 0.9698 | [█████████-----------------------------------------]
Epoch: 26, Steps: 159 | Train Loss: 0.7629748 Vali Loss: 0.8657002 Test Loss: 0.9590975
Validation loss decreased (0.867427 --> 0.865700).  Saving model ...
loss: 0.7669 | [███████-------------------------------------------]
	iters: 100, epoch: 27 | loss: 0.7493545
	speed: 0.7250s/iter; left time: 19985.3794s
Epoch: 27 cost time: 20.826521158218384
loss: 0.9082 | [█████████-----------------------------------------]
loss: 0.8865 | [████████------------------------------------------]
loss: 1.1310 | [███████████---------------------------------------]
loss: 0.8903 | [████████------------------------------------------]
loss: 1.1157 | [███████████---------------------------------------]
loss: 0.9429 | [█████████-----------------------------------------]
loss: 0.9251 | [█████████-----------------------------------------]
loss: 0.9367 | [█████████-----------------------------------------]
loss: 0.8584 | [████████------------------------------------------]
loss: 0.8904 | [████████------------------------------------------]
loss: 0.8897 | [████████------------------------------------------]
loss: 0.9837 | [█████████-----------------------------------------]
Epoch: 27, Steps: 159 | Train Loss: 0.7625235 Vali Loss: 0.8729734 Test Loss: 0.9504964
EarlyStopping counter: 1 out of 5
loss: 0.8240 | [████████------------------------------------------]
	iters: 100, epoch: 28 | loss: 0.7283698
	speed: 0.7213s/iter; left time: 19769.4882s
Epoch: 28 cost time: 20.33372473716736
loss: 0.8248 | [████████------------------------------------------]
loss: 0.9514 | [█████████-----------------------------------------]
loss: 1.0657 | [██████████----------------------------------------]
loss: 0.9466 | [█████████-----------------------------------------]
loss: 1.1377 | [███████████---------------------------------------]
loss: 1.0147 | [██████████----------------------------------------]
loss: 0.9437 | [█████████-----------------------------------------]
loss: 0.9623 | [█████████-----------------------------------------]
loss: 0.8967 | [████████------------------------------------------]
loss: 0.8855 | [████████------------------------------------------]
loss: 0.8979 | [████████------------------------------------------]
loss: 1.0370 | [██████████----------------------------------------]
Epoch: 28, Steps: 159 | Train Loss: 0.7617512 Vali Loss: 0.8647969 Test Loss: 0.9591811
Validation loss decreased (0.865700 --> 0.864797).  Saving model ...
loss: 0.7713 | [███████-------------------------------------------]
	iters: 100, epoch: 29 | loss: 0.7423164
	speed: 0.7371s/iter; left time: 20084.1161s
Epoch: 29 cost time: 20.42603826522827
loss: 0.8336 | [████████------------------------------------------]
loss: 0.9456 | [█████████-----------------------------------------]
loss: 1.0968 | [██████████----------------------------------------]
loss: 0.9486 | [█████████-----------------------------------------]
loss: 1.0574 | [██████████----------------------------------------]
loss: 0.9541 | [█████████-----------------------------------------]
loss: 0.9510 | [█████████-----------------------------------------]
loss: 0.9479 | [█████████-----------------------------------------]
loss: 0.9510 | [█████████-----------------------------------------]
loss: 0.9211 | [█████████-----------------------------------------]
loss: 0.8219 | [████████------------------------------------------]
loss: 1.0127 | [██████████----------------------------------------]
Epoch: 29, Steps: 159 | Train Loss: 0.7612994 Vali Loss: 0.8746059 Test Loss: 0.9475809
EarlyStopping counter: 1 out of 5
loss: 0.7404 | [███████-------------------------------------------]
	iters: 100, epoch: 30 | loss: 0.8102399
	speed: 0.7291s/iter; left time: 19750.1525s
Epoch: 30 cost time: 19.278149127960205
loss: 0.9161 | [█████████-----------------------------------------]
loss: 0.9223 | [█████████-----------------------------------------]
loss: 1.0567 | [██████████----------------------------------------]
loss: 0.9461 | [█████████-----------------------------------------]
loss: 1.1756 | [███████████---------------------------------------]
loss: 0.9427 | [█████████-----------------------------------------]
loss: 0.9876 | [█████████-----------------------------------------]
loss: 0.9022 | [█████████-----------------------------------------]
loss: 0.9274 | [█████████-----------------------------------------]
loss: 0.9028 | [█████████-----------------------------------------]
loss: 0.8568 | [████████------------------------------------------]
loss: 1.0729 | [██████████----------------------------------------]
Epoch: 30, Steps: 159 | Train Loss: 0.7609621 Vali Loss: 0.8675296 Test Loss: 0.9524364
EarlyStopping counter: 2 out of 5
loss: 0.7634 | [███████-------------------------------------------]
	iters: 100, epoch: 31 | loss: 0.7726158
	speed: 0.5704s/iter; left time: 15362.4283s
Epoch: 31 cost time: 15.990179538726807
loss: 0.8304 | [████████------------------------------------------]
loss: 0.9813 | [█████████-----------------------------------------]
loss: 1.0769 | [██████████----------------------------------------]
loss: 0.9412 | [█████████-----------------------------------------]
loss: 1.0856 | [██████████----------------------------------------]
loss: 0.9445 | [█████████-----------------------------------------]
loss: 1.0580 | [██████████----------------------------------------]
loss: 0.8857 | [████████------------------------------------------]
loss: 0.9084 | [█████████-----------------------------------------]
loss: 0.9049 | [█████████-----------------------------------------]
loss: 0.8269 | [████████------------------------------------------]
loss: 1.0518 | [██████████----------------------------------------]
Epoch: 31, Steps: 159 | Train Loss: 0.7605697 Vali Loss: 0.8711517 Test Loss: 0.9503574
EarlyStopping counter: 3 out of 5
loss: 0.8198 | [████████------------------------------------------]
	iters: 100, epoch: 32 | loss: 0.7376658
	speed: 0.6507s/iter; left time: 17420.3953s
loss: 0.7674 | [███████-------------------------------------------]
Epoch: 32 cost time: 20.901840925216675
loss: 0.9462 | [█████████-----------------------------------------]
loss: 1.0816 | [██████████----------------------------------------]
loss: 0.9951 | [█████████-----------------------------------------]
loss: 1.0337 | [██████████----------------------------------------]
loss: 0.8968 | [████████------------------------------------------]
loss: 0.9811 | [█████████-----------------------------------------]
loss: 0.9183 | [█████████-----------------------------------------]
loss: 0.9137 | [█████████-----------------------------------------]
loss: 0.9394 | [█████████-----------------------------------------]
loss: 0.8460 | [████████------------------------------------------]
loss: 0.9588 | [█████████-----------------------------------------]
Epoch: 32, Steps: 159 | Train Loss: 0.7603146 Vali Loss: 0.8794898 Test Loss: 0.9403634
EarlyStopping counter: 4 out of 5
loss: 0.8333 | [████████------------------------------------------]
	iters: 100, epoch: 33 | loss: 0.7612507
	speed: 0.7153s/iter; left time: 19036.8282s
loss: 0.7665 | [███████-------------------------------------------]
Epoch: 33 cost time: 21.762299299240112
loss: 0.8876 | [████████------------------------------------------]
loss: 1.1004 | [███████████---------------------------------------]
loss: 1.0318 | [██████████----------------------------------------]
loss: 1.0872 | [██████████----------------------------------------]
loss: 0.9487 | [█████████-----------------------------------------]
loss: 0.8977 | [████████------------------------------------------]
loss: 0.8956 | [████████------------------------------------------]
loss: 0.9419 | [█████████-----------------------------------------]
loss: 0.9558 | [█████████-----------------------------------------]
loss: 0.9098 | [█████████-----------------------------------------]
loss: 0.9020 | [█████████-----------------------------------------]
Epoch: 33, Steps: 159 | Train Loss: 0.7605882 Vali Loss: 0.8673675 Test Loss: 0.9540362
EarlyStopping counter: 5 out of 5
Early stopping
>>>>>>>testing : long_term_forecast_tfnsw_all_96_96_365_final336_CAMEL_custom_ftM_sl96_ll48_pl96_dm512_nh8_el2_dl1_df2048_fc3_ebtimeF_dtTrue_srate0.1_sseed7_trainseed2024_gap365_CAMEL_0<<<<<<<<<<<<<<<<<<<<<<<<<<<<<<<<<
test 11151
mse:0.9583796262741089, mae:0.7852433323860168
>>>>>>>Overall time: 2387 seconds<<<<<<<<<<<<<<<<<<<<<<<<<<<<<<<<<
