Args in experiment:
Namespace(samle_rate=0.1, sample_seed=7, train_seed=2024, gap_day=365, task_name='long_term_forecast', is_training=1, model_id='tfnsw_all_96_192_365_final334_2', model='CAMEL', data='custom', root_path='/home/cyrilyuan/projects/XXLTraffic-main/data/pems/', data_path='tfnsw.csv', features='M', target='', freq='h', checkpoints='./checkpoints/', seq_len=96, label_len=48, pred_len=192, seasonal_patterns='Monthly', inverse=False, mask_rate=0.25, anomaly_ratio=0.25, expand=2, d_conv=4, top_k=5, num_kernels=6, enc_in=27, dec_in=27, c_out=27, d_model=512, n_heads=8, e_layers=2, d_layers=1, d_ff=2048, moving_avg=25, factor=3, distil=True, dropout=0.3, embed='timeF', activation='gelu', output_attention=False, num_workers=10, itr=1, train_epochs=200, batch_size=32, patience=5, learning_rate=0.0005, des='CAMEL', loss='MSE', lradj='type3', use_amp=False, enable_camel=False, camel_gap_years=1.5, camel_memory_size=512, camel_k_retrieve=4, camel_latent_dim=32, camel_d_model=32, camel_use_nll=False, lambda_mem=0.0, lambda_ode=0.01, lambda_smooth=0.0, camel_min_year_gap=1.0, camel_gap_tolerance=0.25, use_gpu=True, gpu=0, use_multi_gpu=False, devices='0,1,2,3', p_hidden_dims=[128, 128], p_hidden_layers=2, points_per_hour=1)
Use GPU: cuda:0
>>>>>>>start training : long_term_forecast_tfnsw_all_96_192_365_final334_2_CAMEL_custom_ftM_sl96_ll48_pl192_dm512_nh8_el2_dl1_df2048_fc3_ebtimeF_dtTrue_srate0.1_sseed7_trainseed2024_gap365_CAMEL_0>>>>>>>>>>>>>>>>>>>>>>>>>>
train 50972
val 11056
test 11055
loss: 0.8039 | [████████------------------------------------------]
	iters: 100, epoch: 1 | loss: 1.6728561
	speed: 0.1493s/iter; left time: 4732.2583s
Epoch: 1 cost time: 22.628931283950806
loss: 0.9551 | [█████████-----------------------------------------]
loss: 0.9976 | [█████████-----------------------------------------]
loss: 1.0817 | [██████████----------------------------------------]
loss: 1.0122 | [██████████----------------------------------------]
loss: 1.0440 | [██████████----------------------------------------]
loss: 0.9711 | [█████████-----------------------------------------]
loss: 1.0107 | [██████████----------------------------------------]
loss: 0.9239 | [█████████-----------------------------------------]
loss: 0.9791 | [█████████-----------------------------------------]
loss: 0.8979 | [████████------------------------------------------]
loss: 0.9803 | [█████████-----------------------------------------]
Epoch: 1, Steps: 159 | Train Loss: 2.8517647 Vali Loss: 1.0501477 Test Loss: 1.1182778
Validation loss decreased (inf --> 1.050148).  Saving model ...
loss: 0.7542 | [███████-------------------------------------------]
	iters: 100, epoch: 2 | loss: 1.1489427
	speed: 0.7182s/iter; left time: 22653.0014s
loss: 0.7669 | [███████-------------------------------------------]
Epoch: 2 cost time: 21.477678298950195
loss: 0.9356 | [█████████-----------------------------------------]
loss: 1.0022 | [██████████----------------------------------------]
loss: 1.0611 | [██████████----------------------------------------]
loss: 1.0055 | [██████████----------------------------------------]
loss: 0.9680 | [█████████-----------------------------------------]
loss: 0.9320 | [█████████-----------------------------------------]
loss: 0.9845 | [█████████-----------------------------------------]
loss: 0.9095 | [█████████-----------------------------------------]
loss: 0.9610 | [█████████-----------------------------------------]
loss: 0.8738 | [████████------------------------------------------]
loss: 0.9295 | [█████████-----------------------------------------]
Epoch: 2, Steps: 159 | Train Loss: 1.2112384 Vali Loss: 0.9352545 Test Loss: 0.9989935
Validation loss decreased (1.050148 --> 0.935254).  Saving model ...
loss: 0.8307 | [████████------------------------------------------]
	iters: 100, epoch: 3 | loss: 0.9253517
	speed: 0.7147s/iter; left time: 22429.6990s
loss: 0.7467 | [███████-------------------------------------------]
Epoch: 3 cost time: 21.104912996292114
loss: 0.8987 | [████████------------------------------------------]
loss: 1.0084 | [██████████----------------------------------------]
loss: 1.0629 | [██████████----------------------------------------]
loss: 1.0256 | [██████████----------------------------------------]
loss: 0.9599 | [█████████-----------------------------------------]
loss: 0.9249 | [█████████-----------------------------------------]
loss: 0.9691 | [█████████-----------------------------------------]
loss: 0.9167 | [█████████-----------------------------------------]
loss: 0.9307 | [█████████-----------------------------------------]
loss: 0.8687 | [████████------------------------------------------]
loss: 0.9138 | [█████████-----------------------------------------]
Epoch: 3, Steps: 159 | Train Loss: 0.9934422 Vali Loss: 0.9525302 Test Loss: 1.0231242
EarlyStopping counter: 1 out of 5
loss: 0.7817 | [███████-------------------------------------------]
	iters: 100, epoch: 4 | loss: 0.8941290
	speed: 0.7144s/iter; left time: 22307.7919s
loss: 0.7386 | [███████-------------------------------------------]
Epoch: 4 cost time: 21.177693605422974
loss: 0.9018 | [█████████-----------------------------------------]
loss: 0.9327 | [█████████-----------------------------------------]
loss: 1.0509 | [██████████----------------------------------------]
loss: 1.0338 | [██████████----------------------------------------]
loss: 0.9774 | [█████████-----------------------------------------]
loss: 0.9376 | [█████████-----------------------------------------]
loss: 0.9772 | [█████████-----------------------------------------]
loss: 0.8906 | [████████------------------------------------------]
loss: 0.9335 | [█████████-----------------------------------------]
loss: 0.8474 | [████████------------------------------------------]
loss: 0.9303 | [█████████-----------------------------------------]
Epoch: 4, Steps: 159 | Train Loss: 0.8917149 Vali Loss: 0.9949049 Test Loss: 1.0579539
EarlyStopping counter: 2 out of 5
loss: 0.8075 | [████████------------------------------------------]
	iters: 100, epoch: 5 | loss: 0.8753427
	speed: 0.7172s/iter; left time: 22280.1586s
loss: 0.7943 | [███████-------------------------------------------]
Epoch: 5 cost time: 22.06410312652588
loss: 0.9224 | [█████████-----------------------------------------]
loss: 0.9587 | [█████████-----------------------------------------]
loss: 1.0536 | [██████████----------------------------------------]
loss: 1.0339 | [██████████----------------------------------------]
loss: 0.9770 | [█████████-----------------------------------------]
loss: 0.9200 | [█████████-----------------------------------------]
loss: 0.9694 | [█████████-----------------------------------------]
loss: 0.9012 | [█████████-----------------------------------------]
loss: 0.9347 | [█████████-----------------------------------------]
loss: 0.8465 | [████████------------------------------------------]
loss: 0.9221 | [█████████-----------------------------------------]
Epoch: 5, Steps: 159 | Train Loss: 0.8528893 Vali Loss: 0.9886090 Test Loss: 1.0540327
EarlyStopping counter: 3 out of 5
loss: 0.7624 | [███████-------------------------------------------]
	iters: 100, epoch: 6 | loss: 0.8897835
	speed: 0.7218s/iter; left time: 22307.3638s
loss: 0.7782 | [███████-------------------------------------------]
Epoch: 6 cost time: 21.925443172454834
loss: 0.9117 | [█████████-----------------------------------------]
loss: 0.9811 | [█████████-----------------------------------------]
loss: 1.0194 | [██████████----------------------------------------]
loss: 1.0576 | [██████████----------------------------------------]
loss: 0.9684 | [█████████-----------------------------------------]
loss: 0.9242 | [█████████-----------------------------------------]
loss: 0.9575 | [█████████-----------------------------------------]
loss: 0.8854 | [████████------------------------------------------]
loss: 0.9133 | [█████████-----------------------------------------]
loss: 0.8494 | [████████------------------------------------------]
loss: 0.9336 | [█████████-----------------------------------------]
Epoch: 6, Steps: 159 | Train Loss: 0.8349564 Vali Loss: 0.9515438 Test Loss: 1.0240176
EarlyStopping counter: 4 out of 5
loss: 0.7600 | [███████-------------------------------------------]
	iters: 100, epoch: 7 | loss: 0.8321185
	speed: 0.7214s/iter; left time: 22181.3543s
loss: 0.7663 | [███████-------------------------------------------]
Epoch: 7 cost time: 21.857808828353882
loss: 0.9088 | [█████████-----------------------------------------]
loss: 1.0056 | [██████████----------------------------------------]
loss: 1.0150 | [██████████----------------------------------------]
loss: 1.0412 | [██████████----------------------------------------]
loss: 0.9627 | [█████████-----------------------------------------]
loss: 0.9337 | [█████████-----------------------------------------]
loss: 0.9707 | [█████████-----------------------------------------]
loss: 0.8987 | [████████------------------------------------------]
loss: 0.9017 | [█████████-----------------------------------------]
loss: 0.8475 | [████████------------------------------------------]
loss: 0.9358 | [█████████-----------------------------------------]
Epoch: 7, Steps: 159 | Train Loss: 0.8237847 Vali Loss: 0.9266286 Test Loss: 1.0018705
Validation loss decreased (0.935254 --> 0.926629).  Saving model ...
loss: 0.7742 | [███████-------------------------------------------]
	iters: 100, epoch: 8 | loss: 0.8200839
	speed: 0.7192s/iter; left time: 21998.3139s
loss: 0.7257 | [███████-------------------------------------------]
Epoch: 8 cost time: 21.81671929359436
loss: 0.9014 | [█████████-----------------------------------------]
loss: 0.9685 | [█████████-----------------------------------------]
loss: 1.0054 | [██████████----------------------------------------]
loss: 1.0748 | [██████████----------------------------------------]
loss: 0.9621 | [█████████-----------------------------------------]
loss: 0.9059 | [█████████-----------------------------------------]
loss: 1.0156 | [██████████----------------------------------------]
loss: 0.8994 | [████████------------------------------------------]
loss: 0.9028 | [█████████-----------------------------------------]
loss: 0.8601 | [████████------------------------------------------]
loss: 0.9082 | [█████████-----------------------------------------]
Epoch: 8, Steps: 159 | Train Loss: 0.8154218 Vali Loss: 0.9132227 Test Loss: 0.9877301
Validation loss decreased (0.926629 --> 0.913223).  Saving model ...
loss: 0.7503 | [███████-------------------------------------------]
	iters: 100, epoch: 9 | loss: 0.7992831
	speed: 0.7160s/iter; left time: 21788.6062s
loss: 0.7055 | [███████-------------------------------------------]
Epoch: 9 cost time: 21.159847497940063
loss: 0.9131 | [█████████-----------------------------------------]
loss: 0.9570 | [█████████-----------------------------------------]
loss: 1.0160 | [██████████----------------------------------------]
loss: 1.0473 | [██████████----------------------------------------]
loss: 0.9421 | [█████████-----------------------------------------]
loss: 0.9415 | [█████████-----------------------------------------]
loss: 0.9669 | [█████████-----------------------------------------]
loss: 0.8958 | [████████------------------------------------------]
loss: 0.8946 | [████████------------------------------------------]
loss: 0.8479 | [████████------------------------------------------]
loss: 0.9072 | [█████████-----------------------------------------]
Epoch: 9, Steps: 159 | Train Loss: 0.8083162 Vali Loss: 0.9043330 Test Loss: 0.9732073
Validation loss decreased (0.913223 --> 0.904333).  Saving model ...
loss: 0.7563 | [███████-------------------------------------------]
	iters: 100, epoch: 10 | loss: 0.8123424
	speed: 0.7104s/iter; left time: 21503.6970s
loss: 0.7624 | [███████-------------------------------------------]
Epoch: 10 cost time: 21.01489233970642
loss: 0.9120 | [█████████-----------------------------------------]
loss: 0.9808 | [█████████-----------------------------------------]
loss: 1.0846 | [██████████----------------------------------------]
loss: 1.0643 | [██████████----------------------------------------]
loss: 0.9192 | [█████████-----------------------------------------]
loss: 0.8767 | [████████------------------------------------------]
loss: 0.9324 | [█████████-----------------------------------------]
loss: 0.9067 | [█████████-----------------------------------------]
loss: 0.9504 | [█████████-----------------------------------------]
loss: 0.8882 | [████████------------------------------------------]
loss: 0.9424 | [█████████-----------------------------------------]
Epoch: 10, Steps: 159 | Train Loss: 0.8031138 Vali Loss: 0.8784507 Test Loss: 0.9705319
Validation loss decreased (0.904333 --> 0.878451).  Saving model ...
loss: 0.7935 | [███████-------------------------------------------]
	iters: 100, epoch: 11 | loss: 0.8562232
	speed: 0.7138s/iter; left time: 21491.8514s
loss: 0.8099 | [████████------------------------------------------]
Epoch: 11 cost time: 21.151026964187622
loss: 0.9009 | [█████████-----------------------------------------]
loss: 0.9682 | [█████████-----------------------------------------]
loss: 1.0450 | [██████████----------------------------------------]
loss: 1.1260 | [███████████---------------------------------------]
loss: 0.9545 | [█████████-----------------------------------------]
loss: 0.9100 | [█████████-----------------------------------------]
loss: 0.9262 | [█████████-----------------------------------------]
loss: 0.9036 | [█████████-----------------------------------------]
loss: 0.9148 | [█████████-----------------------------------------]
loss: 0.9012 | [█████████-----------------------------------------]
loss: 0.9839 | [█████████-----------------------------------------]
Epoch: 11, Steps: 159 | Train Loss: 0.7983886 Vali Loss: 0.8761365 Test Loss: 0.9694412
Validation loss decreased (0.878451 --> 0.876137).  Saving model ...
loss: 0.7350 | [███████-------------------------------------------]
	iters: 100, epoch: 12 | loss: 0.7780342
	speed: 0.7125s/iter; left time: 21340.3812s
loss: 0.7891 | [███████-------------------------------------------]
Epoch: 12 cost time: 20.98780870437622
loss: 0.9043 | [█████████-----------------------------------------]
loss: 0.9647 | [█████████-----------------------------------------]
loss: 1.0418 | [██████████----------------------------------------]
loss: 1.0809 | [██████████----------------------------------------]
loss: 0.9277 | [█████████-----------------------------------------]
loss: 0.9229 | [█████████-----------------------------------------]
loss: 0.9720 | [█████████-----------------------------------------]
loss: 0.8987 | [████████------------------------------------------]
loss: 0.9177 | [█████████-----------------------------------------]
loss: 0.8667 | [████████------------------------------------------]
loss: 0.8853 | [████████------------------------------------------]
Epoch: 12, Steps: 159 | Train Loss: 0.7938085 Vali Loss: 0.8704092 Test Loss: 0.9589551
Validation loss decreased (0.876137 --> 0.870409).  Saving model ...
loss: 0.7623 | [███████-------------------------------------------]
	iters: 100, epoch: 13 | loss: 0.8155478
	speed: 0.7116s/iter; left time: 21199.6831s
loss: 0.7577 | [███████-------------------------------------------]
Epoch: 13 cost time: 21.044604539871216
loss: 0.9195 | [█████████-----------------------------------------]
loss: 1.0025 | [██████████----------------------------------------]
loss: 1.0823 | [██████████----------------------------------------]
loss: 1.0959 | [██████████----------------------------------------]
loss: 0.9689 | [█████████-----------------------------------------]
loss: 0.8953 | [████████------------------------------------------]
loss: 0.9363 | [█████████-----------------------------------------]
loss: 0.9026 | [█████████-----------------------------------------]
loss: 0.9425 | [█████████-----------------------------------------]
loss: 0.8704 | [████████------------------------------------------]
loss: 0.8820 | [████████------------------------------------------]
Epoch: 13, Steps: 159 | Train Loss: 0.7906573 Vali Loss: 0.8704713 Test Loss: 0.9566028
EarlyStopping counter: 1 out of 5
loss: 0.7982 | [███████-------------------------------------------]
	iters: 100, epoch: 14 | loss: 0.7900732
	speed: 0.7134s/iter; left time: 21141.2361s
loss: 0.7966 | [███████-------------------------------------------]
Epoch: 14 cost time: 21.25799298286438
loss: 0.9266 | [█████████-----------------------------------------]
loss: 1.0176 | [██████████----------------------------------------]
loss: 1.0128 | [██████████----------------------------------------]
loss: 1.1079 | [███████████---------------------------------------]
loss: 0.9864 | [█████████-----------------------------------------]
loss: 0.8936 | [████████------------------------------------------]
loss: 0.9409 | [█████████-----------------------------------------]
loss: 0.9160 | [█████████-----------------------------------------]
loss: 0.9060 | [█████████-----------------------------------------]
loss: 0.8674 | [████████------------------------------------------]
loss: 0.8919 | [████████------------------------------------------]
Epoch: 14, Steps: 159 | Train Loss: 0.7876592 Vali Loss: 0.8728183 Test Loss: 0.9519630
EarlyStopping counter: 2 out of 5
loss: 0.7603 | [███████-------------------------------------------]
	iters: 100, epoch: 15 | loss: 0.7381324
	speed: 0.7141s/iter; left time: 21048.4859s
loss: 0.8136 | [████████------------------------------------------]
Epoch: 15 cost time: 21.32134199142456
loss: 0.9326 | [█████████-----------------------------------------]
loss: 1.0653 | [██████████----------------------------------------]
loss: 1.0628 | [██████████----------------------------------------]
loss: 1.1074 | [███████████---------------------------------------]
loss: 0.9719 | [█████████-----------------------------------------]
loss: 0.9020 | [█████████-----------------------------------------]
loss: 0.9542 | [█████████-----------------------------------------]
loss: 0.9487 | [█████████-----------------------------------------]
loss: 0.9368 | [█████████-----------------------------------------]
loss: 0.8591 | [████████------------------------------------------]
loss: 0.9041 | [█████████-----------------------------------------]
Epoch: 15, Steps: 159 | Train Loss: 0.7851481 Vali Loss: 0.8625770 Test Loss: 0.9599110
Validation loss decreased (0.870409 --> 0.862577).  Saving model ...
loss: 0.7529 | [███████-------------------------------------------]
	iters: 100, epoch: 16 | loss: 0.7896783
	speed: 0.7212s/iter; left time: 21141.2714s
loss: 0.7340 | [███████-------------------------------------------]
Epoch: 16 cost time: 21.836426258087158
loss: 0.9272 | [█████████-----------------------------------------]
loss: 1.0093 | [██████████----------------------------------------]
loss: 1.0302 | [██████████----------------------------------------]
loss: 1.0624 | [██████████----------------------------------------]
loss: 0.9846 | [█████████-----------------------------------------]
loss: 0.9077 | [█████████-----------------------------------------]
loss: 0.9520 | [█████████-----------------------------------------]
loss: 0.9023 | [█████████-----------------------------------------]
loss: 0.9347 | [█████████-----------------------------------------]
loss: 0.8784 | [████████------------------------------------------]
loss: 0.9112 | [█████████-----------------------------------------]
Epoch: 16, Steps: 159 | Train Loss: 0.7831176 Vali Loss: 0.8647456 Test Loss: 0.9555302
EarlyStopping counter: 1 out of 5
loss: 0.7830 | [███████-------------------------------------------]
	iters: 100, epoch: 17 | loss: 0.8117213
	speed: 0.7304s/iter; left time: 21294.8958s
loss: 0.7398 | [███████-------------------------------------------]
Epoch: 17 cost time: 20.341903924942017
loss: 0.9544 | [█████████-----------------------------------------]
loss: 1.0087 | [██████████----------------------------------------]
loss: 1.0308 | [██████████----------------------------------------]
loss: 1.0057 | [██████████----------------------------------------]
loss: 1.0019 | [██████████----------------------------------------]
loss: 0.8765 | [████████------------------------------------------]
loss: 0.9662 | [█████████-----------------------------------------]
loss: 0.9237 | [█████████-----------------------------------------]
loss: 0.9013 | [█████████-----------------------------------------]
loss: 0.8732 | [████████------------------------------------------]
loss: 0.9018 | [█████████-----------------------------------------]
Epoch: 17, Steps: 159 | Train Loss: 0.7813886 Vali Loss: 0.8714840 Test Loss: 0.9486691
EarlyStopping counter: 2 out of 5
loss: 0.7590 | [███████-------------------------------------------]
	iters: 100, epoch: 18 | loss: 0.7790526
	speed: 0.7288s/iter; left time: 21134.2888s
loss: 0.7468 | [███████-------------------------------------------]
Epoch: 18 cost time: 20.777968645095825
loss: 0.9572 | [█████████-----------------------------------------]
loss: 1.0212 | [██████████----------------------------------------]
loss: 1.0056 | [██████████----------------------------------------]
loss: 1.0340 | [██████████----------------------------------------]
loss: 0.9821 | [█████████-----------------------------------------]
loss: 0.8963 | [████████------------------------------------------]
loss: 0.9340 | [█████████-----------------------------------------]
loss: 0.9242 | [█████████-----------------------------------------]
loss: 0.9117 | [█████████-----------------------------------------]
loss: 0.8822 | [████████------------------------------------------]
loss: 0.8835 | [████████------------------------------------------]
Epoch: 18, Steps: 159 | Train Loss: 0.7792766 Vali Loss: 0.8673396 Test Loss: 0.9515281
EarlyStopping counter: 3 out of 5
loss: 0.7633 | [███████-------------------------------------------]
	iters: 100, epoch: 19 | loss: 0.8143231
	speed: 0.7192s/iter; left time: 20742.1692s
loss: 0.7252 | [███████-------------------------------------------]
Epoch: 19 cost time: 19.712472438812256
loss: 0.9505 | [█████████-----------------------------------------]
loss: 1.0308 | [██████████----------------------------------------]
loss: 1.0166 | [██████████----------------------------------------]
loss: 1.0253 | [██████████----------------------------------------]
loss: 0.9970 | [█████████-----------------------------------------]
loss: 0.8939 | [████████------------------------------------------]
loss: 0.9359 | [█████████-----------------------------------------]
loss: 0.9135 | [█████████-----------------------------------------]
loss: 0.9094 | [█████████-----------------------------------------]
loss: 0.8668 | [████████------------------------------------------]
loss: 0.8589 | [████████------------------------------------------]
Epoch: 19, Steps: 159 | Train Loss: 0.7776065 Vali Loss: 0.8713460 Test Loss: 0.9488389
EarlyStopping counter: 4 out of 5
loss: 0.7357 | [███████-------------------------------------------]
	iters: 100, epoch: 20 | loss: 0.8080505
	speed: 0.7109s/iter; left time: 20388.8276s
loss: 0.7360 | [███████-------------------------------------------]
Epoch: 20 cost time: 19.69480586051941
loss: 0.9326 | [█████████-----------------------------------------]
loss: 1.0373 | [██████████----------------------------------------]
loss: 0.9454 | [█████████-----------------------------------------]
loss: 1.0189 | [██████████----------------------------------------]
loss: 1.0226 | [██████████----------------------------------------]
loss: 0.8856 | [████████------------------------------------------]
loss: 0.9640 | [█████████-----------------------------------------]
loss: 0.8739 | [████████------------------------------------------]
loss: 0.8796 | [████████------------------------------------------]
loss: 0.8997 | [████████------------------------------------------]
loss: 0.9018 | [█████████-----------------------------------------]
Epoch: 20, Steps: 159 | Train Loss: 0.7761985 Vali Loss: 0.8672159 Test Loss: 0.9550279
EarlyStopping counter: 5 out of 5
Early stopping
>>>>>>>testing : long_term_forecast_tfnsw_all_96_192_365_final334_2_CAMEL_custom_ftM_sl96_ll48_pl192_dm512_nh8_el2_dl1_df2048_fc3_ebtimeF_dtTrue_srate0.1_sseed7_trainseed2024_gap365_CAMEL_0<<<<<<<<<<<<<<<<<<<<<<<<<<<<<<<<<
test 11055
mse:0.9580196142196655, mae:0.7849676012992859
>>>>>>>Overall time: 1485 seconds<<<<<<<<<<<<<<<<<<<<<<<<<<<<<<<<<
Args in experiment:
Namespace(samle_rate=0.1, sample_seed=7, train_seed=2024, gap_day=365, task_name='long_term_forecast', is_training=1, model_id='tfnsw_all_96_192_365_final334_2', model='CAMEL', data='custom', root_path='/home/cyrilyuan/projects/XXLTraffic-main/data/pems/', data_path='tfnsw.csv', features='M', target='', freq='h', checkpoints='./checkpoints/', seq_len=96, label_len=48, pred_len=192, seasonal_patterns='Monthly', inverse=False, mask_rate=0.25, anomaly_ratio=0.25, expand=2, d_conv=4, top_k=5, num_kernels=6, enc_in=27, dec_in=27, c_out=27, d_model=512, n_heads=8, e_layers=2, d_layers=1, d_ff=2048, moving_avg=25, factor=3, distil=True, dropout=0.3, embed='timeF', activation='gelu', output_attention=False, num_workers=10, itr=1, train_epochs=200, batch_size=32, patience=5, learning_rate=0.0005, des='CAMEL', loss='MSE', lradj='type3', use_amp=False, enable_camel=False, camel_gap_years=1.5, camel_memory_size=512, camel_k_retrieve=4, camel_latent_dim=32, camel_d_model=32, camel_use_nll=False, lambda_mem=0.0, lambda_ode=0.01, lambda_smooth=0.0, camel_min_year_gap=1.0, camel_gap_tolerance=0.25, use_gpu=True, gpu=0, use_multi_gpu=False, devices='0,1,2,3', p_hidden_dims=[128, 128], p_hidden_layers=2, points_per_hour=1)
Use GPU: cuda:0
>>>>>>>start training : long_term_forecast_tfnsw_all_96_192_365_final334_2_CAMEL_custom_ftM_sl96_ll48_pl192_dm512_nh8_el2_dl1_df2048_fc3_ebtimeF_dtTrue_srate0.1_sseed7_trainseed2024_gap365_CAMEL_0>>>>>>>>>>>>>>>>>>>>>>>>>>
train 50972
val 11056
test 11055
loss: 0.8039 | [████████------------------------------------------]
	iters: 100, epoch: 1 | loss: 1.6728561
	speed: 0.1636s/iter; left time: 5186.0076s
Epoch: 1 cost time: 23.766541957855225
loss: 0.9551 | [█████████-----------------------------------------]
loss: 0.9976 | [█████████-----------------------------------------]
loss: 1.0817 | [██████████----------------------------------------]
loss: 1.0122 | [██████████----------------------------------------]
loss: 1.0440 | [██████████----------------------------------------]
loss: 0.9711 | [█████████-----------------------------------------]
loss: 1.0107 | [██████████----------------------------------------]
loss: 0.9239 | [█████████-----------------------------------------]
loss: 0.9791 | [█████████-----------------------------------------]
loss: 0.8979 | [████████------------------------------------------]
loss: 0.9803 | [█████████-----------------------------------------]
Epoch: 1, Steps: 159 | Train Loss: 2.8517647 Vali Loss: 1.0501477 Test Loss: 1.1182778
Validation loss decreased (inf --> 1.050148).  Saving model ...
loss: 0.7542 | [███████-------------------------------------------]
	iters: 100, epoch: 2 | loss: 1.1489427
	speed: 0.7382s/iter; left time: 23285.0492s
loss: 0.7669 | [███████-------------------------------------------]
Epoch: 2 cost time: 22.08505368232727
loss: 0.9356 | [█████████-----------------------------------------]
loss: 1.0022 | [██████████----------------------------------------]
loss: 1.0611 | [██████████----------------------------------------]
loss: 1.0055 | [██████████----------------------------------------]
loss: 0.9680 | [█████████-----------------------------------------]
loss: 0.9320 | [█████████-----------------------------------------]
loss: 0.9845 | [█████████-----------------------------------------]
loss: 0.9095 | [█████████-----------------------------------------]
loss: 0.9610 | [█████████-----------------------------------------]
loss: 0.8738 | [████████------------------------------------------]
loss: 0.9295 | [█████████-----------------------------------------]
Epoch: 2, Steps: 159 | Train Loss: 1.2112384 Vali Loss: 0.9352545 Test Loss: 0.9989935
Validation loss decreased (1.050148 --> 0.935254).  Saving model ...
loss: 0.8307 | [████████------------------------------------------]
	iters: 100, epoch: 3 | loss: 0.9253517
	speed: 0.7311s/iter; left time: 22945.5746s
loss: 0.7467 | [███████-------------------------------------------]
Epoch: 3 cost time: 21.212327003479004
loss: 0.8987 | [████████------------------------------------------]
loss: 1.0084 | [██████████----------------------------------------]
loss: 1.0629 | [██████████----------------------------------------]
loss: 1.0256 | [██████████----------------------------------------]
loss: 0.9599 | [█████████-----------------------------------------]
loss: 0.9249 | [█████████-----------------------------------------]
loss: 0.9691 | [█████████-----------------------------------------]
loss: 0.9167 | [█████████-----------------------------------------]
loss: 0.9307 | [█████████-----------------------------------------]
loss: 0.8687 | [████████------------------------------------------]
loss: 0.9138 | [█████████-----------------------------------------]
Epoch: 3, Steps: 159 | Train Loss: 0.9934422 Vali Loss: 0.9525302 Test Loss: 1.0231242
EarlyStopping counter: 1 out of 5
loss: 0.7817 | [███████-------------------------------------------]
	iters: 100, epoch: 4 | loss: 0.8941290
	speed: 0.7155s/iter; left time: 22339.8670s
loss: 0.7386 | [███████-------------------------------------------]
Epoch: 4 cost time: 21.59773349761963
loss: 0.9018 | [█████████-----------------------------------------]
loss: 0.9327 | [█████████-----------------------------------------]
loss: 1.0509 | [██████████----------------------------------------]
loss: 1.0338 | [██████████----------------------------------------]
loss: 0.9774 | [█████████-----------------------------------------]
loss: 0.9376 | [█████████-----------------------------------------]
loss: 0.9772 | [█████████-----------------------------------------]
loss: 0.8906 | [████████------------------------------------------]
loss: 0.9335 | [█████████-----------------------------------------]
loss: 0.8474 | [████████------------------------------------------]
loss: 0.9303 | [█████████-----------------------------------------]
Epoch: 4, Steps: 159 | Train Loss: 0.8917149 Vali Loss: 0.9949049 Test Loss: 1.0579539
EarlyStopping counter: 2 out of 5
loss: 0.8075 | [████████------------------------------------------]
	iters: 100, epoch: 5 | loss: 0.8753427
	speed: 0.7251s/iter; left time: 22523.9540s
loss: 0.7943 | [███████-------------------------------------------]
Epoch: 5 cost time: 22.383052110671997
loss: 0.9224 | [█████████-----------------------------------------]
loss: 0.9587 | [█████████-----------------------------------------]
loss: 1.0536 | [██████████----------------------------------------]
loss: 1.0339 | [██████████----------------------------------------]
loss: 0.9770 | [█████████-----------------------------------------]
loss: 0.9200 | [█████████-----------------------------------------]
loss: 0.9694 | [█████████-----------------------------------------]
loss: 0.9012 | [█████████-----------------------------------------]
loss: 0.9347 | [█████████-----------------------------------------]
loss: 0.8465 | [████████------------------------------------------]
loss: 0.9221 | [█████████-----------------------------------------]
Epoch: 5, Steps: 159 | Train Loss: 0.8528893 Vali Loss: 0.9886090 Test Loss: 1.0540327
EarlyStopping counter: 3 out of 5
loss: 0.7624 | [███████-------------------------------------------]
	iters: 100, epoch: 6 | loss: 0.8897835
	speed: 0.7223s/iter; left time: 22322.1869s
loss: 0.7782 | [███████-------------------------------------------]
Epoch: 6 cost time: 21.839558839797974
loss: 0.9117 | [█████████-----------------------------------------]
loss: 0.9811 | [█████████-----------------------------------------]
loss: 1.0194 | [██████████----------------------------------------]
loss: 1.0576 | [██████████----------------------------------------]
loss: 0.9684 | [█████████-----------------------------------------]
loss: 0.9242 | [█████████-----------------------------------------]
loss: 0.9575 | [█████████-----------------------------------------]
loss: 0.8854 | [████████------------------------------------------]
loss: 0.9133 | [█████████-----------------------------------------]
loss: 0.8494 | [████████------------------------------------------]
loss: 0.9336 | [█████████-----------------------------------------]
Epoch: 6, Steps: 159 | Train Loss: 0.8349564 Vali Loss: 0.9515438 Test Loss: 1.0240176
EarlyStopping counter: 4 out of 5
loss: 0.7600 | [███████-------------------------------------------]
	iters: 100, epoch: 7 | loss: 0.8321185
	speed: 0.7190s/iter; left time: 22106.0686s
loss: 0.7663 | [███████-------------------------------------------]
Epoch: 7 cost time: 21.795252323150635
loss: 0.9088 | [█████████-----------------------------------------]
loss: 1.0056 | [██████████----------------------------------------]
loss: 1.0150 | [██████████----------------------------------------]
loss: 1.0412 | [██████████----------------------------------------]
loss: 0.9627 | [█████████-----------------------------------------]
loss: 0.9337 | [█████████-----------------------------------------]
loss: 0.9707 | [█████████-----------------------------------------]
loss: 0.8987 | [████████------------------------------------------]
loss: 0.9017 | [█████████-----------------------------------------]
loss: 0.8475 | [████████------------------------------------------]
loss: 0.9358 | [█████████-----------------------------------------]
Epoch: 7, Steps: 159 | Train Loss: 0.8237847 Vali Loss: 0.9266286 Test Loss: 1.0018705
Validation loss decreased (0.935254 --> 0.926629).  Saving model ...
loss: 0.7742 | [███████-------------------------------------------]
	iters: 100, epoch: 8 | loss: 0.8200839
	speed: 0.7233s/iter; left time: 22123.2572s
loss: 0.7257 | [███████-------------------------------------------]
Epoch: 8 cost time: 22.497305393218994
loss: 0.9014 | [█████████-----------------------------------------]
loss: 0.9685 | [█████████-----------------------------------------]
loss: 1.0054 | [██████████----------------------------------------]
loss: 1.0748 | [██████████----------------------------------------]
loss: 0.9621 | [█████████-----------------------------------------]
loss: 0.9059 | [█████████-----------------------------------------]
loss: 1.0156 | [██████████----------------------------------------]
loss: 0.8994 | [████████------------------------------------------]
loss: 0.9028 | [█████████-----------------------------------------]
loss: 0.8601 | [████████------------------------------------------]
loss: 0.9082 | [█████████-----------------------------------------]
Epoch: 8, Steps: 159 | Train Loss: 0.8154218 Vali Loss: 0.9132227 Test Loss: 0.9877301
Validation loss decreased (0.926629 --> 0.913223).  Saving model ...
loss: 0.7503 | [███████-------------------------------------------]
	iters: 100, epoch: 9 | loss: 0.7992831
	speed: 0.7359s/iter; left time: 22391.8735s
loss: 0.7055 | [███████-------------------------------------------]
Epoch: 9 cost time: 21.686964511871338
loss: 0.9131 | [█████████-----------------------------------------]
loss: 0.9570 | [█████████-----------------------------------------]
loss: 1.0160 | [██████████----------------------------------------]
loss: 1.0473 | [██████████----------------------------------------]
loss: 0.9421 | [█████████-----------------------------------------]
loss: 0.9415 | [█████████-----------------------------------------]
loss: 0.9669 | [█████████-----------------------------------------]
loss: 0.8958 | [████████------------------------------------------]
loss: 0.8946 | [████████------------------------------------------]
loss: 0.8479 | [████████------------------------------------------]
loss: 0.9072 | [█████████-----------------------------------------]
Epoch: 9, Steps: 159 | Train Loss: 0.8083162 Vali Loss: 0.9043330 Test Loss: 0.9732073
Validation loss decreased (0.913223 --> 0.904333).  Saving model ...
loss: 0.7563 | [███████-------------------------------------------]
	iters: 100, epoch: 10 | loss: 0.8123424
	speed: 0.7111s/iter; left time: 21525.9809s
loss: 0.7624 | [███████-------------------------------------------]
Epoch: 10 cost time: 21.401864290237427
loss: 0.9120 | [█████████-----------------------------------------]
loss: 0.9808 | [█████████-----------------------------------------]
loss: 1.0846 | [██████████----------------------------------------]
loss: 1.0643 | [██████████----------------------------------------]
loss: 0.9192 | [█████████-----------------------------------------]
loss: 0.8767 | [████████------------------------------------------]
loss: 0.9324 | [█████████-----------------------------------------]
loss: 0.9067 | [█████████-----------------------------------------]
loss: 0.9504 | [█████████-----------------------------------------]
loss: 0.8882 | [████████------------------------------------------]
loss: 0.9424 | [█████████-----------------------------------------]
Epoch: 10, Steps: 159 | Train Loss: 0.8031138 Vali Loss: 0.8784507 Test Loss: 0.9705319
Validation loss decreased (0.904333 --> 0.878451).  Saving model ...
loss: 0.7935 | [███████-------------------------------------------]
	iters: 100, epoch: 11 | loss: 0.8562232
	speed: 0.7166s/iter; left time: 21578.7763s
loss: 0.8099 | [████████------------------------------------------]
Epoch: 11 cost time: 22.630127429962158
loss: 0.9009 | [█████████-----------------------------------------]
loss: 0.9682 | [█████████-----------------------------------------]
loss: 1.0450 | [██████████----------------------------------------]
loss: 1.1260 | [███████████---------------------------------------]
loss: 0.9545 | [█████████-----------------------------------------]
loss: 0.9100 | [█████████-----------------------------------------]
loss: 0.9262 | [█████████-----------------------------------------]
loss: 0.9036 | [█████████-----------------------------------------]
loss: 0.9148 | [█████████-----------------------------------------]
loss: 0.9012 | [█████████-----------------------------------------]
loss: 0.9839 | [█████████-----------------------------------------]
Epoch: 11, Steps: 159 | Train Loss: 0.7983886 Vali Loss: 0.8761365 Test Loss: 0.9694412
Validation loss decreased (0.878451 --> 0.876137).  Saving model ...
loss: 0.7350 | [███████-------------------------------------------]
	iters: 100, epoch: 12 | loss: 0.7780342
	speed: 0.7532s/iter; left time: 22559.5655s
loss: 0.7891 | [███████-------------------------------------------]
Epoch: 12 cost time: 21.714294910430908
loss: 0.9043 | [█████████-----------------------------------------]
loss: 0.9647 | [█████████-----------------------------------------]
loss: 1.0418 | [██████████----------------------------------------]
loss: 1.0809 | [██████████----------------------------------------]
loss: 0.9277 | [█████████-----------------------------------------]
loss: 0.9229 | [█████████-----------------------------------------]
loss: 0.9720 | [█████████-----------------------------------------]
loss: 0.8987 | [████████------------------------------------------]
loss: 0.9177 | [█████████-----------------------------------------]
loss: 0.8667 | [████████------------------------------------------]
loss: 0.8853 | [████████------------------------------------------]
Epoch: 12, Steps: 159 | Train Loss: 0.7938085 Vali Loss: 0.8704092 Test Loss: 0.9589551
Validation loss decreased (0.876137 --> 0.870409).  Saving model ...
loss: 0.7623 | [███████-------------------------------------------]
	iters: 100, epoch: 13 | loss: 0.8155478
	speed: 0.7253s/iter; left time: 21609.3880s
loss: 0.7577 | [███████-------------------------------------------]
Epoch: 13 cost time: 21.04780125617981
loss: 0.9195 | [█████████-----------------------------------------]
loss: 1.0025 | [██████████----------------------------------------]
loss: 1.0823 | [██████████----------------------------------------]
loss: 1.0959 | [██████████----------------------------------------]
loss: 0.9689 | [█████████-----------------------------------------]
loss: 0.8953 | [████████------------------------------------------]
loss: 0.9363 | [█████████-----------------------------------------]
loss: 0.9026 | [█████████-----------------------------------------]
loss: 0.9425 | [█████████-----------------------------------------]
loss: 0.8704 | [████████------------------------------------------]
loss: 0.8820 | [████████------------------------------------------]
Epoch: 13, Steps: 159 | Train Loss: 0.7906573 Vali Loss: 0.8704713 Test Loss: 0.9566028
EarlyStopping counter: 1 out of 5
loss: 0.7982 | [███████-------------------------------------------]
	iters: 100, epoch: 14 | loss: 0.7900732
	speed: 0.7193s/iter; left time: 21314.4185s
loss: 0.7966 | [███████-------------------------------------------]
Epoch: 14 cost time: 21.39159393310547
loss: 0.9266 | [█████████-----------------------------------------]
loss: 1.0176 | [██████████----------------------------------------]
loss: 1.0128 | [██████████----------------------------------------]
loss: 1.1079 | [███████████---------------------------------------]
loss: 0.9864 | [█████████-----------------------------------------]
loss: 0.8936 | [████████------------------------------------------]
loss: 0.9409 | [█████████-----------------------------------------]
loss: 0.9160 | [█████████-----------------------------------------]
loss: 0.9060 | [█████████-----------------------------------------]
loss: 0.8674 | [████████------------------------------------------]
loss: 0.8919 | [████████------------------------------------------]
Epoch: 14, Steps: 159 | Train Loss: 0.7876592 Vali Loss: 0.8728183 Test Loss: 0.9519630
EarlyStopping counter: 2 out of 5
loss: 0.7603 | [███████-------------------------------------------]
	iters: 100, epoch: 15 | loss: 0.7381324
	speed: 0.7246s/iter; left time: 21358.2946s
loss: 0.8136 | [████████------------------------------------------]
Epoch: 15 cost time: 21.534222841262817
loss: 0.9326 | [█████████-----------------------------------------]
loss: 1.0653 | [██████████----------------------------------------]
loss: 1.0628 | [██████████----------------------------------------]
loss: 1.1074 | [███████████---------------------------------------]
loss: 0.9719 | [█████████-----------------------------------------]
loss: 0.9020 | [█████████-----------------------------------------]
loss: 0.9542 | [█████████-----------------------------------------]
loss: 0.9487 | [█████████-----------------------------------------]
loss: 0.9368 | [█████████-----------------------------------------]
loss: 0.8591 | [████████------------------------------------------]
loss: 0.9041 | [█████████-----------------------------------------]
Epoch: 15, Steps: 159 | Train Loss: 0.7851481 Vali Loss: 0.8625770 Test Loss: 0.9599110
Validation loss decreased (0.870409 --> 0.862577).  Saving model ...
loss: 0.7529 | [███████-------------------------------------------]
	iters: 100, epoch: 16 | loss: 0.7896783
	speed: 0.7276s/iter; left time: 21330.2025s
loss: 0.7340 | [███████-------------------------------------------]
Epoch: 16 cost time: 21.508126974105835
loss: 0.9272 | [█████████-----------------------------------------]
loss: 1.0093 | [██████████----------------------------------------]
loss: 1.0302 | [██████████----------------------------------------]
loss: 1.0624 | [██████████----------------------------------------]
loss: 0.9846 | [█████████-----------------------------------------]
loss: 0.9077 | [█████████-----------------------------------------]
loss: 0.9520 | [█████████-----------------------------------------]
loss: 0.9023 | [█████████-----------------------------------------]
loss: 0.9347 | [█████████-----------------------------------------]
loss: 0.8784 | [████████------------------------------------------]
loss: 0.9112 | [█████████-----------------------------------------]
Epoch: 16, Steps: 159 | Train Loss: 0.7831176 Vali Loss: 0.8647456 Test Loss: 0.9555302
EarlyStopping counter: 1 out of 5
loss: 0.7830 | [███████-------------------------------------------]
	iters: 100, epoch: 17 | loss: 0.8117213
	speed: 0.7196s/iter; left time: 20980.5258s
loss: 0.7398 | [███████-------------------------------------------]
Epoch: 17 cost time: 21.64052963256836
loss: 0.9544 | [█████████-----------------------------------------]
loss: 1.0087 | [██████████----------------------------------------]
loss: 1.0308 | [██████████----------------------------------------]
loss: 1.0057 | [██████████----------------------------------------]
loss: 1.0019 | [██████████----------------------------------------]
loss: 0.8765 | [████████------------------------------------------]
loss: 0.9662 | [█████████-----------------------------------------]
loss: 0.9237 | [█████████-----------------------------------------]
loss: 0.9013 | [█████████-----------------------------------------]
loss: 0.8732 | [████████------------------------------------------]
loss: 0.9018 | [█████████-----------------------------------------]
Epoch: 17, Steps: 159 | Train Loss: 0.7813886 Vali Loss: 0.8714840 Test Loss: 0.9486691
EarlyStopping counter: 2 out of 5
loss: 0.7590 | [███████-------------------------------------------]
	iters: 100, epoch: 18 | loss: 0.7790526
	speed: 0.7239s/iter; left time: 20990.8312s
loss: 0.7468 | [███████-------------------------------------------]
Epoch: 18 cost time: 21.645951986312866
loss: 0.9572 | [█████████-----------------------------------------]
loss: 1.0212 | [██████████----------------------------------------]
loss: 1.0056 | [██████████----------------------------------------]
loss: 1.0340 | [██████████----------------------------------------]
loss: 0.9821 | [█████████-----------------------------------------]
loss: 0.8963 | [████████------------------------------------------]
loss: 0.9340 | [█████████-----------------------------------------]
loss: 0.9242 | [█████████-----------------------------------------]
loss: 0.9117 | [█████████-----------------------------------------]
loss: 0.8822 | [████████------------------------------------------]
loss: 0.8835 | [████████------------------------------------------]
Epoch: 18, Steps: 159 | Train Loss: 0.7792766 Vali Loss: 0.8673396 Test Loss: 0.9515281
EarlyStopping counter: 3 out of 5
loss: 0.7633 | [███████-------------------------------------------]
	iters: 100, epoch: 19 | loss: 0.8143231
	speed: 0.7354s/iter; left time: 21209.0943s
loss: 0.7252 | [███████-------------------------------------------]
Epoch: 19 cost time: 21.478184700012207
loss: 0.9505 | [█████████-----------------------------------------]
loss: 1.0308 | [██████████----------------------------------------]
loss: 1.0166 | [██████████----------------------------------------]
loss: 1.0253 | [██████████----------------------------------------]
loss: 0.9970 | [█████████-----------------------------------------]
loss: 0.8939 | [████████------------------------------------------]
loss: 0.9359 | [█████████-----------------------------------------]
loss: 0.9135 | [█████████-----------------------------------------]
loss: 0.9094 | [█████████-----------------------------------------]
loss: 0.8668 | [████████------------------------------------------]
loss: 0.8589 | [████████------------------------------------------]
Epoch: 19, Steps: 159 | Train Loss: 0.7776065 Vali Loss: 0.8713460 Test Loss: 0.9488389
EarlyStopping counter: 4 out of 5
loss: 0.7357 | [███████-------------------------------------------]
	iters: 100, epoch: 20 | loss: 0.8080505
	speed: 0.7613s/iter; left time: 21833.7352s
loss: 0.7360 | [███████-------------------------------------------]
Epoch: 20 cost time: 21.612818717956543
loss: 0.9326 | [█████████-----------------------------------------]
loss: 1.0373 | [██████████----------------------------------------]
loss: 0.9454 | [█████████-----------------------------------------]
loss: 1.0189 | [██████████----------------------------------------]
loss: 1.0226 | [██████████----------------------------------------]
loss: 0.8856 | [████████------------------------------------------]
loss: 0.9640 | [█████████-----------------------------------------]
loss: 0.8739 | [████████------------------------------------------]
loss: 0.8796 | [████████------------------------------------------]
loss: 0.8997 | [████████------------------------------------------]
loss: 0.9018 | [█████████-----------------------------------------]
Epoch: 20, Steps: 159 | Train Loss: 0.7761985 Vali Loss: 0.8672159 Test Loss: 0.9550279
EarlyStopping counter: 5 out of 5
Early stopping
>>>>>>>testing : long_term_forecast_tfnsw_all_96_192_365_final334_2_CAMEL_custom_ftM_sl96_ll48_pl192_dm512_nh8_el2_dl1_df2048_fc3_ebtimeF_dtTrue_srate0.1_sseed7_trainseed2024_gap365_CAMEL_0<<<<<<<<<<<<<<<<<<<<<<<<<<<<<<<<<
test 11055
mse:0.9580196142196655, mae:0.7849676012992859
>>>>>>>Overall time: 1512 seconds<<<<<<<<<<<<<<<<<<<<<<<<<<<<<<<<<
