Args in experiment:
Namespace(samle_rate=0.1, sample_seed=7, train_seed=2024, gap_day=365, task_name='long_term_forecast', is_training=1, model_id='tfnsw_all_96_336_365_final334_2', model='CAMEL', data='custom', root_path='/home/cyrilyuan/projects/XXLTraffic-main/data/pems/', data_path='tfnsw.csv', features='M', target='', freq='h', checkpoints='./checkpoints/', seq_len=96, label_len=48, pred_len=336, seasonal_patterns='Monthly', inverse=False, mask_rate=0.25, anomaly_ratio=0.25, expand=2, d_conv=4, top_k=5, num_kernels=6, enc_in=27, dec_in=27, c_out=27, d_model=512, n_heads=8, e_layers=2, d_layers=1, d_ff=2048, moving_avg=25, factor=3, distil=True, dropout=0.3, embed='timeF', activation='gelu', output_attention=False, num_workers=10, itr=1, train_epochs=200, batch_size=32, patience=5, learning_rate=0.0005, des='CAMEL', loss='MSE', lradj='type3', use_amp=False, enable_camel=False, camel_gap_years=1.5, camel_memory_size=512, camel_k_retrieve=4, camel_latent_dim=32, camel_d_model=32, camel_use_nll=False, lambda_mem=0.0, lambda_ode=0.01, lambda_smooth=0.0, camel_min_year_gap=1.0, camel_gap_tolerance=0.25, use_gpu=True, gpu=0, use_multi_gpu=False, devices='0,1,2,3', p_hidden_dims=[128, 128], p_hidden_layers=2, points_per_hour=1)
Use GPU: cuda:0
>>>>>>>start training : long_term_forecast_tfnsw_all_96_336_365_final334_2_CAMEL_custom_ftM_sl96_ll48_pl336_dm512_nh8_el2_dl1_df2048_fc3_ebtimeF_dtTrue_srate0.1_sseed7_trainseed2024_gap365_CAMEL_0>>>>>>>>>>>>>>>>>>>>>>>>>>
train 50828
val 10912
test 10911
loss: 0.8032 | [████████------------------------------------------]
	iters: 100, epoch: 1 | loss: 1.6784639
	speed: 0.1445s/iter; left time: 4552.0395s
Epoch: 1 cost time: 21.604153156280518
loss: 1.0157 | [██████████----------------------------------------]
loss: 1.0025 | [██████████----------------------------------------]
loss: 1.1161 | [███████████---------------------------------------]
loss: 1.0173 | [██████████----------------------------------------]
loss: 1.0208 | [██████████----------------------------------------]
loss: 0.9948 | [█████████-----------------------------------------]
loss: 0.9952 | [█████████-----------------------------------------]
loss: 0.9504 | [█████████-----------------------------------------]
loss: 0.9914 | [█████████-----------------------------------------]
loss: 0.8867 | [████████------------------------------------------]
loss: 0.9057 | [█████████-----------------------------------------]
Epoch: 1, Steps: 158 | Train Loss: 2.8572541 Vali Loss: 1.0212361 Test Loss: 1.0811630
Validation loss decreased (inf --> 1.021236).  Saving model ...
loss: 0.8035 | [████████------------------------------------------]
	iters: 100, epoch: 2 | loss: 1.1330857
	speed: 0.7206s/iter; left time: 22587.0897s
loss: 0.7477 | [███████-------------------------------------------]
Epoch: 2 cost time: 20.533510208129883
loss: 0.9719 | [█████████-----------------------------------------]
loss: 0.9648 | [█████████-----------------------------------------]
loss: 1.0757 | [██████████----------------------------------------]
loss: 1.0349 | [██████████----------------------------------------]
loss: 0.9566 | [█████████-----------------------------------------]
loss: 0.9411 | [█████████-----------------------------------------]
loss: 0.9516 | [█████████-----------------------------------------]
loss: 0.9107 | [█████████-----------------------------------------]
loss: 0.9561 | [█████████-----------------------------------------]
loss: 0.8886 | [████████------------------------------------------]
loss: 0.8845 | [████████------------------------------------------]
Epoch: 2, Steps: 158 | Train Loss: 1.1981471 Vali Loss: 0.9499854 Test Loss: 1.0040957
Validation loss decreased (1.021236 --> 0.949985).  Saving model ...
loss: 0.7265 | [███████-------------------------------------------]
	iters: 100, epoch: 3 | loss: 0.9861252
	speed: 0.7232s/iter; left time: 22551.7325s
loss: 0.7515 | [███████-------------------------------------------]
Epoch: 3 cost time: 20.586873292922974
loss: 0.9850 | [█████████-----------------------------------------]
loss: 0.9795 | [█████████-----------------------------------------]
loss: 1.0067 | [██████████----------------------------------------]
loss: 1.0160 | [██████████----------------------------------------]
loss: 0.9927 | [█████████-----------------------------------------]
loss: 0.9036 | [█████████-----------------------------------------]
loss: 0.9611 | [█████████-----------------------------------------]
loss: 0.9117 | [█████████-----------------------------------------]
loss: 0.9326 | [█████████-----------------------------------------]
loss: 0.8804 | [████████------------------------------------------]
loss: 0.8379 | [████████------------------------------------------]
Epoch: 3, Steps: 158 | Train Loss: 0.9809139 Vali Loss: 0.9734144 Test Loss: 1.0312825
EarlyStopping counter: 1 out of 5
loss: 0.7611 | [███████-------------------------------------------]
	iters: 100, epoch: 4 | loss: 0.9051930
	speed: 0.5938s/iter; left time: 18422.3779s
loss: 0.7439 | [███████-------------------------------------------]
Epoch: 4 cost time: 16.317585468292236
loss: 0.9638 | [█████████-----------------------------------------]
loss: 1.0298 | [██████████----------------------------------------]
loss: 0.9741 | [█████████-----------------------------------------]
loss: 1.0100 | [██████████----------------------------------------]
loss: 0.9522 | [█████████-----------------------------------------]
loss: 0.9123 | [█████████-----------------------------------------]
loss: 0.9627 | [█████████-----------------------------------------]
loss: 0.8956 | [████████------------------------------------------]
loss: 0.9478 | [█████████-----------------------------------------]
loss: 0.8587 | [████████------------------------------------------]
loss: 0.8131 | [████████------------------------------------------]
Epoch: 4, Steps: 158 | Train Loss: 0.8865752 Vali Loss: 0.9967647 Test Loss: 1.0392921
EarlyStopping counter: 2 out of 5
loss: 0.7663 | [███████-------------------------------------------]
	iters: 100, epoch: 5 | loss: 0.8595868
	speed: 0.5833s/iter; left time: 18005.9076s
Epoch: 5 cost time: 20.448562622070312
loss: 0.8546 | [████████------------------------------------------]
loss: 0.9656 | [█████████-----------------------------------------]
loss: 1.0518 | [██████████----------------------------------------]
loss: 0.9873 | [█████████-----------------------------------------]
loss: 0.9819 | [█████████-----------------------------------------]
loss: 0.9499 | [█████████-----------------------------------------]
loss: 0.9018 | [█████████-----------------------------------------]
loss: 0.9219 | [█████████-----------------------------------------]
loss: 0.9295 | [█████████-----------------------------------------]
loss: 0.9028 | [█████████-----------------------------------------]
loss: 0.8712 | [████████------------------------------------------]
loss: 0.8608 | [████████------------------------------------------]
Epoch: 5, Steps: 158 | Train Loss: 0.8507153 Vali Loss: 0.9693217 Test Loss: 1.0214334
EarlyStopping counter: 3 out of 5
loss: 0.7247 | [███████-------------------------------------------]
	iters: 100, epoch: 6 | loss: 0.7967191
	speed: 0.7048s/iter; left time: 21646.0740s
Epoch: 6 cost time: 21.018348217010498
loss: 0.8479 | [████████------------------------------------------]
loss: 0.9869 | [█████████-----------------------------------------]
loss: 1.0667 | [██████████----------------------------------------]
loss: 0.9899 | [█████████-----------------------------------------]
loss: 0.9787 | [█████████-----------------------------------------]
loss: 0.9823 | [█████████-----------------------------------------]
loss: 0.8840 | [████████------------------------------------------]
loss: 0.9127 | [█████████-----------------------------------------]
loss: 0.9173 | [█████████-----------------------------------------]
loss: 0.8620 | [████████------------------------------------------]
loss: 0.8866 | [████████------------------------------------------]
Epoch: 6, Steps: 158 | Train Loss: 0.8332284 Vali Loss: 0.9620444 Test Loss: 1.0213785
EarlyStopping counter: 4 out of 5
loss: 0.7777 | [███████-------------------------------------------]
	iters: 100, epoch: 7 | loss: 0.8142867
	speed: 0.7080s/iter; left time: 21631.7427s
loss: 0.7824 | [███████-------------------------------------------]
Epoch: 7 cost time: 20.951717138290405
loss: 0.9824 | [█████████-----------------------------------------]
loss: 0.9904 | [█████████-----------------------------------------]
loss: 1.0809 | [██████████----------------------------------------]
loss: 0.9725 | [█████████-----------------------------------------]
loss: 0.9350 | [█████████-----------------------------------------]
loss: 0.9368 | [█████████-----------------------------------------]
loss: 0.9514 | [█████████-----------------------------------------]
loss: 0.8977 | [████████------------------------------------------]
loss: 0.9327 | [█████████-----------------------------------------]
loss: 0.8774 | [████████------------------------------------------]
loss: 0.8664 | [████████------------------------------------------]
Epoch: 7, Steps: 158 | Train Loss: 0.8226032 Vali Loss: 0.9370588 Test Loss: 0.9942974
Validation loss decreased (0.949985 --> 0.937059).  Saving model ...
loss: 0.8011 | [████████------------------------------------------]
	iters: 100, epoch: 8 | loss: 0.7560039
	speed: 0.7053s/iter; left time: 21438.5174s
loss: 0.7257 | [███████-------------------------------------------]
Epoch: 8 cost time: 21.0059871673584
loss: 0.9419 | [█████████-----------------------------------------]
loss: 0.9319 | [█████████-----------------------------------------]
loss: 1.0641 | [██████████----------------------------------------]
loss: 1.0339 | [██████████----------------------------------------]
loss: 0.9199 | [█████████-----------------------------------------]
loss: 0.9228 | [█████████-----------------------------------------]
loss: 0.9108 | [█████████-----------------------------------------]
loss: 0.9021 | [█████████-----------------------------------------]
loss: 0.9676 | [█████████-----------------------------------------]
loss: 0.8736 | [████████------------------------------------------]
loss: 0.8898 | [████████------------------------------------------]
Epoch: 8, Steps: 158 | Train Loss: 0.8150661 Vali Loss: 0.9233598 Test Loss: 0.9747613
Validation loss decreased (0.937059 --> 0.923360).  Saving model ...
loss: 0.7761 | [███████-------------------------------------------]
	iters: 100, epoch: 9 | loss: 0.8030954
	speed: 0.7065s/iter; left time: 21362.6890s
loss: 0.8198 | [████████------------------------------------------]
Epoch: 9 cost time: 20.99006700515747
loss: 0.9761 | [█████████-----------------------------------------]
loss: 0.9874 | [█████████-----------------------------------------]
loss: 0.9817 | [█████████-----------------------------------------]
loss: 1.0073 | [██████████----------------------------------------]
loss: 0.9922 | [█████████-----------------------------------------]
loss: 0.8864 | [████████------------------------------------------]
loss: 0.9153 | [█████████-----------------------------------------]
loss: 0.8685 | [████████------------------------------------------]
loss: 0.9043 | [█████████-----------------------------------------]
loss: 0.8574 | [████████------------------------------------------]
loss: 0.8362 | [████████------------------------------------------]
Epoch: 9, Steps: 158 | Train Loss: 0.8082680 Vali Loss: 0.9057600 Test Loss: 0.9619814
Validation loss decreased (0.923360 --> 0.905760).  Saving model ...
loss: 0.7544 | [███████-------------------------------------------]
	iters: 100, epoch: 10 | loss: 0.7920015
	speed: 0.7042s/iter; left time: 21180.4758s
loss: 0.7868 | [███████-------------------------------------------]
Epoch: 10 cost time: 20.953534841537476
loss: 0.9613 | [█████████-----------------------------------------]
loss: 1.0223 | [██████████----------------------------------------]
loss: 0.9691 | [█████████-----------------------------------------]
loss: 1.0016 | [██████████----------------------------------------]
loss: 0.9321 | [█████████-----------------------------------------]
loss: 0.9054 | [█████████-----------------------------------------]
loss: 0.9463 | [█████████-----------------------------------------]
loss: 0.8675 | [████████------------------------------------------]
loss: 0.9099 | [█████████-----------------------------------------]
loss: 0.8603 | [████████------------------------------------------]
loss: 0.8295 | [████████------------------------------------------]
Epoch: 10, Steps: 158 | Train Loss: 0.8035386 Vali Loss: 0.8950931 Test Loss: 0.9516279
Validation loss decreased (0.905760 --> 0.895093).  Saving model ...
loss: 0.7525 | [███████-------------------------------------------]
	iters: 100, epoch: 11 | loss: 0.8379617
	speed: 0.7075s/iter; left time: 21170.0173s
Epoch: 11 cost time: 21.27803111076355
loss: 0.8965 | [████████------------------------------------------]
loss: 0.9736 | [█████████-----------------------------------------]
loss: 1.0615 | [██████████----------------------------------------]
loss: 1.0067 | [██████████----------------------------------------]
loss: 1.0039 | [██████████----------------------------------------]
loss: 0.9671 | [█████████-----------------------------------------]
loss: 0.8920 | [████████------------------------------------------]
loss: 0.9250 | [█████████-----------------------------------------]
loss: 0.9294 | [█████████-----------------------------------------]
loss: 0.8830 | [████████------------------------------------------]
loss: 0.8989 | [████████------------------------------------------]
loss: 0.8360 | [████████------------------------------------------]
Epoch: 11, Steps: 158 | Train Loss: 0.7984650 Vali Loss: 0.8813064 Test Loss: 0.9529111
Validation loss decreased (0.895093 --> 0.881306).  Saving model ...
loss: 0.7861 | [███████-------------------------------------------]
	iters: 100, epoch: 12 | loss: 0.7813330
	speed: 0.7123s/iter; left time: 21200.3830s
Epoch: 12 cost time: 21.447033643722534
loss: 0.8594 | [████████------------------------------------------]
loss: 0.9903 | [█████████-----------------------------------------]
loss: 1.0553 | [██████████----------------------------------------]
loss: 0.9892 | [█████████-----------------------------------------]
loss: 0.9693 | [█████████-----------------------------------------]
loss: 0.9814 | [█████████-----------------------------------------]
loss: 0.8787 | [████████------------------------------------------]
loss: 0.9150 | [█████████-----------------------------------------]
loss: 0.9024 | [█████████-----------------------------------------]
loss: 0.8774 | [████████------------------------------------------]
loss: 0.8993 | [████████------------------------------------------]
Epoch: 12, Steps: 158 | Train Loss: 0.7945015 Vali Loss: 0.8881062 Test Loss: 0.9432748
EarlyStopping counter: 1 out of 5
loss: 0.7407 | [███████-------------------------------------------]
	iters: 100, epoch: 13 | loss: 0.7680978
	speed: 0.7118s/iter; left time: 21074.1799s
loss: 0.7218 | [███████-------------------------------------------]
Epoch: 13 cost time: 21.644540071487427
loss: 0.9800 | [█████████-----------------------------------------]
loss: 0.9384 | [█████████-----------------------------------------]
loss: 1.0668 | [██████████----------------------------------------]
loss: 1.0045 | [██████████----------------------------------------]
loss: 0.9634 | [█████████-----------------------------------------]
loss: 0.9355 | [█████████-----------------------------------------]
loss: 0.9494 | [█████████-----------------------------------------]
loss: 0.8893 | [████████------------------------------------------]
loss: 0.9265 | [█████████-----------------------------------------]
loss: 0.8565 | [████████------------------------------------------]
loss: 0.8705 | [████████------------------------------------------]
Epoch: 13, Steps: 158 | Train Loss: 0.7903560 Vali Loss: 0.8867700 Test Loss: 0.9393391
EarlyStopping counter: 2 out of 5
loss: 0.7856 | [███████-------------------------------------------]
	iters: 100, epoch: 14 | loss: 0.8309559
	speed: 0.7125s/iter; left time: 20979.9389s
loss: 0.7606 | [███████-------------------------------------------]
Epoch: 14 cost time: 21.105523347854614
loss: 0.9411 | [█████████-----------------------------------------]
loss: 0.9118 | [█████████-----------------------------------------]
loss: 1.0692 | [██████████----------------------------------------]
loss: 1.0938 | [██████████----------------------------------------]
loss: 0.9318 | [█████████-----------------------------------------]
loss: 0.9383 | [█████████-----------------------------------------]
loss: 0.9117 | [█████████-----------------------------------------]
loss: 0.8714 | [████████------------------------------------------]
loss: 0.9714 | [█████████-----------------------------------------]
loss: 0.8906 | [████████------------------------------------------]
loss: 0.8551 | [████████------------------------------------------]
Epoch: 14, Steps: 158 | Train Loss: 0.7872912 Vali Loss: 0.8808314 Test Loss: 0.9499274
Validation loss decreased (0.881306 --> 0.880831).  Saving model ...
loss: 0.7967 | [███████-------------------------------------------]
	iters: 100, epoch: 15 | loss: 0.8494604
	speed: 0.7091s/iter; left time: 20768.0645s
loss: 0.7984 | [███████-------------------------------------------]
Epoch: 15 cost time: 21.042859077453613
loss: 0.9503 | [█████████-----------------------------------------]
loss: 0.9977 | [█████████-----------------------------------------]
loss: 0.9928 | [█████████-----------------------------------------]
loss: 1.0041 | [██████████----------------------------------------]
loss: 0.9716 | [█████████-----------------------------------------]
loss: 0.8809 | [████████------------------------------------------]
loss: 0.9414 | [█████████-----------------------------------------]
loss: 0.8569 | [████████------------------------------------------]
loss: 0.9152 | [█████████-----------------------------------------]
loss: 0.8714 | [████████------------------------------------------]
loss: 0.8161 | [████████------------------------------------------]
Epoch: 15, Steps: 158 | Train Loss: 0.7842261 Vali Loss: 0.8835515 Test Loss: 0.9422556
EarlyStopping counter: 1 out of 5
loss: 0.7637 | [███████-------------------------------------------]
	iters: 100, epoch: 16 | loss: 0.8054998
	speed: 0.7073s/iter; left time: 20605.2561s
loss: 0.7262 | [███████-------------------------------------------]
Epoch: 16 cost time: 21.067605018615723
loss: 1.0243 | [██████████----------------------------------------]
loss: 1.0437 | [██████████----------------------------------------]
loss: 0.9523 | [█████████-----------------------------------------]
loss: 0.9652 | [█████████-----------------------------------------]
loss: 0.9240 | [█████████-----------------------------------------]
loss: 0.9245 | [█████████-----------------------------------------]
loss: 1.0006 | [██████████----------------------------------------]
loss: 0.8477 | [████████------------------------------------------]
loss: 0.9179 | [█████████-----------------------------------------]
loss: 0.8397 | [████████------------------------------------------]
loss: 0.8282 | [████████------------------------------------------]
Epoch: 16, Steps: 158 | Train Loss: 0.7817171 Vali Loss: 0.8788083 Test Loss: 0.9460583
Validation loss decreased (0.880831 --> 0.878808).  Saving model ...
loss: 0.7754 | [███████-------------------------------------------]
	iters: 100, epoch: 17 | loss: 0.7509925
	speed: 0.7089s/iter; left time: 20538.9998s
Epoch: 17 cost time: 21.228498697280884
loss: 0.9106 | [█████████-----------------------------------------]
loss: 0.9685 | [█████████-----------------------------------------]
loss: 1.0771 | [██████████----------------------------------------]
loss: 0.9812 | [█████████-----------------------------------------]
loss: 0.9936 | [█████████-----------------------------------------]
loss: 0.9650 | [█████████-----------------------------------------]
loss: 0.8965 | [████████------------------------------------------]
loss: 0.9093 | [█████████-----------------------------------------]
loss: 0.9430 | [█████████-----------------------------------------]
loss: 0.9081 | [█████████-----------------------------------------]
loss: 0.8669 | [████████------------------------------------------]
loss: 0.8428 | [████████------------------------------------------]
Epoch: 17, Steps: 158 | Train Loss: 0.7795443 Vali Loss: 0.8766958 Test Loss: 0.9455758
Validation loss decreased (0.878808 --> 0.876696).  Saving model ...
loss: 0.7849 | [███████-------------------------------------------]
	iters: 100, epoch: 18 | loss: 0.7956267
	speed: 0.7081s/iter; left time: 20402.6715s
Epoch: 18 cost time: 21.220858573913574
loss: 0.8613 | [████████------------------------------------------]
loss: 0.9421 | [█████████-----------------------------------------]
loss: 1.0276 | [██████████----------------------------------------]
loss: 0.9655 | [█████████-----------------------------------------]
loss: 0.9699 | [█████████-----------------------------------------]
loss: 0.9938 | [█████████-----------------------------------------]
loss: 0.8896 | [████████------------------------------------------]
loss: 0.9223 | [█████████-----------------------------------------]
loss: 0.9034 | [█████████-----------------------------------------]
loss: 0.8517 | [████████------------------------------------------]
loss: 0.8892 | [████████------------------------------------------]
Epoch: 18, Steps: 158 | Train Loss: 0.7776976 Vali Loss: 0.8837734 Test Loss: 0.9403018
EarlyStopping counter: 1 out of 5
loss: 0.7269 | [███████-------------------------------------------]
	iters: 100, epoch: 19 | loss: 0.7987448
	speed: 0.7078s/iter; left time: 20282.6483s
loss: 0.8187 | [████████------------------------------------------]
Epoch: 19 cost time: 20.927836179733276
loss: 0.9678 | [█████████-----------------------------------------]
loss: 0.9457 | [█████████-----------------------------------------]
loss: 1.0625 | [██████████----------------------------------------]
loss: 0.9998 | [█████████-----------------------------------------]
loss: 0.9797 | [█████████-----------------------------------------]
loss: 0.9378 | [█████████-----------------------------------------]
loss: 0.9430 | [█████████-----------------------------------------]
loss: 0.9019 | [█████████-----------------------------------------]
loss: 0.9172 | [█████████-----------------------------------------]
loss: 0.8391 | [████████------------------------------------------]
loss: 0.8742 | [████████------------------------------------------]
Epoch: 19, Steps: 158 | Train Loss: 0.7763221 Vali Loss: 0.8792164 Test Loss: 0.9419564
EarlyStopping counter: 2 out of 5
loss: 0.7821 | [███████-------------------------------------------]
	iters: 100, epoch: 20 | loss: 0.7258317
	speed: 0.7071s/iter; left time: 20151.4149s
loss: 0.7465 | [███████-------------------------------------------]
Epoch: 20 cost time: 21.307030200958252
loss: 0.9658 | [█████████-----------------------------------------]
loss: 0.9627 | [█████████-----------------------------------------]
loss: 1.0752 | [██████████----------------------------------------]
loss: 1.0600 | [██████████----------------------------------------]
loss: 0.9363 | [█████████-----------------------------------------]
loss: 0.8959 | [████████------------------------------------------]
loss: 0.9138 | [█████████-----------------------------------------]
loss: 0.8982 | [████████------------------------------------------]
loss: 0.9599 | [█████████-----------------------------------------]
loss: 0.8697 | [████████------------------------------------------]
loss: 0.8491 | [████████------------------------------------------]
Epoch: 20, Steps: 158 | Train Loss: 0.7741114 Vali Loss: 0.8834593 Test Loss: 0.9370280
EarlyStopping counter: 3 out of 5
loss: 0.6945 | [██████--------------------------------------------]
	iters: 100, epoch: 21 | loss: 0.7908248
	speed: 0.7054s/iter; left time: 19992.1053s
loss: 0.6941 | [██████--------------------------------------------]
Epoch: 21 cost time: 21.23940348625183
loss: 0.9568 | [█████████-----------------------------------------]
loss: 0.9995 | [█████████-----------------------------------------]
loss: 1.0062 | [██████████----------------------------------------]
loss: 1.0488 | [██████████----------------------------------------]
loss: 1.0030 | [██████████----------------------------------------]
loss: 0.8904 | [████████------------------------------------------]
loss: 0.9430 | [█████████-----------------------------------------]
loss: 0.8742 | [████████------------------------------------------]
loss: 0.9279 | [█████████-----------------------------------------]
loss: 0.8799 | [████████------------------------------------------]
loss: 0.8331 | [████████------------------------------------------]
Epoch: 21, Steps: 158 | Train Loss: 0.7729144 Vali Loss: 0.8807341 Test Loss: 0.9398421
EarlyStopping counter: 4 out of 5
loss: 0.8246 | [████████------------------------------------------]
	iters: 100, epoch: 22 | loss: 0.7276803
	speed: 0.7156s/iter; left time: 20167.5946s
loss: 0.7288 | [███████-------------------------------------------]
Epoch: 22 cost time: 19.748806953430176
loss: 0.9766 | [█████████-----------------------------------------]
loss: 1.0364 | [██████████----------------------------------------]
loss: 0.9775 | [█████████-----------------------------------------]
loss: 0.9627 | [█████████-----------------------------------------]
loss: 0.9345 | [█████████-----------------------------------------]
loss: 0.9199 | [█████████-----------------------------------------]
loss: 0.9396 | [█████████-----------------------------------------]
loss: 0.8860 | [████████------------------------------------------]
loss: 0.9140 | [█████████-----------------------------------------]
loss: 0.8445 | [████████------------------------------------------]
loss: 0.8270 | [████████------------------------------------------]
Epoch: 22, Steps: 158 | Train Loss: 0.7717958 Vali Loss: 0.8816981 Test Loss: 0.9402072
EarlyStopping counter: 5 out of 5
Early stopping
>>>>>>>testing : long_term_forecast_tfnsw_all_96_336_365_final334_2_CAMEL_custom_ftM_sl96_ll48_pl336_dm512_nh8_el2_dl1_df2048_fc3_ebtimeF_dtTrue_srate0.1_sseed7_trainseed2024_gap365_CAMEL_0<<<<<<<<<<<<<<<<<<<<<<<<<<<<<<<<<
test 10911
mse:0.944140613079071, mae:0.7772589921951294
>>>>>>>Overall time: 1587 seconds<<<<<<<<<<<<<<<<<<<<<<<<<<<<<<<<<
Args in experiment:
Namespace(samle_rate=0.1, sample_seed=7, train_seed=2024, gap_day=365, task_name='long_term_forecast', is_training=1, model_id='tfnsw_all_96_336_365_final334_2', model='CAMEL', data='custom', root_path='/home/cyrilyuan/projects/XXLTraffic-main/data/pems/', data_path='tfnsw.csv', features='M', target='', freq='h', checkpoints='./checkpoints/', seq_len=96, label_len=48, pred_len=336, seasonal_patterns='Monthly', inverse=False, mask_rate=0.25, anomaly_ratio=0.25, expand=2, d_conv=4, top_k=5, num_kernels=6, enc_in=27, dec_in=27, c_out=27, d_model=512, n_heads=8, e_layers=2, d_layers=1, d_ff=2048, moving_avg=25, factor=3, distil=True, dropout=0.3, embed='timeF', activation='gelu', output_attention=False, num_workers=10, itr=1, train_epochs=200, batch_size=32, patience=5, learning_rate=0.0005, des='CAMEL', loss='MSE', lradj='type3', use_amp=False, enable_camel=False, camel_gap_years=1.5, camel_memory_size=512, camel_k_retrieve=4, camel_latent_dim=32, camel_d_model=32, camel_use_nll=False, lambda_mem=0.0, lambda_ode=0.01, lambda_smooth=0.0, camel_min_year_gap=1.0, camel_gap_tolerance=0.25, use_gpu=True, gpu=0, use_multi_gpu=False, devices='0,1,2,3', p_hidden_dims=[128, 128], p_hidden_layers=2, points_per_hour=1)
Use GPU: cuda:0
>>>>>>>start training : long_term_forecast_tfnsw_all_96_336_365_final334_2_CAMEL_custom_ftM_sl96_ll48_pl336_dm512_nh8_el2_dl1_df2048_fc3_ebtimeF_dtTrue_srate0.1_sseed7_trainseed2024_gap365_CAMEL_0>>>>>>>>>>>>>>>>>>>>>>>>>>
train 50828
val 10912
test 10911
loss: 0.8032 | [████████------------------------------------------]
	iters: 100, epoch: 1 | loss: 1.6784639
	speed: 0.1548s/iter; left time: 4876.5197s
Epoch: 1 cost time: 23.26839280128479
loss: 1.0157 | [██████████----------------------------------------]
loss: 1.0025 | [██████████----------------------------------------]
loss: 1.1161 | [███████████---------------------------------------]
loss: 1.0173 | [██████████----------------------------------------]
loss: 1.0208 | [██████████----------------------------------------]
loss: 0.9948 | [█████████-----------------------------------------]
loss: 0.9952 | [█████████-----------------------------------------]
loss: 0.9504 | [█████████-----------------------------------------]
loss: 0.9914 | [█████████-----------------------------------------]
loss: 0.8867 | [████████------------------------------------------]
loss: 0.9057 | [█████████-----------------------------------------]
Epoch: 1, Steps: 158 | Train Loss: 2.8572541 Vali Loss: 1.0212361 Test Loss: 1.0811630
Validation loss decreased (inf --> 1.021236).  Saving model ...
loss: 0.8035 | [████████------------------------------------------]
	iters: 100, epoch: 2 | loss: 1.1330857
	speed: 0.7313s/iter; left time: 22920.0024s
loss: 0.7477 | [███████-------------------------------------------]
Epoch: 2 cost time: 21.215496063232422
loss: 0.9719 | [█████████-----------------------------------------]
loss: 0.9648 | [█████████-----------------------------------------]
loss: 1.0757 | [██████████----------------------------------------]
loss: 1.0349 | [██████████----------------------------------------]
loss: 0.9566 | [█████████-----------------------------------------]
loss: 0.9411 | [█████████-----------------------------------------]
loss: 0.9516 | [█████████-----------------------------------------]
loss: 0.9107 | [█████████-----------------------------------------]
loss: 0.9561 | [█████████-----------------------------------------]
loss: 0.8886 | [████████------------------------------------------]
loss: 0.8845 | [████████------------------------------------------]
Epoch: 2, Steps: 158 | Train Loss: 1.1981471 Vali Loss: 0.9499854 Test Loss: 1.0040957
Validation loss decreased (1.021236 --> 0.949985).  Saving model ...
loss: 0.7265 | [███████-------------------------------------------]
	iters: 100, epoch: 3 | loss: 0.9861252
	speed: 0.7375s/iter; left time: 22997.6670s
loss: 0.7515 | [███████-------------------------------------------]
Epoch: 3 cost time: 21.338645935058594
loss: 0.9850 | [█████████-----------------------------------------]
loss: 0.9795 | [█████████-----------------------------------------]
loss: 1.0067 | [██████████----------------------------------------]
loss: 1.0160 | [██████████----------------------------------------]
loss: 0.9927 | [█████████-----------------------------------------]
loss: 0.9036 | [█████████-----------------------------------------]
loss: 0.9611 | [█████████-----------------------------------------]
loss: 0.9117 | [█████████-----------------------------------------]
loss: 0.9326 | [█████████-----------------------------------------]
loss: 0.8804 | [████████------------------------------------------]
loss: 0.8379 | [████████------------------------------------------]
Epoch: 3, Steps: 158 | Train Loss: 0.9809139 Vali Loss: 0.9734144 Test Loss: 1.0312825
EarlyStopping counter: 1 out of 5
loss: 0.7611 | [███████-------------------------------------------]
	iters: 100, epoch: 4 | loss: 0.9051930
	speed: 0.7348s/iter; left time: 22797.5752s
loss: 0.7439 | [███████-------------------------------------------]
Epoch: 4 cost time: 20.999128818511963
loss: 0.9638 | [█████████-----------------------------------------]
loss: 1.0298 | [██████████----------------------------------------]
loss: 0.9741 | [█████████-----------------------------------------]
loss: 1.0100 | [██████████----------------------------------------]
loss: 0.9522 | [█████████-----------------------------------------]
loss: 0.9123 | [█████████-----------------------------------------]
loss: 0.9627 | [█████████-----------------------------------------]
loss: 0.8956 | [████████------------------------------------------]
loss: 0.9478 | [█████████-----------------------------------------]
loss: 0.8587 | [████████------------------------------------------]
loss: 0.8131 | [████████------------------------------------------]
Epoch: 4, Steps: 158 | Train Loss: 0.8865752 Vali Loss: 0.9967647 Test Loss: 1.0392921
EarlyStopping counter: 2 out of 5
loss: 0.7663 | [███████-------------------------------------------]
	iters: 100, epoch: 5 | loss: 0.8595868
	speed: 0.7264s/iter; left time: 22421.9496s
Epoch: 5 cost time: 19.143840312957764
loss: 0.8546 | [████████------------------------------------------]
loss: 0.9656 | [█████████-----------------------------------------]
loss: 1.0518 | [██████████----------------------------------------]
loss: 0.9873 | [█████████-----------------------------------------]
loss: 0.9819 | [█████████-----------------------------------------]
loss: 0.9499 | [█████████-----------------------------------------]
loss: 0.9018 | [█████████-----------------------------------------]
loss: 0.9219 | [█████████-----------------------------------------]
loss: 0.9295 | [█████████-----------------------------------------]
loss: 0.9028 | [█████████-----------------------------------------]
loss: 0.8712 | [████████------------------------------------------]
loss: 0.8608 | [████████------------------------------------------]
Epoch: 5, Steps: 158 | Train Loss: 0.8507153 Vali Loss: 0.9693217 Test Loss: 1.0214334
EarlyStopping counter: 3 out of 5
loss: 0.7247 | [███████-------------------------------------------]
	iters: 100, epoch: 6 | loss: 0.7967191
	speed: 0.5712s/iter; left time: 17541.7068s
Epoch: 6 cost time: 16.016804218292236
loss: 0.8479 | [████████------------------------------------------]
loss: 0.9869 | [█████████-----------------------------------------]
loss: 1.0667 | [██████████----------------------------------------]
loss: 0.9899 | [█████████-----------------------------------------]
loss: 0.9787 | [█████████-----------------------------------------]
loss: 0.9823 | [█████████-----------------------------------------]
loss: 0.8840 | [████████------------------------------------------]
loss: 0.9127 | [█████████-----------------------------------------]
loss: 0.9173 | [█████████-----------------------------------------]
loss: 0.8620 | [████████------------------------------------------]
loss: 0.8866 | [████████------------------------------------------]
Epoch: 6, Steps: 158 | Train Loss: 0.8332284 Vali Loss: 0.9620444 Test Loss: 1.0213785
EarlyStopping counter: 4 out of 5
loss: 0.7777 | [███████-------------------------------------------]
	iters: 100, epoch: 7 | loss: 0.8142867
	speed: 0.6206s/iter; left time: 18961.4274s
loss: 0.7824 | [███████-------------------------------------------]
Epoch: 7 cost time: 21.355680465698242
loss: 0.9824 | [█████████-----------------------------------------]
loss: 0.9904 | [█████████-----------------------------------------]
loss: 1.0809 | [██████████----------------------------------------]
loss: 0.9725 | [█████████-----------------------------------------]
loss: 0.9350 | [█████████-----------------------------------------]
loss: 0.9368 | [█████████-----------------------------------------]
loss: 0.9514 | [█████████-----------------------------------------]
loss: 0.8977 | [████████------------------------------------------]
loss: 0.9327 | [█████████-----------------------------------------]
loss: 0.8774 | [████████------------------------------------------]
loss: 0.8664 | [████████------------------------------------------]
Epoch: 7, Steps: 158 | Train Loss: 0.8226032 Vali Loss: 0.9370588 Test Loss: 0.9942974
Validation loss decreased (0.949985 --> 0.937059).  Saving model ...
loss: 0.8011 | [████████------------------------------------------]
	iters: 100, epoch: 8 | loss: 0.7560039
	speed: 0.7146s/iter; left time: 21721.1910s
loss: 0.7257 | [███████-------------------------------------------]
Epoch: 8 cost time: 20.90817666053772
loss: 0.9419 | [█████████-----------------------------------------]
loss: 0.9319 | [█████████-----------------------------------------]
loss: 1.0641 | [██████████----------------------------------------]
loss: 1.0339 | [██████████----------------------------------------]
loss: 0.9199 | [█████████-----------------------------------------]
loss: 0.9228 | [█████████-----------------------------------------]
loss: 0.9108 | [█████████-----------------------------------------]
loss: 0.9021 | [█████████-----------------------------------------]
loss: 0.9676 | [█████████-----------------------------------------]
loss: 0.8736 | [████████------------------------------------------]
loss: 0.8898 | [████████------------------------------------------]
Epoch: 8, Steps: 158 | Train Loss: 0.8150661 Vali Loss: 0.9233598 Test Loss: 0.9747613
Validation loss decreased (0.937059 --> 0.923360).  Saving model ...
loss: 0.7761 | [███████-------------------------------------------]
	iters: 100, epoch: 9 | loss: 0.8030954
	speed: 0.7111s/iter; left time: 21502.2554s
loss: 0.8198 | [████████------------------------------------------]
Epoch: 9 cost time: 21.05983257293701
loss: 0.9761 | [█████████-----------------------------------------]
loss: 0.9874 | [█████████-----------------------------------------]
loss: 0.9817 | [█████████-----------------------------------------]
loss: 1.0073 | [██████████----------------------------------------]
loss: 0.9922 | [█████████-----------------------------------------]
loss: 0.8864 | [████████------------------------------------------]
loss: 0.9153 | [█████████-----------------------------------------]
loss: 0.8685 | [████████------------------------------------------]
loss: 0.9043 | [█████████-----------------------------------------]
loss: 0.8574 | [████████------------------------------------------]
loss: 0.8362 | [████████------------------------------------------]
Epoch: 9, Steps: 158 | Train Loss: 0.8082680 Vali Loss: 0.9057600 Test Loss: 0.9619814
Validation loss decreased (0.923360 --> 0.905760).  Saving model ...
loss: 0.7544 | [███████-------------------------------------------]
	iters: 100, epoch: 10 | loss: 0.7920015
	speed: 0.7137s/iter; left time: 21466.6233s
loss: 0.7868 | [███████-------------------------------------------]
Epoch: 10 cost time: 21.16023325920105
loss: 0.9613 | [█████████-----------------------------------------]
loss: 1.0223 | [██████████----------------------------------------]
loss: 0.9691 | [█████████-----------------------------------------]
loss: 1.0016 | [██████████----------------------------------------]
loss: 0.9321 | [█████████-----------------------------------------]
loss: 0.9054 | [█████████-----------------------------------------]
loss: 0.9463 | [█████████-----------------------------------------]
loss: 0.8675 | [████████------------------------------------------]
loss: 0.9099 | [█████████-----------------------------------------]
loss: 0.8603 | [████████------------------------------------------]
loss: 0.8295 | [████████------------------------------------------]
Epoch: 10, Steps: 158 | Train Loss: 0.8035386 Vali Loss: 0.8950931 Test Loss: 0.9516279
Validation loss decreased (0.905760 --> 0.895093).  Saving model ...
loss: 0.7525 | [███████-------------------------------------------]
	iters: 100, epoch: 11 | loss: 0.8379617
	speed: 0.7224s/iter; left time: 21615.9761s
Epoch: 11 cost time: 22.176902532577515
loss: 0.8965 | [████████------------------------------------------]
loss: 0.9736 | [█████████-----------------------------------------]
loss: 1.0615 | [██████████----------------------------------------]
loss: 1.0067 | [██████████----------------------------------------]
loss: 1.0039 | [██████████----------------------------------------]
loss: 0.9671 | [█████████-----------------------------------------]
loss: 0.8920 | [████████------------------------------------------]
loss: 0.9250 | [█████████-----------------------------------------]
loss: 0.9294 | [█████████-----------------------------------------]
loss: 0.8830 | [████████------------------------------------------]
loss: 0.8989 | [████████------------------------------------------]
loss: 0.8360 | [████████------------------------------------------]
Epoch: 11, Steps: 158 | Train Loss: 0.7984650 Vali Loss: 0.8813064 Test Loss: 0.9529111
Validation loss decreased (0.895093 --> 0.881306).  Saving model ...
loss: 0.7861 | [███████-------------------------------------------]
	iters: 100, epoch: 12 | loss: 0.7813330
	speed: 0.7212s/iter; left time: 21464.0851s
Epoch: 12 cost time: 21.663634538650513
loss: 0.8594 | [████████------------------------------------------]
loss: 0.9903 | [█████████-----------------------------------------]
loss: 1.0553 | [██████████----------------------------------------]
loss: 0.9892 | [█████████-----------------------------------------]
loss: 0.9693 | [█████████-----------------------------------------]
loss: 0.9814 | [█████████-----------------------------------------]
loss: 0.8787 | [████████------------------------------------------]
loss: 0.9150 | [█████████-----------------------------------------]
loss: 0.9024 | [█████████-----------------------------------------]
loss: 0.8774 | [████████------------------------------------------]
loss: 0.8993 | [████████------------------------------------------]
Epoch: 12, Steps: 158 | Train Loss: 0.7945015 Vali Loss: 0.8881062 Test Loss: 0.9432748
EarlyStopping counter: 1 out of 5
loss: 0.7407 | [███████-------------------------------------------]
	iters: 100, epoch: 13 | loss: 0.7680978
	speed: 0.7158s/iter; left time: 21192.6025s
loss: 0.7218 | [███████-------------------------------------------]
Epoch: 13 cost time: 21.766964197158813
loss: 0.9800 | [█████████-----------------------------------------]
loss: 0.9384 | [█████████-----------------------------------------]
loss: 1.0668 | [██████████----------------------------------------]
loss: 1.0045 | [██████████----------------------------------------]
loss: 0.9634 | [█████████-----------------------------------------]
loss: 0.9355 | [█████████-----------------------------------------]
loss: 0.9494 | [█████████-----------------------------------------]
loss: 0.8893 | [████████------------------------------------------]
loss: 0.9265 | [█████████-----------------------------------------]
loss: 0.8565 | [████████------------------------------------------]
loss: 0.8705 | [████████------------------------------------------]
Epoch: 13, Steps: 158 | Train Loss: 0.7903560 Vali Loss: 0.8867700 Test Loss: 0.9393391
EarlyStopping counter: 2 out of 5
loss: 0.7856 | [███████-------------------------------------------]
	iters: 100, epoch: 14 | loss: 0.8309559
	speed: 0.7206s/iter; left time: 21219.2872s
loss: 0.7606 | [███████-------------------------------------------]
Epoch: 14 cost time: 21.330299139022827
loss: 0.9411 | [█████████-----------------------------------------]
loss: 0.9118 | [█████████-----------------------------------------]
loss: 1.0692 | [██████████----------------------------------------]
loss: 1.0938 | [██████████----------------------------------------]
loss: 0.9318 | [█████████-----------------------------------------]
loss: 0.9383 | [█████████-----------------------------------------]
loss: 0.9117 | [█████████-----------------------------------------]
loss: 0.8714 | [████████------------------------------------------]
loss: 0.9714 | [█████████-----------------------------------------]
loss: 0.8906 | [████████------------------------------------------]
loss: 0.8551 | [████████------------------------------------------]
Epoch: 14, Steps: 158 | Train Loss: 0.7872912 Vali Loss: 0.8808314 Test Loss: 0.9499274
Validation loss decreased (0.881306 --> 0.880831).  Saving model ...
loss: 0.7967 | [███████-------------------------------------------]
	iters: 100, epoch: 15 | loss: 0.8494604
	speed: 0.7122s/iter; left time: 20859.6532s
loss: 0.7984 | [███████-------------------------------------------]
Epoch: 15 cost time: 21.66025424003601
loss: 0.9503 | [█████████-----------------------------------------]
loss: 0.9977 | [█████████-----------------------------------------]
loss: 0.9928 | [█████████-----------------------------------------]
loss: 1.0041 | [██████████----------------------------------------]
loss: 0.9716 | [█████████-----------------------------------------]
loss: 0.8809 | [████████------------------------------------------]
loss: 0.9414 | [█████████-----------------------------------------]
loss: 0.8569 | [████████------------------------------------------]
loss: 0.9152 | [█████████-----------------------------------------]
loss: 0.8714 | [████████------------------------------------------]
loss: 0.8161 | [████████------------------------------------------]
Epoch: 15, Steps: 158 | Train Loss: 0.7842261 Vali Loss: 0.8835515 Test Loss: 0.9422556
EarlyStopping counter: 1 out of 5
loss: 0.7637 | [███████-------------------------------------------]
	iters: 100, epoch: 16 | loss: 0.8054998
	speed: 0.7093s/iter; left time: 20663.0969s
loss: 0.7262 | [███████-------------------------------------------]
Epoch: 16 cost time: 21.64548373222351
loss: 1.0243 | [██████████----------------------------------------]
loss: 1.0437 | [██████████----------------------------------------]
loss: 0.9523 | [█████████-----------------------------------------]
loss: 0.9652 | [█████████-----------------------------------------]
loss: 0.9240 | [█████████-----------------------------------------]
loss: 0.9245 | [█████████-----------------------------------------]
loss: 1.0006 | [██████████----------------------------------------]
loss: 0.8477 | [████████------------------------------------------]
loss: 0.9179 | [█████████-----------------------------------------]
loss: 0.8397 | [████████------------------------------------------]
loss: 0.8282 | [████████------------------------------------------]
Epoch: 16, Steps: 158 | Train Loss: 0.7817171 Vali Loss: 0.8788083 Test Loss: 0.9460583
Validation loss decreased (0.880831 --> 0.878808).  Saving model ...
loss: 0.7754 | [███████-------------------------------------------]
	iters: 100, epoch: 17 | loss: 0.7509925
	speed: 0.7175s/iter; left time: 20788.5565s
Epoch: 17 cost time: 20.51659321784973
loss: 0.9106 | [█████████-----------------------------------------]
loss: 0.9685 | [█████████-----------------------------------------]
loss: 1.0771 | [██████████----------------------------------------]
loss: 0.9812 | [█████████-----------------------------------------]
loss: 0.9936 | [█████████-----------------------------------------]
loss: 0.9650 | [█████████-----------------------------------------]
loss: 0.8965 | [████████------------------------------------------]
loss: 0.9093 | [█████████-----------------------------------------]
loss: 0.9430 | [█████████-----------------------------------------]
loss: 0.9081 | [█████████-----------------------------------------]
loss: 0.8669 | [████████------------------------------------------]
loss: 0.8428 | [████████------------------------------------------]
Epoch: 17, Steps: 158 | Train Loss: 0.7795443 Vali Loss: 0.8766958 Test Loss: 0.9455758
Validation loss decreased (0.878808 --> 0.876696).  Saving model ...
loss: 0.7849 | [███████-------------------------------------------]
	iters: 100, epoch: 18 | loss: 0.7956267
	speed: 0.7040s/iter; left time: 20284.4702s
Epoch: 18 cost time: 21.686407566070557
loss: 0.8613 | [████████------------------------------------------]
loss: 0.9421 | [█████████-----------------------------------------]
loss: 1.0276 | [██████████----------------------------------------]
loss: 0.9655 | [█████████-----------------------------------------]
loss: 0.9699 | [█████████-----------------------------------------]
loss: 0.9938 | [█████████-----------------------------------------]
loss: 0.8896 | [████████------------------------------------------]
loss: 0.9223 | [█████████-----------------------------------------]
loss: 0.9034 | [█████████-----------------------------------------]
loss: 0.8517 | [████████------------------------------------------]
loss: 0.8892 | [████████------------------------------------------]
Epoch: 18, Steps: 158 | Train Loss: 0.7776976 Vali Loss: 0.8837734 Test Loss: 0.9403018
EarlyStopping counter: 1 out of 5
loss: 0.7269 | [███████-------------------------------------------]
	iters: 100, epoch: 19 | loss: 0.7987448
	speed: 0.7327s/iter; left time: 20997.8453s
loss: 0.8187 | [████████------------------------------------------]
Epoch: 19 cost time: 21.280429363250732
loss: 0.9678 | [█████████-----------------------------------------]
loss: 0.9457 | [█████████-----------------------------------------]
loss: 1.0625 | [██████████----------------------------------------]
loss: 0.9998 | [█████████-----------------------------------------]
loss: 0.9797 | [█████████-----------------------------------------]
loss: 0.9378 | [█████████-----------------------------------------]
loss: 0.9430 | [█████████-----------------------------------------]
loss: 0.9019 | [█████████-----------------------------------------]
loss: 0.9172 | [█████████-----------------------------------------]
loss: 0.8391 | [████████------------------------------------------]
loss: 0.8742 | [████████------------------------------------------]
Epoch: 19, Steps: 158 | Train Loss: 0.7763221 Vali Loss: 0.8792164 Test Loss: 0.9419564
EarlyStopping counter: 2 out of 5
loss: 0.7821 | [███████-------------------------------------------]
	iters: 100, epoch: 20 | loss: 0.7258317
	speed: 0.7064s/iter; left time: 20131.4535s
loss: 0.7465 | [███████-------------------------------------------]
Epoch: 20 cost time: 21.531824350357056
loss: 0.9658 | [█████████-----------------------------------------]
loss: 0.9627 | [█████████-----------------------------------------]
loss: 1.0752 | [██████████----------------------------------------]
loss: 1.0600 | [██████████----------------------------------------]
loss: 0.9363 | [█████████-----------------------------------------]
loss: 0.8959 | [████████------------------------------------------]
loss: 0.9138 | [█████████-----------------------------------------]
loss: 0.8982 | [████████------------------------------------------]
loss: 0.9599 | [█████████-----------------------------------------]
loss: 0.8697 | [████████------------------------------------------]
loss: 0.8491 | [████████------------------------------------------]
Epoch: 20, Steps: 158 | Train Loss: 0.7741114 Vali Loss: 0.8834593 Test Loss: 0.9370280
EarlyStopping counter: 3 out of 5
loss: 0.6945 | [██████--------------------------------------------]
	iters: 100, epoch: 21 | loss: 0.7908248
	speed: 0.7038s/iter; left time: 19946.4950s
loss: 0.6941 | [██████--------------------------------------------]
Epoch: 21 cost time: 21.56417441368103
loss: 0.9568 | [█████████-----------------------------------------]
loss: 0.9995 | [█████████-----------------------------------------]
loss: 1.0062 | [██████████----------------------------------------]
loss: 1.0488 | [██████████----------------------------------------]
loss: 1.0030 | [██████████----------------------------------------]
loss: 0.8904 | [████████------------------------------------------]
loss: 0.9430 | [█████████-----------------------------------------]
loss: 0.8742 | [████████------------------------------------------]
loss: 0.9279 | [█████████-----------------------------------------]
loss: 0.8799 | [████████------------------------------------------]
loss: 0.8331 | [████████------------------------------------------]
Epoch: 21, Steps: 158 | Train Loss: 0.7729144 Vali Loss: 0.8807341 Test Loss: 0.9398421
EarlyStopping counter: 4 out of 5
loss: 0.8246 | [████████------------------------------------------]
	iters: 100, epoch: 22 | loss: 0.7276803
	speed: 0.7133s/iter; left time: 20102.4043s
loss: 0.7288 | [███████-------------------------------------------]
Epoch: 22 cost time: 21.10798954963684
loss: 0.9766 | [█████████-----------------------------------------]
loss: 1.0364 | [██████████----------------------------------------]
loss: 0.9775 | [█████████-----------------------------------------]
loss: 0.9627 | [█████████-----------------------------------------]
loss: 0.9345 | [█████████-----------------------------------------]
loss: 0.9199 | [█████████-----------------------------------------]
loss: 0.9396 | [█████████-----------------------------------------]
loss: 0.8860 | [████████------------------------------------------]
loss: 0.9140 | [█████████-----------------------------------------]
loss: 0.8445 | [████████------------------------------------------]
loss: 0.8270 | [████████------------------------------------------]
Epoch: 22, Steps: 158 | Train Loss: 0.7717958 Vali Loss: 0.8816981 Test Loss: 0.9402072
EarlyStopping counter: 5 out of 5
Early stopping
>>>>>>>testing : long_term_forecast_tfnsw_all_96_336_365_final334_2_CAMEL_custom_ftM_sl96_ll48_pl336_dm512_nh8_el2_dl1_df2048_fc3_ebtimeF_dtTrue_srate0.1_sseed7_trainseed2024_gap365_CAMEL_0<<<<<<<<<<<<<<<<<<<<<<<<<<<<<<<<<
test 10911
mse:0.944140613079071, mae:0.7772589921951294
>>>>>>>Overall time: 1602 seconds<<<<<<<<<<<<<<<<<<<<<<<<<<<<<<<<<
