Args in experiment:
Namespace(samle_rate=0.1, sample_seed=7, train_seed=2024, gap_day=548, task_name='long_term_forecast', is_training=1, model_id='tfnsw_all_96_192_548_final334_2', model='CAMEL', data='custom', root_path='/home/cyrilyuan/projects/XXLTraffic-main/data/pems/', data_path='tfnsw.csv', features='M', target='', freq='h', checkpoints='./checkpoints/', seq_len=96, label_len=48, pred_len=192, seasonal_patterns='Monthly', inverse=False, mask_rate=0.25, anomaly_ratio=0.25, expand=2, d_conv=4, top_k=5, num_kernels=6, enc_in=27, dec_in=27, c_out=27, d_model=512, n_heads=8, e_layers=2, d_layers=1, d_ff=2048, moving_avg=25, factor=3, distil=True, dropout=0.3, embed='timeF', activation='gelu', output_attention=False, num_workers=10, itr=1, train_epochs=200, batch_size=32, patience=5, learning_rate=0.0005, des='CAMEL', loss='MSE', lradj='type3', use_amp=False, enable_camel=False, camel_gap_years=1.5, camel_memory_size=512, camel_k_retrieve=4, camel_latent_dim=32, camel_d_model=32, camel_use_nll=False, lambda_mem=0.0, lambda_ode=0.01, lambda_smooth=0.0, camel_min_year_gap=1.0, camel_gap_tolerance=0.25, use_gpu=True, gpu=0, use_multi_gpu=False, devices='0,1,2,3', p_hidden_dims=[128, 128], p_hidden_layers=2, points_per_hour=1)
Use GPU: cuda:0
>>>>>>>start training : long_term_forecast_tfnsw_all_96_192_548_final334_2_CAMEL_custom_ftM_sl96_ll48_pl192_dm512_nh8_el2_dl1_df2048_fc3_ebtimeF_dtTrue_srate0.1_sseed7_trainseed2024_gap548_CAMEL_0>>>>>>>>>>>>>>>>>>>>>>>>>>
train 46580
val 6664
test 6663
loss: 0.8152 | [████████------------------------------------------]
	iters: 100, epoch: 1 | loss: 1.6661706
	speed: 0.1360s/iter; left time: 3929.7303s
Epoch: 1 cost time: 19.48633122444153
loss: 0.9411 | [█████████-----------------------------------------]
loss: 0.9458 | [█████████-----------------------------------------]
loss: 1.1268 | [███████████---------------------------------------]
loss: 1.0503 | [██████████----------------------------------------]
loss: 1.0146 | [██████████----------------------------------------]
loss: 1.0275 | [██████████----------------------------------------]
loss: 1.0451 | [██████████----------------------------------------]
Epoch: 1, Steps: 145 | Train Loss: 2.9780387 Vali Loss: 1.0714569 Test Loss: 1.1649870
Validation loss decreased (inf --> 1.071457).  Saving model ...
loss: 0.8029 | [████████------------------------------------------]
	iters: 100, epoch: 2 | loss: 1.1842914
	speed: 0.5119s/iter; left time: 14719.5946s
Epoch: 2 cost time: 19.9893901348114
loss: 0.9146 | [█████████-----------------------------------------]
loss: 0.9287 | [█████████-----------------------------------------]
loss: 1.0850 | [██████████----------------------------------------]
loss: 1.0392 | [██████████----------------------------------------]
loss: 1.0467 | [██████████----------------------------------------]
loss: 1.0277 | [██████████----------------------------------------]
loss: 1.0186 | [██████████----------------------------------------]
Epoch: 2, Steps: 145 | Train Loss: 1.2501526 Vali Loss: 0.9813659 Test Loss: 1.0721378
Validation loss decreased (1.071457 --> 0.981366).  Saving model ...
loss: 0.7210 | [███████-------------------------------------------]
	iters: 100, epoch: 3 | loss: 1.0009668
	speed: 0.5119s/iter; left time: 14646.1913s
loss: 0.7428 | [███████-------------------------------------------]
Epoch: 3 cost time: 20.277933835983276
loss: 0.9347 | [█████████-----------------------------------------]
loss: 0.9695 | [█████████-----------------------------------------]
loss: 1.0175 | [██████████----------------------------------------]
loss: 1.0381 | [██████████----------------------------------------]
loss: 1.0084 | [██████████----------------------------------------]
loss: 1.0729 | [██████████----------------------------------------]
Epoch: 3, Steps: 145 | Train Loss: 1.0237293 Vali Loss: 1.0092959 Test Loss: 1.0949154
EarlyStopping counter: 1 out of 5
loss: 0.8208 | [████████------------------------------------------]
	iters: 100, epoch: 4 | loss: 0.9172627
	speed: 0.4746s/iter; left time: 13508.6426s
loss: 0.7401 | [███████-------------------------------------------]
Epoch: 4 cost time: 19.885430574417114
loss: 0.9605 | [█████████-----------------------------------------]
loss: 0.9186 | [█████████-----------------------------------------]
loss: 1.0386 | [██████████----------------------------------------]
loss: 0.9938 | [█████████-----------------------------------------]
loss: 1.0201 | [██████████----------------------------------------]
loss: 1.0228 | [██████████----------------------------------------]
loss: 1.0094 | [██████████----------------------------------------]
Epoch: 4, Steps: 145 | Train Loss: 0.9135995 Vali Loss: 1.0002846 Test Loss: 1.0835269
EarlyStopping counter: 2 out of 5
loss: 0.7905 | [███████-------------------------------------------]
	iters: 100, epoch: 5 | loss: 0.8758153
	speed: 0.4902s/iter; left time: 13883.8387s
Epoch: 5 cost time: 18.1683452129364
loss: 0.9402 | [█████████-----------------------------------------]
loss: 0.9656 | [█████████-----------------------------------------]
loss: 1.1071 | [███████████---------------------------------------]
loss: 0.9943 | [█████████-----------------------------------------]
loss: 0.9780 | [█████████-----------------------------------------]
loss: 1.0439 | [██████████----------------------------------------]
loss: 1.0782 | [██████████----------------------------------------]
Epoch: 5, Steps: 145 | Train Loss: 0.8694945 Vali Loss: 1.0074477 Test Loss: 1.0978020
EarlyStopping counter: 3 out of 5
loss: 0.7865 | [███████-------------------------------------------]
	iters: 100, epoch: 6 | loss: 0.8741294
	speed: 0.5112s/iter; left time: 14404.0924s
loss: 0.8381 | [████████------------------------------------------]
Epoch: 6 cost time: 20.22063136100769
loss: 0.9340 | [█████████-----------------------------------------]
loss: 1.0103 | [██████████----------------------------------------]
loss: 1.0391 | [██████████----------------------------------------]
loss: 1.0523 | [██████████----------------------------------------]
loss: 1.0017 | [██████████----------------------------------------]
loss: 0.9683 | [█████████-----------------------------------------]
Epoch: 6, Steps: 145 | Train Loss: 0.8511421 Vali Loss: 0.9773270 Test Loss: 1.0629375
Validation loss decreased (0.981366 --> 0.977327).  Saving model ...
loss: 0.7859 | [███████-------------------------------------------]
	iters: 100, epoch: 7 | loss: 0.8140849
	speed: 0.4846s/iter; left time: 13583.2822s
loss: 0.7906 | [███████-------------------------------------------]
Epoch: 7 cost time: 18.470627069473267
loss: 0.8911 | [████████------------------------------------------]
loss: 0.9708 | [█████████-----------------------------------------]
loss: 1.0692 | [██████████----------------------------------------]
loss: 1.0356 | [██████████----------------------------------------]
loss: 1.0273 | [██████████----------------------------------------]
loss: 0.9742 | [█████████-----------------------------------------]
loss: 0.9939 | [█████████-----------------------------------------]
Epoch: 7, Steps: 145 | Train Loss: 0.8388162 Vali Loss: 0.9757642 Test Loss: 1.0621786
Validation loss decreased (0.977327 --> 0.975764).  Saving model ...
loss: 0.7698 | [███████-------------------------------------------]
	iters: 100, epoch: 8 | loss: 0.8203635
	speed: 0.4847s/iter; left time: 13515.1445s
Epoch: 8 cost time: 17.49242615699768
loss: 0.9569 | [█████████-----------------------------------------]
loss: 0.9393 | [█████████-----------------------------------------]
loss: 1.0657 | [██████████----------------------------------------]
loss: 1.0127 | [██████████----------------------------------------]
loss: 0.9693 | [█████████-----------------------------------------]
loss: 1.0262 | [██████████----------------------------------------]
loss: 1.0586 | [██████████----------------------------------------]
Epoch: 8, Steps: 145 | Train Loss: 0.8305658 Vali Loss: 0.9607041 Test Loss: 1.0478920
Validation loss decreased (0.975764 --> 0.960704).  Saving model ...
loss: 0.8149 | [████████------------------------------------------]
	iters: 100, epoch: 9 | loss: 0.7936626
	speed: 0.4978s/iter; left time: 13809.0900s
Epoch: 9 cost time: 19.41747236251831
loss: 0.9278 | [█████████-----------------------------------------]
loss: 1.0152 | [██████████----------------------------------------]
loss: 1.0343 | [██████████----------------------------------------]
loss: 1.0007 | [██████████----------------------------------------]
loss: 1.0205 | [██████████----------------------------------------]
loss: 1.0240 | [██████████----------------------------------------]
loss: 1.0358 | [██████████----------------------------------------]
Epoch: 9, Steps: 145 | Train Loss: 0.8237477 Vali Loss: 0.9581053 Test Loss: 1.0542463
Validation loss decreased (0.960704 --> 0.958105).  Saving model ...
loss: 0.7579 | [███████-------------------------------------------]
	iters: 100, epoch: 10 | loss: 0.8135417
	speed: 0.4892s/iter; left time: 13499.2690s
loss: 0.8085 | [████████------------------------------------------]
Epoch: 10 cost time: 17.728330612182617
loss: 0.9405 | [█████████-----------------------------------------]
loss: 0.9706 | [█████████-----------------------------------------]
loss: 1.0469 | [██████████----------------------------------------]
loss: 1.0316 | [██████████----------------------------------------]
loss: 1.0001 | [██████████----------------------------------------]
loss: 0.9934 | [█████████-----------------------------------------]
loss: 1.0109 | [██████████----------------------------------------]
Epoch: 10, Steps: 145 | Train Loss: 0.8187504 Vali Loss: 0.9438303 Test Loss: 1.0312373
Validation loss decreased (0.958105 --> 0.943830).  Saving model ...
loss: 0.7650 | [███████-------------------------------------------]
	iters: 100, epoch: 11 | loss: 0.8491687
	speed: 0.5206s/iter; left time: 14290.9603s
Epoch: 11 cost time: 18.918200492858887
loss: 0.8766 | [████████------------------------------------------]
loss: 0.9453 | [█████████-----------------------------------------]
loss: 1.1163 | [███████████---------------------------------------]
loss: 1.0617 | [██████████----------------------------------------]
loss: 0.9879 | [█████████-----------------------------------------]
loss: 0.9869 | [█████████-----------------------------------------]
loss: 0.9907 | [█████████-----------------------------------------]
Epoch: 11, Steps: 145 | Train Loss: 0.8143122 Vali Loss: 0.9288557 Test Loss: 1.0238608
Validation loss decreased (0.943830 --> 0.928856).  Saving model ...
loss: 0.7807 | [███████-------------------------------------------]
	iters: 100, epoch: 12 | loss: 0.8309910
	speed: 0.4766s/iter; left time: 13013.7217s
Epoch: 12 cost time: 17.440404415130615
loss: 0.9541 | [█████████-----------------------------------------]
loss: 0.9310 | [█████████-----------------------------------------]
loss: 0.9897 | [█████████-----------------------------------------]
loss: 0.9869 | [█████████-----------------------------------------]
loss: 1.0274 | [██████████----------------------------------------]
loss: 1.0317 | [██████████----------------------------------------]
loss: 1.0004 | [██████████----------------------------------------]
Epoch: 12, Steps: 145 | Train Loss: 0.8103226 Vali Loss: 0.9187575 Test Loss: 1.0083225
Validation loss decreased (0.928856 --> 0.918758).  Saving model ...
loss: 0.7452 | [███████-------------------------------------------]
	iters: 100, epoch: 13 | loss: 0.7966167
	speed: 0.4859s/iter; left time: 13196.7396s
loss: 0.7443 | [███████-------------------------------------------]
Epoch: 13 cost time: 20.429593563079834
loss: 0.9207 | [█████████-----------------------------------------]
loss: 0.9696 | [█████████-----------------------------------------]
loss: 1.0258 | [██████████----------------------------------------]
loss: 1.0251 | [██████████----------------------------------------]
loss: 1.0238 | [██████████----------------------------------------]
loss: 1.0408 | [██████████----------------------------------------]
loss: 1.0196 | [██████████----------------------------------------]
Epoch: 13, Steps: 145 | Train Loss: 0.8072436 Vali Loss: 0.9353755 Test Loss: 1.0203573
EarlyStopping counter: 1 out of 5
loss: 0.7663 | [███████-------------------------------------------]
	iters: 100, epoch: 14 | loss: 0.8155125
	speed: 0.5068s/iter; left time: 13692.1585s
Epoch: 14 cost time: 20.137853622436523
loss: 0.9467 | [█████████-----------------------------------------]
loss: 0.9673 | [█████████-----------------------------------------]
loss: 1.0926 | [██████████----------------------------------------]
loss: 1.0189 | [██████████----------------------------------------]
loss: 1.0064 | [██████████----------------------------------------]
loss: 0.9832 | [█████████-----------------------------------------]
loss: 1.0223 | [██████████----------------------------------------]
Epoch: 14, Steps: 145 | Train Loss: 0.8035877 Vali Loss: 0.9256780 Test Loss: 1.0201700
EarlyStopping counter: 2 out of 5
loss: 0.7523 | [███████-------------------------------------------]
	iters: 100, epoch: 15 | loss: 0.8012881
	speed: 0.4808s/iter; left time: 12918.2734s
Epoch: 15 cost time: 19.03656554222107
loss: 0.9133 | [█████████-----------------------------------------]
loss: 0.9097 | [█████████-----------------------------------------]
loss: 1.0156 | [██████████----------------------------------------]
loss: 0.9757 | [█████████-----------------------------------------]
loss: 0.9874 | [█████████-----------------------------------------]
loss: 1.0082 | [██████████----------------------------------------]
loss: 0.9884 | [█████████-----------------------------------------]
Epoch: 15, Steps: 145 | Train Loss: 0.8009812 Vali Loss: 0.9058811 Test Loss: 0.9797166
Validation loss decreased (0.918758 --> 0.905881).  Saving model ...
loss: 0.7465 | [███████-------------------------------------------]
	iters: 100, epoch: 16 | loss: 0.7495821
	speed: 0.5070s/iter; left time: 13550.6991s
loss: 0.7998 | [███████-------------------------------------------]
Epoch: 16 cost time: 20.416168451309204
loss: 0.9663 | [█████████-----------------------------------------]
loss: 0.9811 | [█████████-----------------------------------------]
loss: 1.0093 | [██████████----------------------------------------]
loss: 1.0190 | [██████████----------------------------------------]
loss: 1.0020 | [██████████----------------------------------------]
loss: 1.0633 | [██████████----------------------------------------]
Epoch: 16, Steps: 145 | Train Loss: 0.7984640 Vali Loss: 0.9156198 Test Loss: 1.0039017
EarlyStopping counter: 1 out of 5
loss: 0.7637 | [███████-------------------------------------------]
	iters: 100, epoch: 17 | loss: 0.7398810
	speed: 0.4918s/iter; left time: 13072.9054s
loss: 0.7398 | [███████-------------------------------------------]
Epoch: 17 cost time: 20.136749029159546
loss: 0.8959 | [████████------------------------------------------]
loss: 0.8986 | [████████------------------------------------------]
loss: 1.0355 | [██████████----------------------------------------]
loss: 1.0238 | [██████████----------------------------------------]
loss: 1.0002 | [██████████----------------------------------------]
loss: 0.9714 | [█████████-----------------------------------------]
loss: 0.9813 | [█████████-----------------------------------------]
Epoch: 17, Steps: 145 | Train Loss: 0.7965139 Vali Loss: 0.9104892 Test Loss: 0.9947895
EarlyStopping counter: 2 out of 5
loss: 0.7668 | [███████-------------------------------------------]
	iters: 100, epoch: 18 | loss: 0.7487106
	speed: 0.4721s/iter; left time: 12480.9163s
Epoch: 18 cost time: 18.010692358016968
loss: 0.9103 | [█████████-----------------------------------------]
loss: 0.9357 | [█████████-----------------------------------------]
loss: 1.0952 | [██████████----------------------------------------]
loss: 0.9954 | [█████████-----------------------------------------]
loss: 0.9796 | [█████████-----------------------------------------]
loss: 1.0189 | [██████████----------------------------------------]
loss: 0.9881 | [█████████-----------------------------------------]
Epoch: 18, Steps: 145 | Train Loss: 0.7949189 Vali Loss: 0.9187449 Test Loss: 1.0056265
EarlyStopping counter: 3 out of 5
loss: 0.7477 | [███████-------------------------------------------]
	iters: 100, epoch: 19 | loss: 0.8132327
	speed: 0.5047s/iter; left time: 13269.1584s
loss: 0.7908 | [███████-------------------------------------------]
Epoch: 19 cost time: 18.513797760009766
loss: 0.9192 | [█████████-----------------------------------------]
loss: 0.9921 | [█████████-----------------------------------------]
loss: 1.0663 | [██████████----------------------------------------]
loss: 1.0387 | [██████████----------------------------------------]
loss: 0.9506 | [█████████-----------------------------------------]
loss: 0.9343 | [█████████-----------------------------------------]
Epoch: 19, Steps: 145 | Train Loss: 0.7927730 Vali Loss: 0.9054172 Test Loss: 0.9892327
Validation loss decreased (0.905881 --> 0.905417).  Saving model ...
loss: 0.7674 | [███████-------------------------------------------]
	iters: 100, epoch: 20 | loss: 0.8175439
	speed: 0.5098s/iter; left time: 13330.2925s
loss: 0.7408 | [███████-------------------------------------------]
Epoch: 20 cost time: 17.69099712371826
loss: 0.9362 | [█████████-----------------------------------------]
loss: 0.9681 | [█████████-----------------------------------------]
loss: 1.0925 | [██████████----------------------------------------]
loss: 1.0284 | [██████████----------------------------------------]
loss: 1.0428 | [██████████----------------------------------------]
loss: 1.0203 | [██████████----------------------------------------]
loss: 0.9705 | [█████████-----------------------------------------]
Epoch: 20, Steps: 145 | Train Loss: 0.7913428 Vali Loss: 0.9241855 Test Loss: 1.0128674
EarlyStopping counter: 1 out of 5
loss: 0.7860 | [███████-------------------------------------------]
	iters: 100, epoch: 21 | loss: 0.7618909
	speed: 0.4821s/iter; left time: 12534.9607s
Epoch: 21 cost time: 20.695116758346558
loss: 0.9360 | [█████████-----------------------------------------]
loss: 0.9263 | [█████████-----------------------------------------]
loss: 1.0803 | [██████████----------------------------------------]
loss: 1.0278 | [██████████----------------------------------------]
loss: 1.0015 | [██████████----------------------------------------]
loss: 1.0363 | [██████████----------------------------------------]
loss: 1.0791 | [██████████----------------------------------------]
Epoch: 21, Steps: 145 | Train Loss: 0.7897872 Vali Loss: 0.9156487 Test Loss: 1.0065303
EarlyStopping counter: 2 out of 5
loss: 0.7336 | [███████-------------------------------------------]
	iters: 100, epoch: 22 | loss: 0.7876641
	speed: 0.4894s/iter; left time: 12654.6606s
Epoch: 22 cost time: 16.956692934036255
loss: 0.9045 | [█████████-----------------------------------------]
loss: 0.9588 | [█████████-----------------------------------------]
loss: 1.0340 | [██████████----------------------------------------]
loss: 1.0184 | [██████████----------------------------------------]
loss: 1.0012 | [██████████----------------------------------------]
loss: 1.0299 | [██████████----------------------------------------]
loss: 1.0365 | [██████████----------------------------------------]
Epoch: 22, Steps: 145 | Train Loss: 0.7889098 Vali Loss: 0.9160935 Test Loss: 1.0079527
EarlyStopping counter: 3 out of 5
loss: 0.7695 | [███████-------------------------------------------]
	iters: 100, epoch: 23 | loss: 0.7980258
	speed: 0.5149s/iter; left time: 13238.0342s
loss: 0.8064 | [████████------------------------------------------]
Epoch: 23 cost time: 21.006426572799683
loss: 0.9153 | [█████████-----------------------------------------]
loss: 0.9500 | [█████████-----------------------------------------]
loss: 1.0093 | [██████████----------------------------------------]
loss: 1.0587 | [██████████----------------------------------------]
loss: 1.0573 | [██████████----------------------------------------]
loss: 0.9811 | [█████████-----------------------------------------]
loss: 1.0203 | [██████████----------------------------------------]
Epoch: 23, Steps: 145 | Train Loss: 0.7873181 Vali Loss: 0.9159051 Test Loss: 1.0021762
EarlyStopping counter: 4 out of 5
loss: 0.7487 | [███████-------------------------------------------]
	iters: 100, epoch: 24 | loss: 0.7623920
	speed: 0.4851s/iter; left time: 12401.6226s
Epoch: 24 cost time: 18.59223222732544
loss: 0.9052 | [█████████-----------------------------------------]
loss: 0.8980 | [████████------------------------------------------]
loss: 1.0984 | [██████████----------------------------------------]
loss: 1.0198 | [██████████----------------------------------------]
loss: 0.9684 | [█████████-----------------------------------------]
loss: 1.0088 | [██████████----------------------------------------]
loss: 1.0180 | [██████████----------------------------------------]
Epoch: 24, Steps: 145 | Train Loss: 0.7862292 Vali Loss: 0.9066711 Test Loss: 0.9861192
EarlyStopping counter: 5 out of 5
Early stopping
>>>>>>>testing : long_term_forecast_tfnsw_all_96_192_548_final334_2_CAMEL_custom_ftM_sl96_ll48_pl192_dm512_nh8_el2_dl1_df2048_fc3_ebtimeF_dtTrue_srate0.1_sseed7_trainseed2024_gap548_CAMEL_0<<<<<<<<<<<<<<<<<<<<<<<<<<<<<<<<<
test 6663
mse:0.985697329044342, mae:0.7915299534797668
>>>>>>>Overall time: 1217 seconds<<<<<<<<<<<<<<<<<<<<<<<<<<<<<<<<<
