Args in experiment:
Namespace(samle_rate=0.1, sample_seed=7, train_seed=2024, gap_day=548, task_name='long_term_forecast', is_training=1, model_id='tfnsw_all_96_336_548_final334_2', model='CAMEL', data='custom', root_path='/home/cyrilyuan/projects/XXLTraffic-main/data/pems/', data_path='tfnsw.csv', features='M', target='', freq='h', checkpoints='./checkpoints/', seq_len=96, label_len=48, pred_len=336, seasonal_patterns='Monthly', inverse=False, mask_rate=0.25, anomaly_ratio=0.25, expand=2, d_conv=4, top_k=5, num_kernels=6, enc_in=27, dec_in=27, c_out=27, d_model=512, n_heads=8, e_layers=2, d_layers=1, d_ff=2048, moving_avg=25, factor=3, distil=True, dropout=0.3, embed='timeF', activation='gelu', output_attention=False, num_workers=10, itr=1, train_epochs=200, batch_size=32, patience=5, learning_rate=0.0005, des='CAMEL', loss='MSE', lradj='type3', use_amp=False, enable_camel=False, camel_gap_years=1.5, camel_memory_size=512, camel_k_retrieve=4, camel_latent_dim=32, camel_d_model=32, camel_use_nll=False, lambda_mem=0.0, lambda_ode=0.01, lambda_smooth=0.0, camel_min_year_gap=1.0, camel_gap_tolerance=0.25, use_gpu=True, gpu=0, use_multi_gpu=False, devices='0,1,2,3', p_hidden_dims=[128, 128], p_hidden_layers=2, points_per_hour=1)
Use GPU: cuda:0
>>>>>>>start training : long_term_forecast_tfnsw_all_96_336_548_final334_2_CAMEL_custom_ftM_sl96_ll48_pl336_dm512_nh8_el2_dl1_df2048_fc3_ebtimeF_dtTrue_srate0.1_sseed7_trainseed2024_gap548_CAMEL_0>>>>>>>>>>>>>>>>>>>>>>>>>>
train 46436
val 6520
test 6519
loss: 0.8232 | [████████------------------------------------------]
	iters: 100, epoch: 1 | loss: 1.6968224
	speed: 0.1373s/iter; left time: 3968.2380s
Epoch: 1 cost time: 16.506080389022827
loss: 0.9738 | [█████████-----------------------------------------]
loss: 0.9771 | [█████████-----------------------------------------]
loss: 1.1043 | [███████████---------------------------------------]
loss: 1.1106 | [███████████---------------------------------------]
loss: 1.0667 | [██████████----------------------------------------]
loss: 1.0588 | [██████████----------------------------------------]
loss: 1.0717 | [██████████----------------------------------------]
Epoch: 1, Steps: 145 | Train Loss: 3.0102965 Vali Loss: 1.0335691 Test Loss: 1.1644898
Validation loss decreased (inf --> 1.033569).  Saving model ...
loss: 0.8058 | [████████------------------------------------------]
	iters: 100, epoch: 2 | loss: 1.1389384
	speed: 0.3000s/iter; left time: 8627.1619s
Epoch: 2 cost time: 9.615865468978882
loss: 0.9787 | [█████████-----------------------------------------]
loss: 0.9694 | [█████████-----------------------------------------]
loss: 1.0960 | [██████████----------------------------------------]
loss: 1.0467 | [██████████----------------------------------------]
loss: 0.9949 | [█████████-----------------------------------------]
loss: 1.0469 | [██████████----------------------------------------]
loss: 1.0145 | [██████████----------------------------------------]
Epoch: 2, Steps: 145 | Train Loss: 1.2372628 Vali Loss: 0.9415091 Test Loss: 1.0553922
Validation loss decreased (1.033569 --> 0.941509).  Saving model ...
loss: 0.8081 | [████████------------------------------------------]
	iters: 100, epoch: 3 | loss: 0.9676962
	speed: 0.3109s/iter; left time: 8896.4336s
Epoch: 3 cost time: 10.390687704086304
loss: 0.9195 | [█████████-----------------------------------------]
loss: 0.9133 | [█████████-----------------------------------------]
loss: 1.0257 | [██████████----------------------------------------]
loss: 1.0053 | [██████████----------------------------------------]
loss: 1.0086 | [██████████----------------------------------------]
loss: 1.0174 | [██████████----------------------------------------]
loss: 0.9406 | [█████████-----------------------------------------]
Epoch: 3, Steps: 145 | Train Loss: 1.0132983 Vali Loss: 0.9339431 Test Loss: 1.0347401
Validation loss decreased (0.941509 --> 0.933943).  Saving model ...
loss: 0.8022 | [████████------------------------------------------]
	iters: 100, epoch: 4 | loss: 0.9274753
	speed: 0.3709s/iter; left time: 10557.3157s
Epoch: 4 cost time: 17.073639631271362
loss: 0.9289 | [█████████-----------------------------------------]
loss: 0.9862 | [█████████-----------------------------------------]
loss: 1.0582 | [██████████----------------------------------------]
loss: 1.0035 | [██████████----------------------------------------]
loss: 1.0414 | [██████████----------------------------------------]
loss: 1.0620 | [██████████----------------------------------------]
loss: 1.0157 | [██████████----------------------------------------]
Epoch: 4, Steps: 145 | Train Loss: 0.9144480 Vali Loss: 0.9786031 Test Loss: 1.0994023
EarlyStopping counter: 1 out of 5
loss: 0.7207 | [███████-------------------------------------------]
	iters: 100, epoch: 5 | loss: 0.8711379
	speed: 0.5069s/iter; left time: 14355.7852s
loss: 0.7382 | [███████-------------------------------------------]
Epoch: 5 cost time: 19.367749214172363
loss: 0.9627 | [█████████-----------------------------------------]
loss: 1.0132 | [██████████----------------------------------------]
loss: 1.0086 | [██████████----------------------------------------]
loss: 1.0565 | [██████████----------------------------------------]
loss: 1.0584 | [██████████----------------------------------------]
loss: 1.0209 | [██████████----------------------------------------]
Epoch: 5, Steps: 145 | Train Loss: 0.8720833 Vali Loss: 0.9720011 Test Loss: 1.0861758
EarlyStopping counter: 2 out of 5
loss: 0.7962 | [███████-------------------------------------------]
	iters: 100, epoch: 6 | loss: 0.8551071
	speed: 0.4749s/iter; left time: 13382.0023s
loss: 0.7991 | [███████-------------------------------------------]
Epoch: 6 cost time: 17.707907676696777
loss: 0.9506 | [█████████-----------------------------------------]
loss: 0.9794 | [█████████-----------------------------------------]
loss: 1.0280 | [██████████----------------------------------------]
loss: 1.0990 | [██████████----------------------------------------]
loss: 1.0452 | [██████████----------------------------------------]
loss: 0.9729 | [█████████-----------------------------------------]
Epoch: 6, Steps: 145 | Train Loss: 0.8528313 Vali Loss: 0.9688755 Test Loss: 1.0844597
EarlyStopping counter: 3 out of 5
loss: 0.8039 | [████████------------------------------------------]
	iters: 100, epoch: 7 | loss: 0.8566657
	speed: 0.5103s/iter; left time: 14304.1174s
loss: 0.8024 | [████████------------------------------------------]
Epoch: 7 cost time: 17.76723885536194
loss: 0.9682 | [█████████-----------------------------------------]
loss: 0.9458 | [█████████-----------------------------------------]
loss: 1.0498 | [██████████----------------------------------------]
loss: 1.0488 | [██████████----------------------------------------]
loss: 1.0093 | [██████████----------------------------------------]
loss: 0.9491 | [█████████-----------------------------------------]
loss: 1.0211 | [██████████----------------------------------------]
Epoch: 7, Steps: 145 | Train Loss: 0.8408158 Vali Loss: 0.9628100 Test Loss: 1.0812129
EarlyStopping counter: 4 out of 5
loss: 0.8170 | [████████------------------------------------------]
	iters: 100, epoch: 8 | loss: 0.8237235
	speed: 0.4891s/iter; left time: 13638.9737s
Epoch: 8 cost time: 19.583410263061523
loss: 0.9743 | [█████████-----------------------------------------]
loss: 0.9433 | [█████████-----------------------------------------]
loss: 1.0634 | [██████████----------------------------------------]
loss: 1.0163 | [██████████----------------------------------------]
loss: 0.9688 | [█████████-----------------------------------------]
loss: 1.0345 | [██████████----------------------------------------]
loss: 1.0463 | [██████████----------------------------------------]
Epoch: 8, Steps: 145 | Train Loss: 0.8321486 Vali Loss: 0.9609407 Test Loss: 1.0748543
EarlyStopping counter: 5 out of 5
Early stopping
>>>>>>>testing : long_term_forecast_tfnsw_all_96_336_548_final334_2_CAMEL_custom_ftM_sl96_ll48_pl336_dm512_nh8_el2_dl1_df2048_fc3_ebtimeF_dtTrue_srate0.1_sseed7_trainseed2024_gap548_CAMEL_0<<<<<<<<<<<<<<<<<<<<<<<<<<<<<<<<<
test 6519
mse:0.985105574131012, mae:0.7902014255523682
>>>>>>>Overall time: 379 seconds<<<<<<<<<<<<<<<<<<<<<<<<<<<<<<<<<
