Args in experiment:
Namespace(samle_rate=0.1, sample_seed=7, train_seed=2024, gap_day=365, task_name='long_term_forecast', is_training=1, model_id='tfnsw_fc_96_336_365', model='FreqCycle', data='custom', root_path='/home/cyrilyuan/projects/XXLTraffic-main/data/pems/', data_path='tfnsw.csv', features='M', target='', freq='h', checkpoints='./checkpoints/', seq_len=96, label_len=48, pred_len=336, seasonal_patterns='Monthly', inverse=False, mask_rate=0.25, anomaly_ratio=0.25, expand=2, d_conv=4, top_k=5, num_kernels=6, enc_in=27, dec_in=27, c_out=27, d_model=512, n_heads=8, e_layers=2, d_layers=1, d_ff=2048, moving_avg=25, factor=1, distil=True, dropout=0.3, embed='timeF', activation='gelu', output_attention=False, num_workers=10, itr=1, train_epochs=200, batch_size=32, patience=5, learning_rate=0.0005, des='test', loss='MSE', lradj='type3', use_amp=False, enable_camel=False, camel_gap_years=0.0, camel_memory_size=1196, camel_k_retrieve=8, camel_latent_dim=32, camel_d_model=32, camel_use_nll=False, lambda_mem=0.1, lambda_ode=0.05, lambda_smooth=0.01, camel_min_year_gap=1.0, camel_gap_tolerance=0.25, use_gpu=True, gpu=0, use_multi_gpu=False, devices='0,1,2,3', p_hidden_dims=[128, 128], p_hidden_layers=2, steps_per_day=24, ablate_memory=False, ablate_ode=False, ablate_atf=False, use_which_ode=0, camel_tau=0.1, camel_sim_threshold=0.5, camel_sim_scale=10.0, camel_tau_contrast=0.07, patch_len=24, alpha=0.1, top_p=0.5, pos=False, num_class=2, period_len=24, latent_dim=8, phase_encoder_hidden=32, predictor_hidden=64, phase_attn_heads=4, phase_attn_dropout=0.0, phase_attn_use_relpos=False, phase_attn_window=0, phase_attention_dim=0, phase_num_routers=8, phase_use_pos_embed=False, phase_pos_dropout=0.0, phase_layers=1, phase_encoder_use_mlp=False, phase_encoder_dropout=0.0, predictor_use_mlp=False, predictor_dropout=0.0, use_revin=True, revin_affine=False, revin_eps=1e-05, lpf=16, cycle=24, model_type='mlp', seg_window=24, seg_stride=12, window_type='hann')
Use GPU: cuda:0
>>>>>>>start training : long_term_forecast_tfnsw_fc_96_336_365_FreqCycle_custom_ftM_sl96_ll48_pl336_dm512_nh8_el2_dl1_df2048_fc1_ebtimeF_dtTrue_srate0.1_sseed7_trainseed2024_gap365_test_0>>>>>>>>>>>>>>>>>>>>>>>>>>
train 50828
val 10912
test 10911
	iters: 100, epoch: 1 | loss: 1.0532541
	speed: 0.0142s/iter; left time: 446.3948s
Epoch: 1 cost time: 1.370898962020874
Epoch: 1, Steps: 158 | Train Loss: 1.0986278 Vali Loss: 0.9801839 Test Loss: 1.1457062
Validation loss decreased (inf --> 0.980184).  Saving model ...
	iters: 100, epoch: 2 | loss: 1.0467021
	speed: 0.0408s/iter; left time: 1280.2177s
Epoch: 2 cost time: 0.8797228336334229
Epoch: 2, Steps: 158 | Train Loss: 1.0278288 Vali Loss: 0.9776503 Test Loss: 1.1023407
Validation loss decreased (0.980184 --> 0.977650).  Saving model ...
	iters: 100, epoch: 3 | loss: 1.0965922
	speed: 0.0409s/iter; left time: 1275.4573s
Epoch: 3 cost time: 0.873650312423706
Epoch: 3, Steps: 158 | Train Loss: 1.0126180 Vali Loss: 0.9816248 Test Loss: 1.0715998
EarlyStopping counter: 1 out of 5
	iters: 100, epoch: 4 | loss: 1.0369453
	speed: 0.0408s/iter; left time: 1266.5102s
Epoch: 4 cost time: 0.9660277366638184
Epoch: 4, Steps: 158 | Train Loss: 0.9986020 Vali Loss: 0.9968213 Test Loss: 1.0271298
EarlyStopping counter: 2 out of 5
	iters: 100, epoch: 5 | loss: 0.9470182
	speed: 0.0409s/iter; left time: 1261.3920s
Epoch: 5 cost time: 0.9089083671569824
Epoch: 5, Steps: 158 | Train Loss: 0.9903224 Vali Loss: 0.9973648 Test Loss: 0.9991886
EarlyStopping counter: 3 out of 5
	iters: 100, epoch: 6 | loss: 0.9459190
	speed: 0.0398s/iter; left time: 1223.1128s
Epoch: 6 cost time: 0.8711180686950684
Epoch: 6, Steps: 158 | Train Loss: 0.9840683 Vali Loss: 0.9784952 Test Loss: 0.9988221
EarlyStopping counter: 4 out of 5
	iters: 100, epoch: 7 | loss: 0.9630978
	speed: 0.0396s/iter; left time: 1210.6570s
Epoch: 7 cost time: 0.8720378875732422
Epoch: 7, Steps: 158 | Train Loss: 0.9812260 Vali Loss: 0.9782848 Test Loss: 0.9787971
EarlyStopping counter: 5 out of 5
Early stopping
>>>>>>>testing : long_term_forecast_tfnsw_fc_96_336_365_FreqCycle_custom_ftM_sl96_ll48_pl336_dm512_nh8_el2_dl1_df2048_fc1_ebtimeF_dtTrue_srate0.1_sseed7_trainseed2024_gap365_test_0<<<<<<<<<<<<<<<<<<<<<<<<<<<<<<<<<
test 10911
mse:1.102340579032898, mae:0.811908483505249
>>>>>>>Overall time: 31 seconds<<<<<<<<<<<<<<<<<<<<<<<<<<<<<<<<<
