Args in experiment:
Namespace(samle_rate=0.1, sample_seed=7, train_seed=2024, gap_day=548, task_name='long_term_forecast', is_training=1, model_id='tfnsw_fc_96_96_548', model='FreqCycle', data='custom', root_path='/home/cyrilyuan/projects/XXLTraffic-main/data/pems/', data_path='tfnsw.csv', features='M', target='', freq='h', checkpoints='./checkpoints/', seq_len=96, label_len=48, pred_len=96, seasonal_patterns='Monthly', inverse=False, mask_rate=0.25, anomaly_ratio=0.25, expand=2, d_conv=4, top_k=5, num_kernels=6, enc_in=27, dec_in=27, c_out=27, d_model=512, n_heads=8, e_layers=2, d_layers=1, d_ff=2048, moving_avg=25, factor=1, distil=True, dropout=0.3, embed='timeF', activation='gelu', output_attention=False, num_workers=10, itr=1, train_epochs=200, batch_size=32, patience=5, learning_rate=0.0005, des='test', loss='MSE', lradj='type3', use_amp=False, enable_camel=False, camel_gap_years=0.0, camel_memory_size=1196, camel_k_retrieve=8, camel_latent_dim=32, camel_d_model=32, camel_use_nll=False, lambda_mem=0.1, lambda_ode=0.05, lambda_smooth=0.01, camel_min_year_gap=1.0, camel_gap_tolerance=0.25, use_gpu=True, gpu=0, use_multi_gpu=False, devices='0,1,2,3', p_hidden_dims=[128, 128], p_hidden_layers=2, steps_per_day=24, ablate_memory=False, ablate_ode=False, ablate_atf=False, use_which_ode=0, camel_tau=0.1, camel_sim_threshold=0.5, camel_sim_scale=10.0, camel_tau_contrast=0.07, patch_len=24, alpha=0.1, top_p=0.5, pos=False, num_class=2, period_len=24, latent_dim=8, phase_encoder_hidden=32, predictor_hidden=64, phase_attn_heads=4, phase_attn_dropout=0.0, phase_attn_use_relpos=False, phase_attn_window=0, phase_attention_dim=0, phase_num_routers=8, phase_use_pos_embed=False, phase_pos_dropout=0.0, phase_layers=1, phase_encoder_use_mlp=False, phase_encoder_dropout=0.0, predictor_use_mlp=False, predictor_dropout=0.0, use_revin=True, revin_affine=False, revin_eps=1e-05, lpf=16, cycle=24, model_type='mlp', seg_window=24, seg_stride=12, window_type='hann')
Use GPU: cuda:0
>>>>>>>start training : long_term_forecast_tfnsw_fc_96_96_548_FreqCycle_custom_ftM_sl96_ll48_pl96_dm512_nh8_el2_dl1_df2048_fc1_ebtimeF_dtTrue_srate0.1_sseed7_trainseed2024_gap548_test_0>>>>>>>>>>>>>>>>>>>>>>>>>>
train 46676
val 6760
test 6759
	iters: 100, epoch: 1 | loss: 1.1477034
	speed: 0.0124s/iter; left time: 357.6772s
Epoch: 1 cost time: 1.109515905380249
Epoch: 1, Steps: 145 | Train Loss: 1.2122203 Vali Loss: 0.9283520 Test Loss: 1.0003676
Validation loss decreased (inf --> 0.928352).  Saving model ...
	iters: 100, epoch: 2 | loss: 1.0990512
	speed: 0.0268s/iter; left time: 770.9786s
Epoch: 2 cost time: 0.752697229385376
Epoch: 2, Steps: 145 | Train Loss: 1.1242653 Vali Loss: 0.9386862 Test Loss: 0.9136658
EarlyStopping counter: 1 out of 5
	iters: 100, epoch: 3 | loss: 1.1201955
	speed: 0.0270s/iter; left time: 771.3030s
Epoch: 3 cost time: 0.7685506343841553
Epoch: 3, Steps: 145 | Train Loss: 1.0950493 Vali Loss: 0.9733305 Test Loss: 0.9127130
EarlyStopping counter: 2 out of 5
	iters: 100, epoch: 4 | loss: 1.0504524
	speed: 0.0260s/iter; left time: 740.3653s
Epoch: 4 cost time: 0.6943049430847168
Epoch: 4, Steps: 145 | Train Loss: 1.0790759 Vali Loss: 0.9911186 Test Loss: 0.9290504
EarlyStopping counter: 3 out of 5
	iters: 100, epoch: 5 | loss: 1.0984997
	speed: 0.0101s/iter; left time: 284.8443s
Epoch: 5 cost time: -0.8467593193054199
Epoch: 5, Steps: 145 | Train Loss: 1.0694553 Vali Loss: 1.0138072 Test Loss: 0.9537960
EarlyStopping counter: 4 out of 5
	iters: 100, epoch: 6 | loss: 1.1525146
	speed: 0.0271s/iter; left time: 763.0454s
Epoch: 6 cost time: 0.7473125457763672
Epoch: 6, Steps: 145 | Train Loss: 1.0660109 Vali Loss: 1.0125699 Test Loss: 0.9429597
EarlyStopping counter: 5 out of 5
Early stopping
>>>>>>>testing : long_term_forecast_tfnsw_fc_96_96_548_FreqCycle_custom_ftM_sl96_ll48_pl96_dm512_nh8_el2_dl1_df2048_fc1_ebtimeF_dtTrue_srate0.1_sseed7_trainseed2024_gap548_test_0<<<<<<<<<<<<<<<<<<<<<<<<<<<<<<<<<
test 6759
mse:1.000367522239685, mae:0.76325923204422
>>>>>>>Overall time: 17 seconds<<<<<<<<<<<<<<<<<<<<<<<<<<<<<<<<<
