Args in experiment:
Namespace(samle_rate=0.1, sample_seed=7, train_seed=2024, gap_day=365, task_name='long_term_forecast', is_training=1, model_id='tfnsw_fc_96_96_365', model='FreqCycle', data='custom', root_path='/home/cyrilyuan/projects/XXLTraffic-main/data/pems/', data_path='tfnsw.csv', features='M', target='', freq='h', checkpoints='./checkpoints/', seq_len=96, label_len=48, pred_len=96, seasonal_patterns='Monthly', inverse=False, mask_rate=0.25, anomaly_ratio=0.25, expand=2, d_conv=4, top_k=5, num_kernels=6, enc_in=27, dec_in=27, c_out=27, d_model=512, n_heads=8, e_layers=2, d_layers=1, d_ff=2048, moving_avg=25, factor=1, distil=True, dropout=0.3, embed='timeF', activation='gelu', output_attention=False, num_workers=10, itr=1, train_epochs=200, batch_size=32, patience=5, learning_rate=0.0005, des='test', loss='MSE', lradj='type3', use_amp=False, enable_camel=False, camel_gap_years=0.0, camel_memory_size=1196, camel_k_retrieve=8, camel_latent_dim=32, camel_d_model=32, camel_use_nll=False, lambda_mem=0.1, lambda_ode=0.05, lambda_smooth=0.01, camel_min_year_gap=1.0, camel_gap_tolerance=0.25, use_gpu=True, gpu=0, use_multi_gpu=False, devices='0,1,2,3', p_hidden_dims=[128, 128], p_hidden_layers=2, steps_per_day=24, ablate_memory=False, ablate_ode=False, ablate_atf=False, use_which_ode=0, camel_tau=0.1, camel_sim_threshold=0.5, camel_sim_scale=10.0, camel_tau_contrast=0.07, patch_len=24, alpha=0.1, top_p=0.5, pos=False, num_class=2, period_len=24, latent_dim=8, phase_encoder_hidden=32, predictor_hidden=64, phase_attn_heads=4, phase_attn_dropout=0.0, phase_attn_use_relpos=False, phase_attn_window=0, phase_attention_dim=0, phase_num_routers=8, phase_use_pos_embed=False, phase_pos_dropout=0.0, phase_layers=1, phase_encoder_use_mlp=False, phase_encoder_dropout=0.0, predictor_use_mlp=False, predictor_dropout=0.0, use_revin=True, revin_affine=False, revin_eps=1e-05, lpf=16, cycle=24, model_type='mlp', seg_window=24, seg_stride=12, window_type='hann')
Use GPU: cuda:0
>>>>>>>start training : long_term_forecast_tfnsw_fc_96_96_365_FreqCycle_custom_ftM_sl96_ll48_pl96_dm512_nh8_el2_dl1_df2048_fc1_ebtimeF_dtTrue_srate0.1_sseed7_trainseed2024_gap365_test_0>>>>>>>>>>>>>>>>>>>>>>>>>>
train 51068
val 11152
test 11151
	iters: 100, epoch: 1 | loss: 1.0979303
	speed: 0.0811s/iter; left time: 2571.8387s
Epoch: 1 cost time: 7.653291463851929
Epoch: 1, Steps: 159 | Train Loss: 1.0884947 Vali Loss: 0.9389871 Test Loss: 1.1066769
Validation loss decreased (inf --> 0.938987).  Saving model ...
	iters: 100, epoch: 2 | loss: 1.1533892
	speed: 0.0388s/iter; left time: 1225.3890s
Epoch: 2 cost time: 0.8342986106872559
Epoch: 2, Steps: 159 | Train Loss: 1.0146718 Vali Loss: 0.9280652 Test Loss: 1.0406051
Validation loss decreased (0.938987 --> 0.928065).  Saving model ...
	iters: 100, epoch: 3 | loss: 1.0861762
	speed: 0.0396s/iter; left time: 1241.7973s
Epoch: 3 cost time: 0.8236048221588135
Epoch: 3, Steps: 159 | Train Loss: 0.9976628 Vali Loss: 0.9404279 Test Loss: 1.0112291
EarlyStopping counter: 1 out of 5
	iters: 100, epoch: 4 | loss: 0.8850620
	speed: 0.0387s/iter; left time: 1207.3424s
Epoch: 4 cost time: 0.821791410446167
Epoch: 4, Steps: 159 | Train Loss: 0.9871597 Vali Loss: 0.9370252 Test Loss: 1.0082563
EarlyStopping counter: 2 out of 5
	iters: 100, epoch: 5 | loss: 1.0865846
	speed: 0.0243s/iter; left time: 754.7010s
Epoch: 5 cost time: 0.8270409107208252
Epoch: 5, Steps: 159 | Train Loss: 0.9816597 Vali Loss: 0.9604554 Test Loss: 0.9778144
EarlyStopping counter: 3 out of 5
	iters: 100, epoch: 6 | loss: 0.9727365
	speed: 0.0380s/iter; left time: 1175.5455s
Epoch: 6 cost time: 0.7839818000793457
Epoch: 6, Steps: 159 | Train Loss: 0.9775805 Vali Loss: 0.9506493 Test Loss: 0.9823762
EarlyStopping counter: 4 out of 5
	iters: 100, epoch: 7 | loss: 0.8477120
	speed: 0.0398s/iter; left time: 1222.9985s
Epoch: 7 cost time: 0.8246562480926514
Epoch: 7, Steps: 159 | Train Loss: 0.9755487 Vali Loss: 0.9325334 Test Loss: 1.0036902
EarlyStopping counter: 5 out of 5
Early stopping
>>>>>>>testing : long_term_forecast_tfnsw_fc_96_96_365_FreqCycle_custom_ftM_sl96_ll48_pl96_dm512_nh8_el2_dl1_df2048_fc1_ebtimeF_dtTrue_srate0.1_sseed7_trainseed2024_gap365_test_0<<<<<<<<<<<<<<<<<<<<<<<<<<<<<<<<<
test 11151
mse:1.0406053066253662, mae:0.792352557182312
>>>>>>>Overall time: 38 seconds<<<<<<<<<<<<<<<<<<<<<<<<<<<<<<<<<
