Args in experiment:
Namespace(samle_rate=0.1, sample_seed=7, train_seed=2024, gap_day=548, task_name='long_term_forecast', is_training=1, model_id='pems08_ml_96_192_548', model='MixLinear', data='custom', root_path='/home/cyrilyuan/projects/XXLTraffic-main/data/pems/', data_path='pems08_all_common_flow.csv', features='M', target='', freq='h', checkpoints='./checkpoints/', seq_len=96, label_len=48, pred_len=192, seasonal_patterns='Monthly', inverse=False, mask_rate=0.25, anomaly_ratio=0.25, expand=2, d_conv=4, top_k=5, num_kernels=6, enc_in=212, dec_in=212, c_out=212, d_model=512, n_heads=8, e_layers=2, d_layers=1, d_ff=2048, moving_avg=25, factor=1, distil=True, dropout=0.3, embed='timeF', activation='gelu', output_attention=False, num_workers=10, itr=1, train_epochs=200, batch_size=32, patience=5, learning_rate=0.0005, des='test', loss='MSE', lradj='type3', use_amp=False, enable_camel=False, camel_gap_years=0.0, camel_memory_size=1196, camel_k_retrieve=8, camel_latent_dim=32, camel_d_model=32, camel_use_nll=False, lambda_mem=0.1, lambda_ode=0.05, lambda_smooth=0.01, camel_min_year_gap=1.0, camel_gap_tolerance=0.25, use_gpu=True, gpu=0, use_multi_gpu=False, devices='0,1,2,3', p_hidden_dims=[128, 128], p_hidden_layers=2, steps_per_day=288, ablate_memory=False, ablate_ode=False, ablate_atf=False, use_which_ode=0, camel_tau=0.1, camel_sim_threshold=0.5, camel_sim_scale=10.0, camel_tau_contrast=0.07, patch_len=24, alpha=0.5, top_p=0.5, pos=False, num_class=2, period_len=24, latent_dim=8, phase_encoder_hidden=32, predictor_hidden=64, phase_attn_heads=4, phase_attn_dropout=0.0, phase_attn_use_relpos=False, phase_attn_window=0, phase_attention_dim=0, phase_num_routers=8, phase_use_pos_embed=False, phase_pos_dropout=0.0, phase_layers=1, phase_encoder_use_mlp=False, phase_encoder_dropout=0.0, predictor_use_mlp=False, predictor_dropout=0.0, use_revin=False, revin_affine=False, revin_eps=1e-05, lpf=16)
Use GPU: cuda:0
>>>>>>>start training : long_term_forecast_pems08_ml_96_192_548_MixLinear_custom_ftM_sl96_ll48_pl192_dm512_nh8_el2_dl1_df2048_fc1_ebtimeF_dtTrue_srate0.1_sseed7_trainseed2024_gap548_test_0>>>>>>>>>>>>>>>>>>>>>>>>>>
train 1295828
val 326633
test 326631
	iters: 100, epoch: 1 | loss: 1.8038334
	speed: 0.0572s/iter; left time: 46308.8048s
	iters: 200, epoch: 1 | loss: 1.5861578
	speed: 0.0153s/iter; left time: 12426.2932s
	iters: 300, epoch: 1 | loss: 1.6870130
	speed: 0.0131s/iter; left time: 10627.9102s
	iters: 400, epoch: 1 | loss: 1.4780542
	speed: 0.0132s/iter; left time: 10708.6624s
	iters: 500, epoch: 1 | loss: 1.4378905
	speed: 0.0133s/iter; left time: 10737.4361s
	iters: 600, epoch: 1 | loss: 1.4178628
	speed: 0.0093s/iter; left time: 7563.7099s
	iters: 700, epoch: 1 | loss: 1.4285619
	speed: 0.0137s/iter; left time: 11093.1436s
	iters: 800, epoch: 1 | loss: 1.5309795
	speed: 0.0133s/iter; left time: 10765.2522s
	iters: 900, epoch: 1 | loss: 1.4457409
	speed: 0.0134s/iter; left time: 10848.9117s
	iters: 1000, epoch: 1 | loss: 1.3889931
	speed: 0.0134s/iter; left time: 10803.3307s
	iters: 1100, epoch: 1 | loss: 1.3644766
	speed: 0.0133s/iter; left time: 10794.8977s
	iters: 1200, epoch: 1 | loss: 1.4350481
	speed: 0.0134s/iter; left time: 10824.5223s
	iters: 1300, epoch: 1 | loss: 1.3864018
	speed: 0.0130s/iter; left time: 10513.5602s
	iters: 1400, epoch: 1 | loss: 1.3405133
	speed: 0.0137s/iter; left time: 11060.9343s
	iters: 1500, epoch: 1 | loss: 1.2343266
	speed: 0.0134s/iter; left time: 10854.6475s
	iters: 1600, epoch: 1 | loss: 1.3354605
	speed: 0.0135s/iter; left time: 10887.1679s
	iters: 1700, epoch: 1 | loss: 1.3102281
	speed: 0.0135s/iter; left time: 10913.6072s
	iters: 1800, epoch: 1 | loss: 1.3307470
	speed: 0.0135s/iter; left time: 10924.4894s
	iters: 1900, epoch: 1 | loss: 1.3122500
	speed: 0.0141s/iter; left time: 11396.5227s
	iters: 2000, epoch: 1 | loss: 1.4991598
	speed: 0.0144s/iter; left time: 11655.0938s
	iters: 2100, epoch: 1 | loss: 1.3690810
	speed: 0.0134s/iter; left time: 10797.3015s
	iters: 2200, epoch: 1 | loss: 1.4422991
	speed: 0.0133s/iter; left time: 10769.4164s
	iters: 2300, epoch: 1 | loss: 1.3092822
	speed: 0.0136s/iter; left time: 10989.4961s
	iters: 2400, epoch: 1 | loss: 1.2428981
	speed: 0.0139s/iter; left time: 11230.3322s
	iters: 2500, epoch: 1 | loss: 1.3316957
	speed: 0.0138s/iter; left time: 11102.0941s
	iters: 2600, epoch: 1 | loss: 1.3682699
	speed: 0.0133s/iter; left time: 10744.3714s
	iters: 2700, epoch: 1 | loss: 1.2200204
	speed: 0.0132s/iter; left time: 10657.4350s
	iters: 2800, epoch: 1 | loss: 1.4155470
	speed: 0.0132s/iter; left time: 10616.5851s
	iters: 2900, epoch: 1 | loss: 1.3783878
	speed: 0.0134s/iter; left time: 10834.4060s
	iters: 3000, epoch: 1 | loss: 1.4068931
	speed: 0.0054s/iter; left time: 4334.6811s
	iters: 3100, epoch: 1 | loss: 1.3420691
	speed: 0.0131s/iter; left time: 10572.7621s
	iters: 3200, epoch: 1 | loss: 1.3405082
	speed: 0.0131s/iter; left time: 10562.4668s
	iters: 3300, epoch: 1 | loss: 1.5481484
	speed: 0.0134s/iter; left time: 10787.3228s
	iters: 3400, epoch: 1 | loss: 1.3415596
	speed: 0.0133s/iter; left time: 10693.4096s
	iters: 3500, epoch: 1 | loss: 1.3772894
	speed: 0.0132s/iter; left time: 10646.8329s
	iters: 3600, epoch: 1 | loss: 1.2869982
	speed: 0.0133s/iter; left time: 10691.6244s
	iters: 3700, epoch: 1 | loss: 1.3609289
	speed: 0.0136s/iter; left time: 10989.8735s
	iters: 3800, epoch: 1 | loss: 1.4207926
	speed: 0.0133s/iter; left time: 10693.5782s
	iters: 3900, epoch: 1 | loss: 1.5133917
	speed: 0.0135s/iter; left time: 10872.4036s
	iters: 4000, epoch: 1 | loss: 1.4358959
	speed: 0.0139s/iter; left time: 11194.6887s
Epoch: 1 cost time: 57.46174669265747
Epoch: 1, Steps: 4049 | Train Loss: 1.4325897 Vali Loss: 1.9823175 Test Loss: 1.6574269
Validation loss decreased (inf --> 1.982318).  Saving model ...
	iters: 100, epoch: 2 | loss: 1.4529852
	speed: 0.8664s/iter; left time: 698037.7288s
	iters: 200, epoch: 2 | loss: 1.4769741
	speed: 0.0143s/iter; left time: 11536.1224s
	iters: 300, epoch: 2 | loss: 1.5169439
	speed: 0.0145s/iter; left time: 11693.4666s
	iters: 400, epoch: 2 | loss: 1.4595037
	speed: 0.0144s/iter; left time: 11571.8045s
	iters: 500, epoch: 2 | loss: 1.4004945
	speed: 0.0146s/iter; left time: 11738.1412s
	iters: 600, epoch: 2 | loss: 1.3931788
	speed: 0.0151s/iter; left time: 12179.9496s
	iters: 700, epoch: 2 | loss: 1.2276484
	speed: 0.0144s/iter; left time: 11597.2330s
	iters: 800, epoch: 2 | loss: 1.3727742
	speed: 0.0146s/iter; left time: 11727.5731s
	iters: 900, epoch: 2 | loss: 1.4552449
	speed: 0.0143s/iter; left time: 11494.2305s
	iters: 1000, epoch: 2 | loss: 1.3320844
	speed: 0.0143s/iter; left time: 11541.2106s
	iters: 1100, epoch: 2 | loss: 1.3655809
	speed: 0.0144s/iter; left time: 11620.5121s
	iters: 1200, epoch: 2 | loss: 1.2094308
	speed: 0.0146s/iter; left time: 11762.7259s
	iters: 1300, epoch: 2 | loss: 1.4852507
	speed: 0.0143s/iter; left time: 11504.6922s
	iters: 1400, epoch: 2 | loss: 1.4354001
	speed: 0.0141s/iter; left time: 11352.7111s
	iters: 1500, epoch: 2 | loss: 1.2943087
	speed: 0.0144s/iter; left time: 11599.3438s
	iters: 1600, epoch: 2 | loss: 1.2745168
	speed: 0.0142s/iter; left time: 11398.4617s
	iters: 1700, epoch: 2 | loss: 1.3623363
	speed: 0.0144s/iter; left time: 11570.1253s
	iters: 1800, epoch: 2 | loss: 1.3511769
	speed: 0.0141s/iter; left time: 11346.9868s
	iters: 1900, epoch: 2 | loss: 1.4209473
	speed: 0.0142s/iter; left time: 11377.8671s
	iters: 2000, epoch: 2 | loss: 1.4259397
	speed: 0.0072s/iter; left time: 5823.3495s
	iters: 2100, epoch: 2 | loss: 1.3629067
	speed: 0.0139s/iter; left time: 11189.8648s
	iters: 2200, epoch: 2 | loss: 1.3644334
	speed: 0.0142s/iter; left time: 11431.0072s
	iters: 2300, epoch: 2 | loss: 1.3308606
	speed: 0.0140s/iter; left time: 11285.3512s
	iters: 2400, epoch: 2 | loss: 1.3648937
	speed: 0.0140s/iter; left time: 11245.1456s
	iters: 2500, epoch: 2 | loss: 1.4261868
	speed: 0.0144s/iter; left time: 11559.9004s
	iters: 2600, epoch: 2 | loss: 1.2409611
	speed: 0.0141s/iter; left time: 11363.4458s
	iters: 2700, epoch: 2 | loss: 1.4066272
	speed: 0.0144s/iter; left time: 11533.3382s
	iters: 2800, epoch: 2 | loss: 1.3784746
	speed: 0.0144s/iter; left time: 11560.7538s
	iters: 2900, epoch: 2 | loss: 1.4272217
	speed: 0.0143s/iter; left time: 11514.3660s
	iters: 3000, epoch: 2 | loss: 1.4425536
	speed: 0.0141s/iter; left time: 11335.8434s
	iters: 3100, epoch: 2 | loss: 1.4012877
	speed: 0.0142s/iter; left time: 11417.7870s
	iters: 3200, epoch: 2 | loss: 1.3416964
	speed: 0.0145s/iter; left time: 11666.5153s
	iters: 3300, epoch: 2 | loss: 1.2879598
	speed: 0.0145s/iter; left time: 11622.3840s
	iters: 3400, epoch: 2 | loss: 1.5214452
	speed: 0.0144s/iter; left time: 11515.5241s
	iters: 3500, epoch: 2 | loss: 1.5014328
	speed: 0.0141s/iter; left time: 11333.3064s
	iters: 3600, epoch: 2 | loss: 1.2130033
	speed: 0.0141s/iter; left time: 11303.0956s
	iters: 3700, epoch: 2 | loss: 1.6305496
	speed: 0.0143s/iter; left time: 11477.8746s
	iters: 3800, epoch: 2 | loss: 1.3950695
	speed: 0.0143s/iter; left time: 11468.5508s
	iters: 3900, epoch: 2 | loss: 1.2350597
	speed: 0.0144s/iter; left time: 11527.1635s
	iters: 4000, epoch: 2 | loss: 1.3729727
	speed: 0.0142s/iter; left time: 11407.1521s
Epoch: 2 cost time: 57.374388217926025
Epoch: 2, Steps: 4049 | Train Loss: 1.3835726 Vali Loss: 1.9604278 Test Loss: 1.6453219
Validation loss decreased (1.982318 --> 1.960428).  Saving model ...
	iters: 100, epoch: 3 | loss: 1.3745399
	speed: 0.8673s/iter; left time: 695232.7628s
	iters: 200, epoch: 3 | loss: 1.1803427
	speed: 0.0142s/iter; left time: 11360.6478s
	iters: 300, epoch: 3 | loss: 1.4742955
	speed: 0.0143s/iter; left time: 11488.6398s
	iters: 400, epoch: 3 | loss: 1.4179854
	speed: 0.0144s/iter; left time: 11519.0764s
	iters: 500, epoch: 3 | loss: 1.5370449
	speed: 0.0142s/iter; left time: 11372.3096s
	iters: 600, epoch: 3 | loss: 1.4267389
	speed: 0.0142s/iter; left time: 11365.7103s
	iters: 700, epoch: 3 | loss: 1.2140170
	speed: 0.0144s/iter; left time: 11506.3246s
	iters: 800, epoch: 3 | loss: 1.3843797
	speed: 0.0146s/iter; left time: 11656.0176s
	iters: 900, epoch: 3 | loss: 1.4724709
	speed: 0.0142s/iter; left time: 11368.9307s
	iters: 1000, epoch: 3 | loss: 1.4792280
	speed: 0.0073s/iter; left time: 5835.4380s
	iters: 1100, epoch: 3 | loss: 1.4195944
	speed: 0.0143s/iter; left time: 11476.1405s
	iters: 1200, epoch: 3 | loss: 1.2641287
	speed: 0.0145s/iter; left time: 11590.5922s
	iters: 1300, epoch: 3 | loss: 1.3105578
	speed: 0.0141s/iter; left time: 11302.5105s
	iters: 1400, epoch: 3 | loss: 1.4693247
	speed: 0.0143s/iter; left time: 11472.8820s
	iters: 1500, epoch: 3 | loss: 1.5080475
	speed: 0.0145s/iter; left time: 11619.2711s
	iters: 1600, epoch: 3 | loss: 1.2069235
	speed: 0.0143s/iter; left time: 11476.9757s
	iters: 1700, epoch: 3 | loss: 1.4824355
	speed: 0.0141s/iter; left time: 11307.6882s
	iters: 1800, epoch: 3 | loss: 1.3948364
	speed: 0.0144s/iter; left time: 11489.8977s
	iters: 1900, epoch: 3 | loss: 1.4750262
	speed: 0.0146s/iter; left time: 11652.4472s
	iters: 2000, epoch: 3 | loss: 1.4851899
	speed: 0.0142s/iter; left time: 11389.9044s
	iters: 2100, epoch: 3 | loss: 1.1068686
	speed: 0.0141s/iter; left time: 11235.1025s
	iters: 2200, epoch: 3 | loss: 1.3530766
	speed: 0.0141s/iter; left time: 11312.1723s
	iters: 2300, epoch: 3 | loss: 1.2843809
	speed: 0.0145s/iter; left time: 11609.3987s
	iters: 2400, epoch: 3 | loss: 1.5067458
	speed: 0.0140s/iter; left time: 11194.6754s
	iters: 2500, epoch: 3 | loss: 1.3743380
	speed: 0.0141s/iter; left time: 11286.9791s
	iters: 2600, epoch: 3 | loss: 1.4071699
	speed: 0.0146s/iter; left time: 11667.5385s
	iters: 2700, epoch: 3 | loss: 1.2883353
	speed: 0.0144s/iter; left time: 11469.8130s
	iters: 2800, epoch: 3 | loss: 1.3838103
	speed: 0.0142s/iter; left time: 11345.3222s
	iters: 2900, epoch: 3 | loss: 1.5055544
	speed: 0.0141s/iter; left time: 11292.3684s
	iters: 3000, epoch: 3 | loss: 1.3530270
	speed: 0.0142s/iter; left time: 11362.0311s
	iters: 3100, epoch: 3 | loss: 1.4635255
	speed: 0.0143s/iter; left time: 11382.1887s
	iters: 3200, epoch: 3 | loss: 1.3319625
	speed: 0.0075s/iter; left time: 5989.3665s
	iters: 3300, epoch: 3 | loss: 1.3083719
	speed: 0.0143s/iter; left time: 11383.5050s
	iters: 3400, epoch: 3 | loss: 1.3146285
	speed: 0.0143s/iter; left time: 11447.6385s
	iters: 3500, epoch: 3 | loss: 1.4188296
	speed: 0.0144s/iter; left time: 11458.6791s
	iters: 3600, epoch: 3 | loss: 1.4143564
	speed: 0.0142s/iter; left time: 11302.5286s
	iters: 3700, epoch: 3 | loss: 1.5287957
	speed: 0.0144s/iter; left time: 11515.8156s
	iters: 3800, epoch: 3 | loss: 1.2608684
	speed: 0.0142s/iter; left time: 11344.4452s
	iters: 3900, epoch: 3 | loss: 1.2444110
	speed: 0.0143s/iter; left time: 11447.4055s
	iters: 4000, epoch: 3 | loss: 1.3887479
	speed: 0.0142s/iter; left time: 11335.8199s
Epoch: 3 cost time: 56.62822604179382
Epoch: 3, Steps: 4049 | Train Loss: 1.3823250 Vali Loss: 1.9614239 Test Loss: 1.6660981
EarlyStopping counter: 1 out of 5
	iters: 100, epoch: 4 | loss: 1.5028479
	speed: 0.8639s/iter; left time: 689036.0669s
	iters: 200, epoch: 4 | loss: 1.2604364
	speed: 0.0142s/iter; left time: 11302.1880s
	iters: 300, epoch: 4 | loss: 1.3915420
	speed: 0.0144s/iter; left time: 11519.8504s
	iters: 400, epoch: 4 | loss: 1.4425775
	speed: 0.0144s/iter; left time: 11466.4339s
	iters: 500, epoch: 4 | loss: 1.4351650
	speed: 0.0144s/iter; left time: 11471.4595s
	iters: 600, epoch: 4 | loss: 1.4927567
	speed: 0.0143s/iter; left time: 11405.1206s
	iters: 700, epoch: 4 | loss: 1.4064311
	speed: 0.0142s/iter; left time: 11348.6879s
	iters: 800, epoch: 4 | loss: 1.4316821
	speed: 0.0145s/iter; left time: 11542.9710s
	iters: 900, epoch: 4 | loss: 1.3008827
	speed: 0.0145s/iter; left time: 11568.6640s
	iters: 1000, epoch: 4 | loss: 1.3433021
	speed: 0.0142s/iter; left time: 11318.8807s
	iters: 1100, epoch: 4 | loss: 1.2671309
	speed: 0.0144s/iter; left time: 11430.9008s
	iters: 1200, epoch: 4 | loss: 1.3744955
	speed: 0.0143s/iter; left time: 11423.2165s
	iters: 1300, epoch: 4 | loss: 1.2682737
	speed: 0.0143s/iter; left time: 11355.8134s
	iters: 1400, epoch: 4 | loss: 1.5115583
	speed: 0.0145s/iter; left time: 11542.7465s
	iters: 1500, epoch: 4 | loss: 1.2475867
	speed: 0.0145s/iter; left time: 11557.6023s
	iters: 1600, epoch: 4 | loss: 1.5591016
	speed: 0.0144s/iter; left time: 11446.6280s
	iters: 1700, epoch: 4 | loss: 1.4453189
	speed: 0.0142s/iter; left time: 11321.5795s
	iters: 1800, epoch: 4 | loss: 1.4968222
	speed: 0.0145s/iter; left time: 11523.7549s
	iters: 1900, epoch: 4 | loss: 1.3907013
	speed: 0.0143s/iter; left time: 11375.9171s
	iters: 2000, epoch: 4 | loss: 1.5185347
	speed: 0.0142s/iter; left time: 11301.3435s
	iters: 2100, epoch: 4 | loss: 1.3266882
	speed: 0.0144s/iter; left time: 11426.3148s
	iters: 2200, epoch: 4 | loss: 1.3883841
	speed: 0.0076s/iter; left time: 6013.1452s
	iters: 2300, epoch: 4 | loss: 1.3510649
	speed: 0.0142s/iter; left time: 11267.9499s
	iters: 2400, epoch: 4 | loss: 1.5115834
	speed: 0.0145s/iter; left time: 11522.9186s
	iters: 2500, epoch: 4 | loss: 1.3581353
	speed: 0.0143s/iter; left time: 11342.5616s
	iters: 2600, epoch: 4 | loss: 1.3987188
	speed: 0.0141s/iter; left time: 11208.3950s
	iters: 2700, epoch: 4 | loss: 1.2101718
	speed: 0.0143s/iter; left time: 11336.7027s
	iters: 2800, epoch: 4 | loss: 1.3680379
	speed: 0.0146s/iter; left time: 11583.8921s
	iters: 2900, epoch: 4 | loss: 1.4991751
	speed: 0.0144s/iter; left time: 11429.7086s
	iters: 3000, epoch: 4 | loss: 1.3813419
	speed: 0.0145s/iter; left time: 11555.1482s
	iters: 3100, epoch: 4 | loss: 1.4073014
	speed: 0.0143s/iter; left time: 11325.4118s
	iters: 3200, epoch: 4 | loss: 1.3094931
	speed: 0.0142s/iter; left time: 11308.4016s
	iters: 3300, epoch: 4 | loss: 1.3610904
	speed: 0.0143s/iter; left time: 11332.6498s
	iters: 3400, epoch: 4 | loss: 1.2788914
	speed: 0.0143s/iter; left time: 11372.4309s
	iters: 3500, epoch: 4 | loss: 1.4252504
	speed: 0.0145s/iter; left time: 11518.4919s
	iters: 3600, epoch: 4 | loss: 1.4197363
	speed: 0.0143s/iter; left time: 11372.0359s
	iters: 3700, epoch: 4 | loss: 1.4287060
	speed: 0.0142s/iter; left time: 11241.5170s
	iters: 3800, epoch: 4 | loss: 1.3660839
	speed: 0.0144s/iter; left time: 11467.5047s
	iters: 3900, epoch: 4 | loss: 1.4707366
	speed: 0.0150s/iter; left time: 11919.8695s
	iters: 4000, epoch: 4 | loss: 1.3342310
	speed: 0.0142s/iter; left time: 11252.8877s
Epoch: 4 cost time: 57.607917070388794
Epoch: 4, Steps: 4049 | Train Loss: 1.3819674 Vali Loss: 1.9706441 Test Loss: 1.6434687
EarlyStopping counter: 2 out of 5
	iters: 100, epoch: 5 | loss: 1.3396994
	speed: 0.8674s/iter; left time: 688248.4471s
	iters: 200, epoch: 5 | loss: 1.3153434
	speed: 0.0142s/iter; left time: 11266.2060s
	iters: 300, epoch: 5 | loss: 1.2978619
	speed: 0.0145s/iter; left time: 11515.7465s
	iters: 400, epoch: 5 | loss: 1.3071651
	speed: 0.0142s/iter; left time: 11274.4916s
	iters: 500, epoch: 5 | loss: 1.3305246
	speed: 0.0143s/iter; left time: 11357.9418s
	iters: 600, epoch: 5 | loss: 1.3693290
	speed: 0.0144s/iter; left time: 11451.0206s
	iters: 700, epoch: 5 | loss: 1.5533916
	speed: 0.0144s/iter; left time: 11456.0646s
	iters: 800, epoch: 5 | loss: 1.3011409
	speed: 0.0143s/iter; left time: 11342.9300s
	iters: 900, epoch: 5 | loss: 1.5751133
	speed: 0.0145s/iter; left time: 11480.3676s
	iters: 1000, epoch: 5 | loss: 1.2597303
	speed: 0.0144s/iter; left time: 11399.3018s
	iters: 1100, epoch: 5 | loss: 1.3606569
	speed: 0.0072s/iter; left time: 5709.2294s
	iters: 1200, epoch: 5 | loss: 1.4357201
	speed: 0.0146s/iter; left time: 11552.0969s
	iters: 1300, epoch: 5 | loss: 1.3020670
	speed: 0.0145s/iter; left time: 11491.0108s
	iters: 1400, epoch: 5 | loss: 1.3480721
	speed: 0.0144s/iter; left time: 11431.3526s
	iters: 1500, epoch: 5 | loss: 1.4158921
	speed: 0.0145s/iter; left time: 11493.8739s
	iters: 1600, epoch: 5 | loss: 1.3782332
	speed: 0.0143s/iter; left time: 11357.1894s
	iters: 1700, epoch: 5 | loss: 1.2633265
	speed: 0.0144s/iter; left time: 11377.0205s
	iters: 1800, epoch: 5 | loss: 1.3900599
	speed: 0.0143s/iter; left time: 11317.5960s
	iters: 1900, epoch: 5 | loss: 1.4513891
	speed: 0.0144s/iter; left time: 11380.4139s
	iters: 2000, epoch: 5 | loss: 1.2889065
	speed: 0.0142s/iter; left time: 11216.2336s
	iters: 2100, epoch: 5 | loss: 1.4475417
	speed: 0.0143s/iter; left time: 11352.4822s
	iters: 2200, epoch: 5 | loss: 1.4501443
	speed: 0.0151s/iter; left time: 11946.4587s
	iters: 2300, epoch: 5 | loss: 1.3457063
	speed: 0.0142s/iter; left time: 11216.9655s
	iters: 2400, epoch: 5 | loss: 1.4855174
	speed: 0.0142s/iter; left time: 11234.4287s
	iters: 2500, epoch: 5 | loss: 1.3608584
	speed: 0.0141s/iter; left time: 11121.3078s
	iters: 2600, epoch: 5 | loss: 1.4740881
	speed: 0.0143s/iter; left time: 11338.1915s
	iters: 2700, epoch: 5 | loss: 1.3404754
	speed: 0.0143s/iter; left time: 11278.9021s
	iters: 2800, epoch: 5 | loss: 1.3247430
	speed: 0.0143s/iter; left time: 11270.5886s
	iters: 2900, epoch: 5 | loss: 1.5285349
	speed: 0.0143s/iter; left time: 11338.4515s
	iters: 3000, epoch: 5 | loss: 1.2827026
	speed: 0.0148s/iter; left time: 11692.4248s
	iters: 3100, epoch: 5 | loss: 1.3091100
	speed: 0.0144s/iter; left time: 11396.4258s
	iters: 3200, epoch: 5 | loss: 1.3418038
	speed: 0.0142s/iter; left time: 11213.2061s
	iters: 3300, epoch: 5 | loss: 1.4587417
	speed: 0.0142s/iter; left time: 11200.2163s
	iters: 3400, epoch: 5 | loss: 1.4130510
	speed: 0.0071s/iter; left time: 5640.6431s
	iters: 3500, epoch: 5 | loss: 1.2112794
	speed: 0.0143s/iter; left time: 11289.1605s
	iters: 3600, epoch: 5 | loss: 1.3872859
	speed: 0.0144s/iter; left time: 11410.7706s
	iters: 3700, epoch: 5 | loss: 1.4645814
	speed: 0.0143s/iter; left time: 11310.3994s
	iters: 3800, epoch: 5 | loss: 1.2579072
	speed: 0.0144s/iter; left time: 11371.6747s
	iters: 3900, epoch: 5 | loss: 1.5117714
	speed: 0.0142s/iter; left time: 11240.8976s
	iters: 4000, epoch: 5 | loss: 1.4021146
	speed: 0.0141s/iter; left time: 11163.0948s
Epoch: 5 cost time: 56.8131422996521
Epoch: 5, Steps: 4049 | Train Loss: 1.3818650 Vali Loss: 1.9592459 Test Loss: 1.6674132
Validation loss decreased (1.960428 --> 1.959246).  Saving model ...
	iters: 100, epoch: 6 | loss: 1.5498694
	speed: 0.8671s/iter; left time: 684503.8680s
	iters: 200, epoch: 6 | loss: 1.4761817
	speed: 0.0146s/iter; left time: 11528.9471s
	iters: 300, epoch: 6 | loss: 1.4254597
	speed: 0.0142s/iter; left time: 11215.2469s
	iters: 400, epoch: 6 | loss: 1.4016821
	speed: 0.0142s/iter; left time: 11190.7550s
	iters: 500, epoch: 6 | loss: 1.2561948
	speed: 0.0145s/iter; left time: 11407.6812s
	iters: 600, epoch: 6 | loss: 1.5389446
	speed: 0.0144s/iter; left time: 11391.4976s
	iters: 700, epoch: 6 | loss: 1.4826198
	speed: 0.0142s/iter; left time: 11238.6116s
	iters: 800, epoch: 6 | loss: 1.2699817
	speed: 0.0147s/iter; left time: 11585.5063s
	iters: 900, epoch: 6 | loss: 1.2563255
	speed: 0.0143s/iter; left time: 11316.5889s
	iters: 1000, epoch: 6 | loss: 1.3754811
	speed: 0.0143s/iter; left time: 11293.6705s
	iters: 1100, epoch: 6 | loss: 1.4567556
	speed: 0.0142s/iter; left time: 11197.5157s
	iters: 1200, epoch: 6 | loss: 1.3389349
	speed: 0.0143s/iter; left time: 11305.7638s
	iters: 1300, epoch: 6 | loss: 1.3862665
	speed: 0.0146s/iter; left time: 11491.8549s
	iters: 1400, epoch: 6 | loss: 1.3913214
	speed: 0.0143s/iter; left time: 11252.5693s
	iters: 1500, epoch: 6 | loss: 1.2064165
	speed: 0.0142s/iter; left time: 11183.4947s
	iters: 1600, epoch: 6 | loss: 1.4744211
	speed: 0.0144s/iter; left time: 11368.7761s
	iters: 1700, epoch: 6 | loss: 1.4392833
	speed: 0.0144s/iter; left time: 11367.5643s
	iters: 1800, epoch: 6 | loss: 1.3344176
	speed: 0.0143s/iter; left time: 11262.1673s
	iters: 1900, epoch: 6 | loss: 1.1833839
	speed: 0.0146s/iter; left time: 11536.6809s
	iters: 2000, epoch: 6 | loss: 1.4498817
	speed: 0.0144s/iter; left time: 11343.0469s
	iters: 2100, epoch: 6 | loss: 1.4808432
	speed: 0.0148s/iter; left time: 11654.2213s
	iters: 2200, epoch: 6 | loss: 1.3474116
	speed: 0.0145s/iter; left time: 11399.6361s
	iters: 2300, epoch: 6 | loss: 1.2348404
	speed: 0.0070s/iter; left time: 5534.7012s
	iters: 2400, epoch: 6 | loss: 1.4346327
	speed: 0.0141s/iter; left time: 11104.6693s
	iters: 2500, epoch: 6 | loss: 1.3468454
	speed: 0.0141s/iter; left time: 11088.6895s
	iters: 2600, epoch: 6 | loss: 1.6416211
	speed: 0.0142s/iter; left time: 11184.7968s
	iters: 2700, epoch: 6 | loss: 1.2438308
	speed: 0.0142s/iter; left time: 11211.0374s
	iters: 2800, epoch: 6 | loss: 1.3222964
	speed: 0.0142s/iter; left time: 11186.3830s
	iters: 2900, epoch: 6 | loss: 1.4300222
	speed: 0.0142s/iter; left time: 11143.4518s
	iters: 3000, epoch: 6 | loss: 1.5870839
	speed: 0.0146s/iter; left time: 11495.4610s
	iters: 3100, epoch: 6 | loss: 1.3616681
	speed: 0.0143s/iter; left time: 11237.3342s
	iters: 3200, epoch: 6 | loss: 1.4583079
	speed: 0.0143s/iter; left time: 11223.8334s
	iters: 3300, epoch: 6 | loss: 1.3719490
	speed: 0.0148s/iter; left time: 11624.5279s
	iters: 3400, epoch: 6 | loss: 1.2836764
	speed: 0.0144s/iter; left time: 11337.2685s
	iters: 3500, epoch: 6 | loss: 1.3640357
	speed: 0.0141s/iter; left time: 11104.8825s
	iters: 3600, epoch: 6 | loss: 1.4260211
	speed: 0.0145s/iter; left time: 11386.8094s
	iters: 3700, epoch: 6 | loss: 1.3938460
	speed: 0.0146s/iter; left time: 11483.9359s
	iters: 3800, epoch: 6 | loss: 1.4541184
	speed: 0.0143s/iter; left time: 11244.1140s
	iters: 3900, epoch: 6 | loss: 1.3346847
	speed: 0.0146s/iter; left time: 11441.1788s
	iters: 4000, epoch: 6 | loss: 1.3581189
	speed: 0.0145s/iter; left time: 11384.8912s
Epoch: 6 cost time: 56.97589993476868
Epoch: 6, Steps: 4049 | Train Loss: 1.3817847 Vali Loss: 1.9456317 Test Loss: 1.6608094
Validation loss decreased (1.959246 --> 1.945632).  Saving model ...
	iters: 100, epoch: 7 | loss: 1.4504638
	speed: 0.8672s/iter; left time: 681066.9696s
	iters: 200, epoch: 7 | loss: 1.2297238
	speed: 0.0146s/iter; left time: 11456.6171s
	iters: 300, epoch: 7 | loss: 1.5854580
	speed: 0.0145s/iter; left time: 11357.4001s
	iters: 400, epoch: 7 | loss: 1.4247525
	speed: 0.0147s/iter; left time: 11571.3071s
	iters: 500, epoch: 7 | loss: 1.4158238
	speed: 0.0147s/iter; left time: 11568.6579s
	iters: 600, epoch: 7 | loss: 1.7258749
	speed: 0.0144s/iter; left time: 11325.6903s
	iters: 700, epoch: 7 | loss: 1.3652989
	speed: 0.0143s/iter; left time: 11222.4094s
	iters: 800, epoch: 7 | loss: 1.3553282
	speed: 0.0143s/iter; left time: 11191.8049s
	iters: 900, epoch: 7 | loss: 1.2362965
	speed: 0.0142s/iter; left time: 11113.4314s
	iters: 1000, epoch: 7 | loss: 1.3804513
	speed: 0.0144s/iter; left time: 11280.0489s
	iters: 1100, epoch: 7 | loss: 1.3234541
	speed: 0.0145s/iter; left time: 11372.6171s
	iters: 1200, epoch: 7 | loss: 1.3621062
	speed: 0.0070s/iter; left time: 5475.1488s
	iters: 1300, epoch: 7 | loss: 1.4140981
	speed: 0.0143s/iter; left time: 11194.7943s
	iters: 1400, epoch: 7 | loss: 1.2413639
	speed: 0.0139s/iter; left time: 10882.4387s
	iters: 1500, epoch: 7 | loss: 1.2101548
	speed: 0.0139s/iter; left time: 10936.8059s
	iters: 1600, epoch: 7 | loss: 1.3198631
	speed: 0.0141s/iter; left time: 11042.8530s
	iters: 1700, epoch: 7 | loss: 1.3157866
	speed: 0.0139s/iter; left time: 10892.8719s
	iters: 1800, epoch: 7 | loss: 1.2984281
	speed: 0.0144s/iter; left time: 11271.6141s
	iters: 1900, epoch: 7 | loss: 1.5248635
	speed: 0.0147s/iter; left time: 11487.2439s
	iters: 2000, epoch: 7 | loss: 1.4362571
	speed: 0.0144s/iter; left time: 11297.1223s
	iters: 2100, epoch: 7 | loss: 1.2656260
	speed: 0.0149s/iter; left time: 11676.0031s
	iters: 2200, epoch: 7 | loss: 1.3810087
	speed: 0.0144s/iter; left time: 11307.5448s
	iters: 2300, epoch: 7 | loss: 1.5736356
	speed: 0.0145s/iter; left time: 11387.5609s
	iters: 2400, epoch: 7 | loss: 1.2429498
	speed: 0.0145s/iter; left time: 11392.2664s
	iters: 2500, epoch: 7 | loss: 1.3528453
	speed: 0.0144s/iter; left time: 11305.3069s
	iters: 2600, epoch: 7 | loss: 1.3503748
	speed: 0.0146s/iter; left time: 11429.9143s
	iters: 2700, epoch: 7 | loss: 1.4150208
	speed: 0.0145s/iter; left time: 11360.6701s
	iters: 2800, epoch: 7 | loss: 1.2978529
	speed: 0.0145s/iter; left time: 11311.3193s
	iters: 2900, epoch: 7 | loss: 1.1971228
	speed: 0.0148s/iter; left time: 11547.4511s
	iters: 3000, epoch: 7 | loss: 1.4510012
	speed: 0.0142s/iter; left time: 11131.7695s
	iters: 3100, epoch: 7 | loss: 1.5063843
	speed: 0.0141s/iter; left time: 11035.1143s
	iters: 3200, epoch: 7 | loss: 1.3697485
	speed: 0.0144s/iter; left time: 11264.5461s
	iters: 3300, epoch: 7 | loss: 1.4017382
	speed: 0.0143s/iter; left time: 11181.7916s
	iters: 3400, epoch: 7 | loss: 1.3366843
	speed: 0.0143s/iter; left time: 11165.0026s
	iters: 3500, epoch: 7 | loss: 1.1807157
	speed: 0.0069s/iter; left time: 5408.0329s
	iters: 3600, epoch: 7 | loss: 1.3371189
	speed: 0.0143s/iter; left time: 11213.2381s
	iters: 3700, epoch: 7 | loss: 1.5046903
	speed: 0.0138s/iter; left time: 10754.4614s
	iters: 3800, epoch: 7 | loss: 1.2894139
	speed: 0.0140s/iter; left time: 10940.7565s
	iters: 3900, epoch: 7 | loss: 1.5266514
	speed: 0.0142s/iter; left time: 11093.9488s
	iters: 4000, epoch: 7 | loss: 1.3118190
	speed: 0.0141s/iter; left time: 11022.4579s
Epoch: 7 cost time: 56.800498247146606
Epoch: 7, Steps: 4049 | Train Loss: 1.3818104 Vali Loss: 1.9560689 Test Loss: 1.6618898
EarlyStopping counter: 1 out of 5
	iters: 100, epoch: 8 | loss: 1.4327855
	speed: 0.8753s/iter; left time: 683946.0161s
	iters: 200, epoch: 8 | loss: 1.4549955
	speed: 0.0069s/iter; left time: 5375.1647s
	iters: 300, epoch: 8 | loss: 1.4073387
	speed: 0.0146s/iter; left time: 11431.7260s
	iters: 400, epoch: 8 | loss: 1.2684720
	speed: 0.0143s/iter; left time: 11150.5192s
	iters: 500, epoch: 8 | loss: 1.3175917
	speed: 0.0142s/iter; left time: 11106.6466s
	iters: 600, epoch: 8 | loss: 1.4332229
	speed: 0.0145s/iter; left time: 11348.3005s
	iters: 700, epoch: 8 | loss: 1.3027132
	speed: 0.0143s/iter; left time: 11128.2415s
	iters: 800, epoch: 8 | loss: 1.2579681
	speed: 0.0143s/iter; left time: 11201.4368s
	iters: 900, epoch: 8 | loss: 1.3525791
	speed: 0.0145s/iter; left time: 11327.8114s
	iters: 1000, epoch: 8 | loss: 1.3542403
	speed: 0.0144s/iter; left time: 11260.7703s
	iters: 1100, epoch: 8 | loss: 1.5549859
	speed: 0.0144s/iter; left time: 11212.5726s
	iters: 1200, epoch: 8 | loss: 1.2887348
	speed: 0.0143s/iter; left time: 11139.2452s
	iters: 1300, epoch: 8 | loss: 1.3643848
	speed: 0.0146s/iter; left time: 11419.5860s
	iters: 1400, epoch: 8 | loss: 1.2656616
	speed: 0.0143s/iter; left time: 11187.4955s
	iters: 1500, epoch: 8 | loss: 1.5442537
	speed: 0.0143s/iter; left time: 11114.4216s
	iters: 1600, epoch: 8 | loss: 1.3311484
	speed: 0.0144s/iter; left time: 11213.6624s
	iters: 1700, epoch: 8 | loss: 1.2338606
	speed: 0.0143s/iter; left time: 11126.0483s
	iters: 1800, epoch: 8 | loss: 1.4389508
	speed: 0.0144s/iter; left time: 11236.1468s
	iters: 1900, epoch: 8 | loss: 1.3589197
	speed: 0.0143s/iter; left time: 11118.6800s
	iters: 2000, epoch: 8 | loss: 1.4050304
	speed: 0.0145s/iter; left time: 11270.3706s
	iters: 2100, epoch: 8 | loss: 1.4671404
	speed: 0.0142s/iter; left time: 11095.8562s
	iters: 2200, epoch: 8 | loss: 1.4639872
	speed: 0.0143s/iter; left time: 11120.9410s
	iters: 2300, epoch: 8 | loss: 1.5005242
	speed: 0.0141s/iter; left time: 11017.6009s
	iters: 2400, epoch: 8 | loss: 1.2789568
	speed: 0.0068s/iter; left time: 5278.8424s
	iters: 2500, epoch: 8 | loss: 1.3825990
	speed: 0.0142s/iter; left time: 11078.4147s
	iters: 2600, epoch: 8 | loss: 1.4703704
	speed: 0.0142s/iter; left time: 11059.6616s
	iters: 2700, epoch: 8 | loss: 1.4732198
	speed: 0.0143s/iter; left time: 11120.3651s
	iters: 2800, epoch: 8 | loss: 1.2572132
	speed: 0.0144s/iter; left time: 11251.2511s
	iters: 2900, epoch: 8 | loss: 1.3308022
	speed: 0.0142s/iter; left time: 11088.7711s
	iters: 3000, epoch: 8 | loss: 1.5728174
	speed: 0.0143s/iter; left time: 11145.7882s
	iters: 3100, epoch: 8 | loss: 1.3134077
	speed: 0.0143s/iter; left time: 11095.4555s
	iters: 3200, epoch: 8 | loss: 1.1848292
	speed: 0.0140s/iter; left time: 10913.2178s
	iters: 3300, epoch: 8 | loss: 1.3214229
	speed: 0.0140s/iter; left time: 10903.9455s
	iters: 3400, epoch: 8 | loss: 1.5506282
	speed: 0.0143s/iter; left time: 11094.8260s
	iters: 3500, epoch: 8 | loss: 1.3565291
	speed: 0.0142s/iter; left time: 11065.2109s
	iters: 3600, epoch: 8 | loss: 1.4315974
	speed: 0.0140s/iter; left time: 10913.6695s
	iters: 3700, epoch: 8 | loss: 1.2467183
	speed: 0.0141s/iter; left time: 10988.7404s
	iters: 3800, epoch: 8 | loss: 1.4971557
	speed: 0.0142s/iter; left time: 11047.1736s
	iters: 3900, epoch: 8 | loss: 1.3363042
	speed: 0.0139s/iter; left time: 10838.0355s
	iters: 4000, epoch: 8 | loss: 1.3171613
	speed: 0.0140s/iter; left time: 10889.2951s
Epoch: 8 cost time: 56.62000250816345
Epoch: 8, Steps: 4049 | Train Loss: 1.3817510 Vali Loss: 1.9567661 Test Loss: 1.6752661
EarlyStopping counter: 2 out of 5
	iters: 100, epoch: 9 | loss: 1.3780355
	speed: 0.8683s/iter; left time: 674900.8803s
	iters: 200, epoch: 9 | loss: 1.3254415
	speed: 0.0143s/iter; left time: 11114.0540s
	iters: 300, epoch: 9 | loss: 1.5395714
	speed: 0.0143s/iter; left time: 11142.3758s
	iters: 400, epoch: 9 | loss: 1.3092737
	speed: 0.0145s/iter; left time: 11244.4764s
	iters: 500, epoch: 9 | loss: 1.5290183
	speed: 0.0143s/iter; left time: 11147.5453s
	iters: 600, epoch: 9 | loss: 1.3512416
	speed: 0.0145s/iter; left time: 11260.5620s
	iters: 700, epoch: 9 | loss: 1.4665774
	speed: 0.0144s/iter; left time: 11204.0078s
	iters: 800, epoch: 9 | loss: 1.3896283
	speed: 0.0144s/iter; left time: 11157.9997s
	iters: 900, epoch: 9 | loss: 1.3093905
	speed: 0.0146s/iter; left time: 11354.6176s
	iters: 1000, epoch: 9 | loss: 1.3438576
	speed: 0.0144s/iter; left time: 11192.6499s
	iters: 1100, epoch: 9 | loss: 1.3567637
	speed: 0.0142s/iter; left time: 11016.9604s
	iters: 1200, epoch: 9 | loss: 1.4214900
	speed: 0.0144s/iter; left time: 11212.2740s
	iters: 1300, epoch: 9 | loss: 1.3408805
	speed: 0.0145s/iter; left time: 11257.5777s
	iters: 1400, epoch: 9 | loss: 1.3309553
	speed: 0.0070s/iter; left time: 5421.1086s
	iters: 1500, epoch: 9 | loss: 1.2881691
	speed: 0.0145s/iter; left time: 11269.4094s
	iters: 1600, epoch: 9 | loss: 1.3680820
	speed: 0.0143s/iter; left time: 11117.9540s
	iters: 1700, epoch: 9 | loss: 1.2710468
	speed: 0.0143s/iter; left time: 11080.4847s
	iters: 1800, epoch: 9 | loss: 1.4049557
	speed: 0.0144s/iter; left time: 11165.0125s
	iters: 1900, epoch: 9 | loss: 1.3759170
	speed: 0.0144s/iter; left time: 11187.8424s
	iters: 2000, epoch: 9 | loss: 1.4013581
	speed: 0.0144s/iter; left time: 11154.3762s
	iters: 2100, epoch: 9 | loss: 1.3304890
	speed: 0.0143s/iter; left time: 11064.7504s
	iters: 2200, epoch: 9 | loss: 1.3523678
	speed: 0.0147s/iter; left time: 11400.8696s
	iters: 2300, epoch: 9 | loss: 1.2329934
	speed: 0.0142s/iter; left time: 11016.5738s
	iters: 2400, epoch: 9 | loss: 1.3434438
	speed: 0.0143s/iter; left time: 11088.2169s
	iters: 2500, epoch: 9 | loss: 1.2993653
	speed: 0.0143s/iter; left time: 11085.6462s
	iters: 2600, epoch: 9 | loss: 1.4046444
	speed: 0.0142s/iter; left time: 11025.5088s
	iters: 2700, epoch: 9 | loss: 1.3675506
	speed: 0.0142s/iter; left time: 11011.2008s
	iters: 2800, epoch: 9 | loss: 1.4930245
	speed: 0.0141s/iter; left time: 10948.0461s
	iters: 2900, epoch: 9 | loss: 1.3941959
	speed: 0.0145s/iter; left time: 11194.1788s
	iters: 3000, epoch: 9 | loss: 1.3087080
	speed: 0.0143s/iter; left time: 11052.5173s
	iters: 3100, epoch: 9 | loss: 1.2291749
	speed: 0.0141s/iter; left time: 10909.4926s
	iters: 3200, epoch: 9 | loss: 1.2416432
	speed: 0.0141s/iter; left time: 10937.6414s
	iters: 3300, epoch: 9 | loss: 1.4625229
	speed: 0.0145s/iter; left time: 11231.0221s
	iters: 3400, epoch: 9 | loss: 1.3802155
	speed: 0.0141s/iter; left time: 10877.3913s
	iters: 3500, epoch: 9 | loss: 1.4568993
	speed: 0.0144s/iter; left time: 11122.9897s
	iters: 3600, epoch: 9 | loss: 1.4664289
	speed: 0.0064s/iter; left time: 4985.8394s
	iters: 3700, epoch: 9 | loss: 1.2281017
	speed: 0.0142s/iter; left time: 10982.6120s
	iters: 3800, epoch: 9 | loss: 1.3117784
	speed: 0.0141s/iter; left time: 10939.7648s
	iters: 3900, epoch: 9 | loss: 1.4984781
	speed: 0.0145s/iter; left time: 11204.2920s
	iters: 4000, epoch: 9 | loss: 1.4249594
	speed: 0.0141s/iter; left time: 10908.8938s
Epoch: 9 cost time: 56.67414045333862
Epoch: 9, Steps: 4049 | Train Loss: 1.3816570 Vali Loss: 1.9611598 Test Loss: 1.6737102
EarlyStopping counter: 3 out of 5
	iters: 100, epoch: 10 | loss: 1.3605517
	speed: 0.8740s/iter; left time: 675854.5459s
	iters: 200, epoch: 10 | loss: 1.2799953
	speed: 0.0147s/iter; left time: 11346.6997s
	iters: 300, epoch: 10 | loss: 1.4923900
	speed: 0.0067s/iter; left time: 5145.6298s
	iters: 400, epoch: 10 | loss: 1.4171876
	speed: 0.0145s/iter; left time: 11193.6546s
	iters: 500, epoch: 10 | loss: 1.3724728
	speed: 0.0143s/iter; left time: 11034.2810s
	iters: 600, epoch: 10 | loss: 1.4467828
	speed: 0.0145s/iter; left time: 11187.7736s
	iters: 700, epoch: 10 | loss: 1.3977878
	speed: 0.0145s/iter; left time: 11193.3814s
	iters: 800, epoch: 10 | loss: 1.5059357
	speed: 0.0143s/iter; left time: 11037.6732s
	iters: 900, epoch: 10 | loss: 1.2978966
	speed: 0.0147s/iter; left time: 11369.2309s
	iters: 1000, epoch: 10 | loss: 1.4947121
	speed: 0.0143s/iter; left time: 11043.5866s
	iters: 1100, epoch: 10 | loss: 1.3001778
	speed: 0.0141s/iter; left time: 10914.9806s
	iters: 1200, epoch: 10 | loss: 1.4964260
	speed: 0.0143s/iter; left time: 11034.2393s
	iters: 1300, epoch: 10 | loss: 1.2384031
	speed: 0.0143s/iter; left time: 11072.9843s
	iters: 1400, epoch: 10 | loss: 1.2785784
	speed: 0.0144s/iter; left time: 11147.6914s
	iters: 1500, epoch: 10 | loss: 1.4144561
	speed: 0.0142s/iter; left time: 10953.8392s
	iters: 1600, epoch: 10 | loss: 1.3063611
	speed: 0.0149s/iter; left time: 11469.7470s
	iters: 1700, epoch: 10 | loss: 1.4625984
	speed: 0.0147s/iter; left time: 11316.1919s
	iters: 1800, epoch: 10 | loss: 1.2714883
	speed: 0.0142s/iter; left time: 10942.8932s
	iters: 1900, epoch: 10 | loss: 1.2671834
	speed: 0.0143s/iter; left time: 11009.6634s
	iters: 2000, epoch: 10 | loss: 1.4397410
	speed: 0.0147s/iter; left time: 11301.9498s
	iters: 2100, epoch: 10 | loss: 1.3371381
	speed: 0.0144s/iter; left time: 11070.0722s
	iters: 2200, epoch: 10 | loss: 1.3160179
	speed: 0.0154s/iter; left time: 11876.4043s
	iters: 2300, epoch: 10 | loss: 1.2929493
	speed: 0.0145s/iter; left time: 11212.4055s
	iters: 2400, epoch: 10 | loss: 1.4776622
	speed: 0.0144s/iter; left time: 11094.3985s
	iters: 2500, epoch: 10 | loss: 1.3753333
	speed: 0.0063s/iter; left time: 4845.8879s
	iters: 2600, epoch: 10 | loss: 1.2550052
	speed: 0.0144s/iter; left time: 11082.3616s
	iters: 2700, epoch: 10 | loss: 1.3729489
	speed: 0.0141s/iter; left time: 10901.6655s
	iters: 2800, epoch: 10 | loss: 1.3160136
	speed: 0.0143s/iter; left time: 10998.4379s
	iters: 2900, epoch: 10 | loss: 1.3275561
	speed: 0.0144s/iter; left time: 11102.7197s
	iters: 3000, epoch: 10 | loss: 1.4413818
	speed: 0.0141s/iter; left time: 10899.7892s
	iters: 3100, epoch: 10 | loss: 1.3196231
	speed: 0.0143s/iter; left time: 11031.0629s
	iters: 3200, epoch: 10 | loss: 1.2380071
	speed: 0.0142s/iter; left time: 10973.3731s
	iters: 3300, epoch: 10 | loss: 1.4464364
	speed: 0.0142s/iter; left time: 10917.8075s
	iters: 3400, epoch: 10 | loss: 1.5534973
	speed: 0.0144s/iter; left time: 11111.9241s
	iters: 3500, epoch: 10 | loss: 1.3196765
	speed: 0.0141s/iter; left time: 10855.1735s
	iters: 3600, epoch: 10 | loss: 1.2838564
	speed: 0.0145s/iter; left time: 11168.9586s
	iters: 3700, epoch: 10 | loss: 1.3264214
	speed: 0.0143s/iter; left time: 11011.4600s
	iters: 3800, epoch: 10 | loss: 1.2890449
	speed: 0.0144s/iter; left time: 11093.9721s
	iters: 3900, epoch: 10 | loss: 1.4780017
	speed: 0.0142s/iter; left time: 10937.7452s
	iters: 4000, epoch: 10 | loss: 1.3391402
	speed: 0.0144s/iter; left time: 11054.9202s
Epoch: 10 cost time: 56.86349821090698
Epoch: 10, Steps: 4049 | Train Loss: 1.3817118 Vali Loss: 1.9499788 Test Loss: 1.6652165
EarlyStopping counter: 4 out of 5
	iters: 100, epoch: 11 | loss: 1.3476182
	speed: 0.8675s/iter; left time: 667291.5585s
	iters: 200, epoch: 11 | loss: 1.4341708
	speed: 0.0144s/iter; left time: 11099.9392s
	iters: 300, epoch: 11 | loss: 1.4065988
	speed: 0.0145s/iter; left time: 11157.4804s
	iters: 400, epoch: 11 | loss: 1.4376216
	speed: 0.0143s/iter; left time: 10992.8118s
	iters: 500, epoch: 11 | loss: 1.4241664
	speed: 0.0147s/iter; left time: 11307.9539s
	iters: 600, epoch: 11 | loss: 1.4350885
	speed: 0.0146s/iter; left time: 11186.5516s
	iters: 700, epoch: 11 | loss: 1.2988734
	speed: 0.0144s/iter; left time: 11039.7415s
	iters: 800, epoch: 11 | loss: 1.3775064
	speed: 0.0148s/iter; left time: 11371.9639s
	iters: 900, epoch: 11 | loss: 1.6118932
	speed: 0.0143s/iter; left time: 10995.6976s
	iters: 1000, epoch: 11 | loss: 1.2934656
	speed: 0.0143s/iter; left time: 10967.3392s
	iters: 1100, epoch: 11 | loss: 1.3510698
	speed: 0.0147s/iter; left time: 11312.8124s
	iters: 1200, epoch: 11 | loss: 1.2810221
	speed: 0.0143s/iter; left time: 10994.9171s
	iters: 1300, epoch: 11 | loss: 1.3835384
	speed: 0.0145s/iter; left time: 11137.4819s
	iters: 1400, epoch: 11 | loss: 1.3454812
	speed: 0.0064s/iter; left time: 4892.4817s
	iters: 1500, epoch: 11 | loss: 1.3467598
	speed: 0.0146s/iter; left time: 11229.8828s
	iters: 1600, epoch: 11 | loss: 1.4730350
	speed: 0.0141s/iter; left time: 10860.7053s
	iters: 1700, epoch: 11 | loss: 1.3808540
	speed: 0.0145s/iter; left time: 11103.2520s
	iters: 1800, epoch: 11 | loss: 1.2695106
	speed: 0.0141s/iter; left time: 10852.0276s
	iters: 1900, epoch: 11 | loss: 1.3248889
	speed: 0.0137s/iter; left time: 10519.0792s
	iters: 2000, epoch: 11 | loss: 1.3824463
	speed: 0.0139s/iter; left time: 10676.0843s
	iters: 2100, epoch: 11 | loss: 1.3974246
	speed: 0.0145s/iter; left time: 11093.9176s
	iters: 2200, epoch: 11 | loss: 1.4238862
	speed: 0.0152s/iter; left time: 11692.4665s
	iters: 2300, epoch: 11 | loss: 1.2347285
	speed: 0.0152s/iter; left time: 11659.9221s
	iters: 2400, epoch: 11 | loss: 1.5521474
	speed: 0.0154s/iter; left time: 11779.4843s
	iters: 2500, epoch: 11 | loss: 1.3728710
	speed: 0.0146s/iter; left time: 11170.7051s
	iters: 2600, epoch: 11 | loss: 1.1983658
	speed: 0.0143s/iter; left time: 10942.4470s
	iters: 2700, epoch: 11 | loss: 1.3231193
	speed: 0.0145s/iter; left time: 11087.3617s
	iters: 2800, epoch: 11 | loss: 1.2890512
	speed: 0.0142s/iter; left time: 10917.3756s
	iters: 2900, epoch: 11 | loss: 1.3033911
	speed: 0.0144s/iter; left time: 11005.2005s
	iters: 3000, epoch: 11 | loss: 1.3930011
	speed: 0.0142s/iter; left time: 10917.5087s
	iters: 3100, epoch: 11 | loss: 1.3213855
	speed: 0.0143s/iter; left time: 10942.3807s
	iters: 3200, epoch: 11 | loss: 1.3572693
	speed: 0.0143s/iter; left time: 10920.2979s
	iters: 3300, epoch: 11 | loss: 1.2353300
	speed: 0.0145s/iter; left time: 11142.0205s
	iters: 3400, epoch: 11 | loss: 1.3855108
	speed: 0.0148s/iter; left time: 11315.1313s
	iters: 3500, epoch: 11 | loss: 1.3961521
	speed: 0.0140s/iter; left time: 10714.9132s
	iters: 3600, epoch: 11 | loss: 1.2619383
	speed: 0.0142s/iter; left time: 10901.2457s
	iters: 3700, epoch: 11 | loss: 1.4192462
	speed: 0.0060s/iter; left time: 4600.0997s
	iters: 3800, epoch: 11 | loss: 1.4439982
	speed: 0.0142s/iter; left time: 10867.3913s
	iters: 3900, epoch: 11 | loss: 1.4982430
	speed: 0.0140s/iter; left time: 10739.3213s
	iters: 4000, epoch: 11 | loss: 1.3380092
	speed: 0.0142s/iter; left time: 10857.3904s
Epoch: 11 cost time: 56.86955785751343
Epoch: 11, Steps: 4049 | Train Loss: 1.3816017 Vali Loss: 1.9666237 Test Loss: 1.6580349
EarlyStopping counter: 5 out of 5
Early stopping
>>>>>>>testing : long_term_forecast_pems08_ml_96_192_548_MixLinear_custom_ftM_sl96_ll48_pl192_dm512_nh8_el2_dl1_df2048_fc1_ebtimeF_dtTrue_srate0.1_sseed7_trainseed2024_gap548_test_0<<<<<<<<<<<<<<<<<<<<<<<<<<<<<<<<<
test 326631
mse:1.6608184576034546, mae:0.9464569091796875
>>>>>>>Overall time: 1827 seconds<<<<<<<<<<<<<<<<<<<<<<<<<<<<<<<<<
