Args in experiment:
Namespace(samle_rate=1.0, sample_seed=7, train_seed=2024, gap_day=365, task_name='long_term_forecast', is_training=1, model_id='camel_pems08_d_96_192', model='CAMEL', data='custom', root_path='/home/cyrilyuan/projects/XXLTraffic-main/data/pems/', data_path='pems08_d.csv', features='M', target='', freq='h', checkpoints='./checkpoints/', seq_len=96, label_len=48, pred_len=192, seasonal_patterns='Monthly', inverse=False, mask_rate=0.25, anomaly_ratio=0.25, expand=2, d_conv=4, top_k=5, num_kernels=6, enc_in=212, dec_in=212, c_out=212, d_model=512, n_heads=8, e_layers=2, d_layers=1, d_ff=2048, moving_avg=25, factor=3, distil=True, dropout=0.3, embed='timeF', activation='gelu', output_attention=False, num_workers=10, itr=1, train_epochs=200, batch_size=32, patience=5, learning_rate=0.0005, des='Exp', loss='MSE', lradj='type3', use_amp=False, enable_camel=False, camel_gap_years=1.5, camel_memory_size=2048, camel_k_retrieve=8, camel_latent_dim=32, camel_d_model=32, camel_use_nll=False, lambda_mem=0.0, lambda_ode=0.01, lambda_smooth=0.0, camel_min_year_gap=1.0, camel_gap_tolerance=0.25, use_gpu=True, gpu=0, use_multi_gpu=False, devices='0,1,2,3', p_hidden_dims=[128, 128], p_hidden_layers=2, steps_per_day=1)
Use GPU: cuda:0
>>>>>>>start training : long_term_forecast_camel_pems08_d_96_192_CAMEL_custom_ftM_sl96_ll48_pl192_dm512_nh8_el2_dl1_df2048_fc3_ebtimeF_dtTrue_srate1.0_sseed7_trainseed2024_gap365_Exp_0>>>>>>>>>>>>>>>>>>>>>>>>>>
train 5607
val 652
test 1493
loss: 0.6651 | [███████████████████-------------------------------]
	iters: 100, epoch: 1 | loss: 1.4763434
	speed: 0.0871s/iter; left time: 3040.2558s
Epoch: 1 cost time: 14.439821481704712
loss: 0.8461 | [█████████████████████████-------------------------]
loss: 1.0178 | [██████████████████████████████--------------------]
loss: 1.1040 | [█████████████████████████████████-----------------]
loss: 1.1116 | [█████████████████████████████████-----------------]
loss: 1.0822 | [████████████████████████████████------------------]
loss: 0.7392 | [██████████████████████----------------------------]
loss: 0.7037 | [█████████████████████-----------------------------]
loss: 0.7209 | [█████████████████████-----------------------------]
loss: 0.8645 | [█████████████████████████-------------------------]
loss: 1.0320 | [██████████████████████████████--------------------]
loss: 1.1459 | [██████████████████████████████████----------------]
loss: 1.0739 | [████████████████████████████████------------------]
loss: 1.0473 | [███████████████████████████████-------------------]
loss: 1.0089 | [██████████████████████████████--------------------]
loss: 1.1501 | [██████████████████████████████████----------------]
Epoch: 1, Steps: 175 | Train Loss: 2.3663534 Vali Loss: 0.7104736 Test Loss: 1.1677772
Validation loss decreased (inf --> 0.710474).  Saving model ...
loss: 0.6377 | [███████████████████-------------------------------]
	iters: 100, epoch: 2 | loss: 0.9088327
	speed: 0.5457s/iter; left time: 18950.4306s
loss: 0.5424 | [████████████████----------------------------------]
Epoch: 2 cost time: 13.63767957687378
loss: 0.8477 | [█████████████████████████-------------------------]
loss: 0.9715 | [█████████████████████████████---------------------]
loss: 1.0840 | [████████████████████████████████------------------]
loss: 1.0458 | [███████████████████████████████-------------------]
loss: 1.0374 | [███████████████████████████████-------------------]
loss: 0.6959 | [████████████████████------------------------------]
loss: 0.6527 | [███████████████████-------------------------------]
loss: 0.6996 | [████████████████████------------------------------]
loss: 0.8480 | [█████████████████████████-------------------------]
loss: 0.9927 | [█████████████████████████████---------------------]
loss: 1.0850 | [████████████████████████████████------------------]
loss: 1.0579 | [███████████████████████████████-------------------]
loss: 0.9971 | [█████████████████████████████---------------------]
loss: 0.9510 | [████████████████████████████----------------------]
loss: 1.1693 | [███████████████████████████████████---------------]
Epoch: 2, Steps: 175 | Train Loss: 0.9112429 Vali Loss: 0.5689270 Test Loss: 1.0100890
Validation loss decreased (0.710474 --> 0.568927).  Saving model ...
loss: 0.5645 | [████████████████----------------------------------]
	iters: 100, epoch: 3 | loss: 0.6927831
	speed: 0.5390s/iter; left time: 18624.1059s
loss: 0.5644 | [████████████████----------------------------------]
Epoch: 3 cost time: 14.384320497512817
loss: 0.8761 | [██████████████████████████------------------------]
loss: 0.9888 | [█████████████████████████████---------------------]
loss: 0.7942 | [███████████████████████---------------------------]
loss: 1.0390 | [███████████████████████████████-------------------]
loss: 1.0542 | [███████████████████████████████-------------------]
loss: 0.6705 | [████████████████████------------------------------]
loss: 0.6495 | [███████████████████-------------------------------]
loss: 0.7740 | [███████████████████████---------------------------]
loss: 0.8410 | [█████████████████████████-------------------------]
loss: 1.0837 | [████████████████████████████████------------------]
loss: 1.0901 | [████████████████████████████████------------------]
loss: 0.9882 | [█████████████████████████████---------------------]
loss: 1.0177 | [██████████████████████████████--------------------]
loss: 0.9804 | [█████████████████████████████---------------------]
loss: 1.1798 | [███████████████████████████████████---------------]
Epoch: 3, Steps: 175 | Train Loss: 0.7255571 Vali Loss: 0.5672565 Test Loss: 1.0108275
Validation loss decreased (0.568927 --> 0.567256).  Saving model ...
loss: 0.5724 | [█████████████████---------------------------------]
	iters: 100, epoch: 4 | loss: 0.5960823
	speed: 0.5418s/iter; left time: 18623.8198s
loss: 0.5194 | [███████████████-----------------------------------]
Epoch: 4 cost time: 14.622536182403564
loss: 1.0429 | [███████████████████████████████-------------------]
loss: 0.9361 | [████████████████████████████----------------------]
loss: 0.8599 | [█████████████████████████-------------------------]
loss: 0.9699 | [█████████████████████████████---------------------]
loss: 1.0575 | [███████████████████████████████-------------------]
loss: 0.6909 | [████████████████████------------------------------]
loss: 0.6691 | [████████████████████------------------------------]
loss: 0.7590 | [██████████████████████----------------------------]
loss: 0.9018 | [███████████████████████████-----------------------]
loss: 1.0760 | [████████████████████████████████------------------]
loss: 1.0005 | [██████████████████████████████--------------------]
loss: 0.9362 | [████████████████████████████----------------------]
loss: 1.0529 | [███████████████████████████████-------------------]
loss: 1.0433 | [███████████████████████████████-------------------]
loss: 1.1433 | [██████████████████████████████████----------------]
Epoch: 4, Steps: 175 | Train Loss: 0.6525789 Vali Loss: 0.5910212 Test Loss: 1.0200080
EarlyStopping counter: 1 out of 5
loss: 0.5498 | [████████████████----------------------------------]
	iters: 100, epoch: 5 | loss: 0.5765030
	speed: 0.5405s/iter; left time: 18484.4881s
loss: 0.5598 | [████████████████----------------------------------]
Epoch: 5 cost time: 13.709011793136597
loss: 1.1193 | [█████████████████████████████████-----------------]
loss: 0.9141 | [███████████████████████████-----------------------]
loss: 0.9885 | [█████████████████████████████---------------------]
loss: 0.9651 | [████████████████████████████----------------------]
loss: 0.9293 | [███████████████████████████-----------------------]
loss: 0.6424 | [███████████████████-------------------------------]
loss: 0.6380 | [███████████████████-------------------------------]
loss: 0.7596 | [██████████████████████----------------------------]
loss: 0.9005 | [███████████████████████████-----------------------]
loss: 0.9737 | [█████████████████████████████---------------------]
loss: 0.9485 | [████████████████████████████----------------------]
loss: 0.8970 | [██████████████████████████------------------------]
loss: 1.0987 | [████████████████████████████████------------------]
loss: 1.0648 | [███████████████████████████████-------------------]
loss: 1.0560 | [███████████████████████████████-------------------]
Epoch: 5, Steps: 175 | Train Loss: 0.6176874 Vali Loss: 0.6147024 Test Loss: 1.0391493
EarlyStopping counter: 2 out of 5
loss: 0.5785 | [█████████████████---------------------------------]
	iters: 100, epoch: 6 | loss: 0.5686841
	speed: 0.5492s/iter; left time: 18685.4167s
loss: 0.4985 | [██████████████------------------------------------]
Epoch: 6 cost time: 13.730119943618774
loss: 1.0699 | [████████████████████████████████------------------]
loss: 0.9711 | [█████████████████████████████---------------------]
loss: 1.0418 | [███████████████████████████████-------------------]
loss: 0.9710 | [█████████████████████████████---------------------]
loss: 0.8185 | [████████████████████████--------------------------]
loss: 0.6891 | [████████████████████------------------------------]
loss: 0.6338 | [███████████████████-------------------------------]
loss: 0.7937 | [███████████████████████---------------------------]
loss: 0.9522 | [████████████████████████████----------------------]
loss: 0.9886 | [█████████████████████████████---------------------]
loss: 0.9748 | [█████████████████████████████---------------------]
loss: 0.9264 | [███████████████████████████-----------------------]
loss: 1.1209 | [█████████████████████████████████-----------------]
loss: 1.0511 | [███████████████████████████████-------------------]
loss: 0.9347 | [████████████████████████████----------------------]
Epoch: 6, Steps: 175 | Train Loss: 0.5990607 Vali Loss: 0.5993145 Test Loss: 1.0382874
EarlyStopping counter: 3 out of 5
loss: 0.5283 | [███████████████-----------------------------------]
	iters: 100, epoch: 7 | loss: 0.5711691
	speed: 0.5414s/iter; left time: 18325.8153s
loss: 0.4793 | [██████████████------------------------------------]
Epoch: 7 cost time: 14.533225774765015
loss: 0.9976 | [█████████████████████████████---------------------]
loss: 0.9481 | [████████████████████████████----------------------]
loss: 0.9872 | [█████████████████████████████---------------------]
loss: 0.9550 | [████████████████████████████----------------------]
loss: 0.7603 | [██████████████████████----------------------------]
loss: 0.6225 | [██████████████████--------------------------------]
loss: 0.6156 | [██████████████████--------------------------------]
loss: 0.7502 | [██████████████████████----------------------------]
loss: 0.9386 | [████████████████████████████----------------------]
loss: 0.9834 | [█████████████████████████████---------------------]
loss: 1.0063 | [██████████████████████████████--------------------]
loss: 0.9024 | [███████████████████████████-----------------------]
loss: 0.9658 | [████████████████████████████----------------------]
loss: 1.0295 | [██████████████████████████████--------------------]
loss: 0.9248 | [███████████████████████████-----------------------]
Epoch: 7, Steps: 175 | Train Loss: 0.5872822 Vali Loss: 0.5863030 Test Loss: 1.0035353
EarlyStopping counter: 4 out of 5
loss: 0.4730 | [██████████████------------------------------------]
	iters: 100, epoch: 8 | loss: 0.5688936
	speed: 0.5394s/iter; left time: 18165.8073s
Epoch: 8 cost time: 14.486876964569092
loss: 0.4622 | [█████████████-------------------------------------]
loss: 0.9233 | [███████████████████████████-----------------------]
loss: 0.9801 | [█████████████████████████████---------------------]
loss: 1.0022 | [██████████████████████████████--------------------]
loss: 0.9671 | [█████████████████████████████---------------------]
loss: 0.7041 | [█████████████████████-----------------------------]
loss: 0.6012 | [██████████████████--------------------------------]
loss: 0.6465 | [███████████████████-------------------------------]
loss: 0.7775 | [███████████████████████---------------------------]
loss: 0.9297 | [███████████████████████████-----------------------]
loss: 0.9838 | [█████████████████████████████---------------------]
loss: 0.9451 | [████████████████████████████----------------------]
loss: 0.9357 | [████████████████████████████----------------------]
loss: 0.9110 | [███████████████████████████-----------------------]
loss: 1.0205 | [██████████████████████████████--------------------]
loss: 0.9530 | [████████████████████████████----------------------]
Epoch: 8, Steps: 175 | Train Loss: 0.5789930 Vali Loss: 0.5822571 Test Loss: 1.0000043
EarlyStopping counter: 5 out of 5
Early stopping
>>>>>>>testing : long_term_forecast_camel_pems08_d_96_192_CAMEL_custom_ftM_sl96_ll48_pl192_dm512_nh8_el2_dl1_df2048_fc3_ebtimeF_dtTrue_srate1.0_sseed7_trainseed2024_gap365_Exp_0<<<<<<<<<<<<<<<<<<<<<<<<<<<<<<<<<
test 1493
mse:0.9304004311561584, mae:0.6419644355773926
>>>>>>>Overall time: 474 seconds<<<<<<<<<<<<<<<<<<<<<<<<<<<<<<<<<
