Args in experiment:
Namespace(samle_rate=1.0, sample_seed=7, train_seed=2024, gap_day=365, task_name='long_term_forecast', is_training=1, model_id='camel_pems04_d_96_192_aab', model='CAMEL', data='custom', root_path='/home/cyrilyuan/projects/XXLTraffic-main/data/pems/', data_path='pems04_d.csv', features='M', target='', freq='h', checkpoints='./checkpoints/', seq_len=96, label_len=48, pred_len=192, seasonal_patterns='Monthly', inverse=False, mask_rate=0.25, anomaly_ratio=0.25, expand=2, d_conv=4, top_k=5, num_kernels=6, enc_in=822, dec_in=822, c_out=822, d_model=512, n_heads=8, e_layers=2, d_layers=1, d_ff=2048, moving_avg=25, factor=3, distil=True, dropout=0.3, embed='timeF', activation='gelu', output_attention=False, num_workers=10, itr=1, train_epochs=200, batch_size=32, patience=5, learning_rate=0.0005, des='Exp', loss='MSE', lradj='type3', use_amp=False, enable_camel=False, camel_gap_years=1.5, camel_memory_size=2048, camel_k_retrieve=8, camel_latent_dim=32, camel_d_model=32, camel_use_nll=False, lambda_mem=0.0, lambda_ode=0.005, lambda_smooth=0.0, camel_min_year_gap=1.0, camel_gap_tolerance=0.25, use_gpu=True, gpu=0, use_multi_gpu=False, devices='0,1,2,3', p_hidden_dims=[128, 128], p_hidden_layers=2, steps_per_day=1)
Use GPU: cuda:0
>>>>>>>start training : long_term_forecast_camel_pems04_d_96_192_aab_CAMEL_custom_ftM_sl96_ll48_pl192_dm512_nh8_el2_dl1_df2048_fc3_ebtimeF_dtTrue_srate1.0_sseed7_trainseed2024_gap365_Exp_0>>>>>>>>>>>>>>>>>>>>>>>>>>
train 5287
val 607
test 1401
loss: 0.5687 | [█████████████████---------------------------------]
	iters: 100, epoch: 1 | loss: 0.8993735
	speed: 0.3109s/iter; left time: 10228.4121s
Epoch: 1 cost time: 40.90351462364197
loss: 1.7245 | [██████████████████████████████████████████████████]
loss: 1.9713 | [██████████████████████████████████████████████████]
loss: 0.5006 | [███████████████-----------------------------------]
loss: 0.4619 | [█████████████-------------------------------------]
loss: 0.4414 | [█████████████-------------------------------------]
loss: 0.3616 | [██████████----------------------------------------]
loss: 0.3576 | [██████████----------------------------------------]
loss: 0.5847 | [█████████████████---------------------------------]
loss: 0.7178 | [█████████████████████-----------------------------]
loss: 0.6456 | [███████████████████-------------------------------]
loss: 0.6396 | [███████████████████-------------------------------]
loss: 0.4934 | [██████████████------------------------------------]
loss: 0.5185 | [███████████████-----------------------------------]
loss: 0.4245 | [████████████--------------------------------------]
Epoch: 1, Steps: 165 | Train Loss: 1.5421359 Vali Loss: 0.6174102 Test Loss: 0.7450115
Validation loss decreased (inf --> 0.617410).  Saving model ...
loss: 0.7392 | [██████████████████████----------------------------]
	iters: 100, epoch: 2 | loss: 0.6647990
	speed: 0.6557s/iter; left time: 21464.8202s
loss: 0.6232 | [██████████████████--------------------------------]
Epoch: 2 cost time: 25.992478847503662
loss: 1.8221 | [██████████████████████████████████████████████████]
loss: 1.2576 | [█████████████████████████████████████-------------]
loss: 0.4405 | [█████████████-------------------------------------]
loss: 0.4458 | [█████████████-------------------------------------]
loss: 0.4480 | [█████████████-------------------------------------]
loss: 0.3427 | [██████████----------------------------------------]
loss: 0.4661 | [█████████████-------------------------------------]
loss: 0.5785 | [█████████████████---------------------------------]
loss: 0.7038 | [█████████████████████-----------------------------]
loss: 0.6339 | [███████████████████-------------------------------]
loss: 0.5338 | [████████████████----------------------------------]
loss: 0.4250 | [████████████--------------------------------------]
loss: 0.4255 | [████████████--------------------------------------]
loss: 0.4435 | [█████████████-------------------------------------]
Epoch: 2, Steps: 165 | Train Loss: 0.7586435 Vali Loss: 0.5045397 Test Loss: 0.6483352
Validation loss decreased (0.617410 --> 0.504540).  Saving model ...
loss: 0.6038 | [██████████████████--------------------------------]
	iters: 100, epoch: 3 | loss: 0.6114827
	speed: 0.6381s/iter; left time: 20783.5336s
loss: 0.5944 | [█████████████████---------------------------------]
Epoch: 3 cost time: 25.013776540756226
loss: 1.6644 | [█████████████████████████████████████████████████-]
loss: 0.5562 | [████████████████----------------------------------]
loss: 0.4240 | [████████████--------------------------------------]
loss: 0.4220 | [████████████--------------------------------------]
loss: 0.4794 | [██████████████------------------------------------]
loss: 0.2894 | [████████------------------------------------------]
loss: 0.4849 | [██████████████------------------------------------]
loss: 0.6475 | [███████████████████-------------------------------]
loss: 0.6547 | [███████████████████-------------------------------]
loss: 0.5250 | [███████████████-----------------------------------]
loss: 0.4831 | [██████████████------------------------------------]
loss: 0.4383 | [█████████████-------------------------------------]
loss: 0.4185 | [████████████--------------------------------------]
loss: 0.3733 | [███████████---------------------------------------]
Epoch: 3, Steps: 165 | Train Loss: 0.6639702 Vali Loss: 0.4844762 Test Loss: 0.6223730
Validation loss decreased (0.504540 --> 0.484476).  Saving model ...
loss: 0.6849 | [████████████████████------------------------------]
	iters: 100, epoch: 4 | loss: 0.6773552
	speed: 0.6497s/iter; left time: 21053.5499s
loss: 0.7012 | [█████████████████████-----------------------------]
Epoch: 4 cost time: 25.483337879180908
loss: 1.6938 | [██████████████████████████████████████████████████]
loss: 0.5430 | [████████████████----------------------------------]
loss: 0.4414 | [█████████████-------------------------------------]
loss: 0.4363 | [█████████████-------------------------------------]
loss: 0.4696 | [██████████████------------------------------------]
loss: 0.2840 | [████████------------------------------------------]
loss: 0.5080 | [███████████████-----------------------------------]
loss: 0.6618 | [███████████████████-------------------------------]
loss: 0.6626 | [███████████████████-------------------------------]
loss: 0.5435 | [████████████████----------------------------------]
loss: 0.4307 | [████████████--------------------------------------]
loss: 0.4763 | [██████████████------------------------------------]
loss: 0.4264 | [████████████--------------------------------------]
loss: 0.3811 | [███████████---------------------------------------]
Epoch: 4, Steps: 165 | Train Loss: 0.6255024 Vali Loss: 0.4925749 Test Loss: 0.6275752
EarlyStopping counter: 1 out of 5
loss: 0.5933 | [█████████████████---------------------------------]
	iters: 100, epoch: 5 | loss: 0.6214941
	speed: 0.6501s/iter; left time: 20960.8132s
loss: 0.5767 | [█████████████████---------------------------------]
Epoch: 5 cost time: 25.590754747390747
loss: 1.7856 | [██████████████████████████████████████████████████]
loss: 0.5742 | [█████████████████---------------------------------]
loss: 0.4449 | [█████████████-------------------------------------]
loss: 0.4079 | [████████████--------------------------------------]
loss: 0.4510 | [█████████████-------------------------------------]
loss: 0.2821 | [████████------------------------------------------]
loss: 0.5283 | [███████████████-----------------------------------]
loss: 0.6411 | [███████████████████-------------------------------]
loss: 0.6252 | [██████████████████--------------------------------]
loss: 0.5433 | [████████████████----------------------------------]
loss: 0.4350 | [█████████████-------------------------------------]
loss: 0.4281 | [████████████--------------------------------------]
loss: 0.3853 | [███████████---------------------------------------]
loss: 0.3733 | [███████████---------------------------------------]
Epoch: 5, Steps: 165 | Train Loss: 0.6068642 Vali Loss: 0.4907242 Test Loss: 0.6218579
EarlyStopping counter: 2 out of 5
loss: 0.5141 | [███████████████-----------------------------------]
	iters: 100, epoch: 6 | loss: 0.6464474
	speed: 0.6367s/iter; left time: 20422.2886s
Epoch: 6 cost time: 24.676913261413574
loss: 0.4392 | [█████████████-------------------------------------]
loss: 1.9324 | [██████████████████████████████████████████████████]
loss: 0.5268 | [███████████████-----------------------------------]
loss: 0.4041 | [████████████--------------------------------------]
loss: 0.3845 | [███████████---------------------------------------]
loss: 0.3702 | [███████████---------------------------------------]
loss: 0.2957 | [████████------------------------------------------]
loss: 0.5459 | [████████████████----------------------------------]
loss: 0.6425 | [███████████████████-------------------------------]
loss: 0.6099 | [██████████████████--------------------------------]
loss: 0.5217 | [███████████████-----------------------------------]
loss: 0.4030 | [████████████--------------------------------------]
loss: 0.3941 | [███████████---------------------------------------]
loss: 0.3928 | [███████████---------------------------------------]
loss: 0.3643 | [██████████----------------------------------------]
Epoch: 6, Steps: 165 | Train Loss: 0.5968480 Vali Loss: 0.4634941 Test Loss: 0.6041161
Validation loss decreased (0.484476 --> 0.463494).  Saving model ...
loss: 0.6106 | [██████████████████--------------------------------]
	iters: 100, epoch: 7 | loss: 0.7167586
	speed: 0.6448s/iter; left time: 20575.6736s
Epoch: 7 cost time: 25.926398038864136
loss: 1.7594 | [██████████████████████████████████████████████████]
loss: 1.9169 | [██████████████████████████████████████████████████]
loss: 0.5128 | [███████████████-----------------------------------]
loss: 0.3995 | [███████████---------------------------------------]
loss: 0.4125 | [████████████--------------------------------------]
loss: 0.3280 | [█████████-----------------------------------------]
loss: 0.3169 | [█████████-----------------------------------------]
loss: 0.5530 | [████████████████----------------------------------]
loss: 0.6685 | [████████████████████------------------------------]
loss: 0.6028 | [██████████████████--------------------------------]
loss: 0.5625 | [████████████████----------------------------------]
loss: 0.3850 | [███████████---------------------------------------]
loss: 0.4197 | [████████████--------------------------------------]
loss: 0.3551 | [██████████----------------------------------------]
Epoch: 7, Steps: 165 | Train Loss: 0.5899229 Vali Loss: 0.4650858 Test Loss: 0.6015339
EarlyStopping counter: 1 out of 5
loss: 0.5702 | [█████████████████---------------------------------]
	iters: 100, epoch: 8 | loss: 0.5604288
	speed: 0.6623s/iter; left time: 21026.7369s
loss: 0.5806 | [█████████████████---------------------------------]
Epoch: 8 cost time: 24.844690322875977
loss: 1.6980 | [██████████████████████████████████████████████████]
loss: 1.3634 | [████████████████████████████████████████----------]
loss: 0.4344 | [█████████████-------------------------------------]
loss: 0.4113 | [████████████--------------------------------------]
loss: 0.4413 | [█████████████-------------------------------------]
loss: 0.3025 | [█████████-----------------------------------------]
loss: 0.4426 | [█████████████-------------------------------------]
loss: 0.5567 | [████████████████----------------------------------]
loss: 0.5990 | [█████████████████---------------------------------]
loss: 0.5885 | [█████████████████---------------------------------]
loss: 0.4873 | [██████████████------------------------------------]
loss: 0.3824 | [███████████---------------------------------------]
loss: 0.4299 | [████████████--------------------------------------]
loss: 0.3820 | [███████████---------------------------------------]
Epoch: 8, Steps: 165 | Train Loss: 0.5858563 Vali Loss: 0.4598284 Test Loss: 0.5994392
Validation loss decreased (0.463494 --> 0.459828).  Saving model ...
loss: 0.6111 | [██████████████████--------------------------------]
	iters: 100, epoch: 9 | loss: 0.5829763
	speed: 0.6422s/iter; left time: 20281.1678s
loss: 0.5537 | [████████████████----------------------------------]
Epoch: 9 cost time: 24.931392669677734
loss: 1.6927 | [██████████████████████████████████████████████████]
loss: 0.5810 | [█████████████████---------------------------------]
loss: 0.4128 | [████████████--------------------------------------]
loss: 0.4078 | [████████████--------------------------------------]
loss: 0.5188 | [███████████████-----------------------------------]
loss: 0.2839 | [████████------------------------------------------]
loss: 0.4753 | [██████████████------------------------------------]
loss: 0.5761 | [█████████████████---------------------------------]
loss: 0.6461 | [███████████████████-------------------------------]
loss: 0.4936 | [██████████████------------------------------------]
loss: 0.4265 | [████████████--------------------------------------]
loss: 0.4346 | [█████████████-------------------------------------]
loss: 0.4221 | [████████████--------------------------------------]
loss: 0.3595 | [██████████----------------------------------------]
Epoch: 9, Steps: 165 | Train Loss: 0.5827625 Vali Loss: 0.4593233 Test Loss: 0.5978708
Validation loss decreased (0.459828 --> 0.459323).  Saving model ...
loss: 0.5495 | [████████████████----------------------------------]
	iters: 100, epoch: 10 | loss: 0.5951939
	speed: 0.6464s/iter; left time: 20306.4076s
loss: 0.6006 | [██████████████████--------------------------------]
Epoch: 10 cost time: 24.88282871246338
loss: 1.6522 | [█████████████████████████████████████████████████-]
loss: 0.5191 | [███████████████-----------------------------------]
loss: 0.4308 | [████████████--------------------------------------]
loss: 0.4109 | [████████████--------------------------------------]
loss: 0.4497 | [█████████████-------------------------------------]
loss: 0.2837 | [████████------------------------------------------]
loss: 0.4971 | [██████████████------------------------------------]
loss: 0.6641 | [███████████████████-------------------------------]
loss: 0.6214 | [██████████████████--------------------------------]
loss: 0.5146 | [███████████████-----------------------------------]
loss: 0.4240 | [████████████--------------------------------------]
loss: 0.4677 | [██████████████------------------------------------]
loss: 0.4175 | [████████████--------------------------------------]
loss: 0.3677 | [███████████---------------------------------------]
Epoch: 10, Steps: 165 | Train Loss: 0.5807885 Vali Loss: 0.4621856 Test Loss: 0.5986513
EarlyStopping counter: 1 out of 5
loss: 0.4624 | [█████████████-------------------------------------]
	iters: 100, epoch: 11 | loss: 0.6066490
	speed: 0.6400s/iter; left time: 19999.4304s
loss: 0.4890 | [██████████████------------------------------------]
Epoch: 11 cost time: 25.095462322235107
loss: 1.7577 | [██████████████████████████████████████████████████]
loss: 0.5718 | [█████████████████---------------------------------]
loss: 0.4188 | [████████████--------------------------------------]
loss: 0.3953 | [███████████---------------------------------------]
loss: 0.4260 | [████████████--------------------------------------]
loss: 0.2761 | [████████------------------------------------------]
loss: 0.5162 | [███████████████-----------------------------------]
loss: 0.6449 | [███████████████████-------------------------------]
loss: 0.6054 | [██████████████████--------------------------------]
loss: 0.5211 | [███████████████-----------------------------------]
loss: 0.4287 | [████████████--------------------------------------]
loss: 0.4228 | [████████████--------------------------------------]
loss: 0.3799 | [███████████---------------------------------------]
loss: 0.3708 | [███████████---------------------------------------]
Epoch: 11, Steps: 165 | Train Loss: 0.5786397 Vali Loss: 0.4528763 Test Loss: 0.5918435
Validation loss decreased (0.459323 --> 0.452876).  Saving model ...
loss: 0.6315 | [██████████████████--------------------------------]
	iters: 100, epoch: 12 | loss: 0.5512000
	speed: 0.6516s/iter; left time: 20256.9884s
Epoch: 12 cost time: 24.821871280670166
loss: 0.4464 | [█████████████-------------------------------------]
loss: 1.7047 | [██████████████████████████████████████████████████]
loss: 0.5511 | [████████████████----------------------------------]
loss: 0.4175 | [████████████--------------------------------------]
loss: 0.3889 | [███████████---------------------------------------]
loss: 0.3991 | [███████████---------------------------------------]
loss: 0.3084 | [█████████-----------------------------------------]
loss: 0.5649 | [████████████████----------------------------------]
loss: 0.6502 | [███████████████████-------------------------------]
loss: 0.6206 | [██████████████████--------------------------------]
loss: 0.5489 | [████████████████----------------------------------]
loss: 0.3993 | [███████████---------------------------------------]
loss: 0.4302 | [████████████--------------------------------------]
loss: 0.4019 | [████████████--------------------------------------]
loss: 0.3861 | [███████████---------------------------------------]
Epoch: 12, Steps: 165 | Train Loss: 0.5765507 Vali Loss: 0.4611125 Test Loss: 0.5964669
EarlyStopping counter: 1 out of 5
loss: 0.5802 | [█████████████████---------------------------------]
	iters: 100, epoch: 13 | loss: 0.5475926
	speed: 0.6551s/iter; left time: 20256.2208s
Epoch: 13 cost time: 25.312060594558716
loss: 1.6892 | [██████████████████████████████████████████████████]
loss: 1.9833 | [██████████████████████████████████████████████████]
loss: 0.5138 | [███████████████-----------------------------------]
loss: 0.4309 | [████████████--------------------------------------]
loss: 0.3953 | [███████████---------------------------------------]
loss: 0.3343 | [██████████----------------------------------------]
loss: 0.3299 | [█████████-----------------------------------------]
loss: 0.5674 | [█████████████████---------------------------------]
loss: 0.6670 | [████████████████████------------------------------]
loss: 0.6159 | [██████████████████--------------------------------]
loss: 0.5603 | [████████████████----------------------------------]
loss: 0.4080 | [████████████--------------------------------------]
loss: 0.4269 | [████████████--------------------------------------]
loss: 0.3766 | [███████████---------------------------------------]
Epoch: 13, Steps: 165 | Train Loss: 0.5740093 Vali Loss: 0.4542162 Test Loss: 0.5950885
EarlyStopping counter: 2 out of 5
loss: 0.4734 | [██████████████------------------------------------]
	iters: 100, epoch: 14 | loss: 0.5131958
	speed: 0.6515s/iter; left time: 20036.9057s
loss: 0.4935 | [██████████████------------------------------------]
Epoch: 14 cost time: 25.71512246131897
loss: 1.7463 | [██████████████████████████████████████████████████]
loss: 1.8437 | [██████████████████████████████████████████████████]
loss: 0.4246 | [████████████--------------------------------------]
loss: 0.4454 | [█████████████-------------------------------------]
loss: 0.4352 | [█████████████-------------------------------------]
loss: 0.3035 | [█████████-----------------------------------------]
loss: 0.3452 | [██████████----------------------------------------]
loss: 0.5721 | [█████████████████---------------------------------]
loss: 0.5936 | [█████████████████---------------------------------]
loss: 0.5904 | [█████████████████---------------------------------]
loss: 0.5269 | [███████████████-----------------------------------]
loss: 0.4011 | [████████████--------------------------------------]
loss: 0.4092 | [████████████--------------------------------------]
loss: 0.3908 | [███████████---------------------------------------]
Epoch: 14, Steps: 165 | Train Loss: 0.5705644 Vali Loss: 0.4476809 Test Loss: 0.6024843
Validation loss decreased (0.452876 --> 0.447681).  Saving model ...
loss: 0.5503 | [████████████████----------------------------------]
	iters: 100, epoch: 15 | loss: 0.4973198
	speed: 0.6560s/iter; left time: 20066.9462s
loss: 0.4828 | [██████████████------------------------------------]
Epoch: 15 cost time: 25.58145546913147
loss: 1.9881 | [██████████████████████████████████████████████████]
loss: 0.9664 | [████████████████████████████----------------------]
loss: 0.4439 | [█████████████-------------------------------------]
loss: 0.5001 | [███████████████-----------------------------------]
loss: 0.4159 | [████████████--------------------------------------]
loss: 0.2946 | [████████------------------------------------------]
loss: 0.5072 | [███████████████-----------------------------------]
loss: 0.6158 | [██████████████████--------------------------------]
loss: 0.6281 | [██████████████████--------------------------------]
loss: 0.5258 | [███████████████-----------------------------------]
loss: 0.4847 | [██████████████------------------------------------]
loss: 0.4377 | [█████████████-------------------------------------]
loss: 0.4073 | [████████████--------------------------------------]
loss: 0.3950 | [███████████---------------------------------------]
Epoch: 15, Steps: 165 | Train Loss: 0.5386040 Vali Loss: 0.4387048 Test Loss: 0.6232093
Validation loss decreased (0.447681 --> 0.438705).  Saving model ...
loss: 0.5066 | [███████████████-----------------------------------]
	iters: 100, epoch: 16 | loss: 0.4957813
	speed: 0.6609s/iter; left time: 20108.8620s
loss: 0.4194 | [████████████--------------------------------------]
Epoch: 16 cost time: 25.493669748306274
loss: 1.7710 | [██████████████████████████████████████████████████]
loss: 0.7910 | [███████████████████████---------------------------]
loss: 0.5794 | [█████████████████---------------------------------]
loss: 0.6725 | [████████████████████------------------------------]
loss: 0.4262 | [████████████--------------------------------------]
loss: 0.3272 | [█████████-----------------------------------------]
loss: 0.5921 | [█████████████████---------------------------------]
loss: 0.7652 | [██████████████████████----------------------------]
loss: 0.6481 | [███████████████████-------------------------------]
loss: 0.5447 | [████████████████----------------------------------]
loss: 0.4992 | [██████████████------------------------------------]
loss: 0.4600 | [█████████████-------------------------------------]
loss: 0.4502 | [█████████████-------------------------------------]
loss: 0.4520 | [█████████████-------------------------------------]
Epoch: 16, Steps: 165 | Train Loss: 0.5025880 Vali Loss: 0.4365268 Test Loss: 0.6830658
Validation loss decreased (0.438705 --> 0.436527).  Saving model ...
loss: 0.3762 | [███████████---------------------------------------]
	iters: 100, epoch: 17 | loss: 0.3978208
	speed: 0.6550s/iter; left time: 19821.1061s
loss: 0.3704 | [███████████---------------------------------------]
Epoch: 17 cost time: 25.222425937652588
loss: 1.8559 | [██████████████████████████████████████████████████]
loss: 0.6257 | [██████████████████--------------------------------]
loss: 0.6581 | [███████████████████-------------------------------]
loss: 0.6917 | [████████████████████------------------------------]
loss: 0.4590 | [█████████████-------------------------------------]
loss: 0.3543 | [██████████----------------------------------------]
loss: 0.6027 | [██████████████████--------------------------------]
loss: 0.7719 | [███████████████████████---------------------------]
loss: 0.6473 | [███████████████████-------------------------------]
loss: 0.5940 | [█████████████████---------------------------------]
loss: 0.5374 | [████████████████----------------------------------]
loss: 0.4652 | [█████████████-------------------------------------]
loss: 0.4644 | [█████████████-------------------------------------]
loss: 0.4534 | [█████████████-------------------------------------]
Epoch: 17, Steps: 165 | Train Loss: 0.4790589 Vali Loss: 0.4512278 Test Loss: 0.6969751
EarlyStopping counter: 1 out of 5
loss: 0.4893 | [██████████████------------------------------------]
	iters: 100, epoch: 18 | loss: 0.4695609
	speed: 0.6531s/iter; left time: 19657.0432s
Epoch: 18 cost time: 24.678000688552856
loss: 0.4292 | [████████████--------------------------------------]
loss: 1.9674 | [██████████████████████████████████████████████████]
loss: 0.5965 | [█████████████████---------------------------------]
loss: 0.6660 | [███████████████████-------------------------------]
loss: 0.5959 | [█████████████████---------------------------------]
loss: 0.4253 | [████████████--------------------------------------]
loss: 0.3937 | [███████████---------------------------------------]
loss: 0.6429 | [███████████████████-------------------------------]
loss: 0.7335 | [██████████████████████----------------------------]
loss: 0.6358 | [███████████████████-------------------------------]
loss: 0.6120 | [██████████████████--------------------------------]
loss: 0.5091 | [███████████████-----------------------------------]
loss: 0.4770 | [██████████████------------------------------------]
loss: 0.4792 | [██████████████------------------------------------]
loss: 0.4627 | [█████████████-------------------------------------]
Epoch: 18, Steps: 165 | Train Loss: 0.4631372 Vali Loss: 0.4446359 Test Loss: 0.6960387
EarlyStopping counter: 2 out of 5
loss: 0.4291 | [████████████--------------------------------------]
	iters: 100, epoch: 19 | loss: 0.4506034
	speed: 0.6469s/iter; left time: 19363.3438s
Epoch: 19 cost time: 24.999982357025146
loss: 1.6881 | [██████████████████████████████████████████████████]
loss: 2.1067 | [██████████████████████████████████████████████████]
loss: 0.5707 | [█████████████████---------------------------------]
loss: 0.7189 | [█████████████████████-----------------------------]
loss: 0.5910 | [█████████████████---------------------------------]
loss: 0.4205 | [████████████--------------------------------------]
loss: 0.4348 | [█████████████-------------------------------------]
loss: 0.6887 | [████████████████████------------------------------]
loss: 0.7653 | [██████████████████████----------------------------]
loss: 0.6752 | [████████████████████------------------------------]
loss: 0.6794 | [████████████████████------------------------------]
loss: 0.5184 | [███████████████-----------------------------------]
loss: 0.5060 | [███████████████-----------------------------------]
loss: 0.4974 | [██████████████------------------------------------]
Epoch: 19, Steps: 165 | Train Loss: 0.4561794 Vali Loss: 0.4450202 Test Loss: 0.7255440
EarlyStopping counter: 3 out of 5
loss: 0.5264 | [███████████████-----------------------------------]
	iters: 100, epoch: 20 | loss: 0.5248984
	speed: 0.6500s/iter; left time: 19349.0497s
loss: 0.3939 | [███████████---------------------------------------]
Epoch: 20 cost time: 25.03766107559204
loss: 1.7845 | [██████████████████████████████████████████████████]
loss: 2.1270 | [██████████████████████████████████████████████████]
loss: 0.5771 | [█████████████████---------------------------------]
loss: 0.7231 | [█████████████████████-----------------------------]
loss: 0.5395 | [████████████████----------------------------------]
loss: 0.3864 | [███████████---------------------------------------]
loss: 0.4856 | [██████████████------------------------------------]
loss: 0.6583 | [███████████████████-------------------------------]
loss: 0.6554 | [███████████████████-------------------------------]
loss: 0.6946 | [████████████████████------------------------------]
loss: 0.6826 | [████████████████████------------------------------]
loss: 0.4821 | [██████████████------------------------------------]
loss: 0.4884 | [██████████████------------------------------------]
loss: 0.5009 | [███████████████-----------------------------------]
Epoch: 20, Steps: 165 | Train Loss: 0.4504837 Vali Loss: 0.4479382 Test Loss: 0.7322544
EarlyStopping counter: 4 out of 5
loss: 0.4625 | [█████████████-------------------------------------]
	iters: 100, epoch: 21 | loss: 0.4608719
	speed: 0.6508s/iter; left time: 19265.3773s
loss: 0.3957 | [███████████---------------------------------------]
Epoch: 21 cost time: 25.311975479125977
loss: 1.9804 | [██████████████████████████████████████████████████]
loss: 1.7265 | [██████████████████████████████████████████████████]
loss: 0.6415 | [███████████████████-------------------------------]
loss: 0.9217 | [███████████████████████████-----------------------]
loss: 0.5445 | [████████████████----------------------------------]
loss: 0.4263 | [████████████--------------------------------------]
loss: 0.6264 | [██████████████████--------------------------------]
loss: 0.7881 | [███████████████████████---------------------------]
loss: 0.7640 | [██████████████████████----------------------------]
loss: 0.7276 | [█████████████████████-----------------------------]
loss: 0.6415 | [███████████████████-------------------------------]
loss: 0.5051 | [███████████████-----------------------------------]
loss: 0.4652 | [█████████████-------------------------------------]
loss: 0.4862 | [██████████████------------------------------------]
Epoch: 21, Steps: 165 | Train Loss: 0.4473910 Vali Loss: 0.4383311 Test Loss: 0.7790513
EarlyStopping counter: 5 out of 5
Early stopping
>>>>>>>testing : long_term_forecast_camel_pems04_d_96_192_aab_CAMEL_custom_ftM_sl96_ll48_pl192_dm512_nh8_el2_dl1_df2048_fc3_ebtimeF_dtTrue_srate1.0_sseed7_trainseed2024_gap365_Exp_0<<<<<<<<<<<<<<<<<<<<<<<<<<<<<<<<<
test 1401
mse:0.6788111925125122, mae:0.5404232740402222
>>>>>>>Overall time: 1429 seconds<<<<<<<<<<<<<<<<<<<<<<<<<<<<<<<<<
