Args in experiment:
Namespace(samle_rate=1.0, sample_seed=7, train_seed=2024, gap_day=365, task_name='long_term_forecast', is_training=1, model_id='camel_pems03_d_96_96', model='CAMEL', data='custom', root_path='/home/cyrilyuan/projects/XXLTraffic-main/data/pems/', data_path='pems03_d.csv', features='M', target='', freq='h', checkpoints='./checkpoints/', seq_len=96, label_len=48, pred_len=96, seasonal_patterns='Monthly', inverse=False, mask_rate=0.25, anomaly_ratio=0.25, expand=2, d_conv=4, top_k=5, num_kernels=6, enc_in=151, dec_in=151, c_out=151, d_model=512, n_heads=8, e_layers=2, d_layers=1, d_ff=2048, moving_avg=25, factor=3, distil=True, dropout=0.3, embed='timeF', activation='gelu', output_attention=False, num_workers=10, itr=1, train_epochs=200, batch_size=32, patience=5, learning_rate=0.0005, des='Exp', loss='MSE', lradj='type3', use_amp=False, enable_camel=False, camel_gap_years=1.5, camel_memory_size=1024, camel_k_retrieve=8, camel_latent_dim=32, camel_d_model=32, camel_use_nll=False, lambda_mem=0.0, lambda_ode=0.01, lambda_smooth=0.0, camel_min_year_gap=1.0, camel_gap_tolerance=0.25, use_gpu=True, gpu=0, use_multi_gpu=False, devices='0,1,2,3', p_hidden_dims=[128, 128], p_hidden_layers=2, steps_per_day=1)
Use GPU: cuda:0
>>>>>>>start training : long_term_forecast_camel_pems03_d_96_96_CAMEL_custom_ftM_sl96_ll48_pl96_dm512_nh8_el2_dl1_df2048_fc3_ebtimeF_dtTrue_srate1.0_sseed7_trainseed2024_gap365_Exp_0>>>>>>>>>>>>>>>>>>>>>>>>>>
train 5383
val 703
test 1497
loss: 0.6409 | [███████████████████-------------------------------]
	iters: 100, epoch: 1 | loss: 1.3877158
	speed: 0.1003s/iter; left time: 3361.0473s
Epoch: 1 cost time: 14.789657354354858
loss: 0.6691 | [████████████████████------------------------------]
loss: 1.6898 | [██████████████████████████████████████████████████]
loss: 0.5854 | [█████████████████---------------------------------]
loss: 0.4546 | [█████████████-------------------------------------]
loss: 0.3732 | [███████████---------------------------------------]
loss: 0.9503 | [████████████████████████████----------------------]
loss: 0.6347 | [███████████████████-------------------------------]
loss: 0.6890 | [████████████████████------------------------------]
loss: 0.5505 | [████████████████----------------------------------]
loss: 0.7114 | [█████████████████████-----------------------------]
loss: 0.5403 | [████████████████----------------------------------]
loss: 0.4372 | [█████████████-------------------------------------]
loss: 0.7840 | [███████████████████████---------------------------]
loss: 0.6067 | [██████████████████--------------------------------]
loss: 0.5319 | [███████████████-----------------------------------]
Epoch: 1, Steps: 168 | Train Loss: 2.2098535 Vali Loss: 0.6645915 Test Loss: 0.8034064
Validation loss decreased (inf --> 0.664591).  Saving model ...
loss: 0.5260 | [███████████████-----------------------------------]
	iters: 100, epoch: 2 | loss: 0.8692346
	speed: 0.5353s/iter; left time: 17842.3391s
loss: 0.5373 | [████████████████----------------------------------]
Epoch: 2 cost time: 13.188714265823364
loss: 0.6608 | [███████████████████-------------------------------]
loss: 1.4540 | [███████████████████████████████████████████-------]
loss: 0.4751 | [██████████████------------------------------------]
loss: 0.4666 | [█████████████-------------------------------------]
loss: 0.4041 | [████████████--------------------------------------]
loss: 1.0263 | [██████████████████████████████--------------------]
loss: 0.5522 | [████████████████----------------------------------]
loss: 0.7751 | [███████████████████████---------------------------]
loss: 0.4314 | [████████████--------------------------------------]
loss: 0.6303 | [██████████████████--------------------------------]
loss: 0.4850 | [██████████████------------------------------------]
loss: 0.4045 | [████████████--------------------------------------]
loss: 0.5616 | [████████████████----------------------------------]
loss: 0.5719 | [█████████████████---------------------------------]
loss: 0.5719 | [█████████████████---------------------------------]
Epoch: 2, Steps: 168 | Train Loss: 0.8980847 Vali Loss: 0.5642988 Test Loss: 0.7096724
Validation loss decreased (0.664591 --> 0.564299).  Saving model ...
loss: 0.5006 | [███████████████-----------------------------------]
	iters: 100, epoch: 3 | loss: 0.7416269
	speed: 0.5292s/iter; left time: 17550.6158s
loss: 0.5134 | [███████████████-----------------------------------]
Epoch: 3 cost time: 13.169147491455078
loss: 0.7976 | [███████████████████████---------------------------]
loss: 0.4441 | [█████████████-------------------------------------]
loss: 0.5033 | [███████████████-----------------------------------]
loss: 0.3972 | [███████████---------------------------------------]
loss: 0.4332 | [████████████--------------------------------------]
loss: 1.0697 | [████████████████████████████████------------------]
loss: 0.5718 | [█████████████████---------------------------------]
loss: 0.7971 | [███████████████████████---------------------------]
loss: 0.3922 | [███████████---------------------------------------]
loss: 0.6867 | [████████████████████------------------------------]
loss: 0.4404 | [█████████████-------------------------------------]
loss: 0.4653 | [█████████████-------------------------------------]
loss: 0.4916 | [██████████████------------------------------------]
loss: 0.6311 | [██████████████████--------------------------------]
loss: 0.4541 | [█████████████-------------------------------------]
Epoch: 3, Steps: 168 | Train Loss: 0.6990957 Vali Loss: 0.5685083 Test Loss: 0.7140957
EarlyStopping counter: 1 out of 5
loss: 0.5036 | [███████████████-----------------------------------]
	iters: 100, epoch: 4 | loss: 0.6350943
	speed: 0.5408s/iter; left time: 17845.2840s
loss: 0.4788 | [██████████████------------------------------------]
Epoch: 4 cost time: 14.07499098777771
loss: 1.0753 | [████████████████████████████████------------------]
loss: 0.4420 | [█████████████-------------------------------------]
loss: 0.4900 | [██████████████------------------------------------]
loss: 0.4215 | [████████████--------------------------------------]
loss: 0.4251 | [████████████--------------------------------------]
loss: 1.0751 | [████████████████████████████████------------------]
loss: 0.5548 | [████████████████----------------------------------]
loss: 0.8473 | [█████████████████████████-------------------------]
loss: 0.5290 | [███████████████-----------------------------------]
loss: 0.5760 | [█████████████████---------------------------------]
loss: 0.4519 | [█████████████-------------------------------------]
loss: 0.5628 | [████████████████----------------------------------]
loss: 0.5245 | [███████████████-----------------------------------]
loss: 0.5379 | [████████████████----------------------------------]
loss: 0.4527 | [█████████████-------------------------------------]
Epoch: 4, Steps: 168 | Train Loss: 0.6201258 Vali Loss: 0.5621287 Test Loss: 0.7055890
Validation loss decreased (0.564299 --> 0.562129).  Saving model ...
loss: 0.5304 | [███████████████-----------------------------------]
	iters: 100, epoch: 5 | loss: 0.5900153
	speed: 0.5469s/iter; left time: 17953.7153s
loss: 0.4233 | [████████████--------------------------------------]
Epoch: 5 cost time: 13.194249629974365
loss: 1.1571 | [██████████████████████████████████----------------]
loss: 0.3793 | [███████████---------------------------------------]
loss: 0.4929 | [██████████████------------------------------------]
loss: 0.3993 | [███████████---------------------------------------]
loss: 0.5532 | [████████████████----------------------------------]
loss: 1.1137 | [█████████████████████████████████-----------------]
loss: 0.7123 | [█████████████████████-----------------------------]
loss: 0.7404 | [██████████████████████----------------------------]
loss: 0.6591 | [███████████████████-------------------------------]
loss: 0.5251 | [███████████████-----------------------------------]
loss: 0.4836 | [██████████████------------------------------------]
loss: 0.6664 | [███████████████████-------------------------------]
loss: 0.6709 | [████████████████████------------------------------]
loss: 0.6458 | [███████████████████-------------------------------]
loss: 0.5893 | [█████████████████---------------------------------]
Epoch: 5, Steps: 168 | Train Loss: 0.5757831 Vali Loss: 0.5704902 Test Loss: 0.7290203
EarlyStopping counter: 1 out of 5
loss: 0.4386 | [█████████████-------------------------------------]
	iters: 100, epoch: 6 | loss: 0.4901719
	speed: 0.5302s/iter; left time: 17316.1139s
Epoch: 6 cost time: 13.202743768692017
loss: 0.5629 | [████████████████----------------------------------]
loss: 1.2258 | [████████████████████████████████████--------------]
loss: 0.4754 | [██████████████------------------------------------]
loss: 0.4957 | [██████████████------------------------------------]
loss: 0.4820 | [██████████████------------------------------------]
loss: 0.7280 | [█████████████████████-----------------------------]
loss: 1.0209 | [██████████████████████████████--------------------]
loss: 0.9241 | [███████████████████████████-----------------------]
loss: 0.8233 | [████████████████████████--------------------------]
loss: 0.7227 | [█████████████████████-----------------------------]
loss: 0.6929 | [████████████████████------------------------------]
loss: 0.5051 | [███████████████-----------------------------------]
loss: 0.7914 | [███████████████████████---------------------------]
loss: 0.8302 | [████████████████████████--------------------------]
loss: 0.7833 | [███████████████████████---------------------------]
loss: 0.7700 | [███████████████████████---------------------------]
Epoch: 6, Steps: 168 | Train Loss: 0.4800174 Vali Loss: 0.6224681 Test Loss: 0.8145755
EarlyStopping counter: 2 out of 5
loss: 0.3777 | [███████████---------------------------------------]
	iters: 100, epoch: 7 | loss: 0.4425479
	speed: 0.5418s/iter; left time: 17603.2972s
Epoch: 7 cost time: 13.578433513641357
loss: 0.6138 | [██████████████████--------------------------------]
loss: 1.2573 | [█████████████████████████████████████-------------]
loss: 0.5566 | [████████████████----------------------------------]
loss: 0.4699 | [██████████████------------------------------------]
loss: 0.5281 | [███████████████-----------------------------------]
loss: 1.0447 | [███████████████████████████████-------------------]
loss: 1.0303 | [██████████████████████████████--------------------]
loss: 0.9845 | [█████████████████████████████---------------------]
loss: 0.7820 | [███████████████████████---------------------------]
loss: 0.8152 | [████████████████████████--------------------------]
loss: 0.6671 | [████████████████████------------------------------]
loss: 0.5016 | [███████████████-----------------------------------]
loss: 0.9989 | [█████████████████████████████---------------------]
loss: 0.7710 | [███████████████████████---------------------------]
loss: 0.7337 | [██████████████████████----------------------------]
loss: 0.8119 | [████████████████████████--------------------------]
Epoch: 7, Steps: 168 | Train Loss: 0.4461688 Vali Loss: 0.6500008 Test Loss: 0.8364061
EarlyStopping counter: 3 out of 5
loss: 0.3770 | [███████████---------------------------------------]
	iters: 100, epoch: 8 | loss: 0.4264639
	speed: 0.5410s/iter; left time: 17486.9416s
Epoch: 8 cost time: 13.42371940612793
loss: 0.8328 | [████████████████████████--------------------------]
loss: 1.2130 | [████████████████████████████████████--------------]
loss: 0.6070 | [██████████████████--------------------------------]
loss: 0.5701 | [█████████████████---------------------------------]
loss: 0.5712 | [█████████████████---------------------------------]
loss: 1.2338 | [█████████████████████████████████████-------------]
loss: 0.9485 | [████████████████████████████----------------------]
loss: 0.9945 | [█████████████████████████████---------------------]
loss: 0.7944 | [███████████████████████---------------------------]
loss: 0.7576 | [██████████████████████----------------------------]
loss: 0.6807 | [████████████████████------------------------------]
loss: 0.5737 | [█████████████████---------------------------------]
loss: 1.1849 | [███████████████████████████████████---------------]
loss: 0.7996 | [███████████████████████---------------------------]
loss: 0.7403 | [██████████████████████----------------------------]
Epoch: 8, Steps: 168 | Train Loss: 0.4294392 Vali Loss: 0.6603331 Test Loss: 0.8446380
EarlyStopping counter: 4 out of 5
loss: 0.3604 | [██████████----------------------------------------]
	iters: 100, epoch: 9 | loss: 0.4336932
	speed: 0.5519s/iter; left time: 17748.9689s
loss: 0.3544 | [██████████----------------------------------------]
Epoch: 9 cost time: 13.776277303695679
loss: 0.8858 | [██████████████████████████------------------------]
loss: 1.2079 | [████████████████████████████████████--------------]
loss: 0.6038 | [██████████████████--------------------------------]
loss: 0.5947 | [█████████████████---------------------------------]
loss: 0.5361 | [████████████████----------------------------------]
loss: 1.3290 | [███████████████████████████████████████-----------]
loss: 0.8924 | [██████████████████████████------------------------]
loss: 1.0669 | [████████████████████████████████------------------]
loss: 0.6796 | [████████████████████------------------------------]
loss: 0.8101 | [████████████████████████--------------------------]
loss: 0.6469 | [███████████████████-------------------------------]
loss: 0.5888 | [█████████████████---------------------------------]
loss: 0.9952 | [█████████████████████████████---------------------]
loss: 0.7505 | [██████████████████████----------------------------]
loss: 0.7585 | [██████████████████████----------------------------]
Epoch: 9, Steps: 168 | Train Loss: 0.4162396 Vali Loss: 0.6509079 Test Loss: 0.8076813
EarlyStopping counter: 5 out of 5
Early stopping
>>>>>>>testing : long_term_forecast_camel_pems03_d_96_96_CAMEL_custom_ftM_sl96_ll48_pl96_dm512_nh8_el2_dl1_df2048_fc3_ebtimeF_dtTrue_srate1.0_sseed7_trainseed2024_gap365_Exp_0<<<<<<<<<<<<<<<<<<<<<<<<<<<<<<<<<
test 1497
mse:0.5950879454612732, mae:0.4784699082374573
>>>>>>>Overall time: 530 seconds<<<<<<<<<<<<<<<<<<<<<<<<<<<<<<<<<
