Args in experiment:
Namespace(samle_rate=1.0, sample_seed=7, train_seed=2024, gap_day=365, task_name='long_term_forecast', is_training=1, model_id='camel_pems08_d_96_336', model='CAMEL', data='custom', root_path='/home/cyrilyuan/projects/XXLTraffic-main/data/pems/', data_path='pems08_d.csv', features='M', target='', freq='h', checkpoints='./checkpoints/', seq_len=96, label_len=48, pred_len=336, seasonal_patterns='Monthly', inverse=False, mask_rate=0.25, anomaly_ratio=0.25, expand=2, d_conv=4, top_k=5, num_kernels=6, enc_in=212, dec_in=212, c_out=212, d_model=512, n_heads=8, e_layers=2, d_layers=1, d_ff=2048, moving_avg=25, factor=3, distil=True, dropout=0.3, embed='timeF', activation='gelu', output_attention=False, num_workers=10, itr=1, train_epochs=200, batch_size=32, patience=5, learning_rate=0.0005, des='Exp', loss='MSE', lradj='type3', use_amp=False, enable_camel=False, camel_gap_years=1.5, camel_memory_size=2048, camel_k_retrieve=8, camel_latent_dim=32, camel_d_model=32, camel_use_nll=False, lambda_mem=0.0, lambda_ode=0.01, lambda_smooth=0.0, camel_min_year_gap=1.0, camel_gap_tolerance=0.25, use_gpu=True, gpu=0, use_multi_gpu=False, devices='0,1,2,3', p_hidden_dims=[128, 128], p_hidden_layers=2, steps_per_day=1)
Use GPU: cuda:0
>>>>>>>start training : long_term_forecast_camel_pems08_d_96_336_CAMEL_custom_ftM_sl96_ll48_pl336_dm512_nh8_el2_dl1_df2048_fc3_ebtimeF_dtTrue_srate1.0_sseed7_trainseed2024_gap365_Exp_0>>>>>>>>>>>>>>>>>>>>>>>>>>
train 5463
val 508
test 1349
loss: 0.7032 | [█████████████████████-----------------------------]
	iters: 100, epoch: 1 | loss: 1.5244993
	speed: 0.0958s/iter; left time: 3248.4721s
Epoch: 1 cost time: 15.033736228942871
loss: 1.2193 | [████████████████████████████████████--------------]
loss: 1.0820 | [████████████████████████████████------------------]
loss: 1.2402 | [█████████████████████████████████████-------------]
loss: 1.0980 | [████████████████████████████████------------------]
loss: 1.1393 | [██████████████████████████████████----------------]
loss: 0.9502 | [████████████████████████████----------------------]
loss: 0.8734 | [██████████████████████████------------------------]
loss: 0.9697 | [█████████████████████████████---------------------]
loss: 1.1462 | [██████████████████████████████████----------------]
loss: 1.2132 | [████████████████████████████████████--------------]
loss: 1.2316 | [████████████████████████████████████--------------]
loss: 1.3038 | [███████████████████████████████████████-----------]
loss: 1.2416 | [█████████████████████████████████████-------------]
loss: 1.2628 | [█████████████████████████████████████-------------]
Epoch: 1, Steps: 170 | Train Loss: 2.4670064 Vali Loss: 0.7893137 Test Loss: 1.2861952
Validation loss decreased (inf --> 0.789314).  Saving model ...
loss: 0.6477 | [███████████████████-------------------------------]
	iters: 100, epoch: 2 | loss: 0.9893232
	speed: 0.5051s/iter; left time: 17039.0037s
loss: 0.5887 | [█████████████████---------------------------------]
Epoch: 2 cost time: 13.47568941116333
loss: 1.1419 | [██████████████████████████████████----------------]
loss: 1.1251 | [█████████████████████████████████-----------------]
loss: 1.0261 | [██████████████████████████████--------------------]
loss: 1.0473 | [███████████████████████████████-------------------]
loss: 0.9721 | [█████████████████████████████---------------------]
loss: 0.8331 | [████████████████████████--------------------------]
loss: 0.8509 | [█████████████████████████-------------------------]
loss: 1.0837 | [████████████████████████████████------------------]
loss: 1.1368 | [██████████████████████████████████----------------]
loss: 1.1591 | [██████████████████████████████████----------------]
loss: 1.2243 | [████████████████████████████████████--------------]
loss: 1.2004 | [████████████████████████████████████--------------]
loss: 1.2122 | [████████████████████████████████████--------------]
Epoch: 2, Steps: 170 | Train Loss: 0.9951478 Vali Loss: 0.6875639 Test Loss: 1.1806788
Validation loss decreased (0.789314 --> 0.687564).  Saving model ...
loss: 0.6348 | [███████████████████-------------------------------]
	iters: 100, epoch: 3 | loss: 0.8045508
	speed: 0.4992s/iter; left time: 16754.5588s
loss: 0.6279 | [██████████████████--------------------------------]
Epoch: 3 cost time: 14.317368984222412
loss: 1.3594 | [████████████████████████████████████████----------]
loss: 1.0607 | [███████████████████████████████-------------------]
loss: 1.0263 | [██████████████████████████████--------------------]
loss: 1.0383 | [███████████████████████████████-------------------]
loss: 1.1382 | [██████████████████████████████████----------------]
loss: 0.8399 | [█████████████████████████-------------------------]
loss: 0.8593 | [█████████████████████████-------------------------]
loss: 1.0016 | [██████████████████████████████--------------------]
loss: 1.1156 | [█████████████████████████████████-----------------]
loss: 1.1521 | [██████████████████████████████████----------------]
loss: 1.1553 | [██████████████████████████████████----------------]
loss: 1.1722 | [███████████████████████████████████---------------]
loss: 1.2425 | [█████████████████████████████████████-------------]
loss: 1.2493 | [█████████████████████████████████████-------------]
Epoch: 3, Steps: 170 | Train Loss: 0.7987681 Vali Loss: 0.7072867 Test Loss: 1.2029757
EarlyStopping counter: 1 out of 5
loss: 0.6437 | [███████████████████-------------------------------]
	iters: 100, epoch: 4 | loss: 0.7631137
	speed: 0.5066s/iter; left time: 16916.9526s
Epoch: 4 cost time: 14.494007349014282
loss: 1.1761 | [███████████████████████████████████---------------]
loss: 1.0242 | [██████████████████████████████--------------------]
loss: 1.2077 | [████████████████████████████████████--------------]
loss: 1.0483 | [███████████████████████████████-------------------]
loss: 1.0799 | [████████████████████████████████------------------]
loss: 0.8603 | [█████████████████████████-------------------------]
loss: 0.8114 | [████████████████████████--------------------------]
loss: 0.9143 | [███████████████████████████-----------------------]
loss: 1.0893 | [████████████████████████████████------------------]
loss: 1.1504 | [██████████████████████████████████----------------]
loss: 1.1718 | [███████████████████████████████████---------------]
loss: 1.2139 | [████████████████████████████████████--------------]
loss: 1.1766 | [███████████████████████████████████---------------]
loss: 1.1948 | [███████████████████████████████████---------------]
Epoch: 4, Steps: 170 | Train Loss: 0.7227474 Vali Loss: 0.6972147 Test Loss: 1.1993269
EarlyStopping counter: 2 out of 5
loss: 0.5876 | [█████████████████---------------------------------]
	iters: 100, epoch: 5 | loss: 0.6790408
	speed: 0.4979s/iter; left time: 16540.6850s
loss: 0.5673 | [█████████████████---------------------------------]
Epoch: 5 cost time: 14.278384923934937
loss: 1.1212 | [█████████████████████████████████-----------------]
loss: 1.1066 | [█████████████████████████████████-----------------]
loss: 1.0002 | [██████████████████████████████--------------------]
loss: 1.0251 | [██████████████████████████████--------------------]
loss: 0.9344 | [████████████████████████████----------------------]
loss: 0.8239 | [████████████████████████--------------------------]
loss: 0.8165 | [████████████████████████--------------------------]
loss: 1.0477 | [███████████████████████████████-------------------]
loss: 1.1189 | [█████████████████████████████████-----------------]
loss: 1.1141 | [█████████████████████████████████-----------------]
loss: 1.1882 | [███████████████████████████████████---------------]
loss: 1.1519 | [██████████████████████████████████----------------]
loss: 1.1760 | [███████████████████████████████████---------------]
Epoch: 5, Steps: 170 | Train Loss: 0.6883905 Vali Loss: 0.6745168 Test Loss: 1.1796040
Validation loss decreased (0.687564 --> 0.674517).  Saving model ...
loss: 0.6638 | [███████████████████-------------------------------]
	iters: 100, epoch: 6 | loss: 0.6250052
	speed: 0.5083s/iter; left time: 16800.6874s
loss: 0.5713 | [█████████████████---------------------------------]
Epoch: 6 cost time: 13.476352453231812
loss: 1.3273 | [███████████████████████████████████████-----------]
loss: 1.0224 | [██████████████████████████████--------------------]
loss: 1.0081 | [██████████████████████████████--------------------]
loss: 1.0188 | [██████████████████████████████--------------------]
loss: 1.1087 | [█████████████████████████████████-----------------]
loss: 0.8174 | [████████████████████████--------------------------]
loss: 0.8382 | [█████████████████████████-------------------------]
loss: 0.9692 | [█████████████████████████████---------------------]
loss: 1.0914 | [████████████████████████████████------------------]
loss: 1.1355 | [██████████████████████████████████----------------]
loss: 1.1133 | [█████████████████████████████████-----------------]
loss: 1.1196 | [█████████████████████████████████-----------------]
loss: 1.2308 | [████████████████████████████████████--------------]
loss: 1.2192 | [████████████████████████████████████--------------]
Epoch: 6, Steps: 170 | Train Loss: 0.6719031 Vali Loss: 0.6721479 Test Loss: 1.1664049
Validation loss decreased (0.674517 --> 0.672148).  Saving model ...
loss: 0.5655 | [████████████████----------------------------------]
	iters: 100, epoch: 7 | loss: 0.6498297
	speed: 0.5043s/iter; left time: 16580.7977s
Epoch: 7 cost time: 14.399354696273804
loss: 1.1560 | [██████████████████████████████████----------------]
loss: 1.0112 | [██████████████████████████████--------------------]
loss: 1.1870 | [███████████████████████████████████---------------]
loss: 1.0438 | [███████████████████████████████-------------------]
loss: 1.0795 | [████████████████████████████████------------------]
loss: 0.8633 | [█████████████████████████-------------------------]
loss: 0.8068 | [████████████████████████--------------------------]
loss: 0.8995 | [██████████████████████████------------------------]
loss: 1.0752 | [████████████████████████████████------------------]
loss: 1.2050 | [████████████████████████████████████--------------]
loss: 1.1597 | [██████████████████████████████████----------------]
loss: 1.1791 | [███████████████████████████████████---------------]
loss: 1.1749 | [███████████████████████████████████---------------]
loss: 1.1759 | [███████████████████████████████████---------------]
Epoch: 7, Steps: 170 | Train Loss: 0.6616481 Vali Loss: 0.6585682 Test Loss: 1.1484770
Validation loss decreased (0.672148 --> 0.658568).  Saving model ...
loss: 0.6037 | [██████████████████--------------------------------]
	iters: 100, epoch: 8 | loss: 0.6645061
	speed: 0.4984s/iter; left time: 16303.0618s
loss: 0.5906 | [█████████████████---------------------------------]
Epoch: 8 cost time: 13.44873833656311
loss: 1.1202 | [█████████████████████████████████-----------------]
loss: 1.0996 | [████████████████████████████████------------------]
loss: 0.9978 | [█████████████████████████████---------------------]
loss: 1.0258 | [██████████████████████████████--------------------]
loss: 0.9394 | [████████████████████████████----------------------]
loss: 0.8131 | [████████████████████████--------------------------]
loss: 0.8109 | [████████████████████████--------------------------]
loss: 1.0052 | [██████████████████████████████--------------------]
loss: 1.1146 | [█████████████████████████████████-----------------]
loss: 1.0955 | [████████████████████████████████------------------]
loss: 1.1626 | [██████████████████████████████████----------------]
loss: 1.1352 | [██████████████████████████████████----------------]
loss: 1.1732 | [███████████████████████████████████---------------]
Epoch: 8, Steps: 170 | Train Loss: 0.6538697 Vali Loss: 0.6233076 Test Loss: 1.1171818
Validation loss decreased (0.658568 --> 0.623308).  Saving model ...
loss: 0.6150 | [██████████████████--------------------------------]
	iters: 100, epoch: 9 | loss: 0.5946155
	speed: 0.5082s/iter; left time: 16536.2798s
loss: 0.6302 | [██████████████████--------------------------------]
Epoch: 9 cost time: 14.236642122268677
loss: 1.3197 | [███████████████████████████████████████-----------]
loss: 1.0759 | [████████████████████████████████------------------]
loss: 0.9956 | [█████████████████████████████---------------------]
loss: 1.0387 | [███████████████████████████████-------------------]
loss: 1.1325 | [█████████████████████████████████-----------------]
loss: 0.8494 | [█████████████████████████-------------------------]
loss: 0.8626 | [█████████████████████████-------------------------]
loss: 0.9899 | [█████████████████████████████---------------------]
loss: 1.1181 | [█████████████████████████████████-----------------]
loss: 1.1536 | [██████████████████████████████████----------------]
loss: 1.1343 | [██████████████████████████████████----------------]
loss: 1.1411 | [██████████████████████████████████----------------]
loss: 1.2439 | [█████████████████████████████████████-------------]
loss: 1.2442 | [█████████████████████████████████████-------------]
Epoch: 9, Steps: 170 | Train Loss: 0.6484643 Vali Loss: 0.6183788 Test Loss: 1.1237273
Validation loss decreased (0.623308 --> 0.618379).  Saving model ...
loss: 0.6239 | [██████████████████--------------------------------]
	iters: 100, epoch: 10 | loss: 0.6374671
	speed: 0.4956s/iter; left time: 16042.3737s
Epoch: 10 cost time: 14.201422452926636
loss: 1.1528 | [██████████████████████████████████----------------]
loss: 1.0396 | [███████████████████████████████-------------------]
loss: 1.1763 | [███████████████████████████████████---------------]
loss: 1.0538 | [███████████████████████████████-------------------]
loss: 1.0796 | [████████████████████████████████------------------]
loss: 0.8186 | [████████████████████████--------------------------]
loss: 0.8132 | [████████████████████████--------------------------]
loss: 0.8944 | [██████████████████████████------------------------]
loss: 1.0717 | [████████████████████████████████------------------]
loss: 1.1233 | [█████████████████████████████████-----------------]
loss: 1.1584 | [██████████████████████████████████----------------]
loss: 1.1699 | [███████████████████████████████████---------------]
loss: 1.1878 | [███████████████████████████████████---------------]
loss: 1.1816 | [███████████████████████████████████---------------]
Epoch: 10, Steps: 170 | Train Loss: 0.6432881 Vali Loss: 0.5989814 Test Loss: 1.0922884
Validation loss decreased (0.618379 --> 0.598981).  Saving model ...
loss: 0.6165 | [██████████████████--------------------------------]
	iters: 100, epoch: 11 | loss: 0.6561865
	speed: 0.5051s/iter; left time: 16264.2661s
loss: 0.6137 | [██████████████████--------------------------------]
Epoch: 11 cost time: 13.492670059204102
loss: 1.1470 | [██████████████████████████████████----------------]
loss: 1.1117 | [█████████████████████████████████-----------------]
loss: 0.9963 | [█████████████████████████████---------------------]
loss: 1.0349 | [███████████████████████████████-------------------]
loss: 0.9446 | [████████████████████████████----------------------]
loss: 0.8312 | [████████████████████████--------------------------]
loss: 0.8151 | [████████████████████████--------------------------]
loss: 0.9992 | [█████████████████████████████---------------------]
loss: 1.1157 | [█████████████████████████████████-----------------]
loss: 1.0911 | [████████████████████████████████------------------]
loss: 1.1688 | [███████████████████████████████████---------------]
loss: 1.1239 | [█████████████████████████████████-----------------]
loss: 1.2087 | [████████████████████████████████████--------------]
Epoch: 11, Steps: 170 | Train Loss: 0.6393312 Vali Loss: 0.6022401 Test Loss: 1.0952731
EarlyStopping counter: 1 out of 5
loss: 0.5989 | [█████████████████---------------------------------]
	iters: 100, epoch: 12 | loss: 0.6236449
	speed: 0.5057s/iter; left time: 16198.6934s
loss: 0.5842 | [█████████████████---------------------------------]
Epoch: 12 cost time: 14.188056230545044
loss: 1.2807 | [██████████████████████████████████████------------]
loss: 1.0459 | [███████████████████████████████-------------------]
loss: 0.9702 | [█████████████████████████████---------------------]
loss: 1.0222 | [██████████████████████████████--------------------]
loss: 1.1156 | [█████████████████████████████████-----------------]
loss: 0.8165 | [████████████████████████--------------------------]
loss: 0.8361 | [█████████████████████████-------------------------]
loss: 0.9674 | [█████████████████████████████---------------------]
loss: 1.0863 | [████████████████████████████████------------------]
loss: 1.1207 | [█████████████████████████████████-----------------]
loss: 1.0886 | [████████████████████████████████------------------]
loss: 1.1135 | [█████████████████████████████████-----------------]
loss: 1.1992 | [███████████████████████████████████---------------]
loss: 1.2120 | [████████████████████████████████████--------------]
Epoch: 12, Steps: 170 | Train Loss: 0.6354795 Vali Loss: 0.5925973 Test Loss: 1.0806541
Validation loss decreased (0.598981 --> 0.592597).  Saving model ...
loss: 0.6042 | [██████████████████--------------------------------]
	iters: 100, epoch: 13 | loss: 0.6285325
	speed: 0.4923s/iter; left time: 15686.1658s
Epoch: 13 cost time: 14.300000190734863
loss: 1.1445 | [██████████████████████████████████----------------]
loss: 1.0354 | [███████████████████████████████-------------------]
loss: 1.1834 | [███████████████████████████████████---------------]
loss: 1.0417 | [███████████████████████████████-------------------]
loss: 1.0759 | [████████████████████████████████------------------]
loss: 0.8154 | [████████████████████████--------------------------]
loss: 0.8424 | [█████████████████████████-------------------------]
loss: 0.8836 | [██████████████████████████------------------------]
loss: 1.0638 | [███████████████████████████████-------------------]
loss: 1.1036 | [█████████████████████████████████-----------------]
loss: 1.1419 | [██████████████████████████████████----------------]
loss: 1.1547 | [██████████████████████████████████----------------]
loss: 1.1710 | [███████████████████████████████████---------------]
loss: 1.1599 | [██████████████████████████████████----------------]
Epoch: 13, Steps: 170 | Train Loss: 0.6320877 Vali Loss: 0.5697014 Test Loss: 1.0761745
Validation loss decreased (0.592597 --> 0.569701).  Saving model ...
loss: 0.6344 | [███████████████████-------------------------------]
	iters: 100, epoch: 14 | loss: 0.6755632
	speed: 0.4963s/iter; left time: 15729.6638s
loss: 0.6430 | [███████████████████-------------------------------]
Epoch: 14 cost time: 13.522322177886963
loss: 1.1563 | [██████████████████████████████████----------------]
loss: 1.1128 | [█████████████████████████████████-----------------]
loss: 1.0031 | [██████████████████████████████--------------------]
loss: 1.0319 | [██████████████████████████████--------------------]
loss: 0.9494 | [████████████████████████████----------------------]
loss: 0.7862 | [███████████████████████---------------------------]
loss: 0.8070 | [████████████████████████--------------------------]
loss: 0.9941 | [█████████████████████████████---------------------]
loss: 1.1218 | [█████████████████████████████████-----------------]
loss: 1.0787 | [████████████████████████████████------------------]
loss: 1.1501 | [██████████████████████████████████----------------]
loss: 1.1084 | [█████████████████████████████████-----------------]
loss: 1.2587 | [█████████████████████████████████████-------------]
Epoch: 14, Steps: 170 | Train Loss: 0.6286737 Vali Loss: 0.5672373 Test Loss: 1.0737719
Validation loss decreased (0.569701 --> 0.567237).  Saving model ...
loss: 0.6494 | [███████████████████-------------------------------]
	iters: 100, epoch: 15 | loss: 0.6525165
	speed: 0.5067s/iter; left time: 15971.2813s
loss: 0.5450 | [████████████████----------------------------------]
Epoch: 15 cost time: 14.195896863937378
loss: 1.2922 | [██████████████████████████████████████------------]
loss: 1.0633 | [███████████████████████████████-------------------]
loss: 0.9607 | [████████████████████████████----------------------]
loss: 1.0207 | [██████████████████████████████--------------------]
loss: 1.1429 | [██████████████████████████████████----------------]
loss: 0.8344 | [█████████████████████████-------------------------]
loss: 0.8376 | [█████████████████████████-------------------------]
loss: 0.9707 | [█████████████████████████████---------------------]
loss: 1.0870 | [████████████████████████████████------------------]
loss: 1.1232 | [█████████████████████████████████-----------------]
loss: 1.1008 | [█████████████████████████████████-----------------]
loss: 1.1144 | [█████████████████████████████████-----------------]
loss: 1.2034 | [████████████████████████████████████--------------]
loss: 1.2100 | [████████████████████████████████████--------------]
Epoch: 15, Steps: 170 | Train Loss: 0.6259646 Vali Loss: 0.5683462 Test Loss: 1.0740911
EarlyStopping counter: 1 out of 5
loss: 0.5951 | [█████████████████---------------------------------]
	iters: 100, epoch: 16 | loss: 0.6036885
	speed: 0.4967s/iter; left time: 15573.4692s
Epoch: 16 cost time: 14.234942436218262
loss: 1.1214 | [█████████████████████████████████-----------------]
loss: 1.0129 | [██████████████████████████████--------------------]
loss: 1.1842 | [███████████████████████████████████---------------]
loss: 1.0566 | [███████████████████████████████-------------------]
loss: 1.1153 | [█████████████████████████████████-----------------]
loss: 0.8431 | [█████████████████████████-------------------------]
loss: 0.8638 | [█████████████████████████-------------------------]
loss: 0.9202 | [███████████████████████████-----------------------]
loss: 1.0794 | [████████████████████████████████------------------]
loss: 1.1329 | [█████████████████████████████████-----------------]
loss: 1.1633 | [██████████████████████████████████----------------]
loss: 1.1631 | [██████████████████████████████████----------------]
loss: 1.1908 | [███████████████████████████████████---------------]
loss: 1.1841 | [███████████████████████████████████---------------]
Epoch: 16, Steps: 170 | Train Loss: 0.6226077 Vali Loss: 0.5700521 Test Loss: 1.0865901
EarlyStopping counter: 2 out of 5
loss: 0.5959 | [█████████████████---------------------------------]
	iters: 100, epoch: 17 | loss: 0.6489866
	speed: 0.5047s/iter; left time: 15737.4880s
loss: 0.6628 | [███████████████████-------------------------------]
Epoch: 17 cost time: 13.590779304504395
loss: 1.1442 | [██████████████████████████████████----------------]
loss: 1.1021 | [█████████████████████████████████-----------------]
loss: 1.0070 | [██████████████████████████████--------------------]
loss: 1.0265 | [██████████████████████████████--------------------]
loss: 0.9555 | [████████████████████████████----------------------]
loss: 0.7876 | [███████████████████████---------------------------]
loss: 0.8131 | [████████████████████████--------------------------]
loss: 1.0008 | [██████████████████████████████--------------------]
loss: 1.1192 | [█████████████████████████████████-----------------]
loss: 1.0851 | [████████████████████████████████------------------]
loss: 1.1468 | [██████████████████████████████████----------------]
loss: 1.1373 | [██████████████████████████████████----------------]
loss: 1.2561 | [█████████████████████████████████████-------------]
Epoch: 17, Steps: 170 | Train Loss: 0.6198789 Vali Loss: 0.5611841 Test Loss: 1.0881252
Validation loss decreased (0.567237 --> 0.561184).  Saving model ...
loss: 0.5694 | [█████████████████---------------------------------]
	iters: 100, epoch: 18 | loss: 0.6412920
	speed: 0.4980s/iter; left time: 15443.2017s
loss: 0.6003 | [██████████████████--------------------------------]
Epoch: 18 cost time: 14.235442161560059
loss: 1.2397 | [█████████████████████████████████████-------------]
loss: 1.0545 | [███████████████████████████████-------------------]
loss: 0.9573 | [████████████████████████████----------------------]
loss: 1.0234 | [██████████████████████████████--------------------]
loss: 1.1421 | [██████████████████████████████████----------------]
loss: 0.8191 | [████████████████████████--------------------------]
loss: 0.8337 | [█████████████████████████-------------------------]
loss: 0.9688 | [█████████████████████████████---------------------]
loss: 1.0899 | [████████████████████████████████------------------]
loss: 1.1230 | [█████████████████████████████████-----------------]
loss: 1.0889 | [████████████████████████████████------------------]
loss: 1.1176 | [█████████████████████████████████-----------------]
loss: 1.1907 | [███████████████████████████████████---------------]
loss: 1.2046 | [████████████████████████████████████--------------]
Epoch: 18, Steps: 170 | Train Loss: 0.6175493 Vali Loss: 0.5746436 Test Loss: 1.0618391
EarlyStopping counter: 1 out of 5
loss: 0.5894 | [█████████████████---------------------------------]
	iters: 100, epoch: 19 | loss: 0.6114144
	speed: 0.5050s/iter; left time: 15575.9256s
Epoch: 19 cost time: 14.336337566375732
loss: 1.1327 | [█████████████████████████████████-----------------]
loss: 1.0565 | [███████████████████████████████-------------------]
loss: 1.1329 | [█████████████████████████████████-----------------]
loss: 1.0474 | [███████████████████████████████-------------------]
loss: 1.1401 | [██████████████████████████████████----------------]
loss: 0.8794 | [██████████████████████████------------------------]
loss: 0.8548 | [█████████████████████████-------------------------]
loss: 0.9537 | [████████████████████████████----------------------]
loss: 1.1290 | [█████████████████████████████████-----------------]
loss: 1.1262 | [█████████████████████████████████-----------------]
loss: 1.2224 | [████████████████████████████████████--------------]
loss: 1.1759 | [███████████████████████████████████---------------]
loss: 1.2266 | [████████████████████████████████████--------------]
loss: 1.1745 | [███████████████████████████████████---------------]
Epoch: 19, Steps: 170 | Train Loss: 0.6140818 Vali Loss: 0.5515093 Test Loss: 1.0926503
Validation loss decreased (0.561184 --> 0.551509).  Saving model ...
loss: 0.5915 | [█████████████████---------------------------------]
	iters: 100, epoch: 20 | loss: 0.5985063
	speed: 0.4943s/iter; left time: 15159.1859s
loss: 0.5641 | [████████████████----------------------------------]
Epoch: 20 cost time: 13.806682348251343
loss: 1.2838 | [██████████████████████████████████████------------]
loss: 1.2086 | [████████████████████████████████████--------------]
loss: 1.1188 | [█████████████████████████████████-----------------]
loss: 1.1756 | [███████████████████████████████████---------------]
loss: 1.1116 | [█████████████████████████████████-----------------]
loss: 1.0377 | [███████████████████████████████-------------------]
loss: 1.0297 | [██████████████████████████████--------------------]
loss: 1.2058 | [████████████████████████████████████--------------]
loss: 1.3437 | [████████████████████████████████████████----------]
loss: 1.3263 | [███████████████████████████████████████-----------]
loss: 1.3825 | [█████████████████████████████████████████---------]
loss: 1.3594 | [████████████████████████████████████████----------]
loss: 1.4926 | [████████████████████████████████████████████------]
Epoch: 20, Steps: 170 | Train Loss: 0.5937133 Vali Loss: 0.5860873 Test Loss: 1.2498927
EarlyStopping counter: 1 out of 5
loss: 0.4813 | [██████████████------------------------------------]
	iters: 100, epoch: 21 | loss: 0.5341039
	speed: 0.5062s/iter; left time: 15440.6456s
loss: 0.5092 | [███████████████-----------------------------------]
Epoch: 21 cost time: 14.12389850616455
loss: 1.3321 | [███████████████████████████████████████-----------]
loss: 1.2515 | [█████████████████████████████████████-------------]
loss: 1.2115 | [████████████████████████████████████--------------]
loss: 1.1791 | [███████████████████████████████████---------------]
loss: 1.3191 | [███████████████████████████████████████-----------]
loss: 1.2132 | [████████████████████████████████████--------------]
loss: 1.1284 | [█████████████████████████████████-----------------]
loss: 1.2120 | [████████████████████████████████████--------------]
loss: 1.3981 | [█████████████████████████████████████████---------]
loss: 1.3624 | [████████████████████████████████████████----------]
loss: 1.4015 | [██████████████████████████████████████████--------]
loss: 1.5623 | [██████████████████████████████████████████████----]
loss: 1.5485 | [██████████████████████████████████████████████----]
loss: 1.4314 | [██████████████████████████████████████████--------]
Epoch: 21, Steps: 170 | Train Loss: 0.5198620 Vali Loss: 0.6247901 Test Loss: 1.3294168
EarlyStopping counter: 2 out of 5
loss: 0.4655 | [█████████████-------------------------------------]
	iters: 100, epoch: 22 | loss: 0.4603840
	speed: 0.4999s/iter; left time: 15163.9210s
Epoch: 22 cost time: 13.930343866348267
loss: 1.2617 | [█████████████████████████████████████-------------]
loss: 1.2854 | [██████████████████████████████████████------------]
loss: 1.3517 | [████████████████████████████████████████----------]
loss: 1.2103 | [████████████████████████████████████--------------]
loss: 1.3569 | [████████████████████████████████████████----------]
loss: 1.1943 | [███████████████████████████████████---------------]
loss: 1.1475 | [██████████████████████████████████----------------]
loss: 1.2444 | [█████████████████████████████████████-------------]
loss: 1.3796 | [█████████████████████████████████████████---------]
loss: 1.4408 | [███████████████████████████████████████████-------]
loss: 1.4651 | [███████████████████████████████████████████-------]
loss: 1.5682 | [███████████████████████████████████████████████---]
loss: 1.5651 | [██████████████████████████████████████████████----]
loss: 1.5337 | [██████████████████████████████████████████████----]
Epoch: 22, Steps: 170 | Train Loss: 0.4780597 Vali Loss: 0.6377662 Test Loss: 1.3632654
EarlyStopping counter: 3 out of 5
loss: 0.4555 | [█████████████-------------------------------------]
	iters: 100, epoch: 23 | loss: 0.4933363
	speed: 0.4938s/iter; left time: 14892.0944s
loss: 0.4251 | [████████████--------------------------------------]
Epoch: 23 cost time: 13.622100830078125
loss: 1.3345 | [████████████████████████████████████████----------]
loss: 1.2635 | [█████████████████████████████████████-------------]
loss: 1.2377 | [█████████████████████████████████████-------------]
loss: 1.3138 | [███████████████████████████████████████-----------]
loss: 1.2402 | [█████████████████████████████████████-------------]
loss: 1.2018 | [████████████████████████████████████--------------]
loss: 1.1662 | [██████████████████████████████████----------------]
loss: 1.3396 | [████████████████████████████████████████----------]
loss: 1.4969 | [████████████████████████████████████████████------]
loss: 1.4842 | [████████████████████████████████████████████------]
loss: 1.5064 | [█████████████████████████████████████████████-----]
loss: 1.5180 | [█████████████████████████████████████████████-----]
loss: 1.5527 | [██████████████████████████████████████████████----]
Epoch: 23, Steps: 170 | Train Loss: 0.4606774 Vali Loss: 0.6593438 Test Loss: 1.3675352
EarlyStopping counter: 4 out of 5
loss: 0.4034 | [████████████--------------------------------------]
	iters: 100, epoch: 24 | loss: 0.4360043
	speed: 0.5058s/iter; left time: 15170.3686s
loss: 0.4315 | [████████████--------------------------------------]
Epoch: 24 cost time: 14.130454778671265
loss: 1.3216 | [███████████████████████████████████████-----------]
loss: 1.2866 | [██████████████████████████████████████------------]
loss: 1.2733 | [██████████████████████████████████████------------]
loss: 1.2945 | [██████████████████████████████████████------------]
loss: 1.3785 | [█████████████████████████████████████████---------]
loss: 1.3383 | [████████████████████████████████████████----------]
loss: 1.2558 | [█████████████████████████████████████-------------]
loss: 1.3474 | [████████████████████████████████████████----------]
loss: 1.4456 | [███████████████████████████████████████████-------]
loss: 1.5351 | [██████████████████████████████████████████████----]
loss: 1.5468 | [██████████████████████████████████████████████----]
loss: 1.5588 | [██████████████████████████████████████████████----]
loss: 1.6091 | [████████████████████████████████████████████████--]
loss: 1.5349 | [██████████████████████████████████████████████----]
Epoch: 24, Steps: 170 | Train Loss: 0.4519443 Vali Loss: 0.6435283 Test Loss: 1.4116941
EarlyStopping counter: 5 out of 5
Early stopping
>>>>>>>testing : long_term_forecast_camel_pems08_d_96_336_CAMEL_custom_ftM_sl96_ll48_pl336_dm512_nh8_el2_dl1_df2048_fc3_ebtimeF_dtTrue_srate1.0_sseed7_trainseed2024_gap365_Exp_0<<<<<<<<<<<<<<<<<<<<<<<<<<<<<<<<<
test 1349
mse:1.0807390213012695, mae:0.7188891172409058
>>>>>>>Overall time: 1241 seconds<<<<<<<<<<<<<<<<<<<<<<<<<<<<<<<<<
