Args in experiment:
Namespace(samle_rate=1.0, sample_seed=7, train_seed=2024, gap_day=365, task_name='long_term_forecast', is_training=1, model_id='camel_pems08_d_96_96', model='CAMEL', data='custom', root_path='/home/cyrilyuan/projects/XXLTraffic-main/data/pems/', data_path='pems08_d.csv', features='M', target='', freq='h', checkpoints='./checkpoints/', seq_len=96, label_len=48, pred_len=96, seasonal_patterns='Monthly', inverse=False, mask_rate=0.25, anomaly_ratio=0.25, expand=2, d_conv=4, top_k=5, num_kernels=6, enc_in=212, dec_in=212, c_out=212, d_model=512, n_heads=8, e_layers=2, d_layers=1, d_ff=2048, moving_avg=25, factor=3, distil=True, dropout=0.3, embed='timeF', activation='gelu', output_attention=False, num_workers=10, itr=1, train_epochs=200, batch_size=32, patience=5, learning_rate=0.0005, des='Exp', loss='MSE', lradj='type3', use_amp=False, enable_camel=False, camel_gap_years=1.5, camel_memory_size=2048, camel_k_retrieve=8, camel_latent_dim=32, camel_d_model=32, camel_use_nll=False, lambda_mem=0.0, lambda_ode=0.01, lambda_smooth=0.0, camel_min_year_gap=1.0, camel_gap_tolerance=0.25, use_gpu=True, gpu=0, use_multi_gpu=False, devices='0,1,2,3', p_hidden_dims=[128, 128], p_hidden_layers=2, steps_per_day=1)
Use GPU: cuda:0
>>>>>>>start training : long_term_forecast_camel_pems08_d_96_96_CAMEL_custom_ftM_sl96_ll48_pl96_dm512_nh8_el2_dl1_df2048_fc3_ebtimeF_dtTrue_srate1.0_sseed7_trainseed2024_gap365_Exp_0>>>>>>>>>>>>>>>>>>>>>>>>>>
train 5703
val 748
test 1589
loss: 0.5965 | [█████████████████---------------------------------]
	iters: 100, epoch: 1 | loss: 1.4165702
	speed: 0.0984s/iter; left time: 3491.5767s
Epoch: 1 cost time: 15.235561847686768
loss: 0.5199 | [███████████████-----------------------------------]
loss: 0.5349 | [████████████████----------------------------------]
loss: 1.2285 | [████████████████████████████████████--------------]
loss: 0.8150 | [████████████████████████--------------------------]
loss: 1.0775 | [████████████████████████████████------------------]
loss: 0.5846 | [█████████████████---------------------------------]
loss: 0.5320 | [███████████████-----------------------------------]
loss: 0.6321 | [██████████████████--------------------------------]
loss: 0.6228 | [██████████████████--------------------------------]
loss: 0.8082 | [████████████████████████--------------------------]
loss: 0.9726 | [█████████████████████████████---------------------]
loss: 0.9484 | [████████████████████████████----------------------]
loss: 0.8227 | [████████████████████████--------------------------]
loss: 0.7705 | [███████████████████████---------------------------]
loss: 0.8489 | [█████████████████████████-------------------------]
loss: 0.9191 | [███████████████████████████-----------------------]
Epoch: 1, Steps: 178 | Train Loss: 2.3047574 Vali Loss: 0.6420733 Test Loss: 0.9886822
Validation loss decreased (inf --> 0.642073).  Saving model ...
loss: 0.5293 | [███████████████-----------------------------------]
	iters: 100, epoch: 2 | loss: 0.7851590
	speed: 0.5998s/iter; left time: 21186.2176s
loss: 0.4453 | [█████████████-------------------------------------]
Epoch: 2 cost time: 15.24805736541748
loss: 0.6669 | [████████████████████------------------------------]
loss: 0.4780 | [██████████████------------------------------------]
loss: 1.3810 | [█████████████████████████████████████████---------]
loss: 0.7790 | [███████████████████████---------------------------]
loss: 1.1231 | [█████████████████████████████████-----------------]
loss: 0.4976 | [██████████████------------------------------------]
loss: 0.5059 | [███████████████-----------------------------------]
loss: 0.5729 | [█████████████████---------------------------------]
loss: 0.6493 | [███████████████████-------------------------------]
loss: 0.7738 | [███████████████████████---------------------------]
loss: 0.9503 | [████████████████████████████----------------------]
loss: 1.0117 | [██████████████████████████████--------------------]
loss: 0.8183 | [████████████████████████--------------------------]
loss: 0.7036 | [█████████████████████-----------------------------]
loss: 0.8502 | [█████████████████████████-------------------------]
loss: 0.8893 | [██████████████████████████------------------------]
Epoch: 2, Steps: 178 | Train Loss: 0.8248194 Vali Loss: 0.5117624 Test Loss: 0.8586447
Validation loss decreased (0.642073 --> 0.511762).  Saving model ...
loss: 0.4751 | [██████████████------------------------------------]
	iters: 100, epoch: 3 | loss: 0.6368279
	speed: 0.5845s/iter; left time: 20541.3340s
loss: 0.4310 | [████████████--------------------------------------]
Epoch: 3 cost time: 14.430259943008423
loss: 0.6997 | [████████████████████------------------------------]
loss: 0.4317 | [████████████--------------------------------------]
loss: 1.1477 | [██████████████████████████████████----------------]
loss: 0.7746 | [███████████████████████---------------------------]
loss: 1.1199 | [█████████████████████████████████-----------------]
loss: 0.4931 | [██████████████------------------------------------]
loss: 0.4623 | [█████████████-------------------------------------]
loss: 0.5787 | [█████████████████---------------------------------]
loss: 0.7945 | [███████████████████████---------------------------]
loss: 0.6852 | [████████████████████------------------------------]
loss: 1.1087 | [█████████████████████████████████-----------------]
loss: 0.9284 | [███████████████████████████-----------------------]
loss: 0.7486 | [██████████████████████----------------------------]
loss: 0.6855 | [████████████████████------------------------------]
loss: 0.9405 | [████████████████████████████----------------------]
loss: 0.9075 | [███████████████████████████-----------------------]
Epoch: 3, Steps: 178 | Train Loss: 0.6365025 Vali Loss: 0.5019629 Test Loss: 0.8482200
Validation loss decreased (0.511762 --> 0.501963).  Saving model ...
loss: 0.4942 | [██████████████------------------------------------]
	iters: 100, epoch: 4 | loss: 0.5520416
	speed: 0.5706s/iter; left time: 19952.2688s
loss: 0.4475 | [█████████████-------------------------------------]
Epoch: 4 cost time: 14.228976249694824
loss: 0.7639 | [██████████████████████----------------------------]
loss: 0.4627 | [█████████████-------------------------------------]
loss: 0.6711 | [████████████████████------------------------------]
loss: 0.8494 | [█████████████████████████-------------------------]
loss: 1.1114 | [█████████████████████████████████-----------------]
loss: 0.4996 | [██████████████------------------------------------]
loss: 0.4938 | [██████████████------------------------------------]
loss: 0.5714 | [█████████████████---------------------------------]
loss: 0.7835 | [███████████████████████---------------------------]
loss: 0.6979 | [████████████████████------------------------------]
loss: 1.0978 | [████████████████████████████████------------------]
loss: 0.8353 | [█████████████████████████-------------------------]
loss: 0.7654 | [██████████████████████----------------------------]
loss: 0.7164 | [█████████████████████-----------------------------]
loss: 1.0504 | [███████████████████████████████-------------------]
loss: 1.0238 | [██████████████████████████████--------------------]
Epoch: 4, Steps: 178 | Train Loss: 0.5642547 Vali Loss: 0.5238358 Test Loss: 0.8623259
EarlyStopping counter: 1 out of 5
loss: 0.5507 | [████████████████----------------------------------]
	iters: 100, epoch: 5 | loss: 0.5289218
	speed: 0.5709s/iter; left time: 19861.3298s
loss: 0.4256 | [████████████--------------------------------------]
Epoch: 5 cost time: 14.592003583908081
loss: 0.8246 | [████████████████████████--------------------------]
loss: 0.5954 | [█████████████████---------------------------------]
loss: 0.6120 | [██████████████████--------------------------------]
loss: 0.7676 | [███████████████████████---------------------------]
loss: 1.1782 | [███████████████████████████████████---------------]
loss: 0.5057 | [███████████████-----------------------------------]
loss: 0.5376 | [████████████████----------------------------------]
loss: 0.5620 | [████████████████----------------------------------]
loss: 0.7338 | [██████████████████████----------------------------]
loss: 0.8233 | [████████████████████████--------------------------]
loss: 0.9612 | [████████████████████████████----------------------]
loss: 0.7629 | [██████████████████████----------------------------]
loss: 0.8042 | [████████████████████████--------------------------]
loss: 0.7237 | [█████████████████████-----------------------------]
loss: 1.1664 | [██████████████████████████████████----------------]
loss: 1.0897 | [████████████████████████████████------------------]
Epoch: 5, Steps: 178 | Train Loss: 0.5302331 Vali Loss: 0.5324857 Test Loss: 0.8739704
EarlyStopping counter: 2 out of 5
loss: 0.4113 | [████████████--------------------------------------]
	iters: 100, epoch: 6 | loss: 0.5252758
	speed: 0.5666s/iter; left time: 19611.5444s
loss: 0.4182 | [████████████--------------------------------------]
Epoch: 6 cost time: 14.675596475601196
loss: 0.9985 | [█████████████████████████████---------------------]
loss: 0.7124 | [█████████████████████-----------------------------]
loss: 0.7049 | [█████████████████████-----------------------------]
loss: 0.8067 | [████████████████████████--------------------------]
loss: 1.0220 | [██████████████████████████████--------------------]
loss: 0.5186 | [███████████████-----------------------------------]
loss: 0.5602 | [████████████████----------------------------------]
loss: 0.5703 | [█████████████████---------------------------------]
loss: 0.7517 | [██████████████████████----------------------------]
loss: 0.7368 | [██████████████████████----------------------------]
loss: 0.9908 | [█████████████████████████████---------------------]
loss: 0.6975 | [████████████████████------------------------------]
loss: 0.8567 | [█████████████████████████-------------------------]
loss: 0.7187 | [█████████████████████-----------------------------]
loss: 1.0104 | [██████████████████████████████--------------------]
loss: 0.9075 | [███████████████████████████-----------------------]
Epoch: 6, Steps: 178 | Train Loss: 0.5115126 Vali Loss: 0.5077168 Test Loss: 0.8489001
EarlyStopping counter: 3 out of 5
loss: 0.5107 | [███████████████-----------------------------------]
	iters: 100, epoch: 7 | loss: 0.5122696
	speed: 0.5695s/iter; left time: 19608.5147s
loss: 0.4645 | [█████████████-------------------------------------]
Epoch: 7 cost time: 13.875345706939697
loss: 0.7077 | [█████████████████████-----------------------------]
loss: 0.8857 | [██████████████████████████------------------------]
loss: 0.7675 | [███████████████████████---------------------------]
loss: 0.8395 | [█████████████████████████-------------------------]
loss: 0.8804 | [██████████████████████████------------------------]
loss: 0.5235 | [███████████████-----------------------------------]
loss: 0.5276 | [███████████████-----------------------------------]
loss: 0.5625 | [████████████████----------------------------------]
loss: 0.7756 | [███████████████████████---------------------------]
loss: 0.6931 | [████████████████████------------------------------]
loss: 0.9224 | [███████████████████████████-----------------------]
loss: 0.6937 | [████████████████████------------------------------]
loss: 0.9162 | [███████████████████████████-----------------------]
loss: 0.6683 | [████████████████████------------------------------]
loss: 0.9735 | [█████████████████████████████---------------------]
loss: 0.8802 | [██████████████████████████------------------------]
Epoch: 7, Steps: 178 | Train Loss: 0.4998217 Vali Loss: 0.4764972 Test Loss: 0.8142473
Validation loss decreased (0.501963 --> 0.476497).  Saving model ...
loss: 0.4480 | [█████████████-------------------------------------]
	iters: 100, epoch: 8 | loss: 0.4745863
	speed: 0.5671s/iter; left time: 19427.5480s
loss: 0.3972 | [███████████---------------------------------------]
Epoch: 8 cost time: 14.523359060287476
loss: 0.6812 | [████████████████████------------------------------]
loss: 0.9679 | [█████████████████████████████---------------------]
loss: 0.6828 | [████████████████████------------------------------]
loss: 0.8784 | [██████████████████████████------------------------]
loss: 0.6990 | [████████████████████------------------------------]
loss: 0.5214 | [███████████████-----------------------------------]
loss: 0.4819 | [██████████████------------------------------------]
loss: 0.5564 | [████████████████----------------------------------]
loss: 0.7372 | [██████████████████████----------------------------]
loss: 0.7845 | [███████████████████████---------------------------]
loss: 0.9384 | [████████████████████████████----------------------]
loss: 0.6540 | [███████████████████-------------------------------]
loss: 0.9568 | [████████████████████████████----------------------]
loss: 0.7034 | [█████████████████████-----------------------------]
loss: 0.7494 | [██████████████████████----------------------------]
loss: 0.7965 | [███████████████████████---------------------------]
Epoch: 8, Steps: 178 | Train Loss: 0.4912156 Vali Loss: 0.4497198 Test Loss: 0.7904270
Validation loss decreased (0.476497 --> 0.449720).  Saving model ...
loss: 0.4902 | [██████████████------------------------------------]
	iters: 100, epoch: 9 | loss: 0.4946093
	speed: 0.5698s/iter; left time: 19417.0945s
Epoch: 9 cost time: 14.989455938339233
loss: 0.3806 | [███████████---------------------------------------]
loss: 0.5905 | [█████████████████---------------------------------]
loss: 1.0242 | [██████████████████████████████--------------------]
loss: 0.6615 | [███████████████████-------------------------------]
loss: 0.9561 | [████████████████████████████----------------------]
loss: 0.6228 | [██████████████████--------------------------------]
loss: 0.4889 | [██████████████------------------------------------]
loss: 0.4571 | [█████████████-------------------------------------]
loss: 0.5541 | [████████████████----------------------------------]
loss: 0.7206 | [█████████████████████-----------------------------]
loss: 0.7890 | [███████████████████████---------------------------]
loss: 0.9729 | [█████████████████████████████---------------------]
loss: 0.6767 | [████████████████████------------------------------]
loss: 0.6921 | [████████████████████------------------------------]
loss: 0.6793 | [████████████████████------------------------------]
loss: 0.7303 | [█████████████████████-----------------------------]
loss: 0.7698 | [███████████████████████---------------------------]
Epoch: 9, Steps: 178 | Train Loss: 0.4843328 Vali Loss: 0.4315502 Test Loss: 0.7666121
Validation loss decreased (0.449720 --> 0.431550).  Saving model ...
loss: 0.4422 | [█████████████-------------------------------------]
	iters: 100, epoch: 10 | loss: 0.4301843
	speed: 0.6052s/iter; left time: 20515.6185s
Epoch: 10 cost time: 14.595113277435303
loss: 0.4122 | [████████████--------------------------------------]
loss: 0.4773 | [██████████████------------------------------------]
loss: 1.1183 | [█████████████████████████████████-----------------]
loss: 0.6722 | [████████████████████------------------------------]
loss: 1.0006 | [██████████████████████████████--------------------]
loss: 0.5369 | [████████████████----------------------------------]
loss: 0.4615 | [█████████████-------------------------------------]
loss: 0.5376 | [████████████████----------------------------------]
loss: 0.5773 | [█████████████████---------------------------------]
loss: 0.7064 | [█████████████████████-----------------------------]
loss: 0.8176 | [████████████████████████--------------------------]
loss: 0.9086 | [███████████████████████████-----------------------]
loss: 0.7072 | [█████████████████████-----------------------------]
loss: 0.6742 | [████████████████████------------------------------]
loss: 0.7067 | [█████████████████████-----------------------------]
loss: 0.8214 | [████████████████████████--------------------------]
loss: 0.6993 | [████████████████████------------------------------]
Epoch: 10, Steps: 178 | Train Loss: 0.4787696 Vali Loss: 0.4284832 Test Loss: 0.7667030
Validation loss decreased (0.431550 --> 0.428483).  Saving model ...
loss: 0.4024 | [████████████--------------------------------------]
	iters: 100, epoch: 11 | loss: 0.4319006
	speed: 0.5652s/iter; left time: 19059.8988s
Epoch: 11 cost time: 14.157020807266235
loss: 0.4082 | [████████████--------------------------------------]
loss: 0.4543 | [█████████████-------------------------------------]
loss: 1.1906 | [███████████████████████████████████---------------]
loss: 0.7187 | [█████████████████████-----------------------------]
loss: 1.0334 | [███████████████████████████████-------------------]
loss: 0.4622 | [█████████████-------------------------------------]
loss: 0.4767 | [██████████████------------------------------------]
loss: 0.5922 | [█████████████████---------------------------------]
loss: 0.5593 | [████████████████----------------------------------]
loss: 0.7138 | [█████████████████████-----------------------------]
loss: 0.8868 | [██████████████████████████------------------------]
loss: 0.8265 | [████████████████████████--------------------------]
loss: 0.7186 | [█████████████████████-----------------------------]
loss: 0.6582 | [███████████████████-------------------------------]
loss: 0.7681 | [███████████████████████---------------------------]
loss: 0.8558 | [█████████████████████████-------------------------]
Epoch: 11, Steps: 178 | Train Loss: 0.4743804 Vali Loss: 0.4345908 Test Loss: 0.7674992
EarlyStopping counter: 1 out of 5
loss: 0.4374 | [█████████████-------------------------------------]
	iters: 100, epoch: 12 | loss: 0.4798331
	speed: 0.5669s/iter; left time: 19016.6473s
loss: 0.4451 | [█████████████-------------------------------------]
Epoch: 12 cost time: 13.708423376083374
loss: 0.6273 | [██████████████████--------------------------------]
loss: 0.4389 | [█████████████-------------------------------------]
loss: 1.3497 | [████████████████████████████████████████----------]
loss: 0.7268 | [█████████████████████-----------------------------]
loss: 1.0708 | [████████████████████████████████------------------]
loss: 0.4250 | [████████████--------------------------------------]
loss: 0.4601 | [█████████████-------------------------------------]
loss: 0.5427 | [████████████████----------------------------------]
loss: 0.5973 | [█████████████████---------------------------------]
loss: 0.7358 | [██████████████████████----------------------------]
loss: 0.9251 | [███████████████████████████-----------------------]
loss: 0.9088 | [███████████████████████████-----------------------]
loss: 0.7416 | [██████████████████████----------------------------]
loss: 0.6522 | [███████████████████-------------------------------]
loss: 0.8192 | [████████████████████████--------------------------]
loss: 0.8421 | [█████████████████████████-------------------------]
Epoch: 12, Steps: 178 | Train Loss: 0.4705155 Vali Loss: 0.4274773 Test Loss: 0.7629466
Validation loss decreased (0.428483 --> 0.427477).  Saving model ...
loss: 0.4820 | [██████████████------------------------------------]
	iters: 100, epoch: 13 | loss: 0.4365265
	speed: 0.5777s/iter; left time: 19276.3676s
loss: 0.4147 | [████████████--------------------------------------]
Epoch: 13 cost time: 14.522067070007324
loss: 0.6751 | [████████████████████------------------------------]
loss: 0.4068 | [████████████--------------------------------------]
loss: 1.0671 | [████████████████████████████████------------------]
loss: 0.7551 | [██████████████████████----------------------------]
loss: 1.1076 | [█████████████████████████████████-----------------]
loss: 0.4492 | [█████████████-------------------------------------]
loss: 0.4467 | [█████████████-------------------------------------]
loss: 0.5660 | [████████████████----------------------------------]
loss: 0.7623 | [██████████████████████----------------------------]
loss: 0.6284 | [██████████████████--------------------------------]
loss: 1.0904 | [████████████████████████████████------------------]
loss: 0.8593 | [█████████████████████████-------------------------]
loss: 0.7459 | [██████████████████████----------------------------]
loss: 0.6389 | [███████████████████-------------------------------]
loss: 0.9225 | [███████████████████████████-----------------------]
loss: 0.8963 | [██████████████████████████------------------------]
Epoch: 13, Steps: 178 | Train Loss: 0.4673402 Vali Loss: 0.4203117 Test Loss: 0.7530777
Validation loss decreased (0.427477 --> 0.420312).  Saving model ...
loss: 0.4644 | [█████████████-------------------------------------]
	iters: 100, epoch: 14 | loss: 0.4247436
	speed: 0.5575s/iter; left time: 18502.6534s
loss: 0.4060 | [████████████--------------------------------------]
Epoch: 14 cost time: 13.806123971939087
loss: 0.7412 | [██████████████████████----------------------------]
loss: 0.4381 | [█████████████-------------------------------------]
loss: 0.6328 | [██████████████████--------------------------------]
loss: 0.8211 | [████████████████████████--------------------------]
loss: 1.0888 | [████████████████████████████████------------------]
loss: 0.4722 | [██████████████------------------------------------]
loss: 0.4758 | [██████████████------------------------------------]
loss: 0.5549 | [████████████████----------------------------------]
loss: 0.7569 | [██████████████████████----------------------------]
loss: 0.6635 | [███████████████████-------------------------------]
loss: 1.0707 | [████████████████████████████████------------------]
loss: 0.7839 | [███████████████████████---------------------------]
loss: 0.7417 | [██████████████████████----------------------------]
loss: 0.7114 | [█████████████████████-----------------------------]
loss: 1.0443 | [███████████████████████████████-------------------]
loss: 1.0055 | [██████████████████████████████--------------------]
Epoch: 14, Steps: 178 | Train Loss: 0.4647826 Vali Loss: 0.4183815 Test Loss: 0.7470206
Validation loss decreased (0.420312 --> 0.418382).  Saving model ...
loss: 0.4151 | [████████████--------------------------------------]
	iters: 100, epoch: 15 | loss: 0.4440761
	speed: 0.5645s/iter; left time: 18632.1280s
loss: 0.4544 | [█████████████-------------------------------------]
Epoch: 15 cost time: 14.183987855911255
loss: 0.8122 | [████████████████████████--------------------------]
loss: 0.5748 | [█████████████████---------------------------------]
loss: 0.5903 | [█████████████████---------------------------------]
loss: 0.7543 | [██████████████████████----------------------------]
loss: 1.1753 | [███████████████████████████████████---------------]
loss: 0.4919 | [██████████████------------------------------------]
loss: 0.5129 | [███████████████-----------------------------------]
loss: 0.5430 | [████████████████----------------------------------]
loss: 0.7116 | [█████████████████████-----------------------------]
loss: 0.7934 | [███████████████████████---------------------------]
loss: 0.9347 | [████████████████████████████----------------------]
loss: 0.7025 | [█████████████████████-----------------------------]
loss: 0.7796 | [███████████████████████---------------------------]
loss: 0.7030 | [█████████████████████-----------------------------]
loss: 1.1657 | [██████████████████████████████████----------------]
loss: 1.0601 | [███████████████████████████████-------------------]
Epoch: 15, Steps: 178 | Train Loss: 0.4624310 Vali Loss: 0.4154660 Test Loss: 0.7438957
Validation loss decreased (0.418382 --> 0.415466).  Saving model ...
loss: 0.4796 | [██████████████------------------------------------]
	iters: 100, epoch: 16 | loss: 0.4818910
	speed: 0.5656s/iter; left time: 18567.7354s
loss: 0.4029 | [████████████--------------------------------------]
Epoch: 16 cost time: 13.585591077804565
loss: 0.9981 | [█████████████████████████████---------------------]
loss: 0.6923 | [████████████████████------------------------------]
loss: 0.7071 | [█████████████████████-----------------------------]
loss: 0.7962 | [███████████████████████---------------------------]
loss: 1.0060 | [██████████████████████████████--------------------]
loss: 0.5101 | [███████████████-----------------------------------]
loss: 0.5616 | [████████████████----------------------------------]
loss: 0.5764 | [█████████████████---------------------------------]
loss: 0.7416 | [██████████████████████----------------------------]
loss: 0.7209 | [█████████████████████-----------------------------]
loss: 0.9680 | [█████████████████████████████---------------------]
loss: 0.6713 | [████████████████████------------------------------]
loss: 0.8427 | [█████████████████████████-------------------------]
loss: 0.7048 | [█████████████████████-----------------------------]
loss: 1.0078 | [██████████████████████████████--------------------]
loss: 0.9070 | [███████████████████████████-----------------------]
Epoch: 16, Steps: 178 | Train Loss: 0.4605884 Vali Loss: 0.4187331 Test Loss: 0.7507734
EarlyStopping counter: 1 out of 5
loss: 0.4421 | [█████████████-------------------------------------]
	iters: 100, epoch: 17 | loss: 0.4444321
	speed: 0.5656s/iter; left time: 18467.9830s
loss: 0.4320 | [████████████--------------------------------------]
Epoch: 17 cost time: 14.50815463066101
loss: 0.6828 | [████████████████████------------------------------]
loss: 0.8805 | [██████████████████████████------------------------]
loss: 0.7639 | [██████████████████████----------------------------]
loss: 0.8380 | [█████████████████████████-------------------------]
loss: 0.8568 | [█████████████████████████-------------------------]
loss: 0.5060 | [███████████████-----------------------------------]
loss: 0.5042 | [███████████████-----------------------------------]
loss: 0.5403 | [████████████████----------------------------------]
loss: 0.7510 | [██████████████████████----------------------------]
loss: 0.6593 | [███████████████████-------------------------------]
loss: 0.9029 | [███████████████████████████-----------------------]
loss: 0.6546 | [███████████████████-------------------------------]
loss: 0.8956 | [██████████████████████████------------------------]
loss: 0.6442 | [███████████████████-------------------------------]
loss: 0.9611 | [████████████████████████████----------------------]
loss: 0.8609 | [█████████████████████████-------------------------]
Epoch: 17, Steps: 178 | Train Loss: 0.4588919 Vali Loss: 0.4201885 Test Loss: 0.7426080
EarlyStopping counter: 2 out of 5
loss: 0.4313 | [████████████--------------------------------------]
	iters: 100, epoch: 18 | loss: 0.4389643
	speed: 0.5607s/iter; left time: 18207.6364s
loss: 0.3935 | [███████████---------------------------------------]
Epoch: 18 cost time: 14.457878828048706
loss: 0.6580 | [███████████████████-------------------------------]
loss: 0.9716 | [█████████████████████████████---------------------]
loss: 0.6994 | [████████████████████------------------------------]
loss: 0.8750 | [██████████████████████████------------------------]
loss: 0.6919 | [████████████████████------------------------------]
loss: 0.5184 | [███████████████-----------------------------------]
loss: 0.4690 | [██████████████------------------------------------]
loss: 0.5353 | [████████████████----------------------------------]
loss: 0.7277 | [█████████████████████-----------------------------]
loss: 0.7667 | [██████████████████████----------------------------]
loss: 0.9146 | [███████████████████████████-----------------------]
loss: 0.6295 | [██████████████████--------------------------------]
loss: 0.9523 | [████████████████████████████----------------------]
loss: 0.6850 | [████████████████████------------------------------]
loss: 0.7407 | [██████████████████████----------------------------]
loss: 0.7887 | [███████████████████████---------------------------]
Epoch: 18, Steps: 178 | Train Loss: 0.4572477 Vali Loss: 0.4185813 Test Loss: 0.7412531
EarlyStopping counter: 3 out of 5
loss: 0.4339 | [█████████████-------------------------------------]
	iters: 100, epoch: 19 | loss: 0.4624004
	speed: 0.5583s/iter; left time: 18030.2333s
Epoch: 19 cost time: 13.746973037719727
loss: 0.4398 | [█████████████-------------------------------------]
loss: 0.7000 | [████████████████████------------------------------]
loss: 1.1343 | [██████████████████████████████████----------------]
loss: 0.8034 | [████████████████████████--------------------------]
loss: 1.1038 | [█████████████████████████████████-----------------]
loss: 0.8005 | [████████████████████████--------------------------]
loss: 0.6587 | [███████████████████-------------------------------]
loss: 0.6908 | [████████████████████------------------------------]
loss: 0.7638 | [██████████████████████----------------------------]
loss: 0.9065 | [███████████████████████████-----------------------]
loss: 0.9213 | [███████████████████████████-----------------------]
loss: 1.1662 | [██████████████████████████████████----------------]
loss: 0.8908 | [██████████████████████████------------------------]
loss: 0.7750 | [███████████████████████---------------------------]
loss: 0.8356 | [█████████████████████████-------------------------]
loss: 0.9374 | [████████████████████████████----------------------]
loss: 0.9727 | [█████████████████████████████---------------------]
Epoch: 19, Steps: 178 | Train Loss: 0.4428907 Vali Loss: 0.4416316 Test Loss: 0.9014444
EarlyStopping counter: 4 out of 5
loss: 0.4055 | [████████████--------------------------------------]
	iters: 100, epoch: 20 | loss: 0.3931766
	speed: 0.5659s/iter; left time: 18176.5728s
Epoch: 20 cost time: 13.447895526885986
loss: 0.5040 | [███████████████-----------------------------------]
loss: 0.7295 | [█████████████████████-----------------------------]
loss: 1.3381 | [████████████████████████████████████████----------]
loss: 0.9432 | [████████████████████████████----------------------]
loss: 1.2519 | [█████████████████████████████████████-------------]
loss: 0.8822 | [██████████████████████████------------------------]
loss: 0.8098 | [████████████████████████--------------------------]
loss: 0.8933 | [██████████████████████████------------------------]
loss: 0.9386 | [████████████████████████████----------------------]
loss: 1.0756 | [████████████████████████████████------------------]
loss: 1.1960 | [███████████████████████████████████---------------]
loss: 1.2672 | [██████████████████████████████████████------------]
loss: 1.0916 | [████████████████████████████████------------------]
loss: 0.9278 | [███████████████████████████-----------------------]
loss: 1.1119 | [█████████████████████████████████-----------------]
loss: 1.1621 | [██████████████████████████████████----------------]
loss: 1.0406 | [███████████████████████████████-------------------]
Epoch: 20, Steps: 178 | Train Loss: 0.3953162 Vali Loss: 0.5052760 Test Loss: 1.0599380
EarlyStopping counter: 5 out of 5
Early stopping
>>>>>>>testing : long_term_forecast_camel_pems08_d_96_96_CAMEL_custom_ftM_sl96_ll48_pl96_dm512_nh8_el2_dl1_df2048_fc3_ebtimeF_dtTrue_srate1.0_sseed7_trainseed2024_gap365_Exp_0<<<<<<<<<<<<<<<<<<<<<<<<<<<<<<<<<
test 1589
mse:0.7337639331817627, mae:0.5308893322944641
>>>>>>>Overall time: 1185 seconds<<<<<<<<<<<<<<<<<<<<<<<<<<<<<<<<<
