Args in experiment:
Namespace(samle_rate=1.0, sample_seed=7, train_seed=2024, gap_day=365, task_name='long_term_forecast', is_training=1, model_id='camel_pems04_d_96_96_aab', model='CAMEL', data='custom', root_path='/home/cyrilyuan/projects/XXLTraffic-main/data/pems/', data_path='pems04_d.csv', features='M', target='', freq='h', checkpoints='./checkpoints/', seq_len=96, label_len=48, pred_len=96, seasonal_patterns='Monthly', inverse=False, mask_rate=0.25, anomaly_ratio=0.25, expand=2, d_conv=4, top_k=5, num_kernels=6, enc_in=822, dec_in=822, c_out=822, d_model=512, n_heads=8, e_layers=2, d_layers=1, d_ff=2048, moving_avg=25, factor=3, distil=True, dropout=0.3, embed='timeF', activation='gelu', output_attention=False, num_workers=10, itr=1, train_epochs=200, batch_size=32, patience=5, learning_rate=0.0005, des='Exp', loss='MSE', lradj='type3', use_amp=False, enable_camel=False, camel_gap_years=1.5, camel_memory_size=2048, camel_k_retrieve=8, camel_latent_dim=32, camel_d_model=32, camel_use_nll=False, lambda_mem=0.0, lambda_ode=0.005, lambda_smooth=0.0, camel_min_year_gap=1.0, camel_gap_tolerance=0.25, use_gpu=True, gpu=0, use_multi_gpu=False, devices='0,1,2,3', p_hidden_dims=[128, 128], p_hidden_layers=2, steps_per_day=1)
Use GPU: cuda:0
>>>>>>>start training : long_term_forecast_camel_pems04_d_96_96_aab_CAMEL_custom_ftM_sl96_ll48_pl96_dm512_nh8_el2_dl1_df2048_fc3_ebtimeF_dtTrue_srate1.0_sseed7_trainseed2024_gap365_Exp_0>>>>>>>>>>>>>>>>>>>>>>>>>>
train 5383
val 703
test 1497
loss: 0.6643 | [███████████████████-------------------------------]
	iters: 100, epoch: 1 | loss: 0.9964971
	speed: 0.1661s/iter; left time: 5562.9611s
Epoch: 1 cost time: 25.489103078842163
loss: 0.4307 | [████████████--------------------------------------]
loss: 3.3242 | [██████████████████████████████████████████████████]
loss: 0.4975 | [██████████████------------------------------------]
loss: 0.3833 | [███████████---------------------------------------]
loss: 0.3543 | [██████████----------------------------------------]
loss: 0.2800 | [████████------------------------------------------]
loss: 0.2295 | [██████--------------------------------------------]
loss: 0.4003 | [████████████--------------------------------------]
loss: 0.7274 | [█████████████████████-----------------------------]
loss: 0.5566 | [████████████████----------------------------------]
loss: 0.6354 | [███████████████████-------------------------------]
loss: 0.4260 | [████████████--------------------------------------]
loss: 0.3523 | [██████████----------------------------------------]
loss: 0.3389 | [██████████----------------------------------------]
loss: 0.3632 | [██████████----------------------------------------]
Epoch: 1, Steps: 168 | Train Loss: 1.4736437 Vali Loss: 0.5074619 Test Loss: 0.6387422
Validation loss decreased (inf --> 0.507462).  Saving model ...
loss: 0.5410 | [████████████████----------------------------------]
	iters: 100, epoch: 2 | loss: 0.6797956
	speed: 0.6044s/iter; left time: 20147.8424s
loss: 0.5618 | [████████████████----------------------------------]
Epoch: 2 cost time: 24.096802711486816
loss: 0.3835 | [███████████---------------------------------------]
loss: 2.8498 | [██████████████████████████████████████████████████]
loss: 0.3389 | [██████████----------------------------------------]
loss: 0.4309 | [████████████--------------------------------------]
loss: 0.3313 | [█████████-----------------------------------------]
loss: 0.2413 | [███████-------------------------------------------]
loss: 0.2244 | [██████--------------------------------------------]
loss: 0.5615 | [████████████████----------------------------------]
loss: 0.6019 | [██████████████████--------------------------------]
loss: 0.4980 | [██████████████------------------------------------]
loss: 0.5008 | [███████████████-----------------------------------]
loss: 0.3742 | [███████████---------------------------------------]
loss: 0.3279 | [█████████-----------------------------------------]
loss: 0.2800 | [████████------------------------------------------]
loss: 0.3904 | [███████████---------------------------------------]
Epoch: 2, Steps: 168 | Train Loss: 0.6883383 Vali Loss: 0.4181271 Test Loss: 0.5509023
Validation loss decreased (0.507462 --> 0.418127).  Saving model ...
loss: 0.5424 | [████████████████----------------------------------]
	iters: 100, epoch: 3 | loss: 0.5805413
	speed: 0.6110s/iter; left time: 20265.0487s
loss: 0.5975 | [█████████████████---------------------------------]
Epoch: 3 cost time: 23.61424446105957
loss: 0.6496 | [███████████████████-------------------------------]
loss: 0.9590 | [████████████████████████████----------------------]
loss: 0.3200 | [█████████-----------------------------------------]
loss: 0.4426 | [█████████████-------------------------------------]
loss: 0.3247 | [█████████-----------------------------------------]
loss: 0.2233 | [██████--------------------------------------------]
loss: 0.2358 | [███████-------------------------------------------]
loss: 0.6075 | [██████████████████--------------------------------]
loss: 0.4964 | [██████████████------------------------------------]
loss: 0.5438 | [████████████████----------------------------------]
loss: 0.3781 | [███████████---------------------------------------]
loss: 0.3666 | [██████████----------------------------------------]
loss: 0.3257 | [█████████-----------------------------------------]
loss: 0.2498 | [███████-------------------------------------------]
loss: 0.4155 | [████████████--------------------------------------]
Epoch: 3, Steps: 168 | Train Loss: 0.5933242 Vali Loss: 0.3988216 Test Loss: 0.5369954
Validation loss decreased (0.418127 --> 0.398822).  Saving model ...
loss: 0.4502 | [█████████████-------------------------------------]
	iters: 100, epoch: 4 | loss: 0.5513107
	speed: 0.6128s/iter; left time: 20222.1316s
loss: 0.4318 | [████████████--------------------------------------]
Epoch: 4 cost time: 23.046895742416382
loss: 1.1542 | [██████████████████████████████████----------------]
loss: 0.4455 | [█████████████-------------------------------------]
loss: 0.3174 | [█████████-----------------------------------------]
loss: 0.4517 | [█████████████-------------------------------------]
loss: 0.3671 | [███████████---------------------------------------]
loss: 0.2041 | [██████--------------------------------------------]
loss: 0.2639 | [███████-------------------------------------------]
loss: 0.5854 | [█████████████████---------------------------------]
loss: 0.5889 | [█████████████████---------------------------------]
loss: 0.4793 | [██████████████------------------------------------]
loss: 0.3678 | [███████████---------------------------------------]
loss: 0.3642 | [██████████----------------------------------------]
loss: 0.3279 | [█████████-----------------------------------------]
loss: 0.2245 | [██████--------------------------------------------]
loss: 0.3845 | [███████████---------------------------------------]
Epoch: 4, Steps: 168 | Train Loss: 0.5549365 Vali Loss: 0.4009289 Test Loss: 0.5334868
EarlyStopping counter: 1 out of 5
loss: 0.5415 | [████████████████----------------------------------]
	iters: 100, epoch: 5 | loss: 0.5783776
	speed: 0.6288s/iter; left time: 20643.3604s
loss: 0.4508 | [█████████████-------------------------------------]
Epoch: 5 cost time: 23.508209705352783
loss: 1.7628 | [██████████████████████████████████████████████████]
loss: 0.4739 | [██████████████------------------------------------]
loss: 0.3262 | [█████████-----------------------------------------]
loss: 0.4213 | [████████████--------------------------------------]
loss: 0.3395 | [██████████----------------------------------------]
loss: 0.2157 | [██████--------------------------------------------]
loss: 0.2722 | [████████------------------------------------------]
loss: 0.6056 | [██████████████████--------------------------------]
loss: 0.6091 | [██████████████████--------------------------------]
loss: 0.4795 | [██████████████------------------------------------]
loss: 0.4307 | [████████████--------------------------------------]
loss: 0.3238 | [█████████-----------------------------------------]
loss: 0.3468 | [██████████----------------------------------------]
loss: 0.2239 | [██████--------------------------------------------]
loss: 0.3548 | [██████████----------------------------------------]
Epoch: 5, Steps: 168 | Train Loss: 0.5370530 Vali Loss: 0.3977995 Test Loss: 0.5263565
Validation loss decreased (0.398822 --> 0.397800).  Saving model ...
loss: 0.5737 | [█████████████████---------------------------------]
	iters: 100, epoch: 6 | loss: 0.6226733
	speed: 0.6256s/iter; left time: 20431.8870s
Epoch: 6 cost time: 25.82965111732483
loss: 0.3620 | [██████████----------------------------------------]
loss: 2.3049 | [██████████████████████████████████████████████████]
loss: 0.5322 | [███████████████-----------------------------------]
loss: 0.3186 | [█████████-----------------------------------------]
loss: 0.4275 | [████████████--------------------------------------]
loss: 0.3162 | [█████████-----------------------------------------]
loss: 0.2026 | [██████--------------------------------------------]
loss: 0.3149 | [█████████-----------------------------------------]
loss: 0.5828 | [█████████████████---------------------------------]
loss: 0.5383 | [████████████████----------------------------------]
loss: 0.4925 | [██████████████------------------------------------]
loss: 0.4033 | [████████████--------------------------------------]
loss: 0.3138 | [█████████-----------------------------------------]
loss: 0.3070 | [█████████-----------------------------------------]
loss: 0.2527 | [███████-------------------------------------------]
loss: 0.3139 | [█████████-----------------------------------------]
Epoch: 6, Steps: 168 | Train Loss: 0.5270036 Vali Loss: 0.3870061 Test Loss: 0.5213068
Validation loss decreased (0.397800 --> 0.387006).  Saving model ...
loss: 0.5933 | [█████████████████---------------------------------]
	iters: 100, epoch: 7 | loss: 0.5541143
	speed: 0.6379s/iter; left time: 20726.0923s
Epoch: 7 cost time: 23.483773946762085
loss: 0.3482 | [██████████----------------------------------------]
loss: 2.7140 | [██████████████████████████████████████████████████]
loss: 0.4951 | [██████████████------------------------------------]
loss: 0.3367 | [██████████----------------------------------------]
loss: 0.3222 | [█████████-----------------------------------------]
loss: 0.3386 | [██████████----------------------------------------]
loss: 0.1950 | [█████---------------------------------------------]
loss: 0.3647 | [██████████----------------------------------------]
loss: 0.6018 | [██████████████████--------------------------------]
loss: 0.5326 | [███████████████-----------------------------------]
loss: 0.4947 | [██████████████------------------------------------]
loss: 0.3653 | [██████████----------------------------------------]
loss: 0.3236 | [█████████-----------------------------------------]
loss: 0.3109 | [█████████-----------------------------------------]
loss: 0.2811 | [████████------------------------------------------]
loss: 0.2711 | [████████------------------------------------------]
Epoch: 7, Steps: 168 | Train Loss: 0.5206635 Vali Loss: 0.3753137 Test Loss: 0.5100999
Validation loss decreased (0.387006 --> 0.375314).  Saving model ...
loss: 0.5148 | [███████████████-----------------------------------]
	iters: 100, epoch: 8 | loss: 0.4826202
	speed: 0.6232s/iter; left time: 20144.1294s
Epoch: 8 cost time: 24.199206352233887
loss: 0.3575 | [██████████----------------------------------------]
loss: 3.0522 | [██████████████████████████████████████████████████]
loss: 0.4977 | [██████████████------------------------------------]
loss: 0.3495 | [██████████----------------------------------------]
loss: 0.3191 | [█████████-----------------------------------------]
loss: 0.2483 | [███████-------------------------------------------]
loss: 0.2229 | [██████--------------------------------------------]
loss: 0.3618 | [██████████----------------------------------------]
loss: 0.6562 | [███████████████████-------------------------------]
loss: 0.5253 | [███████████████-----------------------------------]
loss: 0.5322 | [███████████████-----------------------------------]
loss: 0.3777 | [███████████---------------------------------------]
loss: 0.3188 | [█████████-----------------------------------------]
loss: 0.2925 | [████████------------------------------------------]
loss: 0.3067 | [█████████-----------------------------------------]
Epoch: 8, Steps: 168 | Train Loss: 0.5163214 Vali Loss: 0.3755113 Test Loss: 0.5079730
EarlyStopping counter: 1 out of 5
loss: 0.5433 | [████████████████----------------------------------]
	iters: 100, epoch: 9 | loss: 0.4160517
	speed: 0.6475s/iter; left time: 20822.8989s
loss: 0.5410 | [████████████████----------------------------------]
Epoch: 9 cost time: 23.83658266067505
loss: 0.3497 | [██████████----------------------------------------]
loss: 3.1244 | [██████████████████████████████████████████████████]
loss: 0.3352 | [██████████----------------------------------------]
loss: 0.4236 | [████████████--------------------------------------]
loss: 0.3050 | [█████████-----------------------------------------]
loss: 0.2373 | [███████-------------------------------------------]
loss: 0.2116 | [██████--------------------------------------------]
loss: 0.5323 | [███████████████-----------------------------------]
loss: 0.5811 | [█████████████████---------------------------------]
loss: 0.4686 | [██████████████------------------------------------]
loss: 0.4927 | [██████████████------------------------------------]
loss: 0.3285 | [█████████-----------------------------------------]
loss: 0.3443 | [██████████----------------------------------------]
loss: 0.2735 | [████████------------------------------------------]
loss: 0.3681 | [███████████---------------------------------------]
Epoch: 9, Steps: 168 | Train Loss: 0.5120650 Vali Loss: 0.3721519 Test Loss: 0.5050981
Validation loss decreased (0.375314 --> 0.372152).  Saving model ...
loss: 0.5150 | [███████████████-----------------------------------]
	iters: 100, epoch: 10 | loss: 0.5425385
	speed: 0.6408s/iter; left time: 20498.5078s
loss: 0.6011 | [██████████████████--------------------------------]
Epoch: 10 cost time: 23.64857006072998
loss: 0.5647 | [████████████████----------------------------------]
loss: 1.1491 | [██████████████████████████████████----------------]
loss: 0.3367 | [██████████----------------------------------------]
loss: 0.4337 | [█████████████-------------------------------------]
loss: 0.3418 | [██████████----------------------------------------]
loss: 0.2470 | [███████-------------------------------------------]
loss: 0.2308 | [██████--------------------------------------------]
loss: 0.5809 | [█████████████████---------------------------------]
loss: 0.5068 | [███████████████-----------------------------------]
loss: 0.6763 | [████████████████████------------------------------]
loss: 0.3487 | [██████████----------------------------------------]
loss: 0.3487 | [██████████----------------------------------------]
loss: 0.3510 | [██████████----------------------------------------]
loss: 0.2663 | [███████-------------------------------------------]
loss: 0.3920 | [███████████---------------------------------------]
Epoch: 10, Steps: 168 | Train Loss: 0.5097049 Vali Loss: 0.3765489 Test Loss: 0.5062892
EarlyStopping counter: 1 out of 5
loss: 0.4547 | [█████████████-------------------------------------]
	iters: 100, epoch: 11 | loss: 0.5520597
	speed: 0.6308s/iter; left time: 20072.4937s
loss: 0.5441 | [████████████████----------------------------------]
Epoch: 11 cost time: 23.60732626914978
loss: 1.0789 | [████████████████████████████████------------------]
loss: 0.4480 | [█████████████-------------------------------------]
loss: 0.3175 | [█████████-----------------------------------------]
loss: 0.4477 | [█████████████-------------------------------------]
loss: 0.3664 | [██████████----------------------------------------]
loss: 0.2051 | [██████--------------------------------------------]
loss: 0.2543 | [███████-------------------------------------------]
loss: 0.5768 | [█████████████████---------------------------------]
loss: 0.5946 | [█████████████████---------------------------------]
loss: 0.4700 | [██████████████------------------------------------]
loss: 0.3292 | [█████████-----------------------------------------]
loss: 0.3204 | [█████████-----------------------------------------]
loss: 0.3297 | [█████████-----------------------------------------]
loss: 0.2277 | [██████--------------------------------------------]
loss: 0.3567 | [██████████----------------------------------------]
Epoch: 11, Steps: 168 | Train Loss: 0.5071773 Vali Loss: 0.3716683 Test Loss: 0.5046280
Validation loss decreased (0.372152 --> 0.371668).  Saving model ...
loss: 0.5736 | [█████████████████---------------------------------]
	iters: 100, epoch: 12 | loss: 0.4924440
	speed: 0.6356s/iter; left time: 20118.8779s
loss: 0.4632 | [█████████████-------------------------------------]
Epoch: 12 cost time: 23.734415531158447
loss: 1.6887 | [██████████████████████████████████████████████████]
loss: 0.4581 | [█████████████-------------------------------------]
loss: 0.3386 | [██████████----------------------------------------]
loss: 0.5123 | [███████████████-----------------------------------]
loss: 0.3312 | [█████████-----------------------------------------]
loss: 0.2097 | [██████--------------------------------------------]
loss: 0.2657 | [███████-------------------------------------------]
loss: 0.6218 | [██████████████████--------------------------------]
loss: 0.5778 | [█████████████████---------------------------------]
loss: 0.4706 | [██████████████------------------------------------]
loss: 0.4267 | [████████████--------------------------------------]
loss: 0.3314 | [█████████-----------------------------------------]
loss: 0.3531 | [██████████----------------------------------------]
loss: 0.2373 | [███████-------------------------------------------]
loss: 0.3725 | [███████████---------------------------------------]
Epoch: 12, Steps: 168 | Train Loss: 0.5024267 Vali Loss: 0.3720428 Test Loss: 0.5200268
EarlyStopping counter: 1 out of 5
loss: 0.4652 | [█████████████-------------------------------------]
	iters: 100, epoch: 13 | loss: 0.5714498
	speed: 0.6435s/iter; left time: 20259.7067s
loss: 0.4546 | [█████████████-------------------------------------]
Epoch: 13 cost time: 23.20310950279236
loss: 2.2872 | [██████████████████████████████████████████████████]
loss: 0.4872 | [██████████████------------------------------------]
loss: 0.3754 | [███████████---------------------------------------]
loss: 0.7094 | [█████████████████████-----------------------------]
loss: 0.3227 | [█████████-----------------------------------------]
loss: 0.2305 | [██████--------------------------------------------]
loss: 0.2979 | [████████------------------------------------------]
loss: 0.6156 | [██████████████████--------------------------------]
loss: 0.5501 | [████████████████----------------------------------]
loss: 0.4968 | [██████████████------------------------------------]
loss: 0.4503 | [█████████████-------------------------------------]
loss: 0.3419 | [██████████----------------------------------------]
loss: 0.3422 | [██████████----------------------------------------]
loss: 0.2848 | [████████------------------------------------------]
loss: 0.3404 | [██████████----------------------------------------]
Epoch: 13, Steps: 168 | Train Loss: 0.4756154 Vali Loss: 0.3755852 Test Loss: 0.5536309
EarlyStopping counter: 2 out of 5
loss: 0.4336 | [█████████████-------------------------------------]
	iters: 100, epoch: 14 | loss: 0.3378555
	speed: 0.6573s/iter; left time: 20584.7978s
Epoch: 14 cost time: 26.597245454788208
loss: 0.3582 | [██████████----------------------------------------]
loss: 2.8459 | [██████████████████████████████████████████████████]
loss: 0.5090 | [███████████████-----------------------------------]
loss: 0.4821 | [██████████████------------------------------------]
loss: 0.8109 | [████████████████████████--------------------------]
loss: 0.3362 | [██████████----------------------------------------]
loss: 0.2691 | [████████------------------------------------------]
loss: 0.4644 | [█████████████-------------------------------------]
loss: 0.6975 | [████████████████████------------------------------]
loss: 0.5490 | [████████████████----------------------------------]
loss: 0.5398 | [████████████████----------------------------------]
loss: 0.4879 | [██████████████------------------------------------]
loss: 0.3722 | [███████████---------------------------------------]
loss: 0.3849 | [███████████---------------------------------------]
loss: 0.3498 | [██████████----------------------------------------]
loss: 0.4314 | [████████████--------------------------------------]
Epoch: 14, Steps: 168 | Train Loss: 0.4508979 Vali Loss: 0.3881695 Test Loss: 0.6229893
EarlyStopping counter: 3 out of 5
loss: 0.4831 | [██████████████------------------------------------]
	iters: 100, epoch: 15 | loss: 0.3897294
	speed: 0.6677s/iter; left time: 20796.6458s
Epoch: 15 cost time: 25.202771425247192
loss: 0.4128 | [████████████--------------------------------------]
loss: 3.2219 | [██████████████████████████████████████████████████]
loss: 0.4417 | [█████████████-------------------------------------]
loss: 0.5043 | [███████████████-----------------------------------]
loss: 0.6996 | [████████████████████------------------------------]
loss: 0.3111 | [█████████-----------------------------------------]
loss: 0.2695 | [████████------------------------------------------]
loss: 0.5109 | [███████████████-----------------------------------]
loss: 0.7420 | [██████████████████████----------------------------]
loss: 0.5432 | [████████████████----------------------------------]
loss: 0.5987 | [█████████████████---------------------------------]
loss: 0.4945 | [██████████████------------------------------------]
loss: 0.3869 | [███████████---------------------------------------]
loss: 0.3848 | [███████████---------------------------------------]
loss: 0.4110 | [████████████--------------------------------------]
Epoch: 15, Steps: 168 | Train Loss: 0.4369305 Vali Loss: 0.3894744 Test Loss: 0.6267593
EarlyStopping counter: 4 out of 5
loss: 0.4521 | [█████████████-------------------------------------]
	iters: 100, epoch: 16 | loss: 0.5165676
	speed: 0.6649s/iter; left time: 20598.8700s
loss: 0.3850 | [███████████---------------------------------------]
Epoch: 16 cost time: 24.995741844177246
loss: 0.4088 | [████████████--------------------------------------]
loss: 3.3858 | [██████████████████████████████████████████████████]
loss: 0.4397 | [█████████████-------------------------------------]
loss: 0.6581 | [███████████████████-------------------------------]
loss: 0.5849 | [█████████████████---------------------------------]
loss: 0.3364 | [██████████----------------------------------------]
loss: 0.3297 | [█████████-----------------------------------------]
loss: 0.5376 | [████████████████----------------------------------]
loss: 0.5956 | [█████████████████---------------------------------]
loss: 0.5400 | [████████████████----------------------------------]
loss: 0.6652 | [███████████████████-------------------------------]
loss: 0.4389 | [█████████████-------------------------------------]
loss: 0.3974 | [███████████---------------------------------------]
loss: 0.3946 | [███████████---------------------------------------]
loss: 0.4332 | [████████████--------------------------------------]
Epoch: 16, Steps: 168 | Train Loss: 0.4282530 Vali Loss: 0.3832020 Test Loss: 0.6490204
EarlyStopping counter: 5 out of 5
Early stopping
>>>>>>>testing : long_term_forecast_camel_pems04_d_96_96_aab_CAMEL_custom_ftM_sl96_ll48_pl96_dm512_nh8_el2_dl1_df2048_fc3_ebtimeF_dtTrue_srate1.0_sseed7_trainseed2024_gap365_Exp_0<<<<<<<<<<<<<<<<<<<<<<<<<<<<<<<<<
test 1497
mse:0.49363166093826294, mae:0.4269571304321289
>>>>>>>Overall time: 1061 seconds<<<<<<<<<<<<<<<<<<<<<<<<<<<<<<<<<
