Args in experiment:
Namespace(samle_rate=1.0, sample_seed=7, train_seed=2024, gap_day=365, task_name='long_term_forecast', is_training=1, model_id='camel_pems03_d_96_192', model='CAMEL', data='custom', root_path='/home/cyrilyuan/projects/XXLTraffic-main/data/pems/', data_path='pems03_d.csv', features='M', target='', freq='h', checkpoints='./checkpoints/', seq_len=96, label_len=48, pred_len=192, seasonal_patterns='Monthly', inverse=False, mask_rate=0.25, anomaly_ratio=0.25, expand=2, d_conv=4, top_k=5, num_kernels=6, enc_in=151, dec_in=151, c_out=151, d_model=512, n_heads=8, e_layers=2, d_layers=1, d_ff=2048, moving_avg=25, factor=3, distil=True, dropout=0.3, embed='timeF', activation='gelu', output_attention=False, num_workers=10, itr=1, train_epochs=200, batch_size=32, patience=5, learning_rate=0.0005, des='Exp', loss='MSE', lradj='type3', use_amp=False, enable_camel=False, camel_gap_years=1.5, camel_memory_size=1024, camel_k_retrieve=8, camel_latent_dim=32, camel_d_model=32, camel_use_nll=False, lambda_mem=0.0, lambda_ode=0.01, lambda_smooth=0.0, camel_min_year_gap=1.0, camel_gap_tolerance=0.25, use_gpu=True, gpu=0, use_multi_gpu=False, devices='0,1,2,3', p_hidden_dims=[128, 128], p_hidden_layers=2, steps_per_day=1)
Use GPU: cuda:0
>>>>>>>start training : long_term_forecast_camel_pems03_d_96_192_CAMEL_custom_ftM_sl96_ll48_pl192_dm512_nh8_el2_dl1_df2048_fc3_ebtimeF_dtTrue_srate1.0_sseed7_trainseed2024_gap365_Exp_0>>>>>>>>>>>>>>>>>>>>>>>>>>
train 5287
val 607
test 1401
loss: 0.7118 | [█████████████████████-----------------------------]
	iters: 100, epoch: 1 | loss: 1.4750789
	speed: 0.0980s/iter; left time: 3223.2873s
Epoch: 1 cost time: 14.779430627822876
loss: 1.0392 | [███████████████████████████████-------------------]
loss: 1.1712 | [███████████████████████████████████---------------]
loss: 0.5640 | [████████████████----------------------------------]
loss: 0.5385 | [████████████████----------------------------------]
loss: 0.7965 | [███████████████████████---------------------------]
loss: 1.3080 | [███████████████████████████████████████-----------]
loss: 0.9176 | [███████████████████████████-----------------------]
loss: 0.7991 | [███████████████████████---------------------------]
loss: 0.7201 | [█████████████████████-----------------------------]
loss: 0.7648 | [██████████████████████----------------------------]
loss: 0.6592 | [███████████████████-------------------------------]
loss: 0.6974 | [████████████████████------------------------------]
loss: 0.8566 | [█████████████████████████-------------------------]
loss: 0.7588 | [██████████████████████----------------------------]
Epoch: 1, Steps: 165 | Train Loss: 2.2959761 Vali Loss: 0.7688048 Test Loss: 0.9544819
Validation loss decreased (inf --> 0.768805).  Saving model ...
loss: 0.6360 | [███████████████████-------------------------------]
	iters: 100, epoch: 2 | loss: 0.9278160
	speed: 0.5306s/iter; left time: 17368.1421s
loss: 0.6149 | [██████████████████--------------------------------]
Epoch: 2 cost time: 13.64188027381897
loss: 1.0793 | [████████████████████████████████------------------]
loss: 0.6879 | [████████████████████------------------------------]
loss: 0.5515 | [████████████████----------------------------------]
loss: 0.4675 | [██████████████------------------------------------]
loss: 0.8708 | [██████████████████████████------------------------]
loss: 1.2915 | [██████████████████████████████████████------------]
loss: 0.8596 | [█████████████████████████-------------------------]
loss: 0.7487 | [██████████████████████----------------------------]
loss: 0.6823 | [████████████████████------------------------------]
loss: 0.7208 | [█████████████████████-----------------------------]
loss: 0.6087 | [██████████████████--------------------------------]
loss: 0.6389 | [███████████████████-------------------------------]
loss: 0.6930 | [████████████████████------------------------------]
loss: 0.7631 | [██████████████████████----------------------------]
Epoch: 2, Steps: 165 | Train Loss: 1.0026049 Vali Loss: 0.6460283 Test Loss: 0.8423004
Validation loss decreased (0.768805 --> 0.646028).  Saving model ...
loss: 0.6605 | [███████████████████-------------------------------]
	iters: 100, epoch: 3 | loss: 0.7354985
	speed: 0.5292s/iter; left time: 17235.4457s
loss: 0.5589 | [████████████████----------------------------------]
Epoch: 3 cost time: 13.591185569763184
loss: 0.9990 | [█████████████████████████████---------------------]
loss: 0.5693 | [█████████████████---------------------------------]
loss: 0.5367 | [████████████████----------------------------------]
loss: 0.4908 | [██████████████------------------------------------]
loss: 1.0087 | [██████████████████████████████--------------------]
loss: 1.3423 | [████████████████████████████████████████----------]
loss: 0.8454 | [█████████████████████████-------------------------]
loss: 0.8852 | [██████████████████████████------------------------]
loss: 0.7331 | [█████████████████████-----------------------------]
loss: 0.6824 | [████████████████████------------------------------]
loss: 0.6387 | [███████████████████-------------------------------]
loss: 0.7317 | [█████████████████████-----------------------------]
loss: 0.7380 | [██████████████████████----------------------------]
loss: 0.7608 | [██████████████████████----------------------------]
Epoch: 3, Steps: 165 | Train Loss: 0.7989530 Vali Loss: 0.7151037 Test Loss: 0.8910191
EarlyStopping counter: 1 out of 5
loss: 0.5154 | [███████████████-----------------------------------]
	iters: 100, epoch: 4 | loss: 0.6234511
	speed: 0.5318s/iter; left time: 17234.7385s
loss: 0.4575 | [█████████████-------------------------------------]
Epoch: 4 cost time: 14.045863389968872
loss: 0.9899 | [█████████████████████████████---------------------]
loss: 0.5709 | [█████████████████---------------------------------]
loss: 0.5917 | [█████████████████---------------------------------]
loss: 0.6347 | [███████████████████-------------------------------]
loss: 1.1619 | [██████████████████████████████████----------------]
loss: 1.5690 | [███████████████████████████████████████████████---]
loss: 1.0944 | [████████████████████████████████------------------]
loss: 1.0467 | [███████████████████████████████-------------------]
loss: 0.9756 | [█████████████████████████████---------------------]
loss: 0.7911 | [███████████████████████---------------------------]
loss: 0.7518 | [██████████████████████----------------------------]
loss: 1.0072 | [██████████████████████████████--------------------]
loss: 0.9076 | [███████████████████████████-----------------------]
loss: 0.9875 | [█████████████████████████████---------------------]
Epoch: 4, Steps: 165 | Train Loss: 0.6225798 Vali Loss: 0.8344243 Test Loss: 1.0409134
EarlyStopping counter: 2 out of 5
loss: 0.4513 | [█████████████-------------------------------------]
	iters: 100, epoch: 5 | loss: 0.5282568
	speed: 0.5251s/iter; left time: 16929.1681s
loss: 0.4668 | [██████████████------------------------------------]
Epoch: 5 cost time: 13.519939422607422
loss: 0.9773 | [█████████████████████████████---------------------]
loss: 0.5749 | [█████████████████---------------------------------]
loss: 0.6481 | [███████████████████-------------------------------]
loss: 0.6774 | [████████████████████------------------------------]
loss: 1.2049 | [████████████████████████████████████--------------]
loss: 1.3635 | [████████████████████████████████████████----------]
loss: 1.1073 | [█████████████████████████████████-----------------]
loss: 0.9915 | [█████████████████████████████---------------------]
loss: 0.9186 | [███████████████████████████-----------------------]
loss: 0.7487 | [██████████████████████----------------------------]
loss: 0.8148 | [████████████████████████--------------------------]
loss: 1.0491 | [███████████████████████████████-------------------]
loss: 0.9505 | [████████████████████████████----------------------]
loss: 0.9572 | [████████████████████████████----------------------]
Epoch: 5, Steps: 165 | Train Loss: 0.5446172 Vali Loss: 0.8106590 Test Loss: 1.0266972
EarlyStopping counter: 3 out of 5
loss: 0.4202 | [████████████--------------------------------------]
	iters: 100, epoch: 6 | loss: 0.5278565
	speed: 0.5081s/iter; left time: 16297.1249s
Epoch: 6 cost time: 13.077509641647339
loss: 0.7288 | [█████████████████████-----------------------------]
loss: 0.9259 | [███████████████████████████-----------------------]
loss: 0.5966 | [█████████████████---------------------------------]
loss: 0.6312 | [██████████████████--------------------------------]
loss: 0.7941 | [███████████████████████---------------------------]
loss: 1.3102 | [███████████████████████████████████████-----------]
loss: 1.2616 | [█████████████████████████████████████-------------]
loss: 1.1106 | [█████████████████████████████████-----------------]
loss: 0.9454 | [████████████████████████████----------------------]
loss: 0.8843 | [██████████████████████████------------------------]
loss: 0.7516 | [██████████████████████----------------------------]
loss: 0.7951 | [███████████████████████---------------------------]
loss: 1.1020 | [█████████████████████████████████-----------------]
loss: 0.9774 | [█████████████████████████████---------------------]
loss: 0.9226 | [███████████████████████████-----------------------]
Epoch: 6, Steps: 165 | Train Loss: 0.5111594 Vali Loss: 0.7809107 Test Loss: 1.0007411
EarlyStopping counter: 4 out of 5
loss: 0.4165 | [████████████--------------------------------------]
	iters: 100, epoch: 7 | loss: 0.4722080
	speed: 0.5055s/iter; left time: 16129.8466s
Epoch: 7 cost time: 12.947826623916626
loss: 1.0608 | [███████████████████████████████-------------------]
loss: 0.9425 | [████████████████████████████----------------------]
loss: 0.6098 | [██████████████████--------------------------------]
loss: 0.6190 | [██████████████████--------------------------------]
loss: 0.8252 | [████████████████████████--------------------------]
loss: 1.4008 | [██████████████████████████████████████████--------]
loss: 1.2181 | [████████████████████████████████████--------------]
loss: 1.0837 | [████████████████████████████████------------------]
loss: 0.9683 | [█████████████████████████████---------------------]
loss: 0.9007 | [███████████████████████████-----------------------]
loss: 0.7477 | [██████████████████████----------------------------]
loss: 0.8301 | [████████████████████████--------------------------]
loss: 1.0718 | [████████████████████████████████------------------]
loss: 0.9664 | [████████████████████████████----------------------]
Epoch: 7, Steps: 165 | Train Loss: 0.4922728 Vali Loss: 0.7709019 Test Loss: 0.9789084
EarlyStopping counter: 5 out of 5
Early stopping
>>>>>>>testing : long_term_forecast_camel_pems03_d_96_192_CAMEL_custom_ftM_sl96_ll48_pl192_dm512_nh8_el2_dl1_df2048_fc3_ebtimeF_dtTrue_srate1.0_sseed7_trainseed2024_gap365_Exp_0<<<<<<<<<<<<<<<<<<<<<<<<<<<<<<<<<
test 1401
mse:0.7611076235771179, mae:0.5644030570983887
>>>>>>>Overall time: 403 seconds<<<<<<<<<<<<<<<<<<<<<<<<<<<<<<<<<
