Args in experiment:
Namespace(samle_rate=1.0, sample_seed=7, train_seed=2024, gap_day=365, task_name='long_term_forecast', is_training=1, model_id='camel_pems04_d_96_336_aab', model='CAMEL', data='custom', root_path='/home/cyrilyuan/projects/XXLTraffic-main/data/pems/', data_path='pems04_d.csv', features='M', target='', freq='h', checkpoints='./checkpoints/', seq_len=96, label_len=48, pred_len=336, seasonal_patterns='Monthly', inverse=False, mask_rate=0.25, anomaly_ratio=0.25, expand=2, d_conv=4, top_k=5, num_kernels=6, enc_in=822, dec_in=822, c_out=822, d_model=512, n_heads=8, e_layers=2, d_layers=1, d_ff=2048, moving_avg=25, factor=3, distil=True, dropout=0.3, embed='timeF', activation='gelu', output_attention=False, num_workers=10, itr=1, train_epochs=200, batch_size=32, patience=5, learning_rate=0.0005, des='Exp', loss='MSE', lradj='type3', use_amp=False, enable_camel=False, camel_gap_years=1.5, camel_memory_size=2048, camel_k_retrieve=8, camel_latent_dim=32, camel_d_model=32, camel_use_nll=False, lambda_mem=0.0, lambda_ode=0.005, lambda_smooth=0.0, camel_min_year_gap=1.0, camel_gap_tolerance=0.25, use_gpu=True, gpu=0, use_multi_gpu=False, devices='0,1,2,3', p_hidden_dims=[128, 128], p_hidden_layers=2, steps_per_day=1)
Use GPU: cuda:0
>>>>>>>start training : long_term_forecast_camel_pems04_d_96_336_aab_CAMEL_custom_ftM_sl96_ll48_pl336_dm512_nh8_el2_dl1_df2048_fc3_ebtimeF_dtTrue_srate1.0_sseed7_trainseed2024_gap365_Exp_0>>>>>>>>>>>>>>>>>>>>>>>>>>
train 5143
val 463
test 1257
loss: 0.8027 | [████████████████████████--------------------------]
	iters: 100, epoch: 1 | loss: 1.1314847
	speed: 0.1978s/iter; left time: 6309.4582s
Epoch: 1 cost time: 28.241830348968506
loss: 1.4133 | [██████████████████████████████████████████--------]
loss: 1.3033 | [███████████████████████████████████████-----------]
loss: 0.5398 | [████████████████----------------------------------]
loss: 0.5125 | [███████████████-----------------------------------]
loss: 0.5517 | [████████████████----------------------------------]
loss: 0.4987 | [██████████████------------------------------------]
loss: 0.5737 | [█████████████████---------------------------------]
loss: 0.6845 | [████████████████████------------------------------]
loss: 0.7694 | [███████████████████████---------------------------]
loss: 0.6571 | [███████████████████-------------------------------]
loss: 0.6807 | [████████████████████------------------------------]
loss: 0.5248 | [███████████████-----------------------------------]
loss: 0.5749 | [█████████████████---------------------------------]
Epoch: 1, Steps: 160 | Train Loss: 1.6005713 Vali Loss: 0.6691652 Test Loss: 0.7819395
Validation loss decreased (inf --> 0.669165).  Saving model ...
loss: 0.6224 | [██████████████████--------------------------------]
	iters: 100, epoch: 2 | loss: 0.7006460
	speed: 0.6045s/iter; left time: 19187.4279s
Epoch: 2 cost time: 26.471978425979614
loss: 0.5393 | [████████████████----------------------------------]
loss: 1.5954 | [███████████████████████████████████████████████---]
loss: 0.5970 | [█████████████████---------------------------------]
loss: 0.4838 | [██████████████------------------------------------]
loss: 0.4830 | [██████████████------------------------------------]
loss: 0.5433 | [████████████████----------------------------------]
loss: 0.4763 | [██████████████------------------------------------]
loss: 0.6482 | [███████████████████-------------------------------]
loss: 0.6873 | [████████████████████------------------------------]
loss: 0.6557 | [███████████████████-------------------------------]
loss: 0.5810 | [█████████████████---------------------------------]
loss: 0.5204 | [███████████████-----------------------------------]
loss: 0.5057 | [███████████████-----------------------------------]
Epoch: 2, Steps: 160 | Train Loss: 0.8117046 Vali Loss: 0.5520675 Test Loss: 0.6745546
Validation loss decreased (0.669165 --> 0.552068).  Saving model ...
loss: 0.7494 | [██████████████████████----------------------------]
	iters: 100, epoch: 3 | loss: 0.7804198
	speed: 0.6061s/iter; left time: 19140.8982s
loss: 0.6595 | [███████████████████-------------------------------]
Epoch: 3 cost time: 26.28422999382019
loss: 1.3141 | [███████████████████████████████████████-----------]
loss: 0.5659 | [████████████████----------------------------------]
loss: 0.4890 | [██████████████------------------------------------]
loss: 0.4737 | [██████████████------------------------------------]
loss: 0.5307 | [███████████████-----------------------------------]
loss: 0.4560 | [█████████████-------------------------------------]
loss: 0.5865 | [█████████████████---------------------------------]
loss: 0.6700 | [████████████████████------------------------------]
loss: 0.6511 | [███████████████████-------------------------------]
loss: 0.5933 | [█████████████████---------------------------------]
loss: 0.5208 | [███████████████-----------------------------------]
loss: 0.5513 | [████████████████----------------------------------]
Epoch: 3, Steps: 160 | Train Loss: 0.7173119 Vali Loss: 0.5461109 Test Loss: 0.6662786
Validation loss decreased (0.552068 --> 0.546111).  Saving model ...
loss: 0.6406 | [███████████████████-------------------------------]
	iters: 100, epoch: 4 | loss: 0.6490731
	speed: 0.6158s/iter; left time: 19348.7580s
loss: 0.5529 | [████████████████----------------------------------]
Epoch: 4 cost time: 25.572816610336304
loss: 1.4085 | [██████████████████████████████████████████--------]
loss: 1.0062 | [██████████████████████████████--------------------]
loss: 0.4849 | [██████████████------------------------------------]
loss: 0.4748 | [██████████████------------------------------------]
loss: 0.5170 | [███████████████-----------------------------------]
loss: 0.4762 | [██████████████------------------------------------]
loss: 0.5541 | [████████████████----------------------------------]
loss: 0.6538 | [███████████████████-------------------------------]
loss: 0.6739 | [████████████████████------------------------------]
loss: 0.6267 | [██████████████████--------------------------------]
loss: 0.5684 | [█████████████████---------------------------------]
loss: 0.4785 | [██████████████------------------------------------]
loss: 0.4839 | [██████████████------------------------------------]
Epoch: 4, Steps: 160 | Train Loss: 0.6776724 Vali Loss: 0.5490867 Test Loss: 0.6644190
EarlyStopping counter: 1 out of 5
loss: 0.6380 | [███████████████████-------------------------------]
	iters: 100, epoch: 5 | loss: 0.7089685
	speed: 0.6053s/iter; left time: 18921.4578s
Epoch: 5 cost time: 25.76218819618225
loss: 1.3800 | [█████████████████████████████████████████---------]
loss: 1.5285 | [█████████████████████████████████████████████-----]
loss: 0.5826 | [█████████████████---------------------------------]
loss: 0.4953 | [██████████████------------------------------------]
loss: 0.4797 | [██████████████------------------------------------]
loss: 0.4881 | [██████████████------------------------------------]
loss: 0.5338 | [████████████████----------------------------------]
loss: 0.6506 | [███████████████████-------------------------------]
loss: 0.6982 | [████████████████████------------------------------]
loss: 0.6354 | [███████████████████-------------------------------]
loss: 0.5746 | [█████████████████---------------------------------]
loss: 0.4857 | [██████████████------------------------------------]
loss: 0.5025 | [███████████████-----------------------------------]
Epoch: 5, Steps: 160 | Train Loss: 0.6589699 Vali Loss: 0.5495410 Test Loss: 0.6654321
EarlyStopping counter: 2 out of 5
loss: 0.6122 | [██████████████████--------------------------------]
	iters: 100, epoch: 6 | loss: 0.5744036
	speed: 0.6018s/iter; left time: 18717.5530s
loss: 0.5737 | [█████████████████---------------------------------]
Epoch: 6 cost time: 25.375002145767212
loss: 1.3016 | [███████████████████████████████████████-----------]
loss: 0.5773 | [█████████████████---------------------------------]
loss: 0.4736 | [██████████████------------------------------------]
loss: 0.4614 | [█████████████-------------------------------------]
loss: 0.5109 | [███████████████-----------------------------------]
loss: 0.4592 | [█████████████-------------------------------------]
loss: 0.5749 | [█████████████████---------------------------------]
loss: 0.6665 | [███████████████████-------------------------------]
loss: 0.6427 | [███████████████████-------------------------------]
loss: 0.5631 | [████████████████----------------------------------]
loss: 0.4963 | [██████████████------------------------------------]
loss: 0.5108 | [███████████████-----------------------------------]
Epoch: 6, Steps: 160 | Train Loss: 0.6484277 Vali Loss: 0.5458947 Test Loss: 0.6588946
Validation loss decreased (0.546111 --> 0.545895).  Saving model ...
loss: 0.7002 | [█████████████████████-----------------------------]
	iters: 100, epoch: 7 | loss: 0.7293660
	speed: 0.6089s/iter; left time: 18838.8860s
loss: 0.6226 | [██████████████████--------------------------------]
Epoch: 7 cost time: 25.78010106086731
loss: 1.4226 | [██████████████████████████████████████████--------]
loss: 0.7500 | [██████████████████████----------------------------]
loss: 0.4817 | [██████████████------------------------------------]
loss: 0.4448 | [█████████████-------------------------------------]
loss: 0.5414 | [████████████████----------------------------------]
loss: 0.4455 | [█████████████-------------------------------------]
loss: 0.5463 | [████████████████----------------------------------]
loss: 0.6483 | [███████████████████-------------------------------]
loss: 0.6400 | [███████████████████-------------------------------]
loss: 0.5796 | [█████████████████---------------------------------]
loss: 0.4947 | [██████████████------------------------------------]
loss: 0.4794 | [██████████████------------------------------------]
loss: 0.4659 | [█████████████-------------------------------------]
Epoch: 7, Steps: 160 | Train Loss: 0.6411357 Vali Loss: 0.5326408 Test Loss: 0.6476883
Validation loss decreased (0.545895 --> 0.532641).  Saving model ...
loss: 0.5969 | [█████████████████---------------------------------]
	iters: 100, epoch: 8 | loss: 0.6718891
	speed: 0.6028s/iter; left time: 18554.6945s
Epoch: 8 cost time: 25.328267335891724
loss: 1.4195 | [██████████████████████████████████████████--------]
loss: 1.5743 | [███████████████████████████████████████████████---]
loss: 0.5740 | [█████████████████---------------------------------]
loss: 0.4800 | [██████████████------------------------------------]
loss: 0.4521 | [█████████████-------------------------------------]
loss: 0.4554 | [█████████████-------------------------------------]
loss: 0.5317 | [███████████████-----------------------------------]
loss: 0.6445 | [███████████████████-------------------------------]
loss: 0.6933 | [████████████████████------------------------------]
loss: 0.6247 | [██████████████████--------------------------------]
loss: 0.5667 | [█████████████████---------------------------------]
loss: 0.4687 | [██████████████------------------------------------]
loss: 0.4766 | [██████████████------------------------------------]
Epoch: 8, Steps: 160 | Train Loss: 0.6371932 Vali Loss: 0.5293430 Test Loss: 0.6488462
Validation loss decreased (0.532641 --> 0.529343).  Saving model ...
loss: 0.6760 | [████████████████████------------------------------]
	iters: 100, epoch: 9 | loss: 0.5390737
	speed: 0.6362s/iter; left time: 19479.9792s
loss: 0.5763 | [█████████████████---------------------------------]
Epoch: 9 cost time: 25.727164268493652
loss: 1.3388 | [████████████████████████████████████████----------]
loss: 0.5843 | [█████████████████---------------------------------]
loss: 0.4737 | [██████████████------------------------------------]
loss: 0.4614 | [█████████████-------------------------------------]
loss: 0.4822 | [██████████████------------------------------------]
loss: 0.4581 | [█████████████-------------------------------------]
loss: 0.5744 | [█████████████████---------------------------------]
loss: 0.6666 | [███████████████████-------------------------------]
loss: 0.6117 | [██████████████████--------------------------------]
loss: 0.5523 | [████████████████----------------------------------]
loss: 0.4872 | [██████████████------------------------------------]
loss: 0.4930 | [██████████████------------------------------------]
Epoch: 9, Steps: 160 | Train Loss: 0.6332900 Vali Loss: 0.5240676 Test Loss: 0.6405492
Validation loss decreased (0.529343 --> 0.524068).  Saving model ...
loss: 0.6587 | [███████████████████-------------------------------]
	iters: 100, epoch: 10 | loss: 0.6581137
	speed: 0.6121s/iter; left time: 18646.6782s
loss: 0.6673 | [████████████████████------------------------------]
Epoch: 10 cost time: 25.96659517288208
loss: 1.2662 | [█████████████████████████████████████-------------]
loss: 0.6370 | [███████████████████-------------------------------]
loss: 0.4747 | [██████████████------------------------------------]
loss: 0.4468 | [█████████████-------------------------------------]
loss: 0.5271 | [███████████████-----------------------------------]
loss: 0.4366 | [█████████████-------------------------------------]
loss: 0.5595 | [████████████████----------------------------------]
loss: 0.6543 | [███████████████████-------------------------------]
loss: 0.6136 | [██████████████████--------------------------------]
loss: 0.5533 | [████████████████----------------------------------]
loss: 0.4886 | [██████████████------------------------------------]
loss: 0.5022 | [███████████████-----------------------------------]
loss: 0.4605 | [█████████████-------------------------------------]
Epoch: 10, Steps: 160 | Train Loss: 0.6320844 Vali Loss: 0.5214660 Test Loss: 0.6382030
Validation loss decreased (0.524068 --> 0.521466).  Saving model ...
loss: 0.5826 | [█████████████████---------------------------------]
	iters: 100, epoch: 11 | loss: 0.6207535
	speed: 0.6243s/iter; left time: 18917.2584s
Epoch: 11 cost time: 26.502217531204224
loss: 1.4033 | [██████████████████████████████████████████--------]
loss: 1.6099 | [████████████████████████████████████████████████--]
loss: 0.5803 | [█████████████████---------------------------------]
loss: 0.4718 | [██████████████------------------------------------]
loss: 0.4911 | [██████████████------------------------------------]
loss: 0.4614 | [█████████████-------------------------------------]
loss: 0.5321 | [███████████████-----------------------------------]
loss: 0.6374 | [███████████████████-------------------------------]
loss: 0.7086 | [█████████████████████-----------------------------]
loss: 0.6140 | [██████████████████--------------------------------]
loss: 0.5730 | [█████████████████---------------------------------]
loss: 0.4803 | [██████████████------------------------------------]
loss: 0.5146 | [███████████████-----------------------------------]
Epoch: 11, Steps: 160 | Train Loss: 0.6291221 Vali Loss: 0.5259369 Test Loss: 0.6407552
EarlyStopping counter: 1 out of 5
loss: 0.6193 | [██████████████████--------------------------------]
	iters: 100, epoch: 12 | loss: 0.6182495
	speed: 0.6117s/iter; left time: 18437.8333s
loss: 0.5407 | [████████████████----------------------------------]
Epoch: 12 cost time: 25.74333381652832
loss: 1.3253 | [███████████████████████████████████████-----------]
loss: 0.6099 | [██████████████████--------------------------------]
loss: 0.4658 | [█████████████-------------------------------------]
loss: 0.4610 | [█████████████-------------------------------------]
loss: 0.5134 | [███████████████-----------------------------------]
loss: 0.4583 | [█████████████-------------------------------------]
loss: 0.5787 | [█████████████████---------------------------------]
loss: 0.6631 | [███████████████████-------------------------------]
loss: 0.6118 | [██████████████████--------------------------------]
loss: 0.5477 | [████████████████----------------------------------]
loss: 0.4708 | [██████████████------------------------------------]
loss: 0.4902 | [██████████████------------------------------------]
Epoch: 12, Steps: 160 | Train Loss: 0.6282423 Vali Loss: 0.5185370 Test Loss: 0.6339130
Validation loss decreased (0.521466 --> 0.518537).  Saving model ...
loss: 0.5095 | [███████████████-----------------------------------]
	iters: 100, epoch: 13 | loss: 0.5131066
	speed: 0.6263s/iter; left time: 18778.4352s
loss: 0.6041 | [██████████████████--------------------------------]
Epoch: 13 cost time: 24.91598081588745
loss: 1.2400 | [█████████████████████████████████████-------------]
loss: 0.5769 | [█████████████████---------------------------------]
loss: 0.4656 | [█████████████-------------------------------------]
loss: 0.4498 | [█████████████-------------------------------------]
loss: 0.5035 | [███████████████-----------------------------------]
loss: 0.4405 | [█████████████-------------------------------------]
loss: 0.5554 | [████████████████----------------------------------]
loss: 0.6468 | [███████████████████-------------------------------]
loss: 0.6188 | [██████████████████--------------------------------]
loss: 0.5405 | [████████████████----------------------------------]
loss: 0.4824 | [██████████████------------------------------------]
loss: 0.5054 | [███████████████-----------------------------------]
loss: 0.4500 | [█████████████-------------------------------------]
Epoch: 13, Steps: 160 | Train Loss: 0.6271709 Vali Loss: 0.5176352 Test Loss: 0.6346192
Validation loss decreased (0.518537 --> 0.517635).  Saving model ...
loss: 0.6254 | [██████████████████--------------------------------]
	iters: 100, epoch: 14 | loss: 0.5257498
	speed: 0.6278s/iter; left time: 18720.8354s
Epoch: 14 cost time: 26.093682289123535
loss: 1.3368 | [████████████████████████████████████████----------]
loss: 1.5458 | [██████████████████████████████████████████████----]
loss: 0.5038 | [███████████████-----------------------------------]
loss: 0.4849 | [██████████████------------------------------------]
loss: 0.5246 | [███████████████-----------------------------------]
loss: 0.4579 | [█████████████-------------------------------------]
loss: 0.5483 | [████████████████----------------------------------]
loss: 0.6469 | [███████████████████-------------------------------]
loss: 0.7022 | [█████████████████████-----------------------------]
loss: 0.6124 | [██████████████████--------------------------------]
loss: 0.5894 | [█████████████████---------------------------------]
loss: 0.4744 | [██████████████------------------------------------]
loss: 0.4982 | [██████████████------------------------------------]
Epoch: 14, Steps: 160 | Train Loss: 0.6242152 Vali Loss: 0.5220476 Test Loss: 0.6413762
EarlyStopping counter: 1 out of 5
loss: 0.4929 | [██████████████------------------------------------]
	iters: 100, epoch: 15 | loss: 0.6452572
	speed: 0.6472s/iter; left time: 19195.6474s
Epoch: 15 cost time: 26.71554207801819
loss: 0.5150 | [███████████████-----------------------------------]
loss: 1.6295 | [████████████████████████████████████████████████--]
loss: 0.5944 | [█████████████████---------------------------------]
loss: 0.5752 | [█████████████████---------------------------------]
loss: 0.5261 | [███████████████-----------------------------------]
loss: 0.4980 | [██████████████------------------------------------]
loss: 0.5277 | [███████████████-----------------------------------]
loss: 0.6866 | [████████████████████------------------------------]
loss: 0.6996 | [████████████████████------------------------------]
loss: 0.6305 | [██████████████████--------------------------------]
loss: 0.5884 | [█████████████████---------------------------------]
loss: 0.5193 | [███████████████-----------------------------------]
loss: 0.5061 | [███████████████-----------------------------------]
Epoch: 15, Steps: 160 | Train Loss: 0.5943337 Vali Loss: 0.5022968 Test Loss: 0.6890287
Validation loss decreased (0.517635 --> 0.502297).  Saving model ...
loss: 0.6222 | [██████████████████--------------------------------]
	iters: 100, epoch: 16 | loss: 0.6413265
	speed: 0.6286s/iter; left time: 18542.9624s
loss: 0.5143 | [███████████████-----------------------------------]
Epoch: 16 cost time: 27.306278467178345
loss: 1.4811 | [████████████████████████████████████████████------]
loss: 0.9314 | [███████████████████████████-----------------------]
loss: 0.7311 | [█████████████████████-----------------------------]
loss: 0.6648 | [███████████████████-------------------------------]
loss: 0.5023 | [███████████████-----------------------------------]
loss: 0.5631 | [████████████████----------------------------------]
loss: 0.6572 | [███████████████████-------------------------------]
loss: 0.7300 | [█████████████████████-----------------------------]
loss: 0.6767 | [████████████████████------------------------------]
loss: 0.6087 | [██████████████████--------------------------------]
loss: 0.5588 | [████████████████----------------------------------]
loss: 0.5241 | [███████████████-----------------------------------]
Epoch: 16, Steps: 160 | Train Loss: 0.5289873 Vali Loss: 0.4968536 Test Loss: 0.7365876
Validation loss decreased (0.502297 --> 0.496854).  Saving model ...
loss: 0.4857 | [██████████████------------------------------------]
	iters: 100, epoch: 17 | loss: 0.5525415
	speed: 0.6403s/iter; left time: 18787.9688s
loss: 0.4757 | [██████████████------------------------------------]
Epoch: 17 cost time: 27.031296253204346
loss: 1.5064 | [█████████████████████████████████████████████-----]
loss: 1.5740 | [███████████████████████████████████████████████---]
loss: 0.6914 | [████████████████████------------------------------]
loss: 0.7207 | [█████████████████████-----------------------------]
loss: 0.5520 | [████████████████----------------------------------]
loss: 0.5559 | [████████████████----------------------------------]
loss: 0.6653 | [███████████████████-------------------------------]
loss: 0.7335 | [██████████████████████----------------------------]
loss: 0.7101 | [█████████████████████-----------------------------]
loss: 0.6845 | [████████████████████------------------------------]
loss: 0.6428 | [███████████████████-------------------------------]
loss: 0.5311 | [███████████████-----------------------------------]
loss: 0.5358 | [████████████████----------------------------------]
Epoch: 17, Steps: 160 | Train Loss: 0.5073884 Vali Loss: 0.5031203 Test Loss: 0.7548697
EarlyStopping counter: 1 out of 5
loss: 0.4665 | [█████████████-------------------------------------]
	iters: 100, epoch: 18 | loss: 0.5660840
	speed: 0.6362s/iter; left time: 18564.8658s
Epoch: 18 cost time: 27.02963423728943
loss: 0.5092 | [███████████████-----------------------------------]
loss: 1.6060 | [████████████████████████████████████████████████--]
loss: 0.7250 | [█████████████████████-----------------------------]
loss: 0.7015 | [█████████████████████-----------------------------]
loss: 0.6012 | [██████████████████--------------------------------]
loss: 0.5446 | [████████████████----------------------------------]
loss: 0.5744 | [█████████████████---------------------------------]
loss: 0.7257 | [█████████████████████-----------------------------]
loss: 0.7412 | [██████████████████████----------------------------]
loss: 0.6857 | [████████████████████------------------------------]
loss: 0.6438 | [███████████████████-------------------------------]
loss: 0.5518 | [████████████████----------------------------------]
loss: 0.5406 | [████████████████----------------------------------]
Epoch: 18, Steps: 160 | Train Loss: 0.4972427 Vali Loss: 0.5031740 Test Loss: 0.7446469
EarlyStopping counter: 2 out of 5
loss: 0.4548 | [█████████████-------------------------------------]
	iters: 100, epoch: 19 | loss: 0.5495607
	speed: 0.6326s/iter; left time: 18357.3473s
loss: 0.3882 | [███████████---------------------------------------]
Epoch: 19 cost time: 27.035878896713257
loss: 1.5002 | [█████████████████████████████████████████████-----]
loss: 0.9088 | [███████████████████████████-----------------------]
loss: 0.7181 | [█████████████████████-----------------------------]
loss: 0.6576 | [███████████████████-------------------------------]
loss: 0.5336 | [████████████████----------------------------------]
loss: 0.5798 | [█████████████████---------------------------------]
loss: 0.6571 | [███████████████████-------------------------------]
loss: 0.7327 | [█████████████████████-----------------------------]
loss: 0.6816 | [████████████████████------------------------------]
loss: 0.6375 | [███████████████████-------------------------------]
loss: 0.5846 | [█████████████████---------------------------------]
loss: 0.5263 | [███████████████-----------------------------------]
Epoch: 19, Steps: 160 | Train Loss: 0.4931027 Vali Loss: 0.5067696 Test Loss: 0.7490759
EarlyStopping counter: 3 out of 5
loss: 0.4653 | [█████████████-------------------------------------]
	iters: 100, epoch: 20 | loss: 0.4442288
	speed: 0.6312s/iter; left time: 18216.1512s
loss: 0.3959 | [███████████---------------------------------------]
Epoch: 20 cost time: 26.754428148269653
loss: 1.5615 | [██████████████████████████████████████████████----]
loss: 1.3425 | [████████████████████████████████████████----------]
loss: 0.7092 | [█████████████████████-----------------------------]
loss: 0.7095 | [█████████████████████-----------------------------]
loss: 0.5497 | [████████████████----------------------------------]
loss: 0.5482 | [████████████████----------------------------------]
loss: 0.6405 | [███████████████████-------------------------------]
loss: 0.7200 | [█████████████████████-----------------------------]
loss: 0.6919 | [████████████████████------------------------------]
loss: 0.6809 | [████████████████████------------------------------]
loss: 0.6044 | [██████████████████--------------------------------]
loss: 0.5306 | [███████████████-----------------------------------]
loss: 0.5248 | [███████████████-----------------------------------]
Epoch: 20, Steps: 160 | Train Loss: 0.4898602 Vali Loss: 0.4981977 Test Loss: 0.7507627
EarlyStopping counter: 4 out of 5
loss: 0.5158 | [███████████████-----------------------------------]
	iters: 100, epoch: 21 | loss: 0.5069472
	speed: 0.6296s/iter; left time: 18069.4662s
Epoch: 21 cost time: 26.988649129867554
loss: 1.5380 | [██████████████████████████████████████████████----]
loss: 1.6047 | [████████████████████████████████████████████████--]
loss: 0.6879 | [████████████████████------------------------------]
loss: 0.6478 | [███████████████████-------------------------------]
loss: 0.5663 | [████████████████----------------------------------]
loss: 0.5443 | [████████████████----------------------------------]
loss: 0.6160 | [██████████████████--------------------------------]
loss: 0.7355 | [██████████████████████----------------------------]
loss: 0.7291 | [█████████████████████-----------------------------]
loss: 0.6706 | [████████████████████------------------------------]
loss: 0.6566 | [███████████████████-------------------------------]
loss: 0.5593 | [████████████████----------------------------------]
loss: 0.5421 | [████████████████----------------------------------]
Epoch: 21, Steps: 160 | Train Loss: 0.4880615 Vali Loss: 0.5004751 Test Loss: 0.7347220
EarlyStopping counter: 5 out of 5
Early stopping
>>>>>>>testing : long_term_forecast_camel_pems04_d_96_336_aab_CAMEL_custom_ftM_sl96_ll48_pl336_dm512_nh8_el2_dl1_df2048_fc3_ebtimeF_dtTrue_srate1.0_sseed7_trainseed2024_gap365_Exp_0<<<<<<<<<<<<<<<<<<<<<<<<<<<<<<<<<
test 1257
mse:0.7333369255065918, mae:0.577158510684967
>>>>>>>Overall time: 1355 seconds<<<<<<<<<<<<<<<<<<<<<<<<<<<<<<<<<
