Args in experiment:
Namespace(samle_rate=1.0, sample_seed=7, train_seed=2024, gap_day=365, task_name='long_term_forecast', is_training=1, model_id='camel_pems03_d_96_336', model='CAMEL', data='custom', root_path='/home/cyrilyuan/projects/XXLTraffic-main/data/pems/', data_path='pems03_d.csv', features='M', target='', freq='h', checkpoints='./checkpoints/', seq_len=96, label_len=48, pred_len=336, seasonal_patterns='Monthly', inverse=False, mask_rate=0.25, anomaly_ratio=0.25, expand=2, d_conv=4, top_k=5, num_kernels=6, enc_in=151, dec_in=151, c_out=151, d_model=512, n_heads=8, e_layers=2, d_layers=1, d_ff=2048, moving_avg=25, factor=3, distil=True, dropout=0.3, embed='timeF', activation='gelu', output_attention=False, num_workers=10, itr=1, train_epochs=200, batch_size=32, patience=5, learning_rate=0.0005, des='Exp', loss='MSE', lradj='type3', use_amp=False, enable_camel=False, camel_gap_years=1.5, camel_memory_size=1024, camel_k_retrieve=8, camel_latent_dim=32, camel_d_model=32, camel_use_nll=False, lambda_mem=0.0, lambda_ode=0.01, lambda_smooth=0.0, camel_min_year_gap=1.0, camel_gap_tolerance=0.25, use_gpu=True, gpu=0, use_multi_gpu=False, devices='0,1,2,3', p_hidden_dims=[128, 128], p_hidden_layers=2, steps_per_day=1)
Use GPU: cuda:0
>>>>>>>start training : long_term_forecast_camel_pems03_d_96_336_CAMEL_custom_ftM_sl96_ll48_pl336_dm512_nh8_el2_dl1_df2048_fc3_ebtimeF_dtTrue_srate1.0_sseed7_trainseed2024_gap365_Exp_0>>>>>>>>>>>>>>>>>>>>>>>>>>
train 5143
val 463
test 1257
loss: 0.7685 | [███████████████████████---------------------------]
	iters: 100, epoch: 1 | loss: 1.5442443
	speed: 0.0973s/iter; left time: 3104.2285s
Epoch: 1 cost time: 14.191873550415039
loss: 0.8916 | [██████████████████████████------------------------]
loss: 0.8578 | [█████████████████████████-------------------------]
loss: 0.6681 | [████████████████████------------------------------]
loss: 0.9207 | [███████████████████████████-----------------------]
loss: 1.2355 | [█████████████████████████████████████-------------]
loss: 1.4372 | [███████████████████████████████████████████-------]
loss: 0.9450 | [████████████████████████████----------------------]
loss: 0.8707 | [██████████████████████████------------------------]
loss: 0.7875 | [███████████████████████---------------------------]
loss: 0.8462 | [█████████████████████████-------------------------]
loss: 0.8748 | [██████████████████████████------------------------]
loss: 0.8197 | [████████████████████████--------------------------]
loss: 0.9229 | [███████████████████████████-----------------------]
Epoch: 1, Steps: 160 | Train Loss: 2.3789487 Vali Loss: 0.8530963 Test Loss: 1.0939118
Validation loss decreased (inf --> 0.853096).  Saving model ...
loss: 0.7469 | [██████████████████████----------------------------]
	iters: 100, epoch: 2 | loss: 0.9901955
	speed: 0.4688s/iter; left time: 14879.3232s
Epoch: 2 cost time: 12.733659029006958
loss: 0.6521 | [███████████████████-------------------------------]
loss: 0.9606 | [████████████████████████████----------------------]
loss: 0.6663 | [███████████████████-------------------------------]
loss: 0.8158 | [████████████████████████--------------------------]
loss: 1.1020 | [█████████████████████████████████-----------------]
loss: 1.4116 | [██████████████████████████████████████████--------]
loss: 0.9658 | [████████████████████████████----------------------]
loss: 0.9016 | [███████████████████████████-----------------------]
loss: 0.7600 | [██████████████████████----------------------------]
loss: 0.8028 | [████████████████████████--------------------------]
loss: 0.7557 | [██████████████████████----------------------------]
loss: 0.7593 | [██████████████████████----------------------------]
loss: 0.8779 | [██████████████████████████------------------------]
Epoch: 2, Steps: 160 | Train Loss: 1.0868288 Vali Loss: 0.7263725 Test Loss: 0.9753317
Validation loss decreased (0.853096 --> 0.726373).  Saving model ...
loss: 0.7095 | [█████████████████████-----------------------------]
	iters: 100, epoch: 3 | loss: 0.9243106
	speed: 0.4649s/iter; left time: 14683.4734s
loss: 0.6748 | [████████████████████------------------------------]
Epoch: 3 cost time: 12.899394750595093
loss: 0.8244 | [████████████████████████--------------------------]
loss: 0.6308 | [██████████████████--------------------------------]
loss: 0.7379 | [██████████████████████----------------------------]
loss: 0.9803 | [█████████████████████████████---------------------]
loss: 1.3279 | [███████████████████████████████████████-----------]
loss: 1.2264 | [████████████████████████████████████--------------]
loss: 0.8375 | [█████████████████████████-------------------------]
loss: 0.8217 | [████████████████████████--------------------------]
loss: 0.7584 | [██████████████████████----------------------------]
loss: 0.7285 | [█████████████████████-----------------------------]
loss: 0.8001 | [████████████████████████--------------------------]
loss: 0.8670 | [██████████████████████████------------------------]
Epoch: 3, Steps: 160 | Train Loss: 0.8800386 Vali Loss: 0.7438553 Test Loss: 0.9924634
EarlyStopping counter: 1 out of 5
loss: 0.6540 | [███████████████████-------------------------------]
	iters: 100, epoch: 4 | loss: 0.6679903
	speed: 0.4623s/iter; left time: 14527.4639s
loss: 0.5475 | [████████████████----------------------------------]
Epoch: 4 cost time: 12.893062591552734
loss: 0.9061 | [███████████████████████████-----------------------]
loss: 0.7568 | [██████████████████████----------------------------]
loss: 0.7687 | [███████████████████████---------------------------]
loss: 1.0259 | [██████████████████████████████--------------------]
loss: 1.3358 | [████████████████████████████████████████----------]
loss: 1.5406 | [██████████████████████████████████████████████----]
loss: 1.0979 | [████████████████████████████████------------------]
loss: 0.9696 | [█████████████████████████████---------------------]
loss: 0.8473 | [█████████████████████████-------------------------]
loss: 0.8689 | [██████████████████████████------------------------]
loss: 0.9157 | [███████████████████████████-----------------------]
loss: 0.9182 | [███████████████████████████-----------------------]
loss: 0.9707 | [█████████████████████████████---------------------]
Epoch: 4, Steps: 160 | Train Loss: 0.7204701 Vali Loss: 0.9021732 Test Loss: 1.1148166
EarlyStopping counter: 2 out of 5
loss: 0.5251 | [███████████████-----------------------------------]
	iters: 100, epoch: 5 | loss: 0.6106678
	speed: 0.4672s/iter; left time: 14605.6199s
Epoch: 5 cost time: 12.860277652740479
loss: 0.9483 | [████████████████████████████----------------------]
loss: 0.8994 | [██████████████████████████------------------------]
loss: 0.7081 | [█████████████████████-----------------------------]
loss: 0.9927 | [█████████████████████████████---------------------]
loss: 1.2477 | [█████████████████████████████████████-------------]
loss: 1.5480 | [██████████████████████████████████████████████----]
loss: 1.2692 | [██████████████████████████████████████------------]
loss: 1.1533 | [██████████████████████████████████----------------]
loss: 0.9725 | [█████████████████████████████---------------------]
loss: 0.9404 | [████████████████████████████----------------------]
loss: 0.9110 | [███████████████████████████-----------------------]
loss: 0.9492 | [████████████████████████████----------------------]
loss: 1.1103 | [█████████████████████████████████-----------------]
Epoch: 5, Steps: 160 | Train Loss: 0.6124627 Vali Loss: 0.9258395 Test Loss: 1.1423664
EarlyStopping counter: 3 out of 5
loss: 0.5537 | [████████████████----------------------------------]
	iters: 100, epoch: 6 | loss: 0.6089364
	speed: 0.4653s/iter; left time: 14471.7529s
loss: 0.5213 | [███████████████-----------------------------------]
Epoch: 6 cost time: 12.808039903640747
loss: 0.9262 | [███████████████████████████-----------------------]
loss: 0.6762 | [████████████████████------------------------------]
loss: 0.8949 | [██████████████████████████------------------------]
loss: 1.1363 | [██████████████████████████████████----------------]
loss: 1.4182 | [██████████████████████████████████████████--------]
loss: 1.3922 | [█████████████████████████████████████████---------]
loss: 1.0922 | [████████████████████████████████------------------]
loss: 0.9804 | [█████████████████████████████---------------------]
loss: 0.9103 | [███████████████████████████-----------------------]
loss: 0.8955 | [██████████████████████████------------------------]
loss: 0.9403 | [████████████████████████████----------------------]
loss: 1.0597 | [███████████████████████████████-------------------]
Epoch: 6, Steps: 160 | Train Loss: 0.5785091 Vali Loss: 0.8323133 Test Loss: 1.1051919
EarlyStopping counter: 4 out of 5
loss: 0.4959 | [██████████████------------------------------------]
	iters: 100, epoch: 7 | loss: 0.5529560
	speed: 0.4644s/iter; left time: 14367.6334s
loss: 0.4961 | [██████████████------------------------------------]
Epoch: 7 cost time: 12.811742305755615
loss: 0.9036 | [███████████████████████████-----------------------]
loss: 0.7018 | [█████████████████████-----------------------------]
loss: 0.7550 | [██████████████████████----------------------------]
loss: 1.0737 | [████████████████████████████████------------------]
loss: 1.3108 | [███████████████████████████████████████-----------]
loss: 1.5751 | [███████████████████████████████████████████████---]
loss: 1.1281 | [█████████████████████████████████-----------------]
loss: 1.0732 | [████████████████████████████████------------------]
loss: 0.8522 | [█████████████████████████-------------------------]
loss: 0.9195 | [███████████████████████████-----------------------]
loss: 0.9284 | [███████████████████████████-----------------------]
loss: 0.9935 | [█████████████████████████████---------------------]
loss: 0.9907 | [█████████████████████████████---------------------]
Epoch: 7, Steps: 160 | Train Loss: 0.5603044 Vali Loss: 0.8318432 Test Loss: 1.0686345
EarlyStopping counter: 5 out of 5
Early stopping
>>>>>>>testing : long_term_forecast_camel_pems03_d_96_336_CAMEL_custom_ftM_sl96_ll48_pl336_dm512_nh8_el2_dl1_df2048_fc3_ebtimeF_dtTrue_srate1.0_sseed7_trainseed2024_gap365_Exp_0<<<<<<<<<<<<<<<<<<<<<<<<<<<<<<<<<
test 1257
mse:0.892192542552948, mae:0.6325094699859619
>>>>>>>Overall time: 361 seconds<<<<<<<<<<<<<<<<<<<<<<<<<<<<<<<<<
